#
# A fatal error has been detected by the Java Runtime Environment:
#
#  SIGSEGV (0xb) at pc=0x000000010bbcd845, pid=6079, tid=9475
#
# JRE version: Java(TM) SE Runtime Environment (8.0_20-b26) (build 1.8.0_20-b26)
# Java VM: Java HotSpot(TM) 64-Bit Server VM (25.20-b23 mixed mode bsd-amd64 compressed oops)
# Problematic frame:
# V  [libjvm.dylib+0x1cd845]
#
# Failed to write core dump. Core dumps have been disabled. To enable core dumping, try "ulimit -c unlimited" before starting Java again
#
# If you would like to submit a bug report, please visit:
#   http://bugreport.sun.com/bugreport/crash.jsp
#

---------------  T H R E A D  ---------------

Current thread (0x00007fe5d900c000):  GCTaskThread [stack: 0x000000011c239000,0x000000011c339000] [id=9475]

siginfo: si_signo: 11 (SIGSEGV), si_code: 1 (SEGV_MAPERR), si_addr: 0x00000005774e46a0

Registers:
RAX=0x000000010c1f0db0, RBX=0x00000000f5e21044, RCX=0x0000000000000003, RDX=0x0000000000000001
RSP=0x000000011c338bd0, RBP=0x000000011c338bd0, RSI=0x00000007af30ce50, RDI=0x00000005774e4698
R8 =0x000000010c29c6f0, R9 =0x0000000781f65588, R10=0x0000000781f67588, R11=0xffffffffd3d04101
R12=0x000000010c293506, R13=0x0000000781f65f1d, R14=0x00007fe5d9036d80, R15=0x00007fe5d9036e18
RIP=0x000000010bbcd845, EFLAGS=0x0000000000010202, ERR=0x0000000000000004
  TRAPNO=0x000000000000000e

Top of Stack: (sp=0x000000011c338bd0)
0x000000011c338bd0:   000000011c338c40 000000010be97df5
0x000000011c338be0:   0000000000000000 00000007af30ce50
0x000000011c338bf0:   00000007af072360 0000000000001000
0x000000011c338c00:   0000000781f65588 0000000000000400
0x000000011c338c10:   0000000781f5e955 0000000781f65f1d
0x000000011c338c20:   000000010c293506 0000000781f65f1d
0x000000011c338c30:   0000000781f65f1c 00007fe5d9036e18
0x000000011c338c40:   000000011c338c60 000000010be98213
0x000000011c338c50:   00007fe5d9036d80 00007fe5d9036de0
0x000000011c338c60:   000000011c338cc0 000000010be973cd
0x000000011c338c70:   0000000780d9a59c 00000007c007aaa8
0x000000011c338c80:   0000000781f65f1d 00000007c007aaa8
0x000000011c338c90:   00007fe5d9036d80 0000000780d9a9e0
0x000000011c338ca0:   000000011bce1cd4 0000000780d9a800
0x000000011c338cb0:   000000011bce1d01 0000000000000240
0x000000011c338cc0:   000000011c338d80 000000010bb5142e
0x000000011c338cd0:   0000000000000800 0000000000000200
0x000000011c338ce0:   fffffffee4317794 0000000000000080
0x000000011c338cf0:   000000011bce886a 00000001180db080
0x000000011c338d00:   000000011bce886b 0000000003c06c00
0x000000011c338d10:   fffffffee431e2ff 0000000003c0d86b
0x000000011c338d20:   000000011bce1d00 000000011bce1c81
0x000000011c338d30:   0000000781b0d418 0000000780da0008
0x000000011c338d40:   00007fe5d8507d00 00007fe5d9036d80
0x000000011c338d50:   00007fe5d8507a90 00007fe5d8422870
0x000000011c338d60:   0000000000000000 000000010bfd3c2b
0x000000011c338d70:   00007fe5d9036d80 0000000000000001
0x000000011c338d80:   000000011c338db0 000000010be9ac0f
0x000000011c338d90:   00007fe500000004 00007fe5d850ac60
0x000000011c338da0:   00007fe5d900c000 00007fe5d8422870
0x000000011c338db0:   000000011c338e90 000000010bc61cad
0x000000011c338dc0:   000000011c338df0 00007fe5d850bf30 

Instructions: (pc=0x000000010bbcd845)
0x000000010bbcd825:   84 d2 48 89 fe 74 15 48 8d 05 7d 35 62 00 8a 48
0x000000010bbcd835:   08 8b 7e 08 48 d3 e7 48 03 38 eb 04 48 8b 7e 08
0x000000010bbcd845:   8b 47 08 85 c0 7e 09 a8 01 75 4e c1 f8 03 eb 47
0x000000010bbcd855:   85 c0 7f 43 85 c0 79 41 84 d2 0f 94 c1 0f b6 c9 

Register to memory mapping:

RAX=0x000000010c1f0db0: _ZN8Universe13_narrow_klassE+0 in /Library/Java/JavaVirtualMachines/jdk1.8.0_20.jdk/Contents/Home/jre/lib/server/libjvm.dylib at 0x000000010ba00000
RBX=0x00000000f5e21044 is an unknown value
RCX=0x0000000000000003 is an unknown value
RDX=0x0000000000000001 is an unknown value
RSP=0x000000011c338bd0 is an unknown value
RBP=0x000000011c338bd0 is an unknown value
RSI=0x00000007af30ce50 is an oop

[error occurred during error reporting (printing register info), id 0xb]

Stack: [0x000000011c239000,0x000000011c339000],  sp=0x000000011c338bd0,  free space=1022k
Native frames: (J=compiled Java code, j=interpreted, Vv=VM code, C=native code)
V  [libjvm.dylib+0x1cd845]
V  [libjvm.dylib+0x497df5]
V  [libjvm.dylib+0x498213]
V  [libjvm.dylib+0x4973cd]
V  [libjvm.dylib+0x15142e]
V  [libjvm.dylib+0x49ac0f]
V  [libjvm.dylib+0x261cad]
V  [libjvm.dylib+0x45d35a]
C  [libsystem_pthread.dylib+0x3268]  _pthread_body+0x83
C  [libsystem_pthread.dylib+0x31e5]  _pthread_body+0x0
C  [libsystem_pthread.dylib+0x141d]  thread_start+0xd


---------------  P R O C E S S  ---------------

Java Threads: ( => current thread )
  0x00007fe5d9040800 JavaThread "Service Thread" daemon [_thread_blocked, id=18179, stack(0x00000001220ce000,0x00000001221ce000)]
  0x00007fe5d883a800 JavaThread "C1 CompilerThread2" daemon [_thread_blocked, id=17667, stack(0x0000000121fcb000,0x00000001220cb000)]
  0x00007fe5da009000 JavaThread "C2 CompilerThread1" daemon [_thread_in_native, id=17155, stack(0x0000000121ec8000,0x0000000121fc8000)]
  0x00007fe5d9042800 JavaThread "C2 CompilerThread0" daemon [_thread_in_native, id=16643, stack(0x0000000121dc5000,0x0000000121ec5000)]
  0x00007fe5da005800 JavaThread "Signal Dispatcher" daemon [_thread_blocked, id=13335, stack(0x0000000121cc2000,0x0000000121dc2000)]
  0x00007fe5d8837800 JavaThread "Finalizer" daemon [_thread_blocked, id=11523, stack(0x0000000120297000,0x0000000120397000)]
  0x00007fe5d903a000 JavaThread "Reference Handler" daemon [_thread_blocked, id=11011, stack(0x0000000120194000,0x0000000120294000)]
  0x00007fe5d9008000 JavaThread "main" [_thread_blocked, id=3847, stack(0x000000010b042000,0x000000010b142000)]

Other Threads:
  0x00007fe5d9037800 VMThread [stack: 0x0000000120091000,0x0000000120191000] [id=10499]
  0x00007fe5d9045800 WatcherThread [stack: 0x00000001221d1000,0x00000001222d1000] [id=18691]

=>0x00007fe5d900c000 (exited) GCTaskThread [stack: 0x000000011c239000,0x000000011c339000] [id=9475]

VM state:at safepoint (normal execution)

VM Mutex/Monitor currently owned by a thread:  ([mutex/lock_event])
[0x00007fe5d8503cb0] Threads_lock - owner thread: 0x00007fe5d9037800
[0x00007fe5d85041b0] Heap_lock - owner thread: 0x00007fe5d9008000

Heap:
 PSYoungGen      total 71680K, used 71678K [0x00000007aab00000, 0x00000007af600000, 0x00000007c0000000)
  eden space 66560K, 100% used [0x00000007aab00000,0x00000007aec00000,0x00000007aec00000)
  from space 5120K, 99% used [0x00000007af100000,0x00000007af5ffb68,0x00000007af600000)
  to   space 5120K, 99% used [0x00000007aec00000,0x00000007af0fa360,0x00000007af100000)
 ParOldGen       total 87552K, used 38503K [0x0000000780000000, 0x0000000785580000, 0x00000007aab00000)
  object space 87552K, 43% used [0x0000000780000000,0x000000078259bf98,0x0000000785580000)
 Metaspace       used 5220K, capacity 6544K, committed 6784K, reserved 1056768K
  class space    used 500K, capacity 584K, committed 640K, reserved 1048576K

Card table byte_map: [0x000000011bcdb000,0x000000011bedc000] byte_map_base: 0x00000001180db000

Marking Bits: (ParMarkBitMap*) 0x000000010c29c330
 Begin Bits: [0x000000011c43e000, 0x000000011d43e000)
 End Bits:   [0x000000011d43e000, 0x000000011e43e000)

Polling page: 0x000000010b186000

CodeCache: size=245760Kb used=5228Kb max_used=5228Kb free=240531Kb
 bounds [0x000000010c91b000, 0x000000010ce3b000, 0x000000011b91b000]
 total_blobs=1504 nmethods=1247 adapters=172
 compilation: enabled

Compilation events (10 events):
Event: 2.750 Thread 0x00007fe5d883a800 1291   !   2       com.android.dx.cf.code.ExecutionStack::change (116 bytes)
Event: 2.752 Thread 0x00007fe5d883a800 nmethod 1291 0x000000010ce34510 code [0x000000010ce347a0, 0x000000010ce351b8]
Event: 2.754 Thread 0x00007fe5d883a800 1292   !   2       com.android.dx.cf.direct.DirectClassFile$DcfTypeList::<init> (137 bytes)
Event: 2.756 Thread 0x00007fe5d883a800 nmethod 1292 0x000000010ce35a10 code [0x000000010ce35cc0, 0x000000010ce36a58]
Event: 2.770 Thread 0x00007fe5d883a800 1293 %     3       com.android.dx.rop.cst.CstString::stringToUtf8Bytes @ 16 (175 bytes)
Event: 2.771 Thread 0x00007fe5d883a800 nmethod 1293% 0x000000010ce37d50 code [0x000000010ce37f20, 0x000000010ce38858]
Event: 2.826 Thread 0x00007fe5d883a800 1294       2       java.util.HashMap$HashIterator::nextNode (100 bytes)
Event: 2.827 Thread 0x00007fe5d883a800 nmethod 1294 0x000000010ce38d90 code [0x000000010ce38f20, 0x000000010ce39298]
Event: 2.833 Thread 0x00007fe5d883a800 1296       2       java.util.HashMap$ValueIterator::next (8 bytes)
Event: 2.833 Thread 0x00007fe5d883a800 nmethod 1296 0x000000010ce39490 code [0x000000010ce39600, 0x000000010ce39788]

GC Heap History (5 events):
Event: 1.346 GC heap before
{Heap before GC invocations=1 (full 0):
 PSYoungGen      total 38400K, used 33280K [0x00000007aab00000, 0x00000007ad580000, 0x00000007c0000000)
  eden space 33280K, 100% used [0x00000007aab00000,0x00000007acb80000,0x00000007acb80000)
  from space 5120K, 0% used [0x00000007ad080000,0x00000007ad080000,0x00000007ad580000)
  to   space 5120K, 0% used [0x00000007acb80000,0x00000007acb80000,0x00000007ad080000)
 ParOldGen       total 87552K, used 0K [0x0000000780000000, 0x0000000785580000, 0x00000007aab00000)
  object space 87552K, 0% used [0x0000000780000000,0x0000000780000000,0x0000000785580000)
 Metaspace       used 5105K, capacity 6480K, committed 6784K, reserved 1056768K
  class space    used 499K, capacity 584K, committed 640K, reserved 1048576K
Event: 1.423 GC heap after
Heap after GC invocations=1 (full 0):
 PSYoungGen      total 38400K, used 5089K [0x00000007aab00000, 0x00000007af600000, 0x00000007c0000000)
  eden space 33280K, 0% used [0x00000007aab00000,0x00000007aab00000,0x00000007acb80000)
  from space 5120K, 99% used [0x00000007acb80000,0x00000007ad0785b0,0x00000007ad080000)
  to   space 5120K, 0% used [0x00000007af100000,0x00000007af100000,0x00000007af600000)
 ParOldGen       total 87552K, used 10438K [0x0000000780000000, 0x0000000785580000, 0x00000007aab00000)
  object space 87552K, 11% used [0x0000000780000000,0x0000000780a318b8,0x0000000785580000)
 Metaspace       used 5105K, capacity 6480K, committed 6784K, reserved 1056768K
  class space    used 499K, capacity 584K, committed 640K, reserved 1048576K
}
Event: 1.885 GC heap before
{Heap before GC invocations=2 (full 0):
 PSYoungGen      total 38400K, used 38369K [0x00000007aab00000, 0x00000007af600000, 0x00000007c0000000)
  eden space 33280K, 100% used [0x00000007aab00000,0x00000007acb80000,0x00000007acb80000)
  from space 5120K, 99% used [0x00000007acb80000,0x00000007ad0785b0,0x00000007ad080000)
  to   space 5120K, 0% used [0x00000007af100000,0x00000007af100000,0x00000007af600000)
 ParOldGen       total 87552K, used 10438K [0x0000000780000000, 0x0000000785580000, 0x00000007aab00000)
  object space 87552K, 11% used [0x0000000780000000,0x0000000780a318b8,0x0000000785580000)
 Metaspace       used 5158K, capacity 6544K, committed 6784K, reserved 1056768K
  class space    used 500K, capacity 584K, committed 640K, reserved 1048576K
Event: 1.939 GC heap after
Heap after GC invocations=2 (full 0):
 PSYoungGen      total 71680K, used 5118K [0x00000007aab00000, 0x00000007af600000, 0x00000007c0000000)
  eden space 66560K, 0% used [0x00000007aab00000,0x00000007aab00000,0x00000007aec00000)
  from space 5120K, 99% used [0x00000007af100000,0x00000007af5ffb68,0x00000007af600000)
  to   space 5120K, 0% used [0x00000007aec00000,0x00000007aec00000,0x00000007af100000)
 ParOldGen       total 87552K, used 27701K [0x0000000780000000, 0x0000000785580000, 0x00000007aab00000)
  object space 87552K, 31% used [0x0000000780000000,0x0000000781b0d418,0x0000000785580000)
 Metaspace       used 5158K, capacity 6544K, committed 6784K, reserved 1056768K
  class space    used 500K, capacity 584K, committed 640K, reserved 1048576K
}
Event: 2.837 GC heap before
{Heap before GC invocations=3 (full 0):
 PSYoungGen      total 71680K, used 71678K [0x00000007aab00000, 0x00000007af600000, 0x00000007c0000000)
  eden space 66560K, 100% used [0x00000007aab00000,0x00000007aec00000,0x00000007aec00000)
  from space 5120K, 99% used [0x00000007af100000,0x00000007af5ffb68,0x00000007af600000)
  to   space 5120K, 0% used [0x00000007aec00000,0x00000007aec00000,0x00000007af100000)
 ParOldGen       total 87552K, used 27701K [0x0000000780000000, 0x0000000785580000, 0x00000007aab00000)
  object space 87552K, 31% used [0x0000000780000000,0x0000000781b0d418,0x0000000785580000)
 Metaspace       used 5220K, capacity 6544K, committed 6784K, reserved 1056768K
  class space    used 500K, capacity 584K, committed 640K, reserved 1048576K

Deoptimization events (10 events):
Event: 1.224 Thread 0x00007fe5d9008000 Uncommon trap: reason=bimorphic action=maybe_recompile pc=0x000000010cd37b30 method=com.android.dx.cf.code.BytecodeArray.parseInstruction(ILcom/android/dx/cf/code/BytecodeArray$Visitor;)I @ 1035
Event: 1.224 Thread 0x00007fe5d9008000 Uncommon trap: reason=bimorphic action=maybe_recompile pc=0x000000010cd37bac method=com.android.dx.cf.code.BytecodeArray.parseInstruction(ILcom/android/dx/cf/code/BytecodeArray$Visitor;)I @ 1051
Event: 1.224 Thread 0x00007fe5d9008000 Uncommon trap: reason=bimorphic action=maybe_recompile pc=0x000000010cd37b30 method=com.android.dx.cf.code.BytecodeArray.parseInstruction(ILcom/android/dx/cf/code/BytecodeArray$Visitor;)I @ 1035
Event: 1.340 Thread 0x00007fe5d9008000 Uncommon trap: reason=unreached action=reinterpret pc=0x000000010cd2b638 method=com.android.dx.rop.code.LocalVariableExtractor.processBlock(I)V @ 195
Event: 2.260 Thread 0x00007fe5d9008000 Uncommon trap: reason=bimorphic action=maybe_recompile pc=0x000000010cdf7ad0 method=com.android.dx.cf.code.BytecodeArray.parseInstruction(ILcom/android/dx/cf/code/BytecodeArray$Visitor;)I @ 1224
Event: 2.261 Thread 0x00007fe5d9008000 Uncommon trap: reason=bimorphic action=maybe_recompile pc=0x000000010cdf7ad0 method=com.android.dx.cf.code.BytecodeArray.parseInstruction(ILcom/android/dx/cf/code/BytecodeArray$Visitor;)I @ 1224
Event: 2.465 Thread 0x00007fe5d9008000 Uncommon trap: reason=class_check action=maybe_recompile pc=0x000000010cdc7e98 method=com.android.dx.cf.code.OneLocalsArray.set(ILcom/android/dx/rop/type/TypeBearer;)V @ 85
Event: 2.467 Thread 0x00007fe5d9008000 Uncommon trap: reason=class_check action=maybe_recompile pc=0x000000010cdc7e98 method=com.android.dx.cf.code.OneLocalsArray.set(ILcom/android/dx/rop/type/TypeBearer;)V @ 85
Event: 2.591 Thread 0x00007fe5d9008000 Uncommon trap: reason=class_check action=maybe_recompile pc=0x000000010cdc7e98 method=com.android.dx.cf.code.OneLocalsArray.set(ILcom/android/dx/rop/type/TypeBearer;)V @ 85
Event: 2.592 Thread 0x00007fe5d9008000 Uncommon trap: reason=class_check action=maybe_recompile pc=0x000000010cdc7e98 method=com.android.dx.cf.code.OneLocalsArray.set(ILcom/android/dx/rop/type/TypeBearer;)V @ 85

Internal exceptions (10 events):
Event: 0.481 Thread 0x00007fe5d9008000 Exception <a 'java/security/PrivilegedActionException'> (0x00000007ab53cbe8) thrown at [/HUDSON3/workspace/8-2-build-macosx-x86_64/jdk8u20/1074/hotspot/src/share/vm/prims/jvm.cpp, line 1275]
Event: 0.493 Thread 0x00007fe5d9008000 Exception <a 'java/security/PrivilegedActionException'> (0x00000007ab57d628) thrown at [/HUDSON3/workspace/8-2-build-macosx-x86_64/jdk8u20/1074/hotspot/src/share/vm/prims/jvm.cpp, line 1275]
Event: 0.512 Thread 0x00007fe5d9008000 Exception <a 'java/security/PrivilegedActionException'> (0x00000007ab5ebf28) thrown at [/HUDSON3/workspace/8-2-build-macosx-x86_64/jdk8u20/1074/hotspot/src/share/vm/prims/jvm.cpp, line 1275]
Event: 0.535 Thread 0x00007fe5d9008000 Exception <a 'java/security/PrivilegedActionException'> (0x00000007ab665d80) thrown at [/HUDSON3/workspace/8-2-build-macosx-x86_64/jdk8u20/1074/hotspot/src/share/vm/prims/jvm.cpp, line 1275]
Event: 0.939 Thread 0x00007fe5d9008000 Implicit null exception at 0x000000010cc0b722 to 0x000000010cc0b81b
Event: 1.236 Thread 0x00007fe5d9008000 Exception <a 'java/security/PrivilegedActionException'> (0x00000007ac633e58) thrown at [/HUDSON3/workspace/8-2-build-macosx-x86_64/jdk8u20/1074/hotspot/src/share/vm/prims/jvm.cpp, line 1275]
Event: 1.280 Thread 0x00007fe5d9008000 Exception <a 'java/security/PrivilegedActionException'> (0x00000007ac801e80) thrown at [/HUDSON3/workspace/8-2-build-macosx-x86_64/jdk8u20/1074/hotspot/src/share/vm/prims/jvm.cpp, line 1275]
Event: 1.281 Thread 0x00007fe5d9008000 Exception <a 'java/security/PrivilegedActionException'> (0x00000007ac80d620) thrown at [/HUDSON3/workspace/8-2-build-macosx-x86_64/jdk8u20/1074/hotspot/src/share/vm/prims/jvm.cpp, line 1275]
Event: 1.282 Thread 0x00007fe5d9008000 Exception <a 'java/security/PrivilegedActionException'> (0x00000007ac810ec8) thrown at [/HUDSON3/workspace/8-2-build-macosx-x86_64/jdk8u20/1074/hotspot/src/share/vm/prims/jvm.cpp, line 1275]
Event: 1.742 Thread 0x00007fe5d9008000 Exception <a 'java/security/PrivilegedActionException'> (0x00000007ac0a6ef8) thrown at [/HUDSON3/workspace/8-2-build-macosx-x86_64/jdk8u20/1074/hotspot/src/share/vm/prims/jvm.cpp, line 1275]

Events (10 events):
Event: 2.592 Thread 0x00007fe5d9008000 Uncommon trap: trap_request=0xffffffde fr.pc=0x000000010cdc7e98
Event: 2.592 Thread 0x00007fe5d9008000 DEOPT PACKING pc=0x000000010cdc7e98 sp=0x000000010b13fe00
Event: 2.592 Thread 0x00007fe5d9008000 DEOPT UNPACKING pc=0x000000010c91ff69 sp=0x000000010b13fcf8 mode 2
Event: 2.643 Thread 0x00007fe5d9008000 DEOPT PACKING pc=0x000000010cb9656d sp=0x000000010b140900
Event: 2.644 Thread 0x00007fe5d9008000 DEOPT UNPACKING pc=0x000000010c962373 sp=0x000000010b1406c0 mode 0
Event: 2.721 Thread 0x00007fe5d9008000 DEOPT PACKING pc=0x000000010cb9656d sp=0x000000010b140900
Event: 2.721 Thread 0x00007fe5d9008000 DEOPT UNPACKING pc=0x000000010c962373 sp=0x000000010b1406c0 mode 0
Event: 2.823 Thread 0x00007fe5d9008000 DEOPT PACKING pc=0x000000010cb9656d sp=0x000000010b140900
Event: 2.823 Thread 0x00007fe5d9008000 DEOPT UNPACKING pc=0x000000010c962373 sp=0x000000010b1406c0 mode 0
Event: 2.837 Executing VM operation: ParallelGCFailedAllocation


Dynamic libraries:
0x0000000002893000 	/System/Library/Frameworks/Cocoa.framework/Versions/A/Cocoa
0x0000000002893000 	/System/Library/Frameworks/Security.framework/Versions/A/Security
0x0000000002893000 	/System/Library/Frameworks/ApplicationServices.framework/Versions/A/ApplicationServices
0x0000000002893000 	/usr/lib/libz.1.dylib
0x0000000002893000 	/usr/lib/libSystem.B.dylib
0x0000000002893000 	/usr/lib/libobjc.A.dylib
0x0000000002893000 	/System/Library/Frameworks/CoreFoundation.framework/Versions/A/CoreFoundation
0x0000000002893000 	/System/Library/Frameworks/Foundation.framework/Versions/C/Foundation
0x0000000002893000 	/System/Library/Frameworks/AppKit.framework/Versions/C/AppKit
0x0000000002893000 	/System/Library/Frameworks/CoreData.framework/Versions/A/CoreData
0x0000000002893000 	/System/Library/PrivateFrameworks/RemoteViewServices.framework/Versions/A/RemoteViewServices
0x0000000002893000 	/System/Library/PrivateFrameworks/UIFoundation.framework/Versions/A/UIFoundation
0x0000000002893000 	/System/Library/Frameworks/IOSurface.framework/Versions/A/IOSurface
0x0000000002893000 	/System/Library/Frameworks/AudioToolbox.framework/Versions/A/AudioToolbox
0x0000000002893000 	/System/Library/Frameworks/AudioUnit.framework/Versions/A/AudioUnit
0x0000000002893000 	/System/Library/PrivateFrameworks/DataDetectorsCore.framework/Versions/A/DataDetectorsCore
0x0000000002893000 	/System/Library/PrivateFrameworks/DesktopServicesPriv.framework/Versions/A/DesktopServicesPriv
0x0000000002893000 	/System/Library/Frameworks/Carbon.framework/Versions/A/Frameworks/HIToolbox.framework/Versions/A/HIToolbox
0x0000000002893000 	/System/Library/Frameworks/QuartzCore.framework/Versions/A/QuartzCore
0x0000000002893000 	/System/Library/Frameworks/Carbon.framework/Versions/A/Frameworks/SpeechRecognition.framework/Versions/A/SpeechRecognition
0x0000000002893000 	/usr/lib/libauto.dylib
0x0000000002893000 	/usr/lib/libicucore.A.dylib
0x0000000002893000 	/usr/lib/libxml2.2.dylib
0x0000000002893000 	/System/Library/PrivateFrameworks/CoreUI.framework/Versions/A/CoreUI
0x0000000002893000 	/System/Library/Frameworks/CoreAudio.framework/Versions/A/CoreAudio
0x0000000002893000 	/System/Library/Frameworks/DiskArbitration.framework/Versions/A/DiskArbitration
0x0000000002893000 	/usr/lib/liblangid.dylib
0x0000000002893000 	/System/Library/PrivateFrameworks/MultitouchSupport.framework/Versions/A/MultitouchSupport
0x0000000002893000 	/System/Library/Frameworks/IOKit.framework/Versions/A/IOKit
0x0000000002893000 	/usr/lib/libDiagnosticMessagesClient.dylib
0x0000000002893000 	/System/Library/Frameworks/CoreServices.framework/Versions/A/CoreServices
0x0000000002893000 	/System/Library/PrivateFrameworks/PerformanceAnalysis.framework/Versions/A/PerformanceAnalysis
0x0000000002893000 	/System/Library/PrivateFrameworks/GenerationalStorage.framework/Versions/A/GenerationalStorage
0x0000000002893000 	/System/Library/Frameworks/OpenGL.framework/Versions/A/OpenGL
0x0000000002893000 	/System/Library/PrivateFrameworks/Sharing.framework/Versions/A/Sharing
0x0000000002893000 	/System/Library/Frameworks/CoreGraphics.framework/Versions/A/CoreGraphics
0x0000000002893000 	/System/Library/Frameworks/CoreText.framework/Versions/A/CoreText
0x0000000002893000 	/System/Library/Frameworks/ImageIO.framework/Versions/A/ImageIO
0x0000000002893000 	/usr/lib/libextension.dylib
0x0000000002893000 	/System/Library/PrivateFrameworks/Backup.framework/Versions/A/Backup
0x0000000002893000 	/usr/lib/libarchive.2.dylib
0x0000000002893000 	/System/Library/Frameworks/CFNetwork.framework/Versions/A/CFNetwork
0x0000000002893000 	/System/Library/Frameworks/SystemConfiguration.framework/Versions/A/SystemConfiguration
0x0000000002893000 	/usr/lib/libCRFSuite.dylib
0x0000000002893000 	/usr/lib/libc++.1.dylib
0x0000000002893000 	/usr/lib/libc++abi.dylib
0x0000000002893000 	/usr/lib/system/libcache.dylib
0x0000000002893000 	/usr/lib/system/libcommonCrypto.dylib
0x0000000002893000 	/usr/lib/system/libcompiler_rt.dylib
0x0000000002893000 	/usr/lib/system/libcopyfile.dylib
0x0000000002893000 	/usr/lib/system/libcorecrypto.dylib
0x0000000002893000 	/usr/lib/system/libdispatch.dylib
0x0000000002893000 	/usr/lib/system/libdyld.dylib
0x0000000002893000 	/usr/lib/system/libkeymgr.dylib
0x0000000002893000 	/usr/lib/system/liblaunch.dylib
0x0000000002893000 	/usr/lib/system/libmacho.dylib
0x0000000002893000 	/usr/lib/system/libquarantine.dylib
0x0000000002893000 	/usr/lib/system/libremovefile.dylib
0x0000000002893000 	/usr/lib/system/libsystem_asl.dylib
0x0000000002893000 	/usr/lib/system/libsystem_blocks.dylib
0x0000000002893000 	/usr/lib/system/libsystem_c.dylib
0x0000000002893000 	/usr/lib/system/libsystem_configuration.dylib
0x0000000002893000 	/usr/lib/system/libsystem_coreservices.dylib
0x0000000002893000 	/usr/lib/system/libsystem_coretls.dylib
0x0000000002893000 	/usr/lib/system/libsystem_dnssd.dylib
0x0000000002893000 	/usr/lib/system/libsystem_info.dylib
0x0000000002893000 	/usr/lib/system/libsystem_kernel.dylib
0x0000000002893000 	/usr/lib/system/libsystem_m.dylib
0x0000000002893000 	/usr/lib/system/libsystem_malloc.dylib
0x0000000002893000 	/usr/lib/system/libsystem_network.dylib
0x0000000002893000 	/usr/lib/system/libsystem_networkextension.dylib
0x0000000002893000 	/usr/lib/system/libsystem_notify.dylib
0x0000000002893000 	/usr/lib/system/libsystem_platform.dylib
0x0000000002893000 	/usr/lib/system/libsystem_pthread.dylib
0x0000000002893000 	/usr/lib/system/libsystem_sandbox.dylib
0x0000000002893000 	/usr/lib/system/libsystem_secinit.dylib
0x0000000002893000 	/usr/lib/system/libsystem_stats.dylib
0x0000000002893000 	/usr/lib/system/libsystem_trace.dylib
0x0000000002893000 	/usr/lib/system/libunc.dylib
0x0000000002893000 	/usr/lib/system/libunwind.dylib
0x0000000002893000 	/usr/lib/system/libxpc.dylib
0x0000000002893000 	/usr/lib/libbz2.1.0.dylib
0x0000000002893000 	/usr/lib/liblzma.5.dylib
0x0000000002893000 	/usr/lib/libbsm.0.dylib
0x0000000002893000 	/usr/lib/libsqlite3.dylib
0x0000000002893000 	/usr/lib/system/libkxld.dylib
0x0000000002893000 	/usr/lib/libxar.1.dylib
0x0000000002893000 	/usr/lib/libpam.2.dylib
0x0000000002893000 	/usr/lib/libOpenScriptingUtil.dylib
0x0000000002893000 	/System/Library/Frameworks/CoreServices.framework/Versions/A/Frameworks/FSEvents.framework/Versions/A/FSEvents
0x0000000002893000 	/System/Library/Frameworks/CoreServices.framework/Versions/A/Frameworks/CarbonCore.framework/Versions/A/CarbonCore
0x0000000002893000 	/System/Library/Frameworks/CoreServices.framework/Versions/A/Frameworks/Metadata.framework/Versions/A/Metadata
0x0000000002893000 	/System/Library/Frameworks/CoreServices.framework/Versions/A/Frameworks/OSServices.framework/Versions/A/OSServices
0x0000000002893000 	/System/Library/Frameworks/CoreServices.framework/Versions/A/Frameworks/SearchKit.framework/Versions/A/SearchKit
0x0000000002893000 	/System/Library/Frameworks/CoreServices.framework/Versions/A/Frameworks/AE.framework/Versions/A/AE
0x0000000002893000 	/System/Library/Frameworks/CoreServices.framework/Versions/A/Frameworks/LaunchServices.framework/Versions/A/LaunchServices
0x0000000002893000 	/System/Library/Frameworks/CoreServices.framework/Versions/A/Frameworks/DictionaryServices.framework/Versions/A/DictionaryServices
0x0000000002893000 	/System/Library/Frameworks/NetFS.framework/Versions/A/NetFS
0x0000000002893000 	/System/Library/PrivateFrameworks/NetAuth.framework/Versions/A/NetAuth
0x0000000002893000 	/System/Library/PrivateFrameworks/login.framework/Versions/A/Frameworks/loginsupport.framework/Versions/A/loginsupport
0x0000000002893000 	/System/Library/PrivateFrameworks/TCC.framework/Versions/A/TCC
0x0000000002893000 	/usr/lib/libmecabra.dylib
0x0000000002893000 	/System/Library/Frameworks/ApplicationServices.framework/Versions/A/Frameworks/ATS.framework/Versions/A/ATS
0x0000000002893000 	/System/Library/Frameworks/ApplicationServices.framework/Versions/A/Frameworks/ColorSync.framework/Versions/A/ColorSync
0x0000000002893000 	/System/Library/Frameworks/ApplicationServices.framework/Versions/A/Frameworks/HIServices.framework/Versions/A/HIServices
0x0000000002893000 	/System/Library/Frameworks/ApplicationServices.framework/Versions/A/Frameworks/LangAnalysis.framework/Versions/A/LangAnalysis
0x0000000002893000 	/System/Library/Frameworks/ApplicationServices.framework/Versions/A/Frameworks/PrintCore.framework/Versions/A/PrintCore
0x0000000002893000 	/System/Library/Frameworks/ApplicationServices.framework/Versions/A/Frameworks/QD.framework/Versions/A/QD
0x0000000002893000 	/System/Library/Frameworks/ApplicationServices.framework/Versions/A/Frameworks/SpeechSynthesis.framework/Versions/A/SpeechSynthesis
0x0000000002893000 	/System/Library/Frameworks/Accelerate.framework/Versions/A/Accelerate
0x0000000002893000 	/System/Library/Frameworks/Accelerate.framework/Versions/A/Frameworks/vImage.framework/Versions/A/vImage
0x0000000002893000 	/System/Library/Frameworks/Accelerate.framework/Versions/A/Frameworks/vecLib.framework/Versions/A/vecLib
0x0000000002893000 	/System/Library/Frameworks/Accelerate.framework/Versions/A/Frameworks/vecLib.framework/Versions/A/libvDSP.dylib
0x0000000002893000 	/System/Library/Frameworks/Accelerate.framework/Versions/A/Frameworks/vecLib.framework/Versions/A/libvMisc.dylib
0x0000000002893000 	/System/Library/Frameworks/Accelerate.framework/Versions/A/Frameworks/vecLib.framework/Versions/A/libLAPACK.dylib
0x0000000002893000 	/System/Library/Frameworks/Accelerate.framework/Versions/A/Frameworks/vecLib.framework/Versions/A/libBLAS.dylib
0x0000000002893000 	/System/Library/Frameworks/Accelerate.framework/Versions/A/Frameworks/vecLib.framework/Versions/A/libLinearAlgebra.dylib
0x0000000002893000 	/System/Library/Frameworks/ApplicationServices.framework/Versions/A/Frameworks/ATS.framework/Versions/A/Resources/libFontParser.dylib
0x0000000002893000 	/System/Library/Frameworks/ApplicationServices.framework/Versions/A/Frameworks/ATS.framework/Versions/A/Resources/libFontRegistry.dylib
0x0000000002893000 	/System/Library/PrivateFrameworks/AppleVPA.framework/Versions/A/AppleVPA
0x0000000002893000 	/System/Library/PrivateFrameworks/AppleJPEG.framework/Versions/A/AppleJPEG
0x0000000002893000 	/System/Library/Frameworks/ImageIO.framework/Versions/A/Resources/libJPEG.dylib
0x0000000002893000 	/System/Library/Frameworks/ImageIO.framework/Versions/A/Resources/libTIFF.dylib
0x0000000002893000 	/System/Library/Frameworks/ImageIO.framework/Versions/A/Resources/libPng.dylib
0x0000000002893000 	/System/Library/Frameworks/ImageIO.framework/Versions/A/Resources/libGIF.dylib
0x0000000002893000 	/System/Library/Frameworks/ImageIO.framework/Versions/A/Resources/libJP2.dylib
0x0000000002893000 	/System/Library/Frameworks/ImageIO.framework/Versions/A/Resources/libRadiance.dylib
0x0000000002893000 	/System/Library/Frameworks/CoreVideo.framework/Versions/A/CoreVideo
0x0000000002893000 	/System/Library/Frameworks/OpenGL.framework/Versions/A/Libraries/libGLU.dylib
0x0000000002893000 	/System/Library/Frameworks/OpenGL.framework/Versions/A/Libraries/libGFXShared.dylib
0x0000000002893000 	/System/Library/Frameworks/OpenGL.framework/Versions/A/Libraries/libGL.dylib
0x0000000002893000 	/System/Library/Frameworks/OpenGL.framework/Versions/A/Libraries/libGLImage.dylib
0x0000000002893000 	/System/Library/Frameworks/OpenGL.framework/Versions/A/Libraries/libCVMSPluginSupport.dylib
0x0000000002893000 	/System/Library/Frameworks/OpenGL.framework/Versions/A/Libraries/libCoreVMClient.dylib
0x0000000002893000 	/usr/lib/libcups.2.dylib
0x0000000002893000 	/System/Library/Frameworks/Kerberos.framework/Versions/A/Kerberos
0x0000000002893000 	/System/Library/Frameworks/GSS.framework/Versions/A/GSS
0x0000000002893000 	/usr/lib/libresolv.9.dylib
0x0000000002893000 	/usr/lib/libiconv.2.dylib
0x0000000002893000 	/System/Library/PrivateFrameworks/Heimdal.framework/Versions/A/Heimdal
0x0000000002893000 	/usr/lib/libheimdal-asn1.dylib
0x0000000002893000 	/System/Library/Frameworks/OpenDirectory.framework/Versions/A/OpenDirectory
0x0000000002893000 	/System/Library/PrivateFrameworks/CommonAuth.framework/Versions/A/CommonAuth
0x0000000002893000 	/System/Library/Frameworks/OpenDirectory.framework/Versions/A/Frameworks/CFOpenDirectory.framework/Versions/A/CFOpenDirectory
0x0000000002893000 	/System/Library/Frameworks/SecurityFoundation.framework/Versions/A/SecurityFoundation
0x0000000002893000 	/System/Library/PrivateFrameworks/LanguageModeling.framework/Versions/A/LanguageModeling
0x0000000002893000 	/usr/lib/libcmph.dylib
0x0000000002893000 	/System/Library/Frameworks/ServiceManagement.framework/Versions/A/ServiceManagement
0x0000000002893000 	/usr/lib/libxslt.1.dylib
0x0000000002893000 	/System/Library/Frameworks/Carbon.framework/Versions/A/Frameworks/Ink.framework/Versions/A/Ink
0x0000000002893000 	/System/Library/Frameworks/QuartzCore.framework/Versions/A/Frameworks/CoreImage.framework/Versions/A/CoreImage
0x0000000002893000 	/System/Library/PrivateFrameworks/CrashReporterSupport.framework/Versions/A/CrashReporterSupport
0x0000000002893000 	/System/Library/Frameworks/OpenCL.framework/Versions/A/OpenCL
0x0000000002893000 	/System/Library/PrivateFrameworks/FaceCore.framework/Versions/A/FaceCore
0x0000000002893000 	/System/Library/PrivateFrameworks/Ubiquity.framework/Versions/A/Ubiquity
0x0000000002893000 	/System/Library/PrivateFrameworks/IconServices.framework/Versions/A/IconServices
0x0000000002893000 	/System/Library/PrivateFrameworks/ChunkingLibrary.framework/Versions/A/ChunkingLibrary
0x0000000002893000 	/System/Library/PrivateFrameworks/Apple80211.framework/Versions/A/Apple80211
0x0000000002893000 	/System/Library/Frameworks/CoreWLAN.framework/Versions/A/CoreWLAN
0x0000000002893000 	/System/Library/Frameworks/IOBluetooth.framework/Versions/A/IOBluetooth
0x0000000002893000 	/System/Library/PrivateFrameworks/CoreWiFi.framework/Versions/A/CoreWiFi
0x0000000002893000 	/System/Library/Frameworks/CoreBluetooth.framework/Versions/A/CoreBluetooth
0x0000000002893000 	/System/Library/PrivateFrameworks/DebugSymbols.framework/Versions/A/DebugSymbols
0x0000000002893000 	/System/Library/PrivateFrameworks/CoreSymbolication.framework/Versions/A/CoreSymbolication
0x0000000002893000 	/System/Library/PrivateFrameworks/Symbolication.framework/Versions/A/Symbolication
0x0000000002893000 	/System/Library/PrivateFrameworks/SpeechRecognitionCore.framework/Versions/A/SpeechRecognitionCore
0x000000010ba00000 	/Library/Java/JavaVirtualMachines/jdk1.8.0_20.jdk/Contents/Home/jre/lib/server/libjvm.dylib
0x0000000002893000 	/usr/lib/libstdc++.6.dylib
0x000000010b144000 	/Library/Java/JavaVirtualMachines/jdk1.8.0_20.jdk/Contents/Home/jre/lib/libverify.dylib
0x000000010b152000 	/Library/Java/JavaVirtualMachines/jdk1.8.0_20.jdk/Contents/Home/jre/lib/libjava.dylib
0x000000010b190000 	/Library/Java/JavaVirtualMachines/jdk1.8.0_20.jdk/Contents/Home/jre/lib/libzip.dylib
0x0000000120399000 	/System/Library/Frameworks/JavaVM.framework/Frameworks/JavaRuntimeSupport.framework/JavaRuntimeSupport
0x00000001203b1000 	/System/Library/Frameworks/JavaVM.framework/Versions/A/Frameworks/JavaNativeFoundation.framework/Versions/A/JavaNativeFoundation
0x00000001203c6000 	/System/Library/Frameworks/JavaVM.framework/Versions/A/JavaVM
0x0000000002893000 	/System/Library/Frameworks/Carbon.framework/Versions/A/Carbon
0x00000001203d3000 	/System/Library/PrivateFrameworks/JavaLaunching.framework/Versions/A/JavaLaunching
0x0000000002893000 	/System/Library/Frameworks/Carbon.framework/Versions/A/Frameworks/CommonPanels.framework/Versions/A/CommonPanels
0x0000000002893000 	/System/Library/Frameworks/Carbon.framework/Versions/A/Frameworks/Help.framework/Versions/A/Help
0x0000000002893000 	/System/Library/Frameworks/Carbon.framework/Versions/A/Frameworks/ImageCapture.framework/Versions/A/ImageCapture
0x0000000002893000 	/System/Library/Frameworks/Carbon.framework/Versions/A/Frameworks/OpenScripting.framework/Versions/A/OpenScripting
0x0000000002893000 	/System/Library/Frameworks/Carbon.framework/Versions/A/Frameworks/Print.framework/Versions/A/Print
0x0000000002893000 	/System/Library/Frameworks/Carbon.framework/Versions/A/Frameworks/SecurityHI.framework/Versions/A/SecurityHI

VM Arguments:
jvm_args: -Xmx1024M 
java_command: /Users/kwamecorp/Library/Android/sdk/build-tools/21.1.2/lib/dx.jar --dex --no-optimize --output /Users/kwamecorp/Projects/Fairphone/fairphoneos_apps_fairphonelauncher3/build/intermediates/dex/debug --input-list=/Users/kwamecorp/Projects/Fairphone/fairphoneos_apps_fairphonelauncher3/build/intermediates/tmp/dex/debug/inputList.txt
java_class_path (initial): /Users/kwamecorp/Library/Android/sdk/build-tools/21.1.2/lib/dx.jar
Launcher Type: SUN_STANDARD

Environment Variables:
PATH=/usr/bin:/bin:/usr/sbin:/sbin
SHELL=/bin/bash
DISPLAY=/private/tmp/com.apple.launchd.zs3ySIZyHu/org.macosforge.xquartz:0

Signal Handlers:
SIGSEGV: [libjvm.dylib+0x578fd7], sa_mask[0]=11111111011111110111111111111111, sa_flags=SA_ONSTACK|SA_RESTART|SA_SIGINFO
SIGBUS: [libjvm.dylib+0x578fd7], sa_mask[0]=11111111011111110111111111111111, sa_flags=SA_RESTART|SA_SIGINFO
SIGFPE: [libjvm.dylib+0x45ab0c], sa_mask[0]=11111111011111110111111111111111, sa_flags=SA_RESTART|SA_SIGINFO
SIGPIPE: [libjvm.dylib+0x45ab0c], sa_mask[0]=11111111011111110111111111111111, sa_flags=SA_RESTART|SA_SIGINFO
SIGXFSZ: [libjvm.dylib+0x45ab0c], sa_mask[0]=11111111011111110111111111111111, sa_flags=SA_RESTART|SA_SIGINFO
SIGILL: [libjvm.dylib+0x45ab0c], sa_mask[0]=11111111011111110111111111111111, sa_flags=SA_RESTART|SA_SIGINFO
SIGUSR1: SIG_DFL, sa_mask[0]=00000000000000000000000000000000, sa_flags=none
SIGUSR2: [libjvm.dylib+0x45a62a], sa_mask[0]=00100000000000000000000000000000, sa_flags=SA_RESTART|SA_SIGINFO
SIGHUP: [libjvm.dylib+0x458bfd], sa_mask[0]=11111111011111110111111111111111, sa_flags=SA_RESTART|SA_SIGINFO
SIGINT: [libjvm.dylib+0x458bfd], sa_mask[0]=11111111011111110111111111111111, sa_flags=SA_RESTART|SA_SIGINFO
SIGTERM: [libjvm.dylib+0x458bfd], sa_mask[0]=11111111011111110111111111111111, sa_flags=SA_RESTART|SA_SIGINFO
SIGQUIT: [libjvm.dylib+0x458bfd], sa_mask[0]=11111111011111110111111111111111, sa_flags=SA_RESTART|SA_SIGINFO


---------------  S Y S T E M  ---------------

OS:Bsduname:Darwin 14.4.0 Darwin Kernel Version 14.4.0: Thu May 28 11:35:04 PDT 2015; root:xnu-2782.30.5~1/RELEASE_X86_64 x86_64
rlimit: STACK 8192k, CORE 0k, NPROC 709, NOFILE 10240, AS infinity
load average:3.17 3.02 2.67

CPU:total 4 (2 cores per cpu, 2 threads per core) family 6 model 58 stepping 9, cmov, cx8, fxsr, mmx, sse, sse2, sse3, ssse3, sse4.1, sse4.2, popcnt, avx, aes, clmul, erms, ht, tsc, tscinvbit, tscinv

Memory: 4k page, physical 8388608k(40776k free)

/proc/meminfo:


vm_info: Java HotSpot(TM) 64-Bit Server VM (25.20-b23) for bsd-amd64 JRE (1.8.0_20-b26), built on Jul 30 2014 13:37:47 by "java_re" with gcc 4.2.1 (Based on Apple Inc. build 5658) (LLVM build 2336.9.00)

time: Tue Jul 28 15:11:14 2015
elapsed time: 2 seconds (0d 0h 0m 2s)

