#
# A fatal error has been detected by the Java Runtime Environment:
#
#  SIGSEGV (0xb) at pc=0x000000010894e5e5, pid=2110, tid=16643
#
# JRE version: Java(TM) SE Runtime Environment (8.0_20-b26) (build 1.8.0_20-b26)
# Java VM: Java HotSpot(TM) 64-Bit Server VM (25.20-b23 mixed mode bsd-amd64 compressed oops)
# Problematic frame:
# V  [libjvm.dylib+0x4455e5]  Node::clone() const+0x181
#
# Failed to write core dump. Core dumps have been disabled. To enable core dumping, try "ulimit -c unlimited" before starting Java again
#
# If you would like to submit a bug report, please visit:
#   http://bugreport.sun.com/bugreport/crash.jsp
#

---------------  T H R E A D  ---------------

Current thread (0x00007f88bb00f000):  JavaThread "C2 CompilerThread0" daemon [_thread_in_native, id=16643, stack(0x000000011f2ce000,0x000000011f3ce000)]

siginfo: si_signo: 11 (SIGSEGV), si_code: 0 (unknown), si_addr: 0x0000000000000000

Registers:
RAX=0x0000000108690ca0, RBX=0x00007f88bc39f8a8, RCX=0x00000000000016fc, RDX=0x00007f88bc39f870
RSP=0x000000011f3ca910, RBP=0x000000011f3ca950, RSI=0x000000011f3ccfb0, RDI=0x0000000108d74d10
R8 =0x00007f88bc1391f8, R9 =0x0000000000000001, R10=0x0000000000000000, R11=0x000000000000006e
R12=0x00007f88bc39e2f8, R13=0x00007f88bc137f08, R14=0x00007f88bc139480, R15=0x0000000000000002
RIP=0x000000010894e5e5, EFLAGS=0x0000000000010203, ERR=0x0000000000000000
  TRAPNO=0x000000000000000d

Top of Stack: (sp=0x000000011f3ca910)
0x000000011f3ca910:   000000011f3ca930 000000011f3ccfb0
0x000000011f3ca920:   000000011f3ca950 00007f88bc39f870
0x000000011f3ca930:   0000000000000000 00007f88bc138c98
0x000000011f3ca940:   0000000000000000 00007f88bc39e2f8
0x000000011f3ca950:   000000011f3ca9d0 0000000108909a4b
0x000000011f3ca960:   000000011f3cb710 000000011f3cc098
0x000000011f3ca970:   00007f88b971b510 0000000000007fd8
0x000000011f3ca980:   000000011f3cb6f0 00000001201dfc60
0x000000011f3ca990:   0000000120385a90 00000001201d7010
0x000000011f3ca9a0:   00007f88b971b510 000000011f3cb6f0
0x000000011f3ca9b0:   0000000000000004 00007f88bca808a8
0x000000011f3ca9c0:   0000000000006baa 000000011f3ccfb0
0x000000011f3ca9d0:   000000011f3caa70 000000010890c4b1
0x000000011f3ca9e0:   00007f88bac6faa8 000000011f3cd158
0x000000011f3ca9f0:   0000000000000000 0000000000000000
0x000000011f3caa00:   4000000000000000 0000000000000000
0x000000011f3caa10:   0000000000000000 000000011f3cc2d8
0x000000011f3caa20:   0000000000000001 00007f88b972f460
0x000000011f3caa30:   0000000108aac924 000000011f3cb4e8
0x000000011f3caa40:   000000011f3caa70 000000011f3ccfb0
0x000000011f3caa50:   00007f88b972f460 000000011f3ccfb0
0x000000011f3caa60:   000000011f3cb6f0 000000011f3cb4e8
0x000000011f3caa70:   000000011f3cc380 00000001086adb11
0x000000011f3caa80:   0000000000000000 0000000000000000
0x000000011f3caa90:   0000000000000000 0000000000000000
0x000000011f3caaa0:   0000000000000000 0000000000000000
0x000000011f3caab0:   0000000000000000 0000000000000000
0x000000011f3caac0:   0000000000000000 0000000000000000
0x000000011f3caad0:   0000000000000000 0000000000000000
0x000000011f3caae0:   0000000000000000 0000000000000000
0x000000011f3caaf0:   0000000000000000 0000000000000000
0x000000011f3cab00:   0000000000000000 0000000000000000 

Instructions: (pc=0x000000010894e5e5)
0x000000010894e5c5:   8b 63 38 48 83 c3 38 4d 8d 6e 38 49 29 dd 4d 01
0x000000010894e5d5:   e5 4d 89 6e 38 49 8b 3c 24 48 8b 07 48 8b 75 c8
0x000000010894e5e5:   ff 90 d0 00 00 00 49 89 45 00 49 83 c4 08 49 83
0x000000010894e5f5:   c5 08 49 ff cf 75 de 41 0f b7 46 2c 83 e0 07 83 

Register to memory mapping:

RAX=0x0000000108690ca0: _ZNK13CatchProjNode6OpcodeEv+0 in /Library/Java/JavaVirtualMachines/jdk1.8.0_20.jdk/Contents/Home/jre/lib/server/libjvm.dylib at 0x0000000108509000
RBX=0x00007f88bc39f8a8 is an unknown value
RCX=0x00000000000016fc is an unknown value
RDX=0x00007f88bc39f870 is an unknown value
RSP=0x000000011f3ca910 is pointing into the stack for thread: 0x00007f88bb00f000
RBP=0x000000011f3ca950 is pointing into the stack for thread: 0x00007f88bb00f000
RSI=0x000000011f3ccfb0 is pointing into the stack for thread: 0x00007f88bb00f000
RDI=0x0000000108d74d10: _ZTV13CatchProjNode+0x10 in /Library/Java/JavaVirtualMachines/jdk1.8.0_20.jdk/Contents/Home/jre/lib/server/libjvm.dylib at 0x0000000108509000
R8 =0x00007f88bc1391f8 is an unknown value
R9 =0x0000000000000001 is an unknown value
R10=0x0000000000000000 is an unknown value
R11=0x000000000000006e is an unknown value
R12=0x00007f88bc39e2f8 is an unknown value
R13=0x00007f88bc137f08 is an unknown value
R14=0x00007f88bc139480 is an unknown value
R15=0x0000000000000002 is an unknown value


Stack: [0x000000011f2ce000,0x000000011f3ce000],  sp=0x000000011f3ca910,  free space=1010k
Native frames: (J=compiled Java code, j=interpreted, Vv=VM code, C=native code)
V  [libjvm.dylib+0x4455e5]  Node::clone() const+0x181
V  [libjvm.dylib+0x400a4b]  Matcher::xform(Node*, int)+0x1df
V  [libjvm.dylib+0x4034b1]  Matcher::match()+0x5eb
V  [libjvm.dylib+0x1a4b11]  Compile::Code_Gen()+0x73
V  [libjvm.dylib+0x1a89c6]  Compile::Compile(ciEnv*, C2Compiler*, ciMethod*, int, bool, bool, bool)+0x958
V  [libjvm.dylib+0x14afd6]  C2Compiler::compile_method(ciEnv*, ciMethod*, int)+0xac
V  [libjvm.dylib+0x1ac260]  CompileBroker::invoke_compiler_on_method(CompileTask*)+0x5b2
V  [libjvm.dylib+0x1ae36f]  CompileBroker::compiler_thread_loop()+0x2d5
V  [libjvm.dylib+0x535a51]  JavaThread::thread_main_inner()+0x9b
V  [libjvm.dylib+0x537194]  JavaThread::run()+0x1c2
V  [libjvm.dylib+0x45d35a]  java_start(Thread*)+0xf6
C  [libsystem_pthread.dylib+0x3268]  _pthread_body+0x83
C  [libsystem_pthread.dylib+0x31e5]  _pthread_body+0x0
C  [libsystem_pthread.dylib+0x141d]  thread_start+0xd
C  0x0000000000000000


Current CompileTask:
C2:  14931 2057   !   4       com.android.dx.cf.code.Ropper::processBlock (1101 bytes)


---------------  P R O C E S S  ---------------

Java Threads: ( => current thread )
  0x00007f88ba844800 JavaThread "Service Thread" daemon [_thread_blocked, id=18179, stack(0x000000011f5d7000,0x000000011f6d7000)]
  0x00007f88ba844000 JavaThread "C1 CompilerThread2" daemon [_thread_blocked, id=17667, stack(0x000000011f4d4000,0x000000011f5d4000)]
  0x00007f88bb06b800 JavaThread "C2 CompilerThread1" daemon [_thread_in_native, id=17155, stack(0x000000011f3d1000,0x000000011f4d1000)]
=>0x00007f88bb00f000 JavaThread "C2 CompilerThread0" daemon [_thread_in_native, id=16643, stack(0x000000011f2ce000,0x000000011f3ce000)]
  0x00007f88ba82c800 JavaThread "Signal Dispatcher" daemon [_thread_blocked, id=13843, stack(0x000000011f1cb000,0x000000011f2cb000)]
  0x00007f88bb00d000 JavaThread "Finalizer" daemon [_thread_blocked, id=11011, stack(0x000000011d7ad000,0x000000011d8ad000)]
  0x00007f88ba036800 JavaThread "Reference Handler" daemon [_thread_blocked, id=10499, stack(0x000000011d6aa000,0x000000011d7aa000)]
  0x00007f88ba001000 JavaThread "main" [_thread_in_Java, id=3331, stack(0x0000000109425000,0x0000000109525000)]

Other Threads:
  0x00007f88ba829800 VMThread [stack: 0x000000011d5a7000,0x000000011d6a7000] [id=9987]
  0x00007f88ba039000 WatcherThread [stack: 0x000000011f6da000,0x000000011f7da000] [id=18691]

VM state:not at safepoint (normal execution)

VM Mutex/Monitor currently owned by a thread: None

Heap:
 PSYoungGen      total 290304K, used 122524K [0x00000007aab00000, 0x00000007c0000000, 0x00000007c0000000)
  eden space 257536K, 42% used [0x00000007aab00000,0x00000007b16be4a0,0x00000007ba680000)
  from space 32768K, 37% used [0x00000007ba680000,0x00000007bb268b78,0x00000007bc680000)
  to   space 49152K, 0% used [0x00000007bd000000,0x00000007bd000000,0x00000007c0000000)
 ParOldGen       total 165376K, used 87189K [0x0000000780000000, 0x000000078a180000, 0x00000007aab00000)
  object space 165376K, 52% used [0x0000000780000000,0x0000000785525428,0x000000078a180000)
 Metaspace       used 6077K, capacity 7152K, committed 7296K, reserved 1056768K
  class space    used 572K, capacity 616K, committed 640K, reserved 1048576K

Card table byte_map: [0x00000001191c0000,0x00000001193c1000] byte_map_base: 0x00000001155c0000

Marking Bits: (ParMarkBitMap*) 0x0000000108da5330
 Begin Bits: [0x0000000119923000, 0x000000011a923000)
 End Bits:   [0x000000011a923000, 0x000000011b923000)

Polling page: 0x0000000109569000

CodeCache: size=245760Kb used=9291Kb max_used=9317Kb free=236468Kb
 bounds [0x0000000109e00000, 0x000000010a730000, 0x0000000118e00000]
 total_blobs=2241 nmethods=1982 adapters=174
 compilation: enabled

Compilation events (10 events):
Event: 14.590 Thread 0x00007f88ba844000 2067       3       com.android.dx.dex.file.AnnotationUtils::makeSignature (251 bytes)
Event: 14.594 Thread 0x00007f88ba844000 nmethod 2067 0x000000010a6fc1d0 code [0x000000010a6fc620, 0x000000010a6fef88]
Event: 14.635 Thread 0x00007f88ba844000 2068       1       com.android.dx.dex.code.DalvInsn::getOpcode (5 bytes)
Event: 14.635 Thread 0x00007f88ba844000 nmethod 2068 0x000000010a6fbf10 code [0x000000010a6fc060, 0x000000010a6fc170]
Event: 14.635 Thread 0x00007f88ba844000 2069       1       com.android.dx.dex.code.DalvInsn::getRegisters (5 bytes)
Event: 14.636 Thread 0x00007f88ba844000 nmethod 2069 0x000000010a6fbc50 code [0x000000010a6fbda0, 0x000000010a6fbeb0]
Event: 14.811 Thread 0x00007f88ba844000 2070   !   3       com.android.dx.cf.direct.StdAttributeFactory::parseLocalVariables (274 bytes)
Event: 14.818 Thread 0x00007f88ba844000 nmethod 2070 0x000000010a711590 code [0x000000010a711ce0, 0x000000010a716be8]
Event: 14.818 Thread 0x00007f88ba844000 2071       2       com.android.dx.cf.code.Frame::makeExceptionHandlerStartFrame (34 bytes)
Event: 14.818 Thread 0x00007f88ba844000 nmethod 2071 0x000000010a6fb710 code [0x000000010a6fb8a0, 0x000000010a6fbaf8]

GC Heap History (10 events):
Event: 5.849 GC heap before
{Heap before GC invocations=6 (full 0):
 PSYoungGen      total 71680K, used 71664K [0x00000007aab00000, 0x00000007b4b00000, 0x00000007c0000000)
  eden space 66560K, 100% used [0x00000007aab00000,0x00000007aec00000,0x00000007aec00000)
  from space 5120K, 99% used [0x00000007aec00000,0x00000007af0fc1a8,0x00000007af100000)
  to   space 15360K, 0% used [0x00000007b3c00000,0x00000007b3c00000,0x00000007b4b00000)
 ParOldGen       total 87552K, used 22808K [0x0000000780000000, 0x0000000785580000, 0x00000007aab00000)
  object space 87552K, 26% used [0x0000000780000000,0x00000007816463d8,0x0000000785580000)
 Metaspace       used 6000K, capacity 7152K, committed 7296K, reserved 1056768K
  class space    used 571K, capacity 616K, committed 640K, reserved 1048576K
Event: 5.892 GC heap after
Heap after GC invocations=6 (full 0):
 PSYoungGen      total 146944K, used 14096K [0x00000007aab00000, 0x00000007b4e00000, 0x00000007c0000000)
  eden space 131584K, 0% used [0x00000007aab00000,0x00000007aab00000,0x00000007b2b80000)
  from space 15360K, 91% used [0x00000007b3c00000,0x00000007b49c43e0,0x00000007b4b00000)
  to   space 16896K, 0% used [0x00000007b2b80000,0x00000007b2b80000,0x00000007b3c00000)
 ParOldGen       total 87552K, used 22808K [0x0000000780000000, 0x0000000785580000, 0x00000007aab00000)
  object space 87552K, 26% used [0x0000000780000000,0x00000007816463d8,0x0000000785580000)
 Metaspace       used 6000K, capacity 7152K, committed 7296K, reserved 1056768K
  class space    used 571K, capacity 616K, committed 640K, reserved 1048576K
}
Event: 8.111 GC heap before
{Heap before GC invocations=7 (full 0):
 PSYoungGen      total 146944K, used 145680K [0x00000007aab00000, 0x00000007b4e00000, 0x00000007c0000000)
  eden space 131584K, 100% used [0x00000007aab00000,0x00000007b2b80000,0x00000007b2b80000)
  from space 15360K, 91% used [0x00000007b3c00000,0x00000007b49c43e0,0x00000007b4b00000)
  to   space 16896K, 0% used [0x00000007b2b80000,0x00000007b2b80000,0x00000007b3c00000)
 ParOldGen       total 87552K, used 22808K [0x0000000780000000, 0x0000000785580000, 0x00000007aab00000)
  object space 87552K, 26% used [0x0000000780000000,0x00000007816463d8,0x0000000785580000)
 Metaspace       used 6049K, capacity 7152K, committed 7296K, reserved 1056768K
  class space    used 571K, capacity 616K, committed 640K, reserved 1048576K
Event: 8.186 GC heap after
Heap after GC invocations=7 (full 0):
 PSYoungGen      total 148480K, used 16885K [0x00000007aab00000, 0x00000007be100000, 0x00000007c0000000)
  eden space 131584K, 0% used [0x00000007aab00000,0x00000007aab00000,0x00000007b2b80000)
  from space 16896K, 99% used [0x00000007b2b80000,0x00000007b3bfd620,0x00000007b3c00000)
  to   space 27136K, 0% used [0x00000007bc680000,0x00000007bc680000,0x00000007be100000)
 ParOldGen       total 87552K, used 38138K [0x0000000780000000, 0x0000000785580000, 0x00000007aab00000)
  object space 87552K, 43% used [0x0000000780000000,0x000000078253eab0,0x0000000785580000)
 Metaspace       used 6049K, capacity 7152K, committed 7296K, reserved 1056768K
  class space    used 571K, capacity 616K, committed 640K, reserved 1048576K
}
Event: 9.750 GC heap before
{Heap before GC invocations=8 (full 0):
 PSYoungGen      total 148480K, used 148469K [0x00000007aab00000, 0x00000007be100000, 0x00000007c0000000)
  eden space 131584K, 100% used [0x00000007aab00000,0x00000007b2b80000,0x00000007b2b80000)
  from space 16896K, 99% used [0x00000007b2b80000,0x00000007b3bfd620,0x00000007b3c00000)
  to   space 27136K, 0% used [0x00000007bc680000,0x00000007bc680000,0x00000007be100000)
 ParOldGen       total 87552K, used 38138K [0x0000000780000000, 0x0000000785580000, 0x00000007aab00000)
  object space 87552K, 43% used [0x0000000780000000,0x000000078253eab0,0x0000000785580000)
 Metaspace       used 6065K, capacity 7152K, committed 7296K, reserved 1056768K
  class space    used 571K, capacity 616K, committed 640K, reserved 1048576K
Event: 9.819 GC heap after
Heap after GC invocations=8 (full 0):
 PSYoungGen      total 284672K, used 27110K [0x00000007aab00000, 0x00000007bec00000, 0x00000007c0000000)
  eden space 257536K, 0% used [0x00000007aab00000,0x00000007aab00000,0x00000007ba680000)
  from space 27136K, 99% used [0x00000007bc680000,0x00000007be0f9898,0x00000007be100000)
  to   space 32768K, 0% used [0x00000007ba680000,0x00000007ba680000,0x00000007bc680000)
 ParOldGen       total 87552K, used 41473K [0x0000000780000000, 0x0000000785580000, 0x00000007aab00000)
  object space 87552K, 47% used [0x0000000780000000,0x0000000782880480,0x0000000785580000)
 Metaspace       used 6065K, capacity 7152K, committed 7296K, reserved 1056768K
  class space    used 571K, capacity 616K, committed 640K, reserved 1048576K
}
Event: 12.873 GC heap before
{Heap before GC invocations=9 (full 0):
 PSYoungGen      total 284672K, used 284646K [0x00000007aab00000, 0x00000007bec00000, 0x00000007c0000000)
  eden space 257536K, 100% used [0x00000007aab00000,0x00000007ba680000,0x00000007ba680000)
  from space 27136K, 99% used [0x00000007bc680000,0x00000007be0f9898,0x00000007be100000)
  to   space 32768K, 0% used [0x00000007ba680000,0x00000007ba680000,0x00000007bc680000)
 ParOldGen       total 87552K, used 41473K [0x0000000780000000, 0x0000000785580000, 0x00000007aab00000)
  object space 87552K, 47% used [0x0000000780000000,0x0000000782880480,0x0000000785580000)
 Metaspace       used 6074K, capacity 7152K, committed 7296K, reserved 1056768K
  class space    used 572K, capacity 616K, committed 640K, reserved 1048576K
Event: 12.992 GC heap after
Heap after GC invocations=9 (full 0):
 PSYoungGen      total 290304K, used 32746K [0x00000007aab00000, 0x00000007c0000000, 0x00000007c0000000)
  eden space 257536K, 0% used [0x00000007aab00000,0x00000007aab00000,0x00000007ba680000)
  from space 32768K, 99% used [0x00000007ba680000,0x00000007bc67a908,0x00000007bc680000)
  to   space 49152K, 0% used [0x00000007bd000000,0x00000007bd000000,0x00000007c0000000)
 ParOldGen       total 87552K, used 69685K [0x0000000780000000, 0x0000000785580000, 0x00000007aab00000)
  object space 87552K, 79% used [0x0000000780000000,0x000000078440d798,0x0000000785580000)
 Metaspace       used 6074K, capacity 7152K, committed 7296K, reserved 1056768K
  class space    used 572K, capacity 616K, committed 640K, reserved 1048576K
}
Event: 12.992 GC heap before
{Heap before GC invocations=10 (full 1):
 PSYoungGen      total 290304K, used 32746K [0x00000007aab00000, 0x00000007c0000000, 0x00000007c0000000)
  eden space 257536K, 0% used [0x00000007aab00000,0x00000007aab00000,0x00000007ba680000)
  from space 32768K, 99% used [0x00000007ba680000,0x00000007bc67a908,0x00000007bc680000)
  to   space 49152K, 0% used [0x00000007bd000000,0x00000007bd000000,0x00000007c0000000)
 ParOldGen       total 87552K, used 69685K [0x0000000780000000, 0x0000000785580000, 0x00000007aab00000)
  object space 87552K, 79% used [0x0000000780000000,0x000000078440d798,0x0000000785580000)
 Metaspace       used 6074K, capacity 7152K, committed 7296K, reserved 1056768K
  class space    used 572K, capacity 616K, committed 640K, reserved 1048576K
Event: 14.014 GC heap after
Heap after GC invocations=10 (full 1):
 PSYoungGen      total 290304K, used 12194K [0x00000007aab00000, 0x00000007c0000000, 0x00000007c0000000)
  eden space 257536K, 0% used [0x00000007aab00000,0x00000007aab00000,0x00000007ba680000)
  from space 32768K, 37% used [0x00000007ba680000,0x00000007bb268b78,0x00000007bc680000)
  to   space 49152K, 0% used [0x00000007bd000000,0x00000007bd000000,0x00000007c0000000)
 ParOldGen       total 165376K, used 87189K [0x0000000780000000, 0x000000078a180000, 0x00000007aab00000)
  object space 165376K, 52% used [0x0000000780000000,0x0000000785525428,0x000000078a180000)
 Metaspace       used 6074K, capacity 7152K, committed 7296K, reserved 1056768K
  class space    used 572K, capacity 616K, committed 640K, reserved 1048576K
}

Deoptimization events (10 events):
Event: 10.301 Thread 0x00007f88ba001000 Uncommon trap: reason=bimorphic action=maybe_recompile pc=0x000000010a5ae6c4 method=com.android.dx.cf.code.BytecodeArray.parseInstruction(ILcom/android/dx/cf/code/BytecodeArray$Visitor;)I @ 1224
Event: 10.301 Thread 0x00007f88ba001000 Uncommon trap: reason=bimorphic action=maybe_recompile pc=0x000000010a5ae6c4 method=com.android.dx.cf.code.BytecodeArray.parseInstruction(ILcom/android/dx/cf/code/BytecodeArray$Visitor;)I @ 1224
Event: 10.306 Thread 0x00007f88ba001000 Uncommon trap: reason=bimorphic action=maybe_recompile pc=0x000000010a564b5c method=com.android.dx.rop.code.RegisterSpec.getFrameType()Lcom/android/dx/rop/type/TypeBearer; @ 4
Event: 10.306 Thread 0x00007f88ba001000 Uncommon trap: reason=bimorphic action=maybe_recompile pc=0x000000010a564948 method=com.android.dx.cf.code.OneLocalsArray.set(ILcom/android/dx/rop/type/TypeBearer;)V @ 85
Event: 12.321 Thread 0x00007f88ba001000 Uncommon trap: reason=bimorphic action=maybe_recompile pc=0x000000010a68d380 method=com.android.dx.cf.code.BytecodeArray.parseInstruction(ILcom/android/dx/cf/code/BytecodeArray$Visitor;)I @ 2554
Event: 12.322 Thread 0x00007f88ba001000 Uncommon trap: reason=bimorphic action=maybe_recompile pc=0x000000010a68d380 method=com.android.dx.cf.code.BytecodeArray.parseInstruction(ILcom/android/dx/cf/code/BytecodeArray$Visitor;)I @ 2554
Event: 14.379 Thread 0x00007f88ba001000 Uncommon trap: reason=class_check action=maybe_recompile pc=0x000000010a6063c4 method=com.android.dx.cf.code.Ropper.processBlock(Lcom/android/dx/cf/code/ByteBlock;Lcom/android/dx/cf/code/Frame;[I)V @ 711
Event: 14.379 Thread 0x00007f88ba001000 Uncommon trap: reason=class_check action=maybe_recompile pc=0x000000010a6063c4 method=com.android.dx.cf.code.Ropper.processBlock(Lcom/android/dx/cf/code/ByteBlock;Lcom/android/dx/cf/code/Frame;[I)V @ 711
Event: 14.380 Thread 0x00007f88ba001000 Uncommon trap: reason=class_check action=maybe_recompile pc=0x000000010a6063c4 method=com.android.dx.cf.code.Ropper.processBlock(Lcom/android/dx/cf/code/ByteBlock;Lcom/android/dx/cf/code/Frame;[I)V @ 711
Event: 14.381 Thread 0x00007f88ba001000 Uncommon trap: reason=class_check action=maybe_recompile pc=0x000000010a6063c4 method=com.android.dx.cf.code.Ropper.processBlock(Lcom/android/dx/cf/code/ByteBlock;Lcom/android/dx/cf/code/Frame;[I)V @ 711

Internal exceptions (10 events):
Event: 2.687 Thread 0x00007f88ba001000 Exception <a 'java/lang/ArrayIndexOutOfBoundsException': 18> (0x00000007aca504e8) thrown at [/HUDSON3/workspace/8-2-build-macosx-x86_64/jdk8u20/1074/hotspot/src/share/vm/interpreter/interpreterRuntime.cpp, line 366]
Event: 2.687 Thread 0x00007f88ba001000 Exception <a 'java/lang/ArrayIndexOutOfBoundsException': 145> (0x00000007aca51f80) thrown at [/HUDSON3/workspace/8-2-build-macosx-x86_64/jdk8u20/1074/hotspot/src/share/vm/interpreter/interpreterRuntime.cpp, line 366]
Event: 2.688 Thread 0x00007f88ba001000 Exception <a 'java/lang/ArrayIndexOutOfBoundsException': 40> (0x00000007aca53198) thrown at [/HUDSON3/workspace/8-2-build-macosx-x86_64/jdk8u20/1074/hotspot/src/share/vm/interpreter/interpreterRuntime.cpp, line 366]
Event: 3.016 Thread 0x00007f88ba001000 Exception <a 'java/security/PrivilegedActionException'> (0x00000007ab8b1418) thrown at [/HUDSON3/workspace/8-2-build-macosx-x86_64/jdk8u20/1074/hotspot/src/share/vm/prims/jvm.cpp, line 1275]
Event: 3.131 Thread 0x00007f88ba001000 Exception <a 'java/security/PrivilegedActionException'> (0x00000007abe80788) thrown at [/HUDSON3/workspace/8-2-build-macosx-x86_64/jdk8u20/1074/hotspot/src/share/vm/prims/jvm.cpp, line 1275]
Event: 3.135 Thread 0x00007f88ba001000 Exception <a 'java/security/PrivilegedActionException'> (0x00000007abe8bf28) thrown at [/HUDSON3/workspace/8-2-build-macosx-x86_64/jdk8u20/1074/hotspot/src/share/vm/prims/jvm.cpp, line 1275]
Event: 3.136 Thread 0x00007f88ba001000 Exception <a 'java/security/PrivilegedActionException'> (0x00000007abe8f7d0) thrown at [/HUDSON3/workspace/8-2-build-macosx-x86_64/jdk8u20/1074/hotspot/src/share/vm/prims/jvm.cpp, line 1275]
Event: 4.423 Thread 0x00007f88ba001000 Exception <a 'java/security/PrivilegedActionException'> (0x00000007acce1940) thrown at [/HUDSON3/workspace/8-2-build-macosx-x86_64/jdk8u20/1074/hotspot/src/share/vm/prims/jvm.cpp, line 1275]
Event: 6.370 Thread 0x00007f88ba001000 Exception <a 'java/security/PrivilegedActionException'> (0x00000007acdb8978) thrown at [/HUDSON3/workspace/8-2-build-macosx-x86_64/jdk8u20/1074/hotspot/src/share/vm/prims/jvm.cpp, line 1275]
Event: 10.211 Thread 0x00007f88ba001000 Exception <a 'java/security/PrivilegedActionException'> (0x00000007aceb3f98) thrown at [/HUDSON3/workspace/8-2-build-macosx-x86_64/jdk8u20/1074/hotspot/src/share/vm/prims/jvm.cpp, line 1275]

Events (10 events):
Event: 14.645 Thread 0x00007f88ba001000 DEOPT PACKING pc=0x000000010a1fcbce sp=0x0000000109523470
Event: 14.646 Thread 0x00007f88ba001000 DEOPT UNPACKING pc=0x0000000109e47373 sp=0x00000001095232a0 mode 0
Event: 14.719 Thread 0x00007f88ba001000 DEOPT PACKING pc=0x000000010a1dd1e3 sp=0x00000001095236f0
Event: 14.719 Thread 0x00007f88ba001000 DEOPT UNPACKING pc=0x0000000109e47373 sp=0x0000000109523490 mode 0
Event: 14.738 Thread 0x00007f88ba001000 DEOPT PACKING pc=0x000000010a1fcbce sp=0x00000001095236f0
Event: 14.738 Thread 0x00007f88ba001000 DEOPT UNPACKING pc=0x0000000109e47373 sp=0x0000000109523520 mode 0
Event: 14.829 Thread 0x00007f88ba001000 DEOPT PACKING pc=0x000000010a1fcbce sp=0x00000001095236f0
Event: 14.829 Thread 0x00007f88ba001000 DEOPT UNPACKING pc=0x0000000109e47373 sp=0x0000000109523520 mode 0
Event: 14.888 Thread 0x00007f88ba001000 DEOPT PACKING pc=0x000000010a1fcbea sp=0x0000000109523470
Event: 14.888 Thread 0x00007f88ba001000 DEOPT UNPACKING pc=0x0000000109e47373 sp=0x00000001095232a0 mode 0


Dynamic libraries:
0x000000000273f000 	/System/Library/Frameworks/Cocoa.framework/Versions/A/Cocoa
0x000000000273f000 	/System/Library/Frameworks/Security.framework/Versions/A/Security
0x000000000273f000 	/System/Library/Frameworks/ApplicationServices.framework/Versions/A/ApplicationServices
0x000000000273f000 	/usr/lib/libz.1.dylib
0x000000000273f000 	/usr/lib/libSystem.B.dylib
0x000000000273f000 	/usr/lib/libobjc.A.dylib
0x000000000273f000 	/System/Library/Frameworks/CoreFoundation.framework/Versions/A/CoreFoundation
0x000000000273f000 	/System/Library/Frameworks/Foundation.framework/Versions/C/Foundation
0x000000000273f000 	/System/Library/Frameworks/AppKit.framework/Versions/C/AppKit
0x000000000273f000 	/System/Library/Frameworks/CoreData.framework/Versions/A/CoreData
0x000000000273f000 	/System/Library/PrivateFrameworks/RemoteViewServices.framework/Versions/A/RemoteViewServices
0x000000000273f000 	/System/Library/PrivateFrameworks/UIFoundation.framework/Versions/A/UIFoundation
0x000000000273f000 	/System/Library/Frameworks/IOSurface.framework/Versions/A/IOSurface
0x000000000273f000 	/System/Library/Frameworks/AudioToolbox.framework/Versions/A/AudioToolbox
0x000000000273f000 	/System/Library/Frameworks/AudioUnit.framework/Versions/A/AudioUnit
0x000000000273f000 	/System/Library/PrivateFrameworks/DataDetectorsCore.framework/Versions/A/DataDetectorsCore
0x000000000273f000 	/System/Library/PrivateFrameworks/DesktopServicesPriv.framework/Versions/A/DesktopServicesPriv
0x000000000273f000 	/System/Library/Frameworks/Carbon.framework/Versions/A/Frameworks/HIToolbox.framework/Versions/A/HIToolbox
0x000000000273f000 	/System/Library/Frameworks/QuartzCore.framework/Versions/A/QuartzCore
0x000000000273f000 	/System/Library/Frameworks/Carbon.framework/Versions/A/Frameworks/SpeechRecognition.framework/Versions/A/SpeechRecognition
0x000000000273f000 	/usr/lib/libauto.dylib
0x000000000273f000 	/usr/lib/libicucore.A.dylib
0x000000000273f000 	/usr/lib/libxml2.2.dylib
0x000000000273f000 	/System/Library/PrivateFrameworks/CoreUI.framework/Versions/A/CoreUI
0x000000000273f000 	/System/Library/Frameworks/CoreAudio.framework/Versions/A/CoreAudio
0x000000000273f000 	/System/Library/Frameworks/DiskArbitration.framework/Versions/A/DiskArbitration
0x000000000273f000 	/usr/lib/liblangid.dylib
0x000000000273f000 	/System/Library/PrivateFrameworks/MultitouchSupport.framework/Versions/A/MultitouchSupport
0x000000000273f000 	/System/Library/Frameworks/IOKit.framework/Versions/A/IOKit
0x000000000273f000 	/usr/lib/libDiagnosticMessagesClient.dylib
0x000000000273f000 	/System/Library/Frameworks/CoreServices.framework/Versions/A/CoreServices
0x000000000273f000 	/System/Library/PrivateFrameworks/PerformanceAnalysis.framework/Versions/A/PerformanceAnalysis
0x000000000273f000 	/System/Library/PrivateFrameworks/GenerationalStorage.framework/Versions/A/GenerationalStorage
0x000000000273f000 	/System/Library/Frameworks/OpenGL.framework/Versions/A/OpenGL
0x000000000273f000 	/System/Library/PrivateFrameworks/Sharing.framework/Versions/A/Sharing
0x000000000273f000 	/System/Library/Frameworks/CoreGraphics.framework/Versions/A/CoreGraphics
0x000000000273f000 	/System/Library/Frameworks/CoreText.framework/Versions/A/CoreText
0x000000000273f000 	/System/Library/Frameworks/ImageIO.framework/Versions/A/ImageIO
0x000000000273f000 	/usr/lib/libextension.dylib
0x000000000273f000 	/System/Library/PrivateFrameworks/Backup.framework/Versions/A/Backup
0x000000000273f000 	/usr/lib/libarchive.2.dylib
0x000000000273f000 	/System/Library/Frameworks/CFNetwork.framework/Versions/A/CFNetwork
0x000000000273f000 	/System/Library/Frameworks/SystemConfiguration.framework/Versions/A/SystemConfiguration
0x000000000273f000 	/usr/lib/libCRFSuite.dylib
0x000000000273f000 	/usr/lib/libc++.1.dylib
0x000000000273f000 	/usr/lib/libc++abi.dylib
0x000000000273f000 	/usr/lib/system/libcache.dylib
0x000000000273f000 	/usr/lib/system/libcommonCrypto.dylib
0x000000000273f000 	/usr/lib/system/libcompiler_rt.dylib
0x000000000273f000 	/usr/lib/system/libcopyfile.dylib
0x000000000273f000 	/usr/lib/system/libcorecrypto.dylib
0x000000000273f000 	/usr/lib/system/libdispatch.dylib
0x000000000273f000 	/usr/lib/system/libdyld.dylib
0x000000000273f000 	/usr/lib/system/libkeymgr.dylib
0x000000000273f000 	/usr/lib/system/liblaunch.dylib
0x000000000273f000 	/usr/lib/system/libmacho.dylib
0x000000000273f000 	/usr/lib/system/libquarantine.dylib
0x000000000273f000 	/usr/lib/system/libremovefile.dylib
0x000000000273f000 	/usr/lib/system/libsystem_asl.dylib
0x000000000273f000 	/usr/lib/system/libsystem_blocks.dylib
0x000000000273f000 	/usr/lib/system/libsystem_c.dylib
0x000000000273f000 	/usr/lib/system/libsystem_configuration.dylib
0x000000000273f000 	/usr/lib/system/libsystem_coreservices.dylib
0x000000000273f000 	/usr/lib/system/libsystem_coretls.dylib
0x000000000273f000 	/usr/lib/system/libsystem_dnssd.dylib
0x000000000273f000 	/usr/lib/system/libsystem_info.dylib
0x000000000273f000 	/usr/lib/system/libsystem_kernel.dylib
0x000000000273f000 	/usr/lib/system/libsystem_m.dylib
0x000000000273f000 	/usr/lib/system/libsystem_malloc.dylib
0x000000000273f000 	/usr/lib/system/libsystem_network.dylib
0x000000000273f000 	/usr/lib/system/libsystem_networkextension.dylib
0x000000000273f000 	/usr/lib/system/libsystem_notify.dylib
0x000000000273f000 	/usr/lib/system/libsystem_platform.dylib
0x000000000273f000 	/usr/lib/system/libsystem_pthread.dylib
0x000000000273f000 	/usr/lib/system/libsystem_sandbox.dylib
0x000000000273f000 	/usr/lib/system/libsystem_secinit.dylib
0x000000000273f000 	/usr/lib/system/libsystem_stats.dylib
0x000000000273f000 	/usr/lib/system/libsystem_trace.dylib
0x000000000273f000 	/usr/lib/system/libunc.dylib
0x000000000273f000 	/usr/lib/system/libunwind.dylib
0x000000000273f000 	/usr/lib/system/libxpc.dylib
0x000000000273f000 	/usr/lib/libbz2.1.0.dylib
0x000000000273f000 	/usr/lib/liblzma.5.dylib
0x000000000273f000 	/usr/lib/libbsm.0.dylib
0x000000000273f000 	/usr/lib/libsqlite3.dylib
0x000000000273f000 	/usr/lib/system/libkxld.dylib
0x000000000273f000 	/usr/lib/libxar.1.dylib
0x000000000273f000 	/usr/lib/libpam.2.dylib
0x000000000273f000 	/usr/lib/libOpenScriptingUtil.dylib
0x000000000273f000 	/System/Library/Frameworks/CoreServices.framework/Versions/A/Frameworks/FSEvents.framework/Versions/A/FSEvents
0x000000000273f000 	/System/Library/Frameworks/CoreServices.framework/Versions/A/Frameworks/CarbonCore.framework/Versions/A/CarbonCore
0x000000000273f000 	/System/Library/Frameworks/CoreServices.framework/Versions/A/Frameworks/Metadata.framework/Versions/A/Metadata
0x000000000273f000 	/System/Library/Frameworks/CoreServices.framework/Versions/A/Frameworks/OSServices.framework/Versions/A/OSServices
0x000000000273f000 	/System/Library/Frameworks/CoreServices.framework/Versions/A/Frameworks/SearchKit.framework/Versions/A/SearchKit
0x000000000273f000 	/System/Library/Frameworks/CoreServices.framework/Versions/A/Frameworks/AE.framework/Versions/A/AE
0x000000000273f000 	/System/Library/Frameworks/CoreServices.framework/Versions/A/Frameworks/LaunchServices.framework/Versions/A/LaunchServices
0x000000000273f000 	/System/Library/Frameworks/CoreServices.framework/Versions/A/Frameworks/DictionaryServices.framework/Versions/A/DictionaryServices
0x000000000273f000 	/System/Library/Frameworks/NetFS.framework/Versions/A/NetFS
0x000000000273f000 	/System/Library/PrivateFrameworks/NetAuth.framework/Versions/A/NetAuth
0x000000000273f000 	/System/Library/PrivateFrameworks/login.framework/Versions/A/Frameworks/loginsupport.framework/Versions/A/loginsupport
0x000000000273f000 	/System/Library/PrivateFrameworks/TCC.framework/Versions/A/TCC
0x000000000273f000 	/usr/lib/libmecabra.dylib
0x000000000273f000 	/System/Library/Frameworks/ApplicationServices.framework/Versions/A/Frameworks/ATS.framework/Versions/A/ATS
0x000000000273f000 	/System/Library/Frameworks/ApplicationServices.framework/Versions/A/Frameworks/ColorSync.framework/Versions/A/ColorSync
0x000000000273f000 	/System/Library/Frameworks/ApplicationServices.framework/Versions/A/Frameworks/HIServices.framework/Versions/A/HIServices
0x000000000273f000 	/System/Library/Frameworks/ApplicationServices.framework/Versions/A/Frameworks/LangAnalysis.framework/Versions/A/LangAnalysis
0x000000000273f000 	/System/Library/Frameworks/ApplicationServices.framework/Versions/A/Frameworks/PrintCore.framework/Versions/A/PrintCore
0x000000000273f000 	/System/Library/Frameworks/ApplicationServices.framework/Versions/A/Frameworks/QD.framework/Versions/A/QD
0x000000000273f000 	/System/Library/Frameworks/ApplicationServices.framework/Versions/A/Frameworks/SpeechSynthesis.framework/Versions/A/SpeechSynthesis
0x000000000273f000 	/System/Library/Frameworks/Accelerate.framework/Versions/A/Accelerate
0x000000000273f000 	/System/Library/Frameworks/Accelerate.framework/Versions/A/Frameworks/vImage.framework/Versions/A/vImage
0x000000000273f000 	/System/Library/Frameworks/Accelerate.framework/Versions/A/Frameworks/vecLib.framework/Versions/A/vecLib
0x000000000273f000 	/System/Library/Frameworks/Accelerate.framework/Versions/A/Frameworks/vecLib.framework/Versions/A/libvDSP.dylib
0x000000000273f000 	/System/Library/Frameworks/Accelerate.framework/Versions/A/Frameworks/vecLib.framework/Versions/A/libvMisc.dylib
0x000000000273f000 	/System/Library/Frameworks/Accelerate.framework/Versions/A/Frameworks/vecLib.framework/Versions/A/libLAPACK.dylib
0x000000000273f000 	/System/Library/Frameworks/Accelerate.framework/Versions/A/Frameworks/vecLib.framework/Versions/A/libBLAS.dylib
0x000000000273f000 	/System/Library/Frameworks/Accelerate.framework/Versions/A/Frameworks/vecLib.framework/Versions/A/libLinearAlgebra.dylib
0x000000000273f000 	/System/Library/Frameworks/ApplicationServices.framework/Versions/A/Frameworks/ATS.framework/Versions/A/Resources/libFontParser.dylib
0x000000000273f000 	/System/Library/Frameworks/ApplicationServices.framework/Versions/A/Frameworks/ATS.framework/Versions/A/Resources/libFontRegistry.dylib
0x000000000273f000 	/System/Library/PrivateFrameworks/AppleVPA.framework/Versions/A/AppleVPA
0x000000000273f000 	/System/Library/PrivateFrameworks/AppleJPEG.framework/Versions/A/AppleJPEG
0x000000000273f000 	/System/Library/Frameworks/ImageIO.framework/Versions/A/Resources/libJPEG.dylib
0x000000000273f000 	/System/Library/Frameworks/ImageIO.framework/Versions/A/Resources/libTIFF.dylib
0x000000000273f000 	/System/Library/Frameworks/ImageIO.framework/Versions/A/Resources/libPng.dylib
0x000000000273f000 	/System/Library/Frameworks/ImageIO.framework/Versions/A/Resources/libGIF.dylib
0x000000000273f000 	/System/Library/Frameworks/ImageIO.framework/Versions/A/Resources/libJP2.dylib
0x000000000273f000 	/System/Library/Frameworks/ImageIO.framework/Versions/A/Resources/libRadiance.dylib
0x000000000273f000 	/System/Library/Frameworks/CoreVideo.framework/Versions/A/CoreVideo
0x000000000273f000 	/System/Library/Frameworks/OpenGL.framework/Versions/A/Libraries/libGLU.dylib
0x000000000273f000 	/System/Library/Frameworks/OpenGL.framework/Versions/A/Libraries/libGFXShared.dylib
0x000000000273f000 	/System/Library/Frameworks/OpenGL.framework/Versions/A/Libraries/libGL.dylib
0x000000000273f000 	/System/Library/Frameworks/OpenGL.framework/Versions/A/Libraries/libGLImage.dylib
0x000000000273f000 	/System/Library/Frameworks/OpenGL.framework/Versions/A/Libraries/libCVMSPluginSupport.dylib
0x000000000273f000 	/System/Library/Frameworks/OpenGL.framework/Versions/A/Libraries/libCoreVMClient.dylib
0x000000000273f000 	/usr/lib/libcups.2.dylib
0x000000000273f000 	/System/Library/Frameworks/Kerberos.framework/Versions/A/Kerberos
0x000000000273f000 	/System/Library/Frameworks/GSS.framework/Versions/A/GSS
0x000000000273f000 	/usr/lib/libresolv.9.dylib
0x000000000273f000 	/usr/lib/libiconv.2.dylib
0x000000000273f000 	/System/Library/PrivateFrameworks/Heimdal.framework/Versions/A/Heimdal
0x000000000273f000 	/usr/lib/libheimdal-asn1.dylib
0x000000000273f000 	/System/Library/Frameworks/OpenDirectory.framework/Versions/A/OpenDirectory
0x000000000273f000 	/System/Library/PrivateFrameworks/CommonAuth.framework/Versions/A/CommonAuth
0x000000000273f000 	/System/Library/Frameworks/OpenDirectory.framework/Versions/A/Frameworks/CFOpenDirectory.framework/Versions/A/CFOpenDirectory
0x000000000273f000 	/System/Library/Frameworks/SecurityFoundation.framework/Versions/A/SecurityFoundation
0x000000000273f000 	/System/Library/PrivateFrameworks/LanguageModeling.framework/Versions/A/LanguageModeling
0x000000000273f000 	/usr/lib/libcmph.dylib
0x000000000273f000 	/System/Library/Frameworks/ServiceManagement.framework/Versions/A/ServiceManagement
0x000000000273f000 	/usr/lib/libxslt.1.dylib
0x000000000273f000 	/System/Library/Frameworks/Carbon.framework/Versions/A/Frameworks/Ink.framework/Versions/A/Ink
0x000000000273f000 	/System/Library/Frameworks/QuartzCore.framework/Versions/A/Frameworks/CoreImage.framework/Versions/A/CoreImage
0x000000000273f000 	/System/Library/PrivateFrameworks/CrashReporterSupport.framework/Versions/A/CrashReporterSupport
0x000000000273f000 	/System/Library/Frameworks/OpenCL.framework/Versions/A/OpenCL
0x000000000273f000 	/System/Library/PrivateFrameworks/FaceCore.framework/Versions/A/FaceCore
0x000000000273f000 	/System/Library/PrivateFrameworks/Ubiquity.framework/Versions/A/Ubiquity
0x000000000273f000 	/System/Library/PrivateFrameworks/IconServices.framework/Versions/A/IconServices
0x000000000273f000 	/System/Library/PrivateFrameworks/ChunkingLibrary.framework/Versions/A/ChunkingLibrary
0x000000000273f000 	/System/Library/PrivateFrameworks/Apple80211.framework/Versions/A/Apple80211
0x000000000273f000 	/System/Library/Frameworks/CoreWLAN.framework/Versions/A/CoreWLAN
0x000000000273f000 	/System/Library/Frameworks/IOBluetooth.framework/Versions/A/IOBluetooth
0x000000000273f000 	/System/Library/PrivateFrameworks/CoreWiFi.framework/Versions/A/CoreWiFi
0x000000000273f000 	/System/Library/Frameworks/CoreBluetooth.framework/Versions/A/CoreBluetooth
0x000000000273f000 	/System/Library/PrivateFrameworks/DebugSymbols.framework/Versions/A/DebugSymbols
0x000000000273f000 	/System/Library/PrivateFrameworks/CoreSymbolication.framework/Versions/A/CoreSymbolication
0x000000000273f000 	/System/Library/PrivateFrameworks/Symbolication.framework/Versions/A/Symbolication
0x000000000273f000 	/System/Library/PrivateFrameworks/SpeechRecognitionCore.framework/Versions/A/SpeechRecognitionCore
0x0000000108509000 	/Library/Java/JavaVirtualMachines/jdk1.8.0_20.jdk/Contents/Home/jre/lib/server/libjvm.dylib
0x000000000273f000 	/usr/lib/libstdc++.6.dylib
0x0000000109527000 	/Library/Java/JavaVirtualMachines/jdk1.8.0_20.jdk/Contents/Home/jre/lib/libverify.dylib
0x0000000109535000 	/Library/Java/JavaVirtualMachines/jdk1.8.0_20.jdk/Contents/Home/jre/lib/libjava.dylib
0x000000010958a000 	/Library/Java/JavaVirtualMachines/jdk1.8.0_20.jdk/Contents/Home/jre/lib/libzip.dylib
0x000000011d8af000 	/System/Library/Frameworks/JavaVM.framework/Frameworks/JavaRuntimeSupport.framework/JavaRuntimeSupport
0x000000011d8c7000 	/System/Library/Frameworks/JavaVM.framework/Versions/A/Frameworks/JavaNativeFoundation.framework/Versions/A/JavaNativeFoundation
0x00000001095f0000 	/System/Library/Frameworks/JavaVM.framework/Versions/A/JavaVM
0x000000000273f000 	/System/Library/Frameworks/Carbon.framework/Versions/A/Carbon
0x000000011d8dc000 	/System/Library/PrivateFrameworks/JavaLaunching.framework/Versions/A/JavaLaunching
0x000000000273f000 	/System/Library/Frameworks/Carbon.framework/Versions/A/Frameworks/CommonPanels.framework/Versions/A/CommonPanels
0x000000000273f000 	/System/Library/Frameworks/Carbon.framework/Versions/A/Frameworks/Help.framework/Versions/A/Help
0x000000000273f000 	/System/Library/Frameworks/Carbon.framework/Versions/A/Frameworks/ImageCapture.framework/Versions/A/ImageCapture
0x000000000273f000 	/System/Library/Frameworks/Carbon.framework/Versions/A/Frameworks/OpenScripting.framework/Versions/A/OpenScripting
0x000000000273f000 	/System/Library/Frameworks/Carbon.framework/Versions/A/Frameworks/Print.framework/Versions/A/Print
0x000000000273f000 	/System/Library/Frameworks/Carbon.framework/Versions/A/Frameworks/SecurityHI.framework/Versions/A/SecurityHI

VM Arguments:
jvm_args: -Xmx1024M -Dfile.encoding=UTF-8 -Duser.country=US -Duser.language=en -Duser.variant 
java_command: com.android.dx.command.Main --dex --output /Users/kwamecorp/Projects/Fairphone/fairphoneos_apps_fairphonelauncher3/build/intermediates/dex/debug /Users/kwamecorp/Projects/Fairphone/fairphoneos_apps_fairphonelauncher3/build/intermediates/classes/debug /Users/kwamecorp/Projects/Fairphone/fairphoneos_apps_fairphonelauncher3/build/intermediates/exploded-aar/com.android.support/support-v13/22.2.0/jars/libs/internal_impl-22.2.0.jar /Users/kwamecorp/Projects/Fairphone/fairphoneos_apps_fairphonelauncher3/build/intermediates/exploded-aar/com.android.support/support-v13/22.2.0/jars/classes.jar /Users/kwamecorp/Library/Android/sdk/extras/android/m2repository/com/android/support/support-annotations/22.2.0/support-annotations-22.2.0.jar /Users/kwamecorp/.gradle/caches/modules-2/files-2.1/com.crashlytics.android/crashlytics/1.1.13/e821eafa1bf489a26bdb71f95078c26785b37a1/crashlytics-1.1.13.jar /Users/kwamecorp/Projects/Fairphone/fairphoneos_apps_fairphonelauncher3/build/intermediates/exploded-aar/com.android.support/support-v4/22.2.0/jars/libs/internal_impl-22.2.0.jar /Users/kwamecorp/.gradle/caches/modules-2/files-2.1/com.googlecode.libphonenumber/libphonenumber/6.3.1/5f875341ac711fef76267f71f21b7d9124b2650c/libphonenumber-6.3.1.jar /Users/kwamecorp/Projects/Fairphone/fairphoneos_apps_fairphonelauncher3/build/intermediates/exploded-aar/com.android.support/support-v4/22.2.0/jars/classes.jar
java_class_path (initial): /Users/kwamecorp/Library/Android/sdk/build-tools/21.1.2/lib/dx.jar
Launcher Type: SUN_STANDARD

Environment Variables:
PATH=/usr/bin:/bin:/usr/sbin:/sbin
SHELL=/bin/bash
DISPLAY=/private/tmp/com.apple.launchd.isppCJljRG/org.macosforge.xquartz:0

Signal Handlers:
SIGSEGV: [libjvm.dylib+0x578fd7], sa_mask[0]=11111111011111110111111111111111, sa_flags=SA_ONSTACK|SA_RESTART|SA_SIGINFO
SIGBUS: [libjvm.dylib+0x578fd7], sa_mask[0]=11111111011111110111111111111111, sa_flags=SA_RESTART|SA_SIGINFO
SIGFPE: [libjvm.dylib+0x45ab0c], sa_mask[0]=11111111011111110111111111111111, sa_flags=SA_RESTART|SA_SIGINFO
SIGPIPE: [libjvm.dylib+0x45ab0c], sa_mask[0]=11111111011111110111111111111111, sa_flags=SA_RESTART|SA_SIGINFO
SIGXFSZ: [libjvm.dylib+0x45ab0c], sa_mask[0]=11111111011111110111111111111111, sa_flags=SA_RESTART|SA_SIGINFO
SIGILL: [libjvm.dylib+0x45ab0c], sa_mask[0]=11111111011111110111111111111111, sa_flags=SA_RESTART|SA_SIGINFO
SIGUSR1: SIG_DFL, sa_mask[0]=00000000000000000000000000000000, sa_flags=none
SIGUSR2: [libjvm.dylib+0x45a62a], sa_mask[0]=00100000000000000000000000000000, sa_flags=SA_RESTART|SA_SIGINFO
SIGHUP: [libjvm.dylib+0x458bfd], sa_mask[0]=11111111011111110111111111111111, sa_flags=SA_RESTART|SA_SIGINFO
SIGINT: [libjvm.dylib+0x458bfd], sa_mask[0]=11111111011111110111111111111111, sa_flags=SA_RESTART|SA_SIGINFO
SIGTERM: [libjvm.dylib+0x458bfd], sa_mask[0]=11111111011111110111111111111111, sa_flags=SA_RESTART|SA_SIGINFO
SIGQUIT: [libjvm.dylib+0x458bfd], sa_mask[0]=11111111011111110111111111111111, sa_flags=SA_RESTART|SA_SIGINFO


---------------  S Y S T E M  ---------------

OS:Bsduname:Darwin 14.4.0 Darwin Kernel Version 14.4.0: Thu May 28 11:35:04 PDT 2015; root:xnu-2782.30.5~1/RELEASE_X86_64 x86_64
rlimit: STACK 8192k, CORE 0k, NPROC 709, NOFILE 10240, AS infinity
load average:12.76 5.60 3.86

CPU:total 4 (2 cores per cpu, 2 threads per core) family 6 model 58 stepping 9, cmov, cx8, fxsr, mmx, sse, sse2, sse3, ssse3, sse4.1, sse4.2, popcnt, avx, aes, clmul, erms, ht, tsc, tscinvbit, tscinv

Memory: 4k page, physical 8388608k(132636k free)

/proc/meminfo:


vm_info: Java HotSpot(TM) 64-Bit Server VM (25.20-b23) for bsd-amd64 JRE (1.8.0_20-b26), built on Jul 30 2014 13:37:47 by "java_re" with gcc 4.2.1 (Based on Apple Inc. build 5658) (LLVM build 2336.9.00)

time: Mon Aug 10 17:02:02 2015
elapsed time: 14 seconds (0d 0h 0m 14s)

