#
# A fatal error has been detected by the Java Runtime Environment:
#
#  SIGSEGV (0xb) at pc=0x0000000101ebe7b4, pid=14070, tid=9475
#
# JRE version: Java(TM) SE Runtime Environment (8.0_20-b26) (build 1.8.0_20-b26)
# Java VM: Java HotSpot(TM) 64-Bit Server VM (25.20-b23 mixed mode bsd-amd64 compressed oops)
# Problematic frame:
# V  [libjvm.dylib+0x2ab7b4]  void PSParallelCompact::mark_and_push<unsigned int>(ParCompactionManager*, unsigned int*)+0x58
#
# Failed to write core dump. Core dumps have been disabled. To enable core dumping, try "ulimit -c unlimited" before starting Java again
#
# If you would like to submit a bug report, please visit:
#   http://bugreport.sun.com/bugreport/crash.jsp
#

---------------  T H R E A D  ---------------

Current thread (0x00007fc961818800):  GCTaskThread [stack: 0x0000000152808000,0x0000000152908000] [id=9475]

siginfo: si_signo: 11 (SIGSEGV), si_code: 0 (unknown), si_addr: 0x0000000000000000

Registers:
RAX=0x0000000152a0d000, RBX=0x00007fc961601840, RCX=0x03fffffffbb70000, RDX=0x1fffffffddb80002
RSP=0x0000000152907ba0, RBP=0x0000000152907bc0, RSI=0x000000011a14489c, RDI=0x00007fc961601840
R8 =0x00000000000000fa, R9 =0x000000000000c4aa, R10=0x4889220889102201, R11=0x0000000000010000
R12=0x0000000000000003, R13=0x000000011a14489c, R14=0x0000000000000010, R15=0x00007fc961601840
RIP=0x0000000101ebe7b4, EFLAGS=0x0000000000010206, ERR=0x0000000000000000
  TRAPNO=0x000000000000000d

Top of Stack: (sp=0x0000000152907ba0)
0x0000000152907ba0:   0000000152907bd0 000000011a144880
0x0000000152907bb0:   0000000000000004 00007fc961601840
0x0000000152907bc0:   0000000152907c30 0000000102060b4c
0x0000000152907bd0:   0000000000000004 00007fc961601840
0x0000000152907be0:   0000000152907c10 0000000101ebe7f1
0x0000000152907bf0:   0000000152907c20 00007fc961601840
0x0000000152907c00:   0000000154c8ff58 000000011a144880
0x0000000152907c10:   000000011a144880 00000001021e4c33
0x0000000152907c20:   00007fc961601840 0000000154c8d6e8
0x0000000152907c30:   0000000152907c60 000000010205fef0
0x0000000152907c40:   0000000113ac9450 00007fc961601840
0x0000000152907c50:   00007fc961601848 0000000102403db0
0x0000000152907c60:   0000000152907cf0 000000010209fb54
0x0000000152907c70:   0000000152907cb0 00007fc961601880
0x0000000152907c80:   00007fc9616018c8 00007fc961601900
0x0000000152907c90:   0000000152907cc0 0000000101ebe8d1
0x0000000152907ca0:   000000011a144880 0000000152907d88
0x0000000152907cb0:   00007fc961601840 00007fc961601840
0x0000000152907cc0:   000002d700000448 00007fc961601840
0x0000000152907cd0:   0000000000000000 00000001021e4c33
0x0000000152907ce0:   0000000152907d88 0000000000000001
0x0000000152907cf0:   0000000152907db0 00000001020939b6
0x0000000152907d00:   ffffffffffffffff 0000206000000040
0x0000000152907d10:   00007fc961525640 00007fc961525628
0x0000000152907d20:   0000000000000000 00000001021c4338
0x0000000152907d30:   00007fc9615247e0 0000000000000002
0x0000000152907d40:   0000000152907d80 00007fff85639b4e
0x0000000152907d50:   00007fc961525628 0000206000000002
0x0000000152907d60:   00009d0000009d00 00007fc9615297a0
0x0000000152907d70:   000000010249a200 0000000000000000
0x0000000152907d80:   0000000152907d88 000000010249a1d0
0x0000000152907d90:   00007fc961524800 00007fc961601840 

Instructions: (pc=0x0000000101ebe7b4)
0x0000000101ebe794:   10 48 c1 ea 03 48 8d 0d a8 a3 52 00 8a 09 48 d3
0x0000000101ebe7a4:   ea 48 89 d1 48 83 e1 c0 48 c1 e9 03 48 8b 40 30
0x0000000101ebe7b4:   48 8b 04 08 48 0f a3 d0 72 5d 4c 89 f7 e8 52 20
0x0000000101ebe7c4:   f2 ff 4c 63 f8 48 8d 3d 60 0b 5f 00 4c 89 f6 4c 

Register to memory mapping:

RAX=0x0000000152a0d000 is an unknown value
RBX=0x00007fc961601840 is an unknown value
RCX=0x03fffffffbb70000 is an unknown value
RDX=0x1fffffffddb80002 is an unknown value
RSP=0x0000000152907ba0 is an unknown value
RBP=0x0000000152907bc0 is an unknown value
RSI=0x000000011a14489c is pointing into object: 0x000000011a144880
[Lcom.android.dx.rop.code.RegisterSpec; 
 - klass: 'com/android/dx/rop/code/RegisterSpec'[]
 - length: 4
RDI=0x00007fc961601840 is an unknown value
R8 =0x00000000000000fa is an unknown value
R9 =0x000000000000c4aa is an unknown value
R10=0x4889220889102201 is an unknown value
R11=0x0000000000010000 is an unknown value
R12=0x0000000000000003 is an unknown value
R13=0x000000011a14489c is pointing into object: 0x000000011a144880
[Lcom.android.dx.rop.code.RegisterSpec; 
 - klass: 'com/android/dx/rop/code/RegisterSpec'[]
 - length: 4
R14=0x0000000000000010 is an unknown value
R15=0x00007fc961601840 is an unknown value


Stack: [0x0000000152808000,0x0000000152908000],  sp=0x0000000152907ba0,  free space=1022k
Native frames: (J=compiled Java code, j=interpreted, Vv=VM code, C=native code)
V  [libjvm.dylib+0x2ab7b4]  void PSParallelCompact::mark_and_push<unsigned int>(ParCompactionManager*, unsigned int*)+0x58
V  [libjvm.dylib+0x44db4c]  void ObjArrayKlass::objarray_follow_contents<unsigned int>(ParCompactionManager*, oopDesc*, int)+0x66
V  [libjvm.dylib+0x44cef0]  ObjArrayKlass::oop_follow_contents(ParCompactionManager*, oopDesc*)+0x70
V  [libjvm.dylib+0x48cb54]  ParCompactionManager::follow_marking_stacks()+0xb4
V  [libjvm.dylib+0x4809b6]  MarkFromRootsTask::do_it(GCTaskManager*, unsigned int)+0x1a0
V  [libjvm.dylib+0x261cad]  GCTaskThread::run()+0x1a1
V  [libjvm.dylib+0x45d35a]  java_start(Thread*)+0xf6
C  [libsystem_pthread.dylib+0x3268]  _pthread_body+0x83
C  [libsystem_pthread.dylib+0x31e5]  _pthread_body+0x0
C  [libsystem_pthread.dylib+0x141d]  thread_start+0xd


---------------  P R O C E S S  ---------------

Java Threads: ( => current thread )
  0x00007fc962856000 JavaThread "Service Thread" daemon [_thread_blocked, id=18179, stack(0x00000001986cc000,0x00000001987cc000)]
  0x00007fc962813000 JavaThread "C1 CompilerThread2" daemon [_thread_blocked, id=17667, stack(0x00000001985c9000,0x00000001986c9000)]
  0x00007fc961813800 JavaThread "C2 CompilerThread1" daemon [_thread_blocked, id=17155, stack(0x00000001984c6000,0x00000001985c6000)]
  0x00007fc962812000 JavaThread "C2 CompilerThread0" daemon [_thread_blocked, id=16643, stack(0x00000001983c3000,0x00000001984c3000)]
  0x00007fc96204a800 JavaThread "Signal Dispatcher" daemon [_thread_blocked, id=13331, stack(0x00000001982c0000,0x00000001983c0000)]
  0x00007fc962804000 JavaThread "Finalizer" daemon [_thread_blocked, id=11523, stack(0x0000000196897000,0x0000000196997000)]
  0x00007fc962020000 JavaThread "Reference Handler" daemon [_thread_blocked, id=11011, stack(0x0000000196794000,0x0000000196894000)]
  0x00007fc96180a000 JavaThread "main" [_thread_blocked, id=4867, stack(0x0000000102b33000,0x0000000102c33000)]

Other Threads:
  0x00007fc96201f800 VMThread [stack: 0x0000000196691000,0x0000000196791000] [id=10499]
  0x00007fc96202d000 WatcherThread [stack: 0x00000001987cf000,0x00000001988cf000] [id=18691]

=>0x00007fc961818800 (exited) GCTaskThread [stack: 0x0000000152808000,0x0000000152908000] [id=9475]

VM state:at safepoint (normal execution)

VM Mutex/Monitor currently owned by a thread:  ([mutex/lock_event])
[0x00007fc961403ac0] Threads_lock - owner thread: 0x00007fc96201f800
[0x00007fc961403fc0] Heap_lock - owner thread: 0x00007fc96180a000

Heap:
 PSYoungGen      total 217600K, used 55806K [0x000000013cf00000, 0x0000000152400000, 0x0000000152400000)
  eden space 161792K, 0% used [0x000000013cf00000,0x000000013cf00000,0x0000000146d00000)
  from space 55808K, 99% used [0x000000014ed80000,0x00000001523ffb80,0x0000000152400000)
  to   space 93696K, 0% used [0x0000000146d00000,0x0000000146d00000,0x000000014c880000)
 ParOldGen       total 166400K, used 154259K [0x0000000112400000, 0x000000011c680000, 0x000000013cf00000)
  object space 166400K, 92% used [0x0000000112400000,0x000000011baa4e48,0x000000011c680000)
 Metaspace       used 6193K, capacity 7216K, committed 7296K, reserved 1056768K
  class space    used 577K, capacity 616K, committed 640K, reserved 1048576K

Card table byte_map: [0x0000000152400000,0x0000000152601000] byte_map_base: 0x0000000151b6e000

Marking Bits: (ParMarkBitMap*) 0x00000001024af330
 Begin Bits: [0x0000000152a0d000, 0x0000000153a0d000)
 End Bits:   [0x0000000153a0d000, 0x0000000154a0d000)

Polling page: 0x00000001013ff000

CodeCache: size=245760Kb used=11189Kb max_used=11203Kb free=234570Kb
 bounds [0x0000000102c89000, 0x0000000103789000, 0x0000000111c89000]
 total_blobs=2516 nmethods=2257 adapters=174
 compilation: enabled

Compilation events (10 events):
Event: 22.899 Thread 0x00007fc961813800 nmethod 2368 0x000000010376c750 code [0x000000010376c8a0, 0x000000010376c9b8]
Event: 22.899 Thread 0x00007fc961813800 2175       4       com.android.dx.cf.code.Ropper::mergeAndWorkAsNecessary (102 bytes)
Event: 23.039 Thread 0x00007fc961813800 nmethod 2175 0x00000001037806d0 code [0x0000000103780ac0, 0x0000000103782878]
Event: 23.039 Thread 0x00007fc961813800 2419   !   4       com.android.dx.cf.code.Ropper::doit (126 bytes)
Event: 23.046 Thread 0x00007fc962813000 2422       2       java.util.HashMap$TreeNode::treeify (221 bytes)
Event: 23.047 Thread 0x00007fc962813000 nmethod 2422 0x0000000102db1410 code [0x0000000102db15c0, 0x0000000102db1b48]
Event: 23.170 Thread 0x00007fc962813000 2423       2       com.android.dx.rop.code.Rops::opDiv (29 bytes)
Event: 23.171 Thread 0x00007fc962813000 nmethod 2423 0x0000000103770190 code [0x0000000103770300, 0x00000001037704a8]
Event: 23.182 Thread 0x00007fc962813000 2424       2       com.android.dx.rop.code.FillArrayDataInsn::accept (8 bytes)
Event: 23.182 Thread 0x00007fc962813000 nmethod 2424 0x0000000103778050 code [0x00000001037781c0, 0x0000000103778348]

GC Heap History (10 events):
Event: 14.216 GC heap after
Heap after GC invocations=9 (full 0):
 PSYoungGen      total 290304K, used 32767K [0x000000013cf00000, 0x0000000152400000, 0x0000000152400000)
  eden space 257536K, 0% used [0x000000013cf00000,0x000000013cf00000,0x000000014ca80000)
  from space 32768K, 99% used [0x000000014ca80000,0x000000014ea7fc50,0x000000014ea80000)
  to   space 49664K, 0% used [0x000000014f380000,0x000000014f380000,0x0000000152400000)
 ParOldGen       total 87552K, used 70258K [0x0000000112400000, 0x0000000117980000, 0x000000013cf00000)
  object space 87552K, 80% used [0x0000000112400000,0x000000011689cb68,0x0000000117980000)
 Metaspace       used 6082K, capacity 7152K, committed 7296K, reserved 1056768K
  class space    used 572K, capacity 616K, committed 640K, reserved 1048576K
}
Event: 14.216 GC heap before
{Heap before GC invocations=10 (full 1):
 PSYoungGen      total 290304K, used 32767K [0x000000013cf00000, 0x0000000152400000, 0x0000000152400000)
  eden space 257536K, 0% used [0x000000013cf00000,0x000000013cf00000,0x000000014ca80000)
  from space 32768K, 99% used [0x000000014ca80000,0x000000014ea7fc50,0x000000014ea80000)
  to   space 49664K, 0% used [0x000000014f380000,0x000000014f380000,0x0000000152400000)
 ParOldGen       total 87552K, used 70258K [0x0000000112400000, 0x0000000117980000, 0x000000013cf00000)
  object space 87552K, 80% used [0x0000000112400000,0x000000011689cb68,0x0000000117980000)
 Metaspace       used 6082K, capacity 7152K, committed 7296K, reserved 1056768K
  class space    used 572K, capacity 616K, committed 640K, reserved 1048576K
Event: 15.629 GC heap after
Heap after GC invocations=10 (full 1):
 PSYoungGen      total 290304K, used 12773K [0x000000013cf00000, 0x0000000152400000, 0x0000000152400000)
  eden space 257536K, 0% used [0x000000013cf00000,0x000000013cf00000,0x000000014ca80000)
  from space 32768K, 38% used [0x000000014ca80000,0x000000014d6f96f8,0x000000014ea80000)
  to   space 49664K, 0% used [0x000000014f380000,0x000000014f380000,0x0000000152400000)
 ParOldGen       total 166400K, used 87242K [0x0000000112400000, 0x000000011c680000, 0x000000013cf00000)
  object space 166400K, 52% used [0x0000000112400000,0x00000001179328c8,0x000000011c680000)
 Metaspace       used 6082K, capacity 7152K, committed 7296K, reserved 1056768K
  class space    used 572K, capacity 616K, committed 640K, reserved 1048576K
}
Event: 18.423 GC heap before
{Heap before GC invocations=11 (full 1):
 PSYoungGen      total 290304K, used 270309K [0x000000013cf00000, 0x0000000152400000, 0x0000000152400000)
  eden space 257536K, 100% used [0x000000013cf00000,0x000000014ca80000,0x000000014ca80000)
  from space 32768K, 38% used [0x000000014ca80000,0x000000014d6f96f8,0x000000014ea80000)
  to   space 49664K, 0% used [0x000000014f380000,0x000000014f380000,0x0000000152400000)
 ParOldGen       total 166400K, used 87242K [0x0000000112400000, 0x000000011c680000, 0x000000013cf00000)
  object space 166400K, 52% used [0x0000000112400000,0x00000001179328c8,0x000000011c680000)
 Metaspace       used 6087K, capacity 7216K, committed 7296K, reserved 1056768K
  class space    used 572K, capacity 616K, committed 640K, reserved 1048576K
Event: 18.544 GC heap after
Heap after GC invocations=11 (full 1):
 PSYoungGen      total 287232K, used 45181K [0x000000013cf00000, 0x0000000152400000, 0x0000000152400000)
  eden space 237568K, 0% used [0x000000013cf00000,0x000000013cf00000,0x000000014b700000)
  from space 49664K, 90% used [0x000000014f380000,0x0000000151f9f688,0x0000000152400000)
  to   space 55808K, 0% used [0x000000014b700000,0x000000014b700000,0x000000014ed80000)
 ParOldGen       total 166400K, used 90803K [0x0000000112400000, 0x000000011c680000, 0x000000013cf00000)
  object space 166400K, 54% used [0x0000000112400000,0x0000000117cacfc8,0x000000011c680000)
 Metaspace       used 6087K, capacity 7216K, committed 7296K, reserved 1056768K
  class space    used 572K, capacity 616K, committed 640K, reserved 1048576K
}
Event: 20.925 GC heap before
{Heap before GC invocations=12 (full 1):
 PSYoungGen      total 287232K, used 282749K [0x000000013cf00000, 0x0000000152400000, 0x0000000152400000)
  eden space 237568K, 100% used [0x000000013cf00000,0x000000014b700000,0x000000014b700000)
  from space 49664K, 90% used [0x000000014f380000,0x0000000151f9f688,0x0000000152400000)
  to   space 55808K, 0% used [0x000000014b700000,0x000000014b700000,0x000000014ed80000)
 ParOldGen       total 166400K, used 90803K [0x0000000112400000, 0x000000011c680000, 0x000000013cf00000)
  object space 166400K, 54% used [0x0000000112400000,0x0000000117cacfc8,0x000000011c680000)
 Metaspace       used 6132K, capacity 7216K, committed 7296K, reserved 1056768K
  class space    used 573K, capacity 616K, committed 640K, reserved 1048576K
Event: 21.054 GC heap after
Heap after GC invocations=12 (full 1):
 PSYoungGen      total 293376K, used 55779K [0x000000013cf00000, 0x0000000152400000, 0x0000000152400000)
  eden space 237568K, 0% used [0x000000013cf00000,0x000000013cf00000,0x000000014b700000)
  from space 55808K, 99% used [0x000000014b700000,0x000000014ed78fe0,0x000000014ed80000)
  to   space 55808K, 0% used [0x000000014ed80000,0x000000014ed80000,0x0000000152400000)
 ParOldGen       total 166400K, used 117310K [0x0000000112400000, 0x000000011c680000, 0x000000013cf00000)
  object space 166400K, 70% used [0x0000000112400000,0x000000011968f880,0x000000011c680000)
 Metaspace       used 6132K, capacity 7216K, committed 7296K, reserved 1056768K
  class space    used 573K, capacity 616K, committed 640K, reserved 1048576K
}
Event: 23.194 GC heap before
{Heap before GC invocations=13 (full 1):
 PSYoungGen      total 293376K, used 293347K [0x000000013cf00000, 0x0000000152400000, 0x0000000152400000)
  eden space 237568K, 100% used [0x000000013cf00000,0x000000014b700000,0x000000014b700000)
  from space 55808K, 99% used [0x000000014b700000,0x000000014ed78fe0,0x000000014ed80000)
  to   space 55808K, 0% used [0x000000014ed80000,0x000000014ed80000,0x0000000152400000)
 ParOldGen       total 166400K, used 117310K [0x0000000112400000, 0x000000011c680000, 0x000000013cf00000)
  object space 166400K, 70% used [0x0000000112400000,0x000000011968f880,0x000000011c680000)
 Metaspace       used 6193K, capacity 7216K, committed 7296K, reserved 1056768K
  class space    used 577K, capacity 616K, committed 640K, reserved 1048576K
Event: 23.347 GC heap after
Heap after GC invocations=13 (full 1):
 PSYoungGen      total 217600K, used 55806K [0x000000013cf00000, 0x0000000152400000, 0x0000000152400000)
  eden space 161792K, 0% used [0x000000013cf00000,0x000000013cf00000,0x0000000146d00000)
  from space 55808K, 99% used [0x000000014ed80000,0x00000001523ffb80,0x0000000152400000)
  to   space 93696K, 0% used [0x0000000146d00000,0x0000000146d00000,0x000000014c880000)
 ParOldGen       total 166400K, used 154259K [0x0000000112400000, 0x000000011c680000, 0x000000013cf00000)
  object space 166400K, 92% used [0x0000000112400000,0x000000011baa4e48,0x000000011c680000)
 Metaspace       used 6193K, capacity 7216K, committed 7296K, reserved 1056768K
  class space    used 577K, capacity 616K, committed 640K, reserved 1048576K
}
Event: 23.347 GC heap before
{Heap before GC invocations=14 (full 2):
 PSYoungGen      total 217600K, used 55806K [0x000000013cf00000, 0x0000000152400000, 0x0000000152400000)
  eden space 161792K, 0% used [0x000000013cf00000,0x000000013cf00000,0x0000000146d00000)
  from space 55808K, 99% used [0x000000014ed80000,0x00000001523ffb80,0x0000000152400000)
  to   space 93696K, 0% used [0x0000000146d00000,0x0000000146d00000,0x000000014c880000)
 ParOldGen       total 166400K, used 154259K [0x0000000112400000, 0x000000011c680000, 0x000000013cf00000)
  object space 166400K, 92% used [0x0000000112400000,0x000000011baa4e48,0x000000011c680000)
 Metaspace       used 6193K, capacity 7216K, committed 7296K, reserved 1056768K
  class space    used 577K, capacity 616K, committed 640K, reserved 1048576K

Deoptimization events (10 events):
Event: 19.698 Thread 0x00007fc96180a000 Uncommon trap: reason=bimorphic action=maybe_recompile pc=0x0000000103568604 method=com.android.dx.cf.code.BytecodeArray.parseInstruction(ILcom/android/dx/cf/code/BytecodeArray$Visitor;)I @ 2554
Event: 19.698 Thread 0x00007fc96180a000 Uncommon trap: reason=bimorphic action=maybe_recompile pc=0x0000000103568604 method=com.android.dx.cf.code.BytecodeArray.parseInstruction(ILcom/android/dx/cf/code/BytecodeArray$Visitor;)I @ 2554
Event: 19.787 Thread 0x00007fc96180a000 Uncommon trap: reason=bimorphic action=maybe_recompile pc=0x0000000103432f9c method=com.android.dx.rop.code.RegisterSpec.getFrameType()Lcom/android/dx/rop/type/TypeBearer; @ 4
Event: 19.787 Thread 0x00007fc96180a000 Uncommon trap: reason=bimorphic action=maybe_recompile pc=0x0000000103432d88 method=com.android.dx.cf.code.OneLocalsArray.set(ILcom/android/dx/rop/type/TypeBearer;)V @ 85
Event: 19.787 Thread 0x00007fc96180a000 Uncommon trap: reason=bimorphic action=maybe_recompile pc=0x0000000103432d88 method=com.android.dx.cf.code.OneLocalsArray.set(ILcom/android/dx/rop/type/TypeBearer;)V @ 85
Event: 19.787 Thread 0x00007fc96180a000 Uncommon trap: reason=bimorphic action=maybe_recompile pc=0x0000000103432d88 method=com.android.dx.cf.code.OneLocalsArray.set(ILcom/android/dx/rop/type/TypeBearer;)V @ 85
Event: 20.737 Thread 0x00007fc96180a000 Uncommon trap: reason=bimorphic action=maybe_recompile pc=0x00000001036e120c method=com.android.dx.cf.code.BytecodeArray.parseInstruction(ILcom/android/dx/cf/code/BytecodeArray$Visitor;)I @ 1987
Event: 20.737 Thread 0x00007fc96180a000 Uncommon trap: reason=bimorphic action=maybe_recompile pc=0x00000001036e120c method=com.android.dx.cf.code.BytecodeArray.parseInstruction(ILcom/android/dx/cf/code/BytecodeArray$Visitor;)I @ 1987
Event: 21.243 Thread 0x00007fc96180a000 Uncommon trap: reason=class_check action=maybe_recompile pc=0x0000000103312f90 method=com.android.dx.ssa.SCCP.simulateBranch(Lcom/android/dx/ssa/SsaInsn;)V @ 145
Event: 21.243 Thread 0x00007fc96180a000 Uncommon trap: reason=class_check action=maybe_recompile pc=0x0000000103312f90 method=com.android.dx.ssa.SCCP.simulateBranch(Lcom/android/dx/ssa/SsaInsn;)V @ 145

Internal exceptions (10 events):
Event: 2.984 Thread 0x00007fc96180a000 Exception <a 'java/security/PrivilegedActionException'> (0x000000013f0eb6d0) thrown at [/HUDSON3/workspace/8-2-build-macosx-x86_64/jdk8u20/1074/hotspot/src/share/vm/prims/jvm.cpp, line 1275]
Event: 4.237 Thread 0x00007fc96180a000 Exception <a 'java/security/PrivilegedActionException'> (0x000000013f02efd0) thrown at [/HUDSON3/workspace/8-2-build-macosx-x86_64/jdk8u20/1074/hotspot/src/share/vm/prims/jvm.cpp, line 1275]
Event: 9.724 Thread 0x00007fc96180a000 Exception <a 'java/security/PrivilegedActionException'> (0x000000013ee34dc0) thrown at [/HUDSON3/workspace/8-2-build-macosx-x86_64/jdk8u20/1074/hotspot/src/share/vm/prims/jvm.cpp, line 1275]
Event: 20.354 Thread 0x00007fc96180a000 Exception <a 'java/security/PrivilegedActionException'> (0x00000001478b9828) thrown at [/HUDSON3/workspace/8-2-build-macosx-x86_64/jdk8u20/1074/hotspot/src/share/vm/prims/jvm.cpp, line 1275]
Event: 21.390 Thread 0x00007fc96180a000 Exception <a 'java/security/PrivilegedActionException'> (0x000000013f54e710) thrown at [/HUDSON3/workspace/8-2-build-macosx-x86_64/jdk8u20/1074/hotspot/src/share/vm/prims/jvm.cpp, line 1275]
Event: 21.392 Thread 0x00007fc96180a000 Exception <a 'java/security/PrivilegedActionException'> (0x000000013f552218) thrown at [/HUDSON3/workspace/8-2-build-macosx-x86_64/jdk8u20/1074/hotspot/src/share/vm/prims/jvm.cpp, line 1275]
Event: 21.393 Thread 0x00007fc96180a000 Exception <a 'java/security/PrivilegedActionException'> (0x000000013f557f60) thrown at [/HUDSON3/workspace/8-2-build-macosx-x86_64/jdk8u20/1074/hotspot/src/share/vm/prims/jvm.cpp, line 1275]
Event: 21.394 Thread 0x00007fc96180a000 Exception <a 'java/security/PrivilegedActionException'> (0x000000013f55eac0) thrown at [/HUDSON3/workspace/8-2-build-macosx-x86_64/jdk8u20/1074/hotspot/src/share/vm/prims/jvm.cpp, line 1275]
Event: 21.395 Thread 0x00007fc96180a000 Exception <a 'java/security/PrivilegedActionException'> (0x000000013f565518) thrown at [/HUDSON3/workspace/8-2-build-macosx-x86_64/jdk8u20/1074/hotspot/src/share/vm/prims/jvm.cpp, line 1275]
Event: 21.936 Thread 0x00007fc96180a000 Exception <a 'java/security/PrivilegedActionException'> (0x0000000142f4cbc0) thrown at [/HUDSON3/workspace/8-2-build-macosx-x86_64/jdk8u20/1074/hotspot/src/share/vm/prims/jvm.cpp, line 1275]

Events (10 events):
Event: 22.674 Thread 0x00007fc96180a000 DEOPT UNPACKING pc=0x0000000102cd0373 sp=0x0000000102c31790 mode 0
Event: 22.761 Thread 0x00007fc96180a000 DEOPT PACKING pc=0x0000000103124d91 sp=0x0000000102c31b30
Event: 22.761 Thread 0x00007fc96180a000 DEOPT UNPACKING pc=0x0000000102cd0373 sp=0x0000000102c318b0 mode 0
Event: 22.843 Thread 0x00007fc96180a000 DEOPT PACKING pc=0x0000000103124da8 sp=0x0000000102c31b30
Event: 22.843 Thread 0x00007fc96180a000 DEOPT UNPACKING pc=0x0000000102cd0373 sp=0x0000000102c318b0 mode 0
Event: 23.019 Thread 0x00007fc96180a000 DEOPT PACKING pc=0x0000000103124d91 sp=0x0000000102c31b30
Event: 23.019 Thread 0x00007fc96180a000 DEOPT UNPACKING pc=0x0000000102cd0373 sp=0x0000000102c318b0 mode 0
Event: 23.177 Thread 0x00007fc96180a000 DEOPT PACKING pc=0x0000000103124da8 sp=0x0000000102c31a10
Event: 23.177 Thread 0x00007fc96180a000 DEOPT UNPACKING pc=0x0000000102cd0373 sp=0x0000000102c31790 mode 0
Event: 23.194 Executing VM operation: ParallelGCFailedAllocation


Dynamic libraries:
0x0000000002893000 	/System/Library/Frameworks/Cocoa.framework/Versions/A/Cocoa
0x0000000002893000 	/System/Library/Frameworks/Security.framework/Versions/A/Security
0x0000000002893000 	/System/Library/Frameworks/ApplicationServices.framework/Versions/A/ApplicationServices
0x0000000002893000 	/usr/lib/libz.1.dylib
0x0000000002893000 	/usr/lib/libSystem.B.dylib
0x0000000002893000 	/usr/lib/libobjc.A.dylib
0x0000000002893000 	/System/Library/Frameworks/CoreFoundation.framework/Versions/A/CoreFoundation
0x0000000002893000 	/System/Library/Frameworks/Foundation.framework/Versions/C/Foundation
0x0000000002893000 	/System/Library/Frameworks/AppKit.framework/Versions/C/AppKit
0x0000000002893000 	/System/Library/Frameworks/CoreData.framework/Versions/A/CoreData
0x0000000002893000 	/System/Library/PrivateFrameworks/RemoteViewServices.framework/Versions/A/RemoteViewServices
0x0000000002893000 	/System/Library/PrivateFrameworks/UIFoundation.framework/Versions/A/UIFoundation
0x0000000002893000 	/System/Library/Frameworks/IOSurface.framework/Versions/A/IOSurface
0x0000000002893000 	/System/Library/Frameworks/AudioToolbox.framework/Versions/A/AudioToolbox
0x0000000002893000 	/System/Library/Frameworks/AudioUnit.framework/Versions/A/AudioUnit
0x0000000002893000 	/System/Library/PrivateFrameworks/DataDetectorsCore.framework/Versions/A/DataDetectorsCore
0x0000000002893000 	/System/Library/PrivateFrameworks/DesktopServicesPriv.framework/Versions/A/DesktopServicesPriv
0x0000000002893000 	/System/Library/Frameworks/Carbon.framework/Versions/A/Frameworks/HIToolbox.framework/Versions/A/HIToolbox
0x0000000002893000 	/System/Library/Frameworks/QuartzCore.framework/Versions/A/QuartzCore
0x0000000002893000 	/System/Library/Frameworks/Carbon.framework/Versions/A/Frameworks/SpeechRecognition.framework/Versions/A/SpeechRecognition
0x0000000002893000 	/usr/lib/libauto.dylib
0x0000000002893000 	/usr/lib/libicucore.A.dylib
0x0000000002893000 	/usr/lib/libxml2.2.dylib
0x0000000002893000 	/System/Library/PrivateFrameworks/CoreUI.framework/Versions/A/CoreUI
0x0000000002893000 	/System/Library/Frameworks/CoreAudio.framework/Versions/A/CoreAudio
0x0000000002893000 	/System/Library/Frameworks/DiskArbitration.framework/Versions/A/DiskArbitration
0x0000000002893000 	/usr/lib/liblangid.dylib
0x0000000002893000 	/System/Library/PrivateFrameworks/MultitouchSupport.framework/Versions/A/MultitouchSupport
0x0000000002893000 	/System/Library/Frameworks/IOKit.framework/Versions/A/IOKit
0x0000000002893000 	/usr/lib/libDiagnosticMessagesClient.dylib
0x0000000002893000 	/System/Library/Frameworks/CoreServices.framework/Versions/A/CoreServices
0x0000000002893000 	/System/Library/PrivateFrameworks/PerformanceAnalysis.framework/Versions/A/PerformanceAnalysis
0x0000000002893000 	/System/Library/PrivateFrameworks/GenerationalStorage.framework/Versions/A/GenerationalStorage
0x0000000002893000 	/System/Library/Frameworks/OpenGL.framework/Versions/A/OpenGL
0x0000000002893000 	/System/Library/PrivateFrameworks/Sharing.framework/Versions/A/Sharing
0x0000000002893000 	/System/Library/Frameworks/CoreGraphics.framework/Versions/A/CoreGraphics
0x0000000002893000 	/System/Library/Frameworks/CoreText.framework/Versions/A/CoreText
0x0000000002893000 	/System/Library/Frameworks/ImageIO.framework/Versions/A/ImageIO
0x0000000002893000 	/usr/lib/libextension.dylib
0x0000000002893000 	/System/Library/PrivateFrameworks/Backup.framework/Versions/A/Backup
0x0000000002893000 	/usr/lib/libarchive.2.dylib
0x0000000002893000 	/System/Library/Frameworks/CFNetwork.framework/Versions/A/CFNetwork
0x0000000002893000 	/System/Library/Frameworks/SystemConfiguration.framework/Versions/A/SystemConfiguration
0x0000000002893000 	/usr/lib/libCRFSuite.dylib
0x0000000002893000 	/usr/lib/libc++.1.dylib
0x0000000002893000 	/usr/lib/libc++abi.dylib
0x0000000002893000 	/usr/lib/system/libcache.dylib
0x0000000002893000 	/usr/lib/system/libcommonCrypto.dylib
0x0000000002893000 	/usr/lib/system/libcompiler_rt.dylib
0x0000000002893000 	/usr/lib/system/libcopyfile.dylib
0x0000000002893000 	/usr/lib/system/libcorecrypto.dylib
0x0000000002893000 	/usr/lib/system/libdispatch.dylib
0x0000000002893000 	/usr/lib/system/libdyld.dylib
0x0000000002893000 	/usr/lib/system/libkeymgr.dylib
0x0000000002893000 	/usr/lib/system/liblaunch.dylib
0x0000000002893000 	/usr/lib/system/libmacho.dylib
0x0000000002893000 	/usr/lib/system/libquarantine.dylib
0x0000000002893000 	/usr/lib/system/libremovefile.dylib
0x0000000002893000 	/usr/lib/system/libsystem_asl.dylib
0x0000000002893000 	/usr/lib/system/libsystem_blocks.dylib
0x0000000002893000 	/usr/lib/system/libsystem_c.dylib
0x0000000002893000 	/usr/lib/system/libsystem_configuration.dylib
0x0000000002893000 	/usr/lib/system/libsystem_coreservices.dylib
0x0000000002893000 	/usr/lib/system/libsystem_coretls.dylib
0x0000000002893000 	/usr/lib/system/libsystem_dnssd.dylib
0x0000000002893000 	/usr/lib/system/libsystem_info.dylib
0x0000000002893000 	/usr/lib/system/libsystem_kernel.dylib
0x0000000002893000 	/usr/lib/system/libsystem_m.dylib
0x0000000002893000 	/usr/lib/system/libsystem_malloc.dylib
0x0000000002893000 	/usr/lib/system/libsystem_network.dylib
0x0000000002893000 	/usr/lib/system/libsystem_networkextension.dylib
0x0000000002893000 	/usr/lib/system/libsystem_notify.dylib
0x0000000002893000 	/usr/lib/system/libsystem_platform.dylib
0x0000000002893000 	/usr/lib/system/libsystem_pthread.dylib
0x0000000002893000 	/usr/lib/system/libsystem_sandbox.dylib
0x0000000002893000 	/usr/lib/system/libsystem_secinit.dylib
0x0000000002893000 	/usr/lib/system/libsystem_stats.dylib
0x0000000002893000 	/usr/lib/system/libsystem_trace.dylib
0x0000000002893000 	/usr/lib/system/libunc.dylib
0x0000000002893000 	/usr/lib/system/libunwind.dylib
0x0000000002893000 	/usr/lib/system/libxpc.dylib
0x0000000002893000 	/usr/lib/libbz2.1.0.dylib
0x0000000002893000 	/usr/lib/liblzma.5.dylib
0x0000000002893000 	/usr/lib/libbsm.0.dylib
0x0000000002893000 	/usr/lib/libsqlite3.dylib
0x0000000002893000 	/usr/lib/system/libkxld.dylib
0x0000000002893000 	/usr/lib/libxar.1.dylib
0x0000000002893000 	/usr/lib/libpam.2.dylib
0x0000000002893000 	/usr/lib/libOpenScriptingUtil.dylib
0x0000000002893000 	/System/Library/Frameworks/CoreServices.framework/Versions/A/Frameworks/FSEvents.framework/Versions/A/FSEvents
0x0000000002893000 	/System/Library/Frameworks/CoreServices.framework/Versions/A/Frameworks/CarbonCore.framework/Versions/A/CarbonCore
0x0000000002893000 	/System/Library/Frameworks/CoreServices.framework/Versions/A/Frameworks/Metadata.framework/Versions/A/Metadata
0x0000000002893000 	/System/Library/Frameworks/CoreServices.framework/Versions/A/Frameworks/OSServices.framework/Versions/A/OSServices
0x0000000002893000 	/System/Library/Frameworks/CoreServices.framework/Versions/A/Frameworks/SearchKit.framework/Versions/A/SearchKit
0x0000000002893000 	/System/Library/Frameworks/CoreServices.framework/Versions/A/Frameworks/AE.framework/Versions/A/AE
0x0000000002893000 	/System/Library/Frameworks/CoreServices.framework/Versions/A/Frameworks/LaunchServices.framework/Versions/A/LaunchServices
0x0000000002893000 	/System/Library/Frameworks/CoreServices.framework/Versions/A/Frameworks/DictionaryServices.framework/Versions/A/DictionaryServices
0x0000000002893000 	/System/Library/Frameworks/NetFS.framework/Versions/A/NetFS
0x0000000002893000 	/System/Library/PrivateFrameworks/NetAuth.framework/Versions/A/NetAuth
0x0000000002893000 	/System/Library/PrivateFrameworks/login.framework/Versions/A/Frameworks/loginsupport.framework/Versions/A/loginsupport
0x0000000002893000 	/System/Library/PrivateFrameworks/TCC.framework/Versions/A/TCC
0x0000000002893000 	/usr/lib/libmecabra.dylib
0x0000000002893000 	/System/Library/Frameworks/ApplicationServices.framework/Versions/A/Frameworks/ATS.framework/Versions/A/ATS
0x0000000002893000 	/System/Library/Frameworks/ApplicationServices.framework/Versions/A/Frameworks/ColorSync.framework/Versions/A/ColorSync
0x0000000002893000 	/System/Library/Frameworks/ApplicationServices.framework/Versions/A/Frameworks/HIServices.framework/Versions/A/HIServices
0x0000000002893000 	/System/Library/Frameworks/ApplicationServices.framework/Versions/A/Frameworks/LangAnalysis.framework/Versions/A/LangAnalysis
0x0000000002893000 	/System/Library/Frameworks/ApplicationServices.framework/Versions/A/Frameworks/PrintCore.framework/Versions/A/PrintCore
0x0000000002893000 	/System/Library/Frameworks/ApplicationServices.framework/Versions/A/Frameworks/QD.framework/Versions/A/QD
0x0000000002893000 	/System/Library/Frameworks/ApplicationServices.framework/Versions/A/Frameworks/SpeechSynthesis.framework/Versions/A/SpeechSynthesis
0x0000000002893000 	/System/Library/Frameworks/Accelerate.framework/Versions/A/Accelerate
0x0000000002893000 	/System/Library/Frameworks/Accelerate.framework/Versions/A/Frameworks/vImage.framework/Versions/A/vImage
0x0000000002893000 	/System/Library/Frameworks/Accelerate.framework/Versions/A/Frameworks/vecLib.framework/Versions/A/vecLib
0x0000000002893000 	/System/Library/Frameworks/Accelerate.framework/Versions/A/Frameworks/vecLib.framework/Versions/A/libvDSP.dylib
0x0000000002893000 	/System/Library/Frameworks/Accelerate.framework/Versions/A/Frameworks/vecLib.framework/Versions/A/libvMisc.dylib
0x0000000002893000 	/System/Library/Frameworks/Accelerate.framework/Versions/A/Frameworks/vecLib.framework/Versions/A/libLAPACK.dylib
0x0000000002893000 	/System/Library/Frameworks/Accelerate.framework/Versions/A/Frameworks/vecLib.framework/Versions/A/libBLAS.dylib
0x0000000002893000 	/System/Library/Frameworks/Accelerate.framework/Versions/A/Frameworks/vecLib.framework/Versions/A/libLinearAlgebra.dylib
0x0000000002893000 	/System/Library/Frameworks/ApplicationServices.framework/Versions/A/Frameworks/ATS.framework/Versions/A/Resources/libFontParser.dylib
0x0000000002893000 	/System/Library/Frameworks/ApplicationServices.framework/Versions/A/Frameworks/ATS.framework/Versions/A/Resources/libFontRegistry.dylib
0x0000000002893000 	/System/Library/PrivateFrameworks/AppleVPA.framework/Versions/A/AppleVPA
0x0000000002893000 	/System/Library/PrivateFrameworks/AppleJPEG.framework/Versions/A/AppleJPEG
0x0000000002893000 	/System/Library/Frameworks/ImageIO.framework/Versions/A/Resources/libJPEG.dylib
0x0000000002893000 	/System/Library/Frameworks/ImageIO.framework/Versions/A/Resources/libTIFF.dylib
0x0000000002893000 	/System/Library/Frameworks/ImageIO.framework/Versions/A/Resources/libPng.dylib
0x0000000002893000 	/System/Library/Frameworks/ImageIO.framework/Versions/A/Resources/libGIF.dylib
0x0000000002893000 	/System/Library/Frameworks/ImageIO.framework/Versions/A/Resources/libJP2.dylib
0x0000000002893000 	/System/Library/Frameworks/ImageIO.framework/Versions/A/Resources/libRadiance.dylib
0x0000000002893000 	/System/Library/Frameworks/CoreVideo.framework/Versions/A/CoreVideo
0x0000000002893000 	/System/Library/Frameworks/OpenGL.framework/Versions/A/Libraries/libGLU.dylib
0x0000000002893000 	/System/Library/Frameworks/OpenGL.framework/Versions/A/Libraries/libGFXShared.dylib
0x0000000002893000 	/System/Library/Frameworks/OpenGL.framework/Versions/A/Libraries/libGL.dylib
0x0000000002893000 	/System/Library/Frameworks/OpenGL.framework/Versions/A/Libraries/libGLImage.dylib
0x0000000002893000 	/System/Library/Frameworks/OpenGL.framework/Versions/A/Libraries/libCVMSPluginSupport.dylib
0x0000000002893000 	/System/Library/Frameworks/OpenGL.framework/Versions/A/Libraries/libCoreVMClient.dylib
0x0000000002893000 	/usr/lib/libcups.2.dylib
0x0000000002893000 	/System/Library/Frameworks/Kerberos.framework/Versions/A/Kerberos
0x0000000002893000 	/System/Library/Frameworks/GSS.framework/Versions/A/GSS
0x0000000002893000 	/usr/lib/libresolv.9.dylib
0x0000000002893000 	/usr/lib/libiconv.2.dylib
0x0000000002893000 	/System/Library/PrivateFrameworks/Heimdal.framework/Versions/A/Heimdal
0x0000000002893000 	/usr/lib/libheimdal-asn1.dylib
0x0000000002893000 	/System/Library/Frameworks/OpenDirectory.framework/Versions/A/OpenDirectory
0x0000000002893000 	/System/Library/PrivateFrameworks/CommonAuth.framework/Versions/A/CommonAuth
0x0000000002893000 	/System/Library/Frameworks/OpenDirectory.framework/Versions/A/Frameworks/CFOpenDirectory.framework/Versions/A/CFOpenDirectory
0x0000000002893000 	/System/Library/Frameworks/SecurityFoundation.framework/Versions/A/SecurityFoundation
0x0000000002893000 	/System/Library/PrivateFrameworks/LanguageModeling.framework/Versions/A/LanguageModeling
0x0000000002893000 	/usr/lib/libcmph.dylib
0x0000000002893000 	/System/Library/Frameworks/ServiceManagement.framework/Versions/A/ServiceManagement
0x0000000002893000 	/usr/lib/libxslt.1.dylib
0x0000000002893000 	/System/Library/Frameworks/Carbon.framework/Versions/A/Frameworks/Ink.framework/Versions/A/Ink
0x0000000002893000 	/System/Library/Frameworks/QuartzCore.framework/Versions/A/Frameworks/CoreImage.framework/Versions/A/CoreImage
0x0000000002893000 	/System/Library/PrivateFrameworks/CrashReporterSupport.framework/Versions/A/CrashReporterSupport
0x0000000002893000 	/System/Library/Frameworks/OpenCL.framework/Versions/A/OpenCL
0x0000000002893000 	/System/Library/PrivateFrameworks/FaceCore.framework/Versions/A/FaceCore
0x0000000002893000 	/System/Library/PrivateFrameworks/Ubiquity.framework/Versions/A/Ubiquity
0x0000000002893000 	/System/Library/PrivateFrameworks/IconServices.framework/Versions/A/IconServices
0x0000000002893000 	/System/Library/PrivateFrameworks/ChunkingLibrary.framework/Versions/A/ChunkingLibrary
0x0000000002893000 	/System/Library/PrivateFrameworks/Apple80211.framework/Versions/A/Apple80211
0x0000000002893000 	/System/Library/Frameworks/CoreWLAN.framework/Versions/A/CoreWLAN
0x0000000002893000 	/System/Library/Frameworks/IOBluetooth.framework/Versions/A/IOBluetooth
0x0000000002893000 	/System/Library/PrivateFrameworks/CoreWiFi.framework/Versions/A/CoreWiFi
0x0000000002893000 	/System/Library/Frameworks/CoreBluetooth.framework/Versions/A/CoreBluetooth
0x0000000002893000 	/System/Library/PrivateFrameworks/DebugSymbols.framework/Versions/A/DebugSymbols
0x0000000002893000 	/System/Library/PrivateFrameworks/CoreSymbolication.framework/Versions/A/CoreSymbolication
0x0000000002893000 	/System/Library/PrivateFrameworks/Symbolication.framework/Versions/A/Symbolication
0x0000000002893000 	/System/Library/PrivateFrameworks/SpeechRecognitionCore.framework/Versions/A/SpeechRecognitionCore
0x0000000101c13000 	/Library/Java/JavaVirtualMachines/jdk1.8.0_20.jdk/Contents/Home/jre/lib/server/libjvm.dylib
0x0000000002893000 	/usr/lib/libstdc++.6.dylib
0x0000000102c35000 	/Library/Java/JavaVirtualMachines/jdk1.8.0_20.jdk/Contents/Home/jre/lib/libverify.dylib
0x0000000102c43000 	/Library/Java/JavaVirtualMachines/jdk1.8.0_20.jdk/Contents/Home/jre/lib/libjava.dylib
0x0000000102c80000 	/Library/Java/JavaVirtualMachines/jdk1.8.0_20.jdk/Contents/Home/jre/lib/libzip.dylib
0x0000000196999000 	/System/Library/Frameworks/JavaVM.framework/Frameworks/JavaRuntimeSupport.framework/JavaRuntimeSupport
0x00000001969b1000 	/System/Library/Frameworks/JavaVM.framework/Versions/A/Frameworks/JavaNativeFoundation.framework/Versions/A/JavaNativeFoundation
0x00000001969c6000 	/System/Library/Frameworks/JavaVM.framework/Versions/A/JavaVM
0x0000000002893000 	/System/Library/Frameworks/Carbon.framework/Versions/A/Carbon
0x00000001969d3000 	/System/Library/PrivateFrameworks/JavaLaunching.framework/Versions/A/JavaLaunching
0x0000000002893000 	/System/Library/Frameworks/Carbon.framework/Versions/A/Frameworks/CommonPanels.framework/Versions/A/CommonPanels
0x0000000002893000 	/System/Library/Frameworks/Carbon.framework/Versions/A/Frameworks/Help.framework/Versions/A/Help
0x0000000002893000 	/System/Library/Frameworks/Carbon.framework/Versions/A/Frameworks/ImageCapture.framework/Versions/A/ImageCapture
0x0000000002893000 	/System/Library/Frameworks/Carbon.framework/Versions/A/Frameworks/OpenScripting.framework/Versions/A/OpenScripting
0x0000000002893000 	/System/Library/Frameworks/Carbon.framework/Versions/A/Frameworks/Print.framework/Versions/A/Print
0x0000000002893000 	/System/Library/Frameworks/Carbon.framework/Versions/A/Frameworks/SecurityHI.framework/Versions/A/SecurityHI

VM Arguments:
jvm_args: -Xmx1024M -Dfile.encoding=UTF-8 -Duser.country=US -Duser.language=en -Duser.variant 
java_command: com.android.dx.command.Main --dex --output /Users/kwamecorp/Projects/Fairphone/fairphoneos_apps_fairphonelauncher3/build/intermediates/dex/debug /Users/kwamecorp/Projects/Fairphone/fairphoneos_apps_fairphonelauncher3/build/intermediates/classes/debug /Users/kwamecorp/Projects/Fairphone/fairphoneos_apps_fairphonelauncher3/build/intermediates/exploded-aar/com.android.support/support-v13/22.2.0/jars/libs/internal_impl-22.2.0.jar /Users/kwamecorp/Projects/Fairphone/fairphoneos_apps_fairphonelauncher3/build/intermediates/exploded-aar/com.android.support/support-v13/22.2.0/jars/classes.jar /Users/kwamecorp/Library/Android/sdk/extras/android/m2repository/com/android/support/support-annotations/22.2.0/support-annotations-22.2.0.jar /Users/kwamecorp/.gradle/caches/modules-2/files-2.1/com.crashlytics.android/crashlytics/1.1.13/e821eafa1bf489a26bdb71f95078c26785b37a1/crashlytics-1.1.13.jar /Users/kwamecorp/Projects/Fairphone/fairphoneos_apps_fairphonelauncher3/build/intermediates/exploded-aar/com.android.support/support-v4/22.2.0/jars/libs/internal_impl-22.2.0.jar /Users/kwamecorp/.gradle/caches/modules-2/files-2.1/com.googlecode.libphonenumber/libphonenumber/6.3.1/5f875341ac711fef76267f71f21b7d9124b2650c/libphonenumber-6.3.1.jar /Users/kwamecorp/Projects/Fairphone/fairphoneos_apps_fairphonelauncher3/build/intermediates/exploded-aar/com.android.support/support-v4/22.2.0/jars/classes.jar
java_class_path (initial): /Users/kwamecorp/Library/Android/sdk/build-tools/21.1.2/lib/dx.jar
Launcher Type: SUN_STANDARD

Environment Variables:
PATH=/usr/bin:/bin:/usr/sbin:/sbin
SHELL=/bin/bash
DISPLAY=/private/tmp/com.apple.launchd.zs3ySIZyHu/org.macosforge.xquartz:0

Signal Handlers:
SIGSEGV: [libjvm.dylib+0x578fd7], sa_mask[0]=11111111011111110111111111111111, sa_flags=SA_ONSTACK|SA_RESTART|SA_SIGINFO
SIGBUS: [libjvm.dylib+0x578fd7], sa_mask[0]=11111111011111110111111111111111, sa_flags=SA_RESTART|SA_SIGINFO
SIGFPE: [libjvm.dylib+0x45ab0c], sa_mask[0]=11111111011111110111111111111111, sa_flags=SA_RESTART|SA_SIGINFO
SIGPIPE: [libjvm.dylib+0x45ab0c], sa_mask[0]=11111111011111110111111111111111, sa_flags=SA_RESTART|SA_SIGINFO
SIGXFSZ: [libjvm.dylib+0x45ab0c], sa_mask[0]=11111111011111110111111111111111, sa_flags=SA_RESTART|SA_SIGINFO
SIGILL: [libjvm.dylib+0x45ab0c], sa_mask[0]=11111111011111110111111111111111, sa_flags=SA_RESTART|SA_SIGINFO
SIGUSR1: SIG_DFL, sa_mask[0]=00000000000000000000000000000000, sa_flags=none
SIGUSR2: [libjvm.dylib+0x45a62a], sa_mask[0]=00100000000000000000000000000000, sa_flags=SA_RESTART|SA_SIGINFO
SIGHUP: [libjvm.dylib+0x458bfd], sa_mask[0]=11111111011111110111111111111111, sa_flags=SA_RESTART|SA_SIGINFO
SIGINT: [libjvm.dylib+0x458bfd], sa_mask[0]=11111111011111110111111111111111, sa_flags=SA_RESTART|SA_SIGINFO
SIGTERM: [libjvm.dylib+0x458bfd], sa_mask[0]=11111111011111110111111111111111, sa_flags=SA_RESTART|SA_SIGINFO
SIGQUIT: [libjvm.dylib+0x458bfd], sa_mask[0]=11111111011111110111111111111111, sa_flags=SA_RESTART|SA_SIGINFO


---------------  S Y S T E M  ---------------

OS:Bsduname:Darwin 14.4.0 Darwin Kernel Version 14.4.0: Thu May 28 11:35:04 PDT 2015; root:xnu-2782.30.5~1/RELEASE_X86_64 x86_64
rlimit: STACK 8192k, CORE 0k, NPROC 709, NOFILE 10240, AS infinity
load average:5.11 3.83 3.44

CPU:total 4 (2 cores per cpu, 2 threads per core) family 6 model 58 stepping 9, cmov, cx8, fxsr, mmx, sse, sse2, sse3, ssse3, sse4.1, sse4.2, popcnt, avx, aes, clmul, erms, ht, tsc, tscinvbit, tscinv

Memory: 4k page, physical 8388608k(27756k free)

/proc/meminfo:


vm_info: Java HotSpot(TM) 64-Bit Server VM (25.20-b23) for bsd-amd64 JRE (1.8.0_20-b26), built on Jul 30 2014 13:37:47 by "java_re" with gcc 4.2.1 (Based on Apple Inc. build 5658) (LLVM build 2336.9.00)

time: Fri Jul 31 11:38:51 2015
elapsed time: 23 seconds (0d 0h 0m 23s)

