#
# A fatal error has been detected by the Java Runtime Environment:
#
#  SIGSEGV (0xb) at pc=0x000000010d82d372, pid=3133, tid=17155
#
# JRE version: Java(TM) SE Runtime Environment (8.0_20-b26) (build 1.8.0_20-b26)
# Java VM: Java HotSpot(TM) 64-Bit Server VM (25.20-b23 mixed mode bsd-amd64 compressed oops)
# Problematic frame:
# V  [libjvm.dylib+0x22d372]  ConnectionGraph::add_java_object_edges(JavaObjectNode*, bool)+0xc6
#
# Failed to write core dump. Core dumps have been disabled. To enable core dumping, try "ulimit -c unlimited" before starting Java again
#
# If you would like to submit a bug report, please visit:
#   http://bugreport.sun.com/bugreport/crash.jsp
#

---------------  T H R E A D  ---------------

Current thread (0x00007ffd83041000):  JavaThread "C2 CompilerThread1" daemon [_thread_in_native, id=17155, stack(0x0000000123c44000,0x0000000123d44000)]

siginfo: si_signo: 11 (SIGSEGV), si_code: 1 (SEGV_MAPERR), si_addr: 0x00007fff8206dd68

Registers:
RAX=0x00000000004ca111, RBX=0x00007ffd82066430, RCX=0x00000001294ed010, RDX=0x00007ffd82066430
RSP=0x0000000123d3d630, RBP=0x0000000123d3d660, RSI=0x00007ffd8206bcd0, RDI=0x00007ffd81c9c630
R8 =0x00007ffd82159110, R9 =0x0000000000000003, R10=0x0000000000000000, R11=0x0000000000000246
R12=0x00007ffd821594d0, R13=0x0000000000000002, R14=0x0000000000000000, R15=0x00007fff8206dd20
RIP=0x000000010d82d372, EFLAGS=0x0000000000010246, ERR=0x0000000000000004
  TRAPNO=0x000000000000000e

Top of Stack: (sp=0x0000000123d3d630)
0x0000000123d3d630:   00007ffd81c9c630 00007ffd81c9c630
0x0000000123d3d640:   000000000000006f 0000000000000002
0x0000000123d3d650:   0000000000000160 00000000000023c5
0x0000000123d3d660:   0000000123d3d6e0 000000010d830042
0x0000000123d3d670:   0000000123d3d690 0000000123d3d7c8
0x0000000123d3d680:   0000000123d3d788 00000003839f3a21
0x0000000123d3d690:   0000000123d3d7a8 0000000123d3d768
0x0000000123d3d6a0:   0000000120083e60 0000000396a6f354
0x0000000123d3d6b0:   00007ffd839f3a01 00007ffd81c9c6b0
0x0000000123d3d6c0:   00007ffd819db510 0000000000000002
0x0000000123d3d6d0:   00000000000022af 0000000000000002
0x0000000123d3d6e0:   0000000123d3d8e0 000000010d831a14
0x0000000123d3d6f0:   0000000123d3d7e0 0000000123d42fb0
0x0000000123d3d700:   00007ffd81c9c6f8 00007ffd81c9c630
0x0000000123d3d710:   0000000000000000 00007ffd819db4c0
0x0000000123d3d720:   00007ffd00000000 0000000000000000
0x0000000123d3d730:   00007ffd818d3eb8 0000000123d42200
0x0000000123d3d740:   0000000181aa6710 0000000123d42fb0
0x0000000123d3d750:   0000000000000000 000000010dbab50a
0x0000000123d3d760:   0000000123d3d701 00000100000000a8
0x0000000123d3d770:   0000000000000000 000000010dde0000
0x0000000123d3d780:   00007ffd839e1190 0000004000000001
0x0000000123d3d790:   0000000000000000 000000010dde0000
0x0000000123d3d7a0:   00007ffd839e0f80 0000020000000160
0x0000000123d3d7b0:   0000000000000000 00007ffd81410000
0x0000000123d3d7c0:   00007ffd8214e810 000008000000074e
0x0000000123d3d7d0:   0000000000000000 0000000123d30000
0x0000000123d3d7e0:   00007ffd822e1210 0000000200000002
0x0000000123d3d7f0:   0000000000000000 000000010d830000
0x0000000123d3d800:   00007ffd824074f0 000002000000011b
0x0000000123d3d810:   0000000000000000 000000010d830000
0x0000000123d3d820:   00007ffd82151040 0000000200000000 

Instructions: (pc=0x000000010d82d372)
0x000000010d82d352:   0f 8e cc 00 00 00 48 8b 7d d0 48 8b 4f 40 ff c8
0x000000010d82d362:   89 47 28 48 63 c0 4c 8b 3c c1 41 f6 c7 01 75 b9
0x000000010d82d372:   41 80 7f 48 04 75 1e 48 39 5f 58 74 ca 4c 89 fe
0x000000010d82d382:   48 89 da e8 14 51 00 00 84 c0 74 bb 80 4b 49 04 

Register to memory mapping:

RAX=0x00000000004ca111 is an unknown value
RBX=0x00007ffd82066430 is an unknown value
RCX=0x00000001294ed010 is an unknown value
RDX=0x00007ffd82066430 is an unknown value
RSP=0x0000000123d3d630 is pointing into the stack for thread: 0x00007ffd83041000
RBP=0x0000000123d3d660 is pointing into the stack for thread: 0x00007ffd83041000
RSI=0x00007ffd8206bcd0 is an unknown value
RDI=0x00007ffd81c9c630 is an unknown value
R8 =0x00007ffd82159110 is an unknown value
R9 =0x0000000000000003 is an unknown value
R10=0x0000000000000000 is an unknown value
R11=0x0000000000000246 is an unknown value
R12=0x00007ffd821594d0 is an unknown value
R13=0x0000000000000002 is an unknown value
R14=0x0000000000000000 is an unknown value
R15=0x00007fff8206dd20 is an unknown value


Stack: [0x0000000123c44000,0x0000000123d44000],  sp=0x0000000123d3d630,  free space=997k
Native frames: (J=compiled Java code, j=interpreted, Vv=VM code, C=native code)
V  [libjvm.dylib+0x22d372]  ConnectionGraph::add_java_object_edges(JavaObjectNode*, bool)+0xc6
V  [libjvm.dylib+0x230042]  ConnectionGraph::complete_connection_graph(GrowableArray<PointsToNode*>&, GrowableArray<JavaObjectNode*>&, GrowableArray<JavaObjectNode*>&, GrowableArray<FieldNode*>&)+0xb0
V  [libjvm.dylib+0x231a14]  ConnectionGraph::compute_escape()+0x3ac
V  [libjvm.dylib+0x231ccf]  ConnectionGraph::do_analysis(Compile*, PhaseIterGVN*)+0xc7
V  [libjvm.dylib+0x1a5781]  Compile::Optimize()+0x25d
V  [libjvm.dylib+0x1a8925]  Compile::Compile(ciEnv*, C2Compiler*, ciMethod*, int, bool, bool, bool)+0x8b7
V  [libjvm.dylib+0x14afd6]  C2Compiler::compile_method(ciEnv*, ciMethod*, int)+0xac
V  [libjvm.dylib+0x1ac260]  CompileBroker::invoke_compiler_on_method(CompileTask*)+0x5b2
V  [libjvm.dylib+0x1ae36f]  CompileBroker::compiler_thread_loop()+0x2d5
V  [libjvm.dylib+0x535a51]  JavaThread::thread_main_inner()+0x9b
V  [libjvm.dylib+0x537194]  JavaThread::run()+0x1c2
V  [libjvm.dylib+0x45d35a]  java_start(Thread*)+0xf6
C  [libsystem_pthread.dylib+0x3268]  _pthread_body+0x83
C  [libsystem_pthread.dylib+0x31e5]  _pthread_body+0x0
C  [libsystem_pthread.dylib+0x141d]  thread_start+0xd
C  0x0000000000000000


Current CompileTask:
C2:  28167 2044   !   4       com.android.dx.cf.code.Ropper::processBlock (1101 bytes)


---------------  P R O C E S S  ---------------

Java Threads: ( => current thread )
  0x00007ffd8304a800 JavaThread "Service Thread" daemon [_thread_blocked, id=18179, stack(0x0000000123e4a000,0x0000000123f4a000)]
  0x00007ffd83041800 JavaThread "C1 CompilerThread2" daemon [_thread_blocked, id=17667, stack(0x0000000123d47000,0x0000000123e47000)]
=>0x00007ffd83041000 JavaThread "C2 CompilerThread1" daemon [_thread_in_native, id=17155, stack(0x0000000123c44000,0x0000000123d44000)]
  0x00007ffd83036800 JavaThread "C2 CompilerThread0" daemon [_thread_blocked, id=16643, stack(0x0000000123b41000,0x0000000123c41000)]
  0x00007ffd83036000 JavaThread "Signal Dispatcher" daemon [_thread_blocked, id=13335, stack(0x0000000123a3e000,0x0000000123b3e000)]
  0x00007ffd8280a000 JavaThread "Finalizer" daemon [_thread_blocked, id=11523, stack(0x0000000122013000,0x0000000122113000)]
  0x00007ffd8181e800 JavaThread "Reference Handler" daemon [_thread_blocked, id=11011, stack(0x0000000121f10000,0x0000000122010000)]

Other Threads:
  0x00007ffd8302a000 VMThread [stack: 0x0000000121e0d000,0x0000000121f0d000] [id=10499]

VM state:at safepoint (normal execution)

VM Mutex/Monitor currently owned by a thread:  ([mutex/lock_event])
[0x00007ffd81420700] Threads_lock - owner thread: 0x00007ffd8302a000
[0x00007ffd81420c00] Heap_lock - owner thread: 0x00007ffd842f1000

Heap:
 PSYoungGen      total 233984K, used 193951K [0x00000007aab00000, 0x00000007c0000000, 0x00000007c0000000)
  eden space 148480K, 73% used [0x00000007aab00000,0x00000007b14efb08,0x00000007b3c00000)
  from space 85504K, 99% used [0x00000007bac80000,0x00000007bfff8178,0x00000007c0000000)
  to   space 100352K, 0% used [0x00000007b3c00000,0x00000007b3c00000,0x00000007b9e00000)
 ParOldGen       total 291328K, used 176048K [0x0000000780000000, 0x0000000791c80000, 0x00000007aab00000)
  object space 291328K, 60% used [0x0000000780000000,0x000000078abec060,0x0000000791c80000)
 Metaspace       used 7059K, capacity 7736K, committed 7936K, reserved 1056768K
  class space    used 636K, capacity 688K, committed 768K, reserved 1048576K

Card table byte_map: [0x000000011d9de000,0x000000011dbdf000] byte_map_base: 0x0000000119dde000

Marking Bits: (ParMarkBitMap*) 0x000000010de9c330
 Begin Bits: [0x000000011e141000, 0x000000011f141000)
 End Bits:   [0x000000011f141000, 0x0000000120141000)

Polling page: 0x000000010cdd5000

CodeCache: size=245760Kb used=12236Kb max_used=12247Kb free=233523Kb
 bounds [0x000000010e61e000, 0x000000010f22e000, 0x000000011d61e000]
 total_blobs=3141 nmethods=2867 adapters=188
 compilation: enabled

Compilation events (10 events):
Event: 24.102 Thread 0x00007ffd83036800 3228       4       java.lang.StringBuilder::<init> (7 bytes)
Event: 24.103 Thread 0x00007ffd83036800 nmethod 3228 0x000000010f1cb010 code [0x000000010f1cb160, 0x000000010f1cb258]
Event: 24.103 Thread 0x00007ffd83036800 3155       4       com.android.dx.rop.code.RegisterSpecList::getType (12 bytes)
Event: 24.104 Thread 0x00007ffd83036800 nmethod 3155 0x000000010f218f10 code [0x000000010f219060, 0x000000010f219178]
Event: 24.104 Thread 0x00007ffd83036800 3241       4       sun.security.provider.SHA::implCompress (491 bytes)
Event: 24.124 Thread 0x00007ffd83036800 nmethod 3241 0x000000010f219e50 code [0x000000010f219fc0, 0x000000010f21a968]
Event: 24.124 Thread 0x00007ffd83036800 3198       4       com.android.dx.dex.code.DalvInsn::getAddress (22 bytes)
Event: 24.125 Thread 0x00007ffd83036800 nmethod 3198 0x000000010f1fd5d0 code [0x000000010f1fd720, 0x000000010f1fd798]
Event: 24.125 Thread 0x00007ffd83036800 3164       4       java.util.TreeMap::get (19 bytes)
Event: 24.128 Thread 0x00007ffd83036800 nmethod 3164 0x000000010f218a90 code [0x000000010f218be0, 0x000000010f218d78]

GC Heap History (10 events):
Event: 15.330 GC heap before
{Heap before GC invocations=12 (full 1):
 PSYoungGen      total 287232K, used 282346K [0x00000007aab00000, 0x00000007c0000000, 0x00000007c0000000)
  eden space 237568K, 100% used [0x00000007aab00000,0x00000007b9300000,0x00000007b9300000)
  from space 49664K, 90% used [0x00000007bcf80000,0x00000007bfb3ab98,0x00000007c0000000)
  to   space 55808K, 0% used [0x00000007b9300000,0x00000007b9300000,0x00000007bc980000)
 ParOldGen       total 163840K, used 92768K [0x0000000780000000, 0x000000078a000000, 0x00000007aab00000)
  object space 163840K, 56% used [0x0000000780000000,0x0000000785a981e0,0x000000078a000000)
 Metaspace       used 6097K, capacity 7216K, committed 7296K, reserved 1056768K
  class space    used 573K, capacity 616K, committed 640K, reserved 1048576K
Event: 15.425 GC heap after
Heap after GC invocations=12 (full 1):
 PSYoungGen      total 293376K, used 55797K [0x00000007aab00000, 0x00000007c0000000, 0x00000007c0000000)
  eden space 237568K, 0% used [0x00000007aab00000,0x00000007aab00000,0x00000007b9300000)
  from space 55808K, 99% used [0x00000007b9300000,0x00000007bc97d4e0,0x00000007bc980000)
  to   space 55808K, 0% used [0x00000007bc980000,0x00000007bc980000,0x00000007c0000000)
 ParOldGen       total 163840K, used 117455K [0x0000000780000000, 0x000000078a000000, 0x00000007aab00000)
  object space 163840K, 71% used [0x0000000780000000,0x00000007872b3c38,0x000000078a000000)
 Metaspace       used 6097K, capacity 7216K, committed 7296K, reserved 1056768K
  class space    used 573K, capacity 616K, committed 640K, reserved 1048576K
}
Event: 16.943 GC heap before
{Heap before GC invocations=13 (full 1):
 PSYoungGen      total 293376K, used 293365K [0x00000007aab00000, 0x00000007c0000000, 0x00000007c0000000)
  eden space 237568K, 100% used [0x00000007aab00000,0x00000007b9300000,0x00000007b9300000)
  from space 55808K, 99% used [0x00000007b9300000,0x00000007bc97d4e0,0x00000007bc980000)
  to   space 55808K, 0% used [0x00000007bc980000,0x00000007bc980000,0x00000007c0000000)
 ParOldGen       total 163840K, used 117455K [0x0000000780000000, 0x000000078a000000, 0x00000007aab00000)
  object space 163840K, 71% used [0x0000000780000000,0x00000007872b3c38,0x000000078a000000)
 Metaspace       used 6170K, capacity 7216K, committed 7296K, reserved 1056768K
  class space    used 577K, capacity 616K, committed 640K, reserved 1048576K
Event: 17.118 GC heap after
Heap after GC invocations=13 (full 1):
 PSYoungGen      total 247296K, used 54822K [0x00000007aab00000, 0x00000007c0000000, 0x00000007c0000000)
  eden space 191488K, 0% used [0x00000007aab00000,0x00000007aab00000,0x00000007b6600000)
  from space 55808K, 98% used [0x00000007bc980000,0x00000007bff09a70,0x00000007c0000000)
  to   space 78848K, 0% used [0x00000007b6600000,0x00000007b6600000,0x00000007bb300000)
 ParOldGen       total 163840K, used 155365K [0x0000000780000000, 0x000000078a000000, 0x00000007aab00000)
  object space 163840K, 94% used [0x0000000780000000,0x00000007897b94f8,0x000000078a000000)
 Metaspace       used 6170K, capacity 7216K, committed 7296K, reserved 1056768K
  class space    used 577K, capacity 616K, committed 640K, reserved 1048576K
}
Event: 17.118 GC heap before
{Heap before GC invocations=14 (full 2):
 PSYoungGen      total 247296K, used 54822K [0x00000007aab00000, 0x00000007c0000000, 0x00000007c0000000)
  eden space 191488K, 0% used [0x00000007aab00000,0x00000007aab00000,0x00000007b6600000)
  from space 55808K, 98% used [0x00000007bc980000,0x00000007bff09a70,0x00000007c0000000)
  to   space 78848K, 0% used [0x00000007b6600000,0x00000007b6600000,0x00000007bb300000)
 ParOldGen       total 163840K, used 155365K [0x0000000780000000, 0x000000078a000000, 0x00000007aab00000)
  object space 163840K, 94% used [0x0000000780000000,0x00000007897b94f8,0x000000078a000000)
 Metaspace       used 6170K, capacity 7216K, committed 7296K, reserved 1056768K
  class space    used 577K, capacity 616K, committed 640K, reserved 1048576K
Event: 18.411 GC heap after
Heap after GC invocations=14 (full 2):
 PSYoungGen      total 247296K, used 43303K [0x00000007aab00000, 0x00000007c0000000, 0x00000007c0000000)
  eden space 191488K, 0% used [0x00000007aab00000,0x00000007aab00000,0x00000007b6600000)
  from space 55808K, 77% used [0x00000007bc980000,0x00000007bf3c9c78,0x00000007c0000000)
  to   space 78848K, 0% used [0x00000007b6600000,0x00000007b6600000,0x00000007bb300000)
 ParOldGen       total 291328K, used 163631K [0x0000000780000000, 0x0000000791c80000, 0x00000007aab00000)
  object space 291328K, 56% used [0x0000000780000000,0x0000000789fcbe00,0x0000000791c80000)
 Metaspace       used 6170K, capacity 7216K, committed 7296K, reserved 1056768K
  class space    used 577K, capacity 616K, committed 640K, reserved 1048576K
}
Event: 19.380 GC heap before
{Heap before GC invocations=15 (full 2):
 PSYoungGen      total 247296K, used 234791K [0x00000007aab00000, 0x00000007c0000000, 0x00000007c0000000)
  eden space 191488K, 100% used [0x00000007aab00000,0x00000007b6600000,0x00000007b6600000)
  from space 55808K, 77% used [0x00000007bc980000,0x00000007bf3c9c78,0x00000007c0000000)
  to   space 78848K, 0% used [0x00000007b6600000,0x00000007b6600000,0x00000007bb300000)
 ParOldGen       total 291328K, used 163631K [0x0000000780000000, 0x0000000791c80000, 0x00000007aab00000)
  object space 291328K, 56% used [0x0000000780000000,0x0000000789fcbe00,0x0000000791c80000)
 Metaspace       used 6178K, capacity 7216K, committed 7296K, reserved 1056768K
  class space    used 577K, capacity 616K, committed 640K, reserved 1048576K
Event: 19.533 GC heap after
Heap after GC invocations=15 (full 2):
 PSYoungGen      total 253440K, used 61670K [0x00000007aab00000, 0x00000007c0000000, 0x00000007c0000000)
  eden space 191488K, 0% used [0x00000007aab00000,0x00000007aab00000,0x00000007b6600000)
  from space 61952K, 99% used [0x00000007b6600000,0x00000007ba239a58,0x00000007ba280000)
  to   space 85504K, 0% used [0x00000007bac80000,0x00000007bac80000,0x00000007c0000000)
 ParOldGen       total 291328K, used 173384K [0x0000000780000000, 0x0000000791c80000, 0x00000007aab00000)
  object space 291328K, 59% used [0x0000000780000000,0x000000078a952290,0x0000000791c80000)
 Metaspace       used 6178K, capacity 7216K, committed 7296K, reserved 1056768K
  class space    used 577K, capacity 616K, committed 640K, reserved 1048576K
}
Event: 20.854 GC heap before
{Heap before GC invocations=16 (full 2):
 PSYoungGen      total 253440K, used 253158K [0x00000007aab00000, 0x00000007c0000000, 0x00000007c0000000)
  eden space 191488K, 100% used [0x00000007aab00000,0x00000007b6600000,0x00000007b6600000)
  from space 61952K, 99% used [0x00000007b6600000,0x00000007ba239a58,0x00000007ba280000)
  to   space 85504K, 0% used [0x00000007bac80000,0x00000007bac80000,0x00000007c0000000)
 ParOldGen       total 291328K, used 173384K [0x0000000780000000, 0x0000000791c80000, 0x00000007aab00000)
  object space 291328K, 59% used [0x0000000780000000,0x000000078a952290,0x0000000791c80000)
 Metaspace       used 6292K, capacity 7280K, committed 7552K, reserved 1056768K
  class space    used 583K, capacity 616K, committed 640K, reserved 1048576K
Event: 20.970 GC heap after
Heap after GC invocations=16 (full 2):
 PSYoungGen      total 233984K, used 85472K [0x00000007aab00000, 0x00000007c0000000, 0x00000007c0000000)
  eden space 148480K, 0% used [0x00000007aab00000,0x00000007aab00000,0x00000007b3c00000)
  from space 85504K, 99% used [0x00000007bac80000,0x00000007bfff8178,0x00000007c0000000)
  to   space 100352K, 0% used [0x00000007b3c00000,0x00000007b3c00000,0x00000007b9e00000)
 ParOldGen       total 291328K, used 176048K [0x0000000780000000, 0x0000000791c80000, 0x00000007aab00000)
  object space 291328K, 60% used [0x0000000780000000,0x000000078abec060,0x0000000791c80000)
 Metaspace       used 6292K, capacity 7280K, committed 7552K, reserved 1056768K
  class space    used 583K, capacity 616K, committed 640K, reserved 1048576K
}

Deoptimization events (10 events):
Event: 23.928 Thread 0x00007ffd82800000 Uncommon trap: reason=bimorphic action=maybe_recompile pc=0x000000010f1e3970 method=com.android.dx.dex.file.OffsettedItem.writeTo(Lcom/android/dx/dex/file/DexFile;Lcom/android/dx/util/AnnotatedOutput;)V @ 68
Event: 23.928 Thread 0x00007ffd82800000 Uncommon trap: reason=bimorphic action=maybe_recompile pc=0x000000010f1e3970 method=com.android.dx.dex.file.OffsettedItem.writeTo(Lcom/android/dx/dex/file/DexFile;Lcom/android/dx/util/AnnotatedOutput;)V @ 68
Event: 23.929 Thread 0x00007ffd82800000 Uncommon trap: reason=bimorphic action=maybe_recompile pc=0x000000010f1e3970 method=com.android.dx.dex.file.OffsettedItem.writeTo(Lcom/android/dx/dex/file/DexFile;Lcom/android/dx/util/AnnotatedOutput;)V @ 68
Event: 23.929 Thread 0x00007ffd82800000 Uncommon trap: reason=bimorphic action=maybe_recompile pc=0x000000010f1e3970 method=com.android.dx.dex.file.OffsettedItem.writeTo(Lcom/android/dx/dex/file/DexFile;Lcom/android/dx/util/AnnotatedOutput;)V @ 68
Event: 24.010 Thread 0x00007ffd82800000 Uncommon trap: reason=unreached action=reinterpret pc=0x000000010e9d8920 method=java.util.Arrays.copyOf([Ljava/lang/Object;ILjava/lang/Class;)[Ljava/lang/Object; @ 3
Event: 24.017 Thread 0x00007ffd82800000 Uncommon trap: reason=class_check action=maybe_recompile pc=0x000000010ebc5d90 method=java.util.HashMap.putVal(ILjava/lang/Object;Ljava/lang/Object;ZZ)Ljava/lang/Object; @ 56
Event: 24.017 Thread 0x00007ffd82800000 Uncommon trap: reason=class_check action=maybe_recompile pc=0x000000010ebc5d90 method=java.util.HashMap.putVal(ILjava/lang/Object;Ljava/lang/Object;ZZ)Ljava/lang/Object; @ 56
Event: 24.018 Thread 0x00007ffd82800000 Uncommon trap: reason=class_check action=maybe_recompile pc=0x000000010ebc5d90 method=java.util.HashMap.putVal(ILjava/lang/Object;Ljava/lang/Object;ZZ)Ljava/lang/Object; @ 56
Event: 24.019 Thread 0x00007ffd82800000 Uncommon trap: reason=class_check action=maybe_recompile pc=0x000000010ebc5e1c method=java.util.HashMap.putVal(ILjava/lang/Object;Ljava/lang/Object;ZZ)Ljava/lang/Object; @ 152
Event: 24.019 Thread 0x00007ffd82800000 Uncommon trap: reason=class_check action=maybe_recompile pc=0x000000010ebc5e1c method=java.util.HashMap.putVal(ILjava/lang/Object;Ljava/lang/Object;ZZ)Ljava/lang/Object; @ 152

Internal exceptions (10 events):
Event: 21.510 Thread 0x00007ffd82800000 Exception <a 'java/security/PrivilegedActionException'> (0x00000007ab70f700) thrown at [/HUDSON3/workspace/8-2-build-macosx-x86_64/jdk8u20/1074/hotspot/src/share/vm/prims/jvm.cpp, line 1275]
Event: 21.511 Thread 0x00007ffd82800000 Exception <a 'java/security/PrivilegedActionException'> (0x00000007ab713b78) thrown at [/HUDSON3/workspace/8-2-build-macosx-x86_64/jdk8u20/1074/hotspot/src/share/vm/prims/jvm.cpp, line 1275]
Event: 21.520 Thread 0x00007ffd82800000 Exception <a 'java/security/PrivilegedActionException'> (0x00000007ab749088) thrown at [/HUDSON3/workspace/8-2-build-macosx-x86_64/jdk8u20/1074/hotspot/src/share/vm/prims/jvm.cpp, line 1275]
Event: 23.040 Thread 0x00007ffd82800000 Exception <a 'java/security/PrivilegedActionException'> (0x00000007aef9b828) thrown at [/HUDSON3/workspace/8-2-build-macosx-x86_64/jdk8u20/1074/hotspot/src/share/vm/prims/jvm.cpp, line 1275]
Event: 23.042 Thread 0x00007ffd82800000 Exception <a 'java/security/PrivilegedActionException'> (0x00000007aefa8780) thrown at [/HUDSON3/workspace/8-2-build-macosx-x86_64/jdk8u20/1074/hotspot/src/share/vm/prims/jvm.cpp, line 1275]
Event: 23.043 Thread 0x00007ffd82800000 Exception <a 'java/security/PrivilegedActionException'> (0x00000007aefac630) thrown at [/HUDSON3/workspace/8-2-build-macosx-x86_64/jdk8u20/1074/hotspot/src/share/vm/prims/jvm.cpp, line 1275]
Event: 23.270 Thread 0x00007ffd82800000 Exception <a 'java/security/PrivilegedActionException'> (0x00000007b094b620) thrown at [/HUDSON3/workspace/8-2-build-macosx-x86_64/jdk8u20/1074/hotspot/src/share/vm/prims/jvm.cpp, line 1275]
Event: 23.461 Thread 0x00007ffd82800000 Exception <a 'java/security/PrivilegedActionException'> (0x00000007b0f5fc40) thrown at [/HUDSON3/workspace/8-2-build-macosx-x86_64/jdk8u20/1074/hotspot/src/share/vm/prims/jvm.cpp, line 1275]
Event: 23.602 Thread 0x00007ffd82800000 Exception <a 'java/security/PrivilegedActionException'> (0x00000007b0f66628) thrown at [/HUDSON3/workspace/8-2-build-macosx-x86_64/jdk8u20/1074/hotspot/src/share/vm/prims/jvm.cpp, line 1275]
Event: 23.991 Thread 0x00007ffd82800000 Exception <a 'java/security/PrivilegedActionException'> (0x00000007b0f835c0) thrown at [/HUDSON3/workspace/8-2-build-macosx-x86_64/jdk8u20/1074/hotspot/src/share/vm/prims/jvm.cpp, line 1275]

Events (10 events):
Event: 24.123 loading class java/util/zip/Adler32 done
Event: 24.137 loading class java/io/FileOutputStream$1
Event: 24.137 loading class java/io/FileOutputStream$1 done
Event: 24.140 Thread 0x00007ffd82800000 Thread exited: 0x00007ffd82800000
Event: 24.140 Thread 0x00007ffd842f1000 Thread added: 0x00007ffd842f1000
Event: 24.140 loading class java/lang/Shutdown
Event: 24.140 loading class java/lang/Shutdown done
Event: 24.140 loading class java/lang/Shutdown$Lock
Event: 24.140 loading class java/lang/Shutdown$Lock done
Event: 24.141 Thread 0x00007ffd842f1000 Thread exited: 0x00007ffd842f1000


Dynamic libraries:
0x000000000ad7c000 	/System/Library/Frameworks/Cocoa.framework/Versions/A/Cocoa
0x000000000ad7c000 	/System/Library/Frameworks/Security.framework/Versions/A/Security
0x000000000ad7c000 	/System/Library/Frameworks/ApplicationServices.framework/Versions/A/ApplicationServices
0x000000000ad7c000 	/usr/lib/libz.1.dylib
0x000000000ad7c000 	/usr/lib/libSystem.B.dylib
0x000000000ad7c000 	/usr/lib/libobjc.A.dylib
0x000000000ad7c000 	/System/Library/Frameworks/CoreFoundation.framework/Versions/A/CoreFoundation
0x000000000ad7c000 	/System/Library/Frameworks/Foundation.framework/Versions/C/Foundation
0x000000000ad7c000 	/System/Library/Frameworks/AppKit.framework/Versions/C/AppKit
0x000000000ad7c000 	/System/Library/Frameworks/CoreData.framework/Versions/A/CoreData
0x000000000ad7c000 	/System/Library/PrivateFrameworks/RemoteViewServices.framework/Versions/A/RemoteViewServices
0x000000000ad7c000 	/System/Library/PrivateFrameworks/UIFoundation.framework/Versions/A/UIFoundation
0x000000000ad7c000 	/System/Library/Frameworks/IOSurface.framework/Versions/A/IOSurface
0x000000000ad7c000 	/System/Library/Frameworks/AudioToolbox.framework/Versions/A/AudioToolbox
0x000000000ad7c000 	/System/Library/Frameworks/AudioUnit.framework/Versions/A/AudioUnit
0x000000000ad7c000 	/System/Library/PrivateFrameworks/DataDetectorsCore.framework/Versions/A/DataDetectorsCore
0x000000000ad7c000 	/System/Library/PrivateFrameworks/DesktopServicesPriv.framework/Versions/A/DesktopServicesPriv
0x000000000ad7c000 	/System/Library/Frameworks/Carbon.framework/Versions/A/Frameworks/HIToolbox.framework/Versions/A/HIToolbox
0x000000000ad7c000 	/System/Library/Frameworks/QuartzCore.framework/Versions/A/QuartzCore
0x000000000ad7c000 	/System/Library/Frameworks/Carbon.framework/Versions/A/Frameworks/SpeechRecognition.framework/Versions/A/SpeechRecognition
0x000000000ad7c000 	/usr/lib/libauto.dylib
0x000000000ad7c000 	/usr/lib/libicucore.A.dylib
0x000000000ad7c000 	/usr/lib/libxml2.2.dylib
0x000000000ad7c000 	/System/Library/PrivateFrameworks/CoreUI.framework/Versions/A/CoreUI
0x000000000ad7c000 	/System/Library/Frameworks/CoreAudio.framework/Versions/A/CoreAudio
0x000000000ad7c000 	/System/Library/Frameworks/DiskArbitration.framework/Versions/A/DiskArbitration
0x000000000ad7c000 	/usr/lib/liblangid.dylib
0x000000000ad7c000 	/System/Library/PrivateFrameworks/MultitouchSupport.framework/Versions/A/MultitouchSupport
0x000000000ad7c000 	/System/Library/Frameworks/IOKit.framework/Versions/A/IOKit
0x000000000ad7c000 	/usr/lib/libDiagnosticMessagesClient.dylib
0x000000000ad7c000 	/System/Library/Frameworks/CoreServices.framework/Versions/A/CoreServices
0x000000000ad7c000 	/System/Library/PrivateFrameworks/PerformanceAnalysis.framework/Versions/A/PerformanceAnalysis
0x000000000ad7c000 	/System/Library/PrivateFrameworks/GenerationalStorage.framework/Versions/A/GenerationalStorage
0x000000000ad7c000 	/System/Library/Frameworks/OpenGL.framework/Versions/A/OpenGL
0x000000000ad7c000 	/System/Library/PrivateFrameworks/Sharing.framework/Versions/A/Sharing
0x000000000ad7c000 	/System/Library/Frameworks/CoreGraphics.framework/Versions/A/CoreGraphics
0x000000000ad7c000 	/System/Library/Frameworks/CoreText.framework/Versions/A/CoreText
0x000000000ad7c000 	/System/Library/Frameworks/ImageIO.framework/Versions/A/ImageIO
0x000000000ad7c000 	/usr/lib/libextension.dylib
0x000000000ad7c000 	/System/Library/PrivateFrameworks/Backup.framework/Versions/A/Backup
0x000000000ad7c000 	/usr/lib/libarchive.2.dylib
0x000000000ad7c000 	/System/Library/Frameworks/CFNetwork.framework/Versions/A/CFNetwork
0x000000000ad7c000 	/System/Library/Frameworks/SystemConfiguration.framework/Versions/A/SystemConfiguration
0x000000000ad7c000 	/usr/lib/libCRFSuite.dylib
0x000000000ad7c000 	/usr/lib/libc++.1.dylib
0x000000000ad7c000 	/usr/lib/libc++abi.dylib
0x000000000ad7c000 	/usr/lib/system/libcache.dylib
0x000000000ad7c000 	/usr/lib/system/libcommonCrypto.dylib
0x000000000ad7c000 	/usr/lib/system/libcompiler_rt.dylib
0x000000000ad7c000 	/usr/lib/system/libcopyfile.dylib
0x000000000ad7c000 	/usr/lib/system/libcorecrypto.dylib
0x000000000ad7c000 	/usr/lib/system/libdispatch.dylib
0x000000000ad7c000 	/usr/lib/system/libdyld.dylib
0x000000000ad7c000 	/usr/lib/system/libkeymgr.dylib
0x000000000ad7c000 	/usr/lib/system/liblaunch.dylib
0x000000000ad7c000 	/usr/lib/system/libmacho.dylib
0x000000000ad7c000 	/usr/lib/system/libquarantine.dylib
0x000000000ad7c000 	/usr/lib/system/libremovefile.dylib
0x000000000ad7c000 	/usr/lib/system/libsystem_asl.dylib
0x000000000ad7c000 	/usr/lib/system/libsystem_blocks.dylib
0x000000000ad7c000 	/usr/lib/system/libsystem_c.dylib
0x000000000ad7c000 	/usr/lib/system/libsystem_configuration.dylib
0x000000000ad7c000 	/usr/lib/system/libsystem_coreservices.dylib
0x000000000ad7c000 	/usr/lib/system/libsystem_coretls.dylib
0x000000000ad7c000 	/usr/lib/system/libsystem_dnssd.dylib
0x000000000ad7c000 	/usr/lib/system/libsystem_info.dylib
0x000000000ad7c000 	/usr/lib/system/libsystem_kernel.dylib
0x000000000ad7c000 	/usr/lib/system/libsystem_m.dylib
0x000000000ad7c000 	/usr/lib/system/libsystem_malloc.dylib
0x000000000ad7c000 	/usr/lib/system/libsystem_network.dylib
0x000000000ad7c000 	/usr/lib/system/libsystem_networkextension.dylib
0x000000000ad7c000 	/usr/lib/system/libsystem_notify.dylib
0x000000000ad7c000 	/usr/lib/system/libsystem_platform.dylib
0x000000000ad7c000 	/usr/lib/system/libsystem_pthread.dylib
0x000000000ad7c000 	/usr/lib/system/libsystem_sandbox.dylib
0x000000000ad7c000 	/usr/lib/system/libsystem_secinit.dylib
0x000000000ad7c000 	/usr/lib/system/libsystem_stats.dylib
0x000000000ad7c000 	/usr/lib/system/libsystem_trace.dylib
0x000000000ad7c000 	/usr/lib/system/libunc.dylib
0x000000000ad7c000 	/usr/lib/system/libunwind.dylib
0x000000000ad7c000 	/usr/lib/system/libxpc.dylib
0x000000000ad7c000 	/usr/lib/libbz2.1.0.dylib
0x000000000ad7c000 	/usr/lib/liblzma.5.dylib
0x000000000ad7c000 	/usr/lib/libbsm.0.dylib
0x000000000ad7c000 	/usr/lib/libsqlite3.dylib
0x000000000ad7c000 	/usr/lib/system/libkxld.dylib
0x000000000ad7c000 	/usr/lib/libxar.1.dylib
0x000000000ad7c000 	/usr/lib/libpam.2.dylib
0x000000000ad7c000 	/usr/lib/libOpenScriptingUtil.dylib
0x000000000ad7c000 	/System/Library/Frameworks/CoreServices.framework/Versions/A/Frameworks/FSEvents.framework/Versions/A/FSEvents
0x000000000ad7c000 	/System/Library/Frameworks/CoreServices.framework/Versions/A/Frameworks/CarbonCore.framework/Versions/A/CarbonCore
0x000000000ad7c000 	/System/Library/Frameworks/CoreServices.framework/Versions/A/Frameworks/Metadata.framework/Versions/A/Metadata
0x000000000ad7c000 	/System/Library/Frameworks/CoreServices.framework/Versions/A/Frameworks/OSServices.framework/Versions/A/OSServices
0x000000000ad7c000 	/System/Library/Frameworks/CoreServices.framework/Versions/A/Frameworks/SearchKit.framework/Versions/A/SearchKit
0x000000000ad7c000 	/System/Library/Frameworks/CoreServices.framework/Versions/A/Frameworks/AE.framework/Versions/A/AE
0x000000000ad7c000 	/System/Library/Frameworks/CoreServices.framework/Versions/A/Frameworks/LaunchServices.framework/Versions/A/LaunchServices
0x000000000ad7c000 	/System/Library/Frameworks/CoreServices.framework/Versions/A/Frameworks/DictionaryServices.framework/Versions/A/DictionaryServices
0x000000000ad7c000 	/System/Library/Frameworks/NetFS.framework/Versions/A/NetFS
0x000000000ad7c000 	/System/Library/PrivateFrameworks/NetAuth.framework/Versions/A/NetAuth
0x000000000ad7c000 	/System/Library/PrivateFrameworks/login.framework/Versions/A/Frameworks/loginsupport.framework/Versions/A/loginsupport
0x000000000ad7c000 	/System/Library/PrivateFrameworks/TCC.framework/Versions/A/TCC
0x000000000ad7c000 	/usr/lib/libmecabra.dylib
0x000000000ad7c000 	/System/Library/Frameworks/ApplicationServices.framework/Versions/A/Frameworks/ATS.framework/Versions/A/ATS
0x000000000ad7c000 	/System/Library/Frameworks/ApplicationServices.framework/Versions/A/Frameworks/ColorSync.framework/Versions/A/ColorSync
0x000000000ad7c000 	/System/Library/Frameworks/ApplicationServices.framework/Versions/A/Frameworks/HIServices.framework/Versions/A/HIServices
0x000000000ad7c000 	/System/Library/Frameworks/ApplicationServices.framework/Versions/A/Frameworks/LangAnalysis.framework/Versions/A/LangAnalysis
0x000000000ad7c000 	/System/Library/Frameworks/ApplicationServices.framework/Versions/A/Frameworks/PrintCore.framework/Versions/A/PrintCore
0x000000000ad7c000 	/System/Library/Frameworks/ApplicationServices.framework/Versions/A/Frameworks/QD.framework/Versions/A/QD
0x000000000ad7c000 	/System/Library/Frameworks/ApplicationServices.framework/Versions/A/Frameworks/SpeechSynthesis.framework/Versions/A/SpeechSynthesis
0x000000000ad7c000 	/System/Library/Frameworks/Accelerate.framework/Versions/A/Accelerate
0x000000000ad7c000 	/System/Library/Frameworks/Accelerate.framework/Versions/A/Frameworks/vImage.framework/Versions/A/vImage
0x000000000ad7c000 	/System/Library/Frameworks/Accelerate.framework/Versions/A/Frameworks/vecLib.framework/Versions/A/vecLib
0x000000000ad7c000 	/System/Library/Frameworks/Accelerate.framework/Versions/A/Frameworks/vecLib.framework/Versions/A/libvDSP.dylib
0x000000000ad7c000 	/System/Library/Frameworks/Accelerate.framework/Versions/A/Frameworks/vecLib.framework/Versions/A/libvMisc.dylib
0x000000000ad7c000 	/System/Library/Frameworks/Accelerate.framework/Versions/A/Frameworks/vecLib.framework/Versions/A/libLAPACK.dylib
0x000000000ad7c000 	/System/Library/Frameworks/Accelerate.framework/Versions/A/Frameworks/vecLib.framework/Versions/A/libBLAS.dylib
0x000000000ad7c000 	/System/Library/Frameworks/Accelerate.framework/Versions/A/Frameworks/vecLib.framework/Versions/A/libLinearAlgebra.dylib
0x000000000ad7c000 	/System/Library/Frameworks/ApplicationServices.framework/Versions/A/Frameworks/ATS.framework/Versions/A/Resources/libFontParser.dylib
0x000000000ad7c000 	/System/Library/Frameworks/ApplicationServices.framework/Versions/A/Frameworks/ATS.framework/Versions/A/Resources/libFontRegistry.dylib
0x000000000ad7c000 	/System/Library/PrivateFrameworks/AppleVPA.framework/Versions/A/AppleVPA
0x000000000ad7c000 	/System/Library/PrivateFrameworks/AppleJPEG.framework/Versions/A/AppleJPEG
0x000000000ad7c000 	/System/Library/Frameworks/ImageIO.framework/Versions/A/Resources/libJPEG.dylib
0x000000000ad7c000 	/System/Library/Frameworks/ImageIO.framework/Versions/A/Resources/libTIFF.dylib
0x000000000ad7c000 	/System/Library/Frameworks/ImageIO.framework/Versions/A/Resources/libPng.dylib
0x000000000ad7c000 	/System/Library/Frameworks/ImageIO.framework/Versions/A/Resources/libGIF.dylib
0x000000000ad7c000 	/System/Library/Frameworks/ImageIO.framework/Versions/A/Resources/libJP2.dylib
0x000000000ad7c000 	/System/Library/Frameworks/ImageIO.framework/Versions/A/Resources/libRadiance.dylib
0x000000000ad7c000 	/System/Library/Frameworks/CoreVideo.framework/Versions/A/CoreVideo
0x000000000ad7c000 	/System/Library/Frameworks/OpenGL.framework/Versions/A/Libraries/libGLU.dylib
0x000000000ad7c000 	/System/Library/Frameworks/OpenGL.framework/Versions/A/Libraries/libGFXShared.dylib
0x000000000ad7c000 	/System/Library/Frameworks/OpenGL.framework/Versions/A/Libraries/libGL.dylib
0x000000000ad7c000 	/System/Library/Frameworks/OpenGL.framework/Versions/A/Libraries/libGLImage.dylib
0x000000000ad7c000 	/System/Library/Frameworks/OpenGL.framework/Versions/A/Libraries/libCVMSPluginSupport.dylib
0x000000000ad7c000 	/System/Library/Frameworks/OpenGL.framework/Versions/A/Libraries/libCoreVMClient.dylib
0x000000000ad7c000 	/usr/lib/libcups.2.dylib
0x000000000ad7c000 	/System/Library/Frameworks/Kerberos.framework/Versions/A/Kerberos
0x000000000ad7c000 	/System/Library/Frameworks/GSS.framework/Versions/A/GSS
0x000000000ad7c000 	/usr/lib/libresolv.9.dylib
0x000000000ad7c000 	/usr/lib/libiconv.2.dylib
0x000000000ad7c000 	/System/Library/PrivateFrameworks/Heimdal.framework/Versions/A/Heimdal
0x000000000ad7c000 	/usr/lib/libheimdal-asn1.dylib
0x000000000ad7c000 	/System/Library/Frameworks/OpenDirectory.framework/Versions/A/OpenDirectory
0x000000000ad7c000 	/System/Library/PrivateFrameworks/CommonAuth.framework/Versions/A/CommonAuth
0x000000000ad7c000 	/System/Library/Frameworks/OpenDirectory.framework/Versions/A/Frameworks/CFOpenDirectory.framework/Versions/A/CFOpenDirectory
0x000000000ad7c000 	/System/Library/Frameworks/SecurityFoundation.framework/Versions/A/SecurityFoundation
0x000000000ad7c000 	/System/Library/PrivateFrameworks/LanguageModeling.framework/Versions/A/LanguageModeling
0x000000000ad7c000 	/usr/lib/libcmph.dylib
0x000000000ad7c000 	/System/Library/Frameworks/ServiceManagement.framework/Versions/A/ServiceManagement
0x000000000ad7c000 	/usr/lib/libxslt.1.dylib
0x000000000ad7c000 	/System/Library/Frameworks/Carbon.framework/Versions/A/Frameworks/Ink.framework/Versions/A/Ink
0x000000000ad7c000 	/System/Library/Frameworks/QuartzCore.framework/Versions/A/Frameworks/CoreImage.framework/Versions/A/CoreImage
0x000000000ad7c000 	/System/Library/PrivateFrameworks/CrashReporterSupport.framework/Versions/A/CrashReporterSupport
0x000000000ad7c000 	/System/Library/Frameworks/OpenCL.framework/Versions/A/OpenCL
0x000000000ad7c000 	/System/Library/PrivateFrameworks/FaceCore.framework/Versions/A/FaceCore
0x000000000ad7c000 	/System/Library/PrivateFrameworks/Ubiquity.framework/Versions/A/Ubiquity
0x000000000ad7c000 	/System/Library/PrivateFrameworks/IconServices.framework/Versions/A/IconServices
0x000000000ad7c000 	/System/Library/PrivateFrameworks/ChunkingLibrary.framework/Versions/A/ChunkingLibrary
0x000000000ad7c000 	/System/Library/PrivateFrameworks/Apple80211.framework/Versions/A/Apple80211
0x000000000ad7c000 	/System/Library/Frameworks/CoreWLAN.framework/Versions/A/CoreWLAN
0x000000000ad7c000 	/System/Library/Frameworks/IOBluetooth.framework/Versions/A/IOBluetooth
0x000000000ad7c000 	/System/Library/PrivateFrameworks/CoreWiFi.framework/Versions/A/CoreWiFi
0x000000000ad7c000 	/System/Library/Frameworks/CoreBluetooth.framework/Versions/A/CoreBluetooth
0x000000000ad7c000 	/System/Library/PrivateFrameworks/DebugSymbols.framework/Versions/A/DebugSymbols
0x000000000ad7c000 	/System/Library/PrivateFrameworks/CoreSymbolication.framework/Versions/A/CoreSymbolication
0x000000000ad7c000 	/System/Library/PrivateFrameworks/Symbolication.framework/Versions/A/Symbolication
0x000000000ad7c000 	/System/Library/PrivateFrameworks/SpeechRecognitionCore.framework/Versions/A/SpeechRecognitionCore
0x000000010d600000 	/Library/Java/JavaVirtualMachines/jdk1.8.0_20.jdk/Contents/Home/jre/lib/server/libjvm.dylib
0x000000000ad7c000 	/usr/lib/libstdc++.6.dylib
0x000000010cd93000 	/Library/Java/JavaVirtualMachines/jdk1.8.0_20.jdk/Contents/Home/jre/lib/libverify.dylib
0x000000010cda1000 	/Library/Java/JavaVirtualMachines/jdk1.8.0_20.jdk/Contents/Home/jre/lib/libjava.dylib
0x000000010cddf000 	/Library/Java/JavaVirtualMachines/jdk1.8.0_20.jdk/Contents/Home/jre/lib/libzip.dylib
0x0000000122115000 	/System/Library/Frameworks/JavaVM.framework/Frameworks/JavaRuntimeSupport.framework/JavaRuntimeSupport
0x000000012212d000 	/System/Library/Frameworks/JavaVM.framework/Versions/A/Frameworks/JavaNativeFoundation.framework/Versions/A/JavaNativeFoundation
0x0000000122142000 	/System/Library/Frameworks/JavaVM.framework/Versions/A/JavaVM
0x000000000ad7c000 	/System/Library/Frameworks/Carbon.framework/Versions/A/Carbon
0x000000012214f000 	/System/Library/PrivateFrameworks/JavaLaunching.framework/Versions/A/JavaLaunching
0x000000000ad7c000 	/System/Library/Frameworks/Carbon.framework/Versions/A/Frameworks/CommonPanels.framework/Versions/A/CommonPanels
0x000000000ad7c000 	/System/Library/Frameworks/Carbon.framework/Versions/A/Frameworks/Help.framework/Versions/A/Help
0x000000000ad7c000 	/System/Library/Frameworks/Carbon.framework/Versions/A/Frameworks/ImageCapture.framework/Versions/A/ImageCapture
0x000000000ad7c000 	/System/Library/Frameworks/Carbon.framework/Versions/A/Frameworks/OpenScripting.framework/Versions/A/OpenScripting
0x000000000ad7c000 	/System/Library/Frameworks/Carbon.framework/Versions/A/Frameworks/Print.framework/Versions/A/Print
0x000000000ad7c000 	/System/Library/Frameworks/Carbon.framework/Versions/A/Frameworks/SecurityHI.framework/Versions/A/SecurityHI

VM Arguments:
jvm_args: -Xmx1024M -Dfile.encoding=UTF-8 -Duser.country=US -Duser.language=en -Duser.variant 
java_command: com.android.dx.command.Main --dex --output /Users/kwamecorp/Projects/Fairphone/fairphoneos_apps_fairphonelauncher3/build/intermediates/dex/debug /Users/kwamecorp/Projects/Fairphone/fairphoneos_apps_fairphonelauncher3/build/intermediates/classes/debug /Users/kwamecorp/Projects/Fairphone/fairphoneos_apps_fairphonelauncher3/build/intermediates/exploded-aar/com.android.support/support-v13/22.2.0/jars/libs/internal_impl-22.2.0.jar /Users/kwamecorp/Projects/Fairphone/fairphoneos_apps_fairphonelauncher3/build/intermediates/exploded-aar/com.android.support/support-v13/22.2.0/jars/classes.jar /Users/kwamecorp/Library/Android/sdk/extras/android/m2repository/com/android/support/support-annotations/22.2.0/support-annotations-22.2.0.jar /Users/kwamecorp/.gradle/caches/modules-2/files-2.1/com.crashlytics.android/crashlytics/1.1.13/e821eafa1bf489a26bdb71f95078c26785b37a1/crashlytics-1.1.13.jar /Users/kwamecorp/Projects/Fairphone/fairphoneos_apps_fairphonelauncher3/build/intermediates/exploded-aar/com.android.support/support-v4/22.2.0/jars/libs/internal_impl-22.2.0.jar /Users/kwamecorp/.gradle/caches/modules-2/files-2.1/com.googlecode.libphonenumber/libphonenumber/6.3.1/5f875341ac711fef76267f71f21b7d9124b2650c/libphonenumber-6.3.1.jar /Users/kwamecorp/Projects/Fairphone/fairphoneos_apps_fairphonelauncher3/build/intermediates/exploded-aar/com.android.support/support-v4/22.2.0/jars/classes.jar
java_class_path (initial): /Users/kwamecorp/Library/Android/sdk/build-tools/21.1.2/lib/dx.jar
Launcher Type: SUN_STANDARD

Environment Variables:
PATH=/usr/bin:/bin:/usr/sbin:/sbin
SHELL=/bin/bash
DISPLAY=/private/tmp/com.apple.launchd.psPv3v0doy/org.macosforge.xquartz:0

Signal Handlers:
SIGSEGV: [libjvm.dylib+0x578fd7], sa_mask[0]=11111111011111110111111111111111, sa_flags=SA_ONSTACK|SA_RESTART|SA_SIGINFO
SIGBUS: [libjvm.dylib+0x578fd7], sa_mask[0]=11111111011111110111111111111111, sa_flags=SA_RESTART|SA_SIGINFO
SIGFPE: [libjvm.dylib+0x45ab0c], sa_mask[0]=11111111011111110111111111111111, sa_flags=SA_RESTART|SA_SIGINFO
SIGPIPE: [libjvm.dylib+0x45ab0c], sa_mask[0]=11111111011111110111111111111111, sa_flags=SA_RESTART|SA_SIGINFO
SIGXFSZ: [libjvm.dylib+0x45ab0c], sa_mask[0]=11111111011111110111111111111111, sa_flags=SA_RESTART|SA_SIGINFO
SIGILL: [libjvm.dylib+0x45ab0c], sa_mask[0]=11111111011111110111111111111111, sa_flags=SA_RESTART|SA_SIGINFO
SIGUSR1: SIG_DFL, sa_mask[0]=00000000000000000000000000000000, sa_flags=none
SIGUSR2: [libjvm.dylib+0x45a62a], sa_mask[0]=00100000000000000000000000000000, sa_flags=SA_RESTART|SA_SIGINFO
SIGHUP: [libjvm.dylib+0x458bfd], sa_mask[0]=11111111011111110111111111111111, sa_flags=SA_RESTART|SA_SIGINFO
SIGINT: [libjvm.dylib+0x458bfd], sa_mask[0]=11111111011111110111111111111111, sa_flags=SA_RESTART|SA_SIGINFO
SIGTERM: [libjvm.dylib+0x458bfd], sa_mask[0]=11111111011111110111111111111111, sa_flags=SA_RESTART|SA_SIGINFO
SIGQUIT: [libjvm.dylib+0x458bfd], sa_mask[0]=11111111011111110111111111111111, sa_flags=SA_RESTART|SA_SIGINFO


---------------  S Y S T E M  ---------------

OS:Bsduname:Darwin 14.4.0 Darwin Kernel Version 14.4.0: Thu May 28 11:35:04 PDT 2015; root:xnu-2782.30.5~1/RELEASE_X86_64 x86_64
rlimit: STACK 8192k, CORE 0k, NPROC 709, NOFILE 10240, AS infinity
load average:3.95 2.66 2.33

CPU:total 4 (2 cores per cpu, 2 threads per core) family 6 model 58 stepping 9, cmov, cx8, fxsr, mmx, sse, sse2, sse3, ssse3, sse4.1, sse4.2, popcnt, avx, aes, clmul, erms, ht, tsc, tscinvbit, tscinv

Memory: 4k page, physical 8388608k(45872k free)

/proc/meminfo:


vm_info: Java HotSpot(TM) 64-Bit Server VM (25.20-b23) for bsd-amd64 JRE (1.8.0_20-b26), built on Jul 30 2014 13:37:47 by "java_re" with gcc 4.2.1 (Based on Apple Inc. build 5658) (LLVM build 2336.9.00)

time: Fri Aug  7 17:55:42 2015
elapsed time: 28 seconds (0d 0h 0m 28s)

