#
# A fatal error has been detected by the Java Runtime Environment:
#
#  SIGSEGV (0xb) at pc=0x000000010ebcd836, pid=4459, tid=9475
#
# JRE version: Java(TM) SE Runtime Environment (8.0_20-b26) (build 1.8.0_20-b26)
# Java VM: Java HotSpot(TM) 64-Bit Server VM (25.20-b23 mixed mode bsd-amd64 compressed oops)
# Problematic frame:
# V  [libjvm.dylib+0x1cd836]
#
# Failed to write core dump. Core dumps have been disabled. To enable core dumping, try "ulimit -c unlimited" before starting Java again
#
# If you would like to submit a bug report, please visit:
#   http://bugreport.sun.com/bugreport/crash.jsp
#

---------------  T H R E A D  ---------------

Current thread (0x00007ff7b4802000):  GCTaskThread [stack: 0x000000011f242000,0x000000011f342000] [id=9475]

siginfo: si_signo: 11 (SIGSEGV), si_code: 1 (SEGV_MAPERR), si_addr: 0x0000000800000000

Registers:
RAX=0x000000010f1f0db0, RBX=0x00007ff7b2c132b0, RCX=0x0000000001ffff03, RDX=0x000000000fffff01
RSP=0x000000011f341b90, RBP=0x000000011f341b90, RSI=0x00000007fffffff8, RDI=0x00000007fffffff8
R8 =0x000000000000077a, R9 =0x0000000000006b75, R10=0x0000000000000001, R11=0x0000000400000000
R12=0x0000000000000015, R13=0x00000007bbdc1684, R14=0x00000007fffffff8, R15=0x00007ff7b2c132b0
RIP=0x000000010ebcd836, EFLAGS=0x0000000000010202, ERR=0x0000000000000004
  TRAPNO=0x000000000000000e

Top of Stack: (sp=0x000000011f341b90)
0x000000011f341b90:   000000011f341bc0 000000010ecab7c6
0x000000011f341ba0:   000000011f341bd0 00000007bbdc1620
0x000000011f341bb0:   0000000000000200 00007ff7b2c132b0
0x000000011f341bc0:   000000011f341c30 000000010ee4db4c
0x000000011f341bd0:   000000000000073d 00007ff7b2c132b0
0x000000011f341be0:   000000011f341c10 000000010ecab7f1
0x000000011f341bf0:   000000011f341c20 00007ff7b2c132b0
0x000000011f341c00:   00000007c008c998 00000007bbdc1620
0x000000011f341c10:   00000007bbdc1620 000000010efd1c33
0x000000011f341c20:   00007ff7b2c132b0 00000007c008cd60
0x000000011f341c30:   000000011f341c60 000000010ee4cef0
0x000000011f341c40:   0000000780479530 00007ff7b2c132b0
0x000000011f341c50:   00007ff7b2c132b8 000000010f1f0db0
0x000000011f341c60:   000000011f341cf0 000000010ee8cb54
0x000000011f341c70:   000000011f341cb0 00007ff7b2c132f0
0x000000011f341c80:   00007ff7b2c13338 00007ff7b2c13370
0x000000011f341c90:   000000011f341cc0 000000010ecab8d1
0x000000011f341ca0:   00000007bbdc1620 000000011f341d88
0x000000011f341cb0:   00007ff7b2c132b0 00007ff7b2c132b0
0x000000011f341cc0:   0000000000000296 00007ff7b2c132b0
0x000000011f341cd0:   0000000000000000 000000010efd1c33
0x000000011f341ce0:   000000011f341d88 0000000000000001
0x000000011f341cf0:   000000011f341db0 000000010ee809b6
0x000000011f341d00:   ffffffffffffffff 0000206000000040
0x000000011f341d10:   00007ff7b2c0fe40 00007ff7b2c0fe28
0x000000011f341d20:   0000000000000000 000000010efb1338
0x000000011f341d30:   00007ff7b2c0ef90 0000000000000002
0x000000011f341d40:   000000011f341d80 00007fff8ba10b4e
0x000000011f341d50:   00007ff7b2c0fe28 0000206000000002
0x000000011f341d60:   00005f0000005f00 00007ff7b2e05f60
0x000000011f341d70:   000000010f287200 0000000000000000
0x000000011f341d80:   000000011f341d88 000000010f2871d0 

Instructions: (pc=0x000000010ebcd836)
0x000000010ebcd816:   90 90 55 48 89 e5 48 8d 05 e1 5c 6c 00 8a 10 84
0x000000010ebcd826:   d2 48 89 fe 74 15 48 8d 05 7d 35 62 00 8a 48 08
0x000000010ebcd836:   8b 7e 08 48 d3 e7 48 03 38 eb 04 48 8b 7e 08 8b
0x000000010ebcd846:   47 08 85 c0 7e 09 a8 01 75 4e c1 f8 03 eb 47 85 

Register to memory mapping:

RAX=0x000000010f1f0db0: _ZN8Universe13_narrow_klassE+0 in /Library/Java/JavaVirtualMachines/jdk1.8.0_20.jdk/Contents/Home/jre/lib/server/libjvm.dylib at 0x000000010ea00000
RBX=0x00007ff7b2c132b0 is an unknown value
RCX=0x0000000001ffff03 is an unknown value
RDX=0x000000000fffff01 is an unknown value
RSP=0x000000011f341b90 is an unknown value
RBP=0x000000011f341b90 is an unknown value
RSI=0x00000007fffffff8 is an unknown value
RDI=0x00000007fffffff8 is an unknown value
R8 =0x000000000000077a is an unknown value
R9 =0x0000000000006b75 is an unknown value
R10=0x0000000000000001 is an unknown value
R11=0x0000000400000000 is an unknown value
R12=0x0000000000000015 is an unknown value
R13=0x00000007bbdc1684 is an unknown value
R14=0x00000007fffffff8 is an unknown value
R15=0x00007ff7b2c132b0 is an unknown value


Stack: [0x000000011f242000,0x000000011f342000],  sp=0x000000011f341b90,  free space=1022k
Native frames: (J=compiled Java code, j=interpreted, Vv=VM code, C=native code)
V  [libjvm.dylib+0x1cd836]
V  [libjvm.dylib+0x2ab7c6]
V  [libjvm.dylib+0x44db4c]
V  [libjvm.dylib+0x44cef0]
V  [libjvm.dylib+0x48cb54]
V  [libjvm.dylib+0x4809b6]
V  [libjvm.dylib+0x261cad]
V  [libjvm.dylib+0x45d35a]
C  [libsystem_pthread.dylib+0x3268]  _pthread_body+0x83
C  [libsystem_pthread.dylib+0x31e5]  _pthread_body+0x0
C  [libsystem_pthread.dylib+0x141d]  thread_start+0xd


---------------  P R O C E S S  ---------------

Java Threads: ( => current thread )
  0x00007ff7b3064800 JavaThread "Service Thread" daemon [_thread_blocked, id=18179, stack(0x0000000125162000,0x0000000125262000)]
  0x00007ff7b3041000 JavaThread "C1 CompilerThread2" daemon [_thread_blocked, id=17667, stack(0x000000012505f000,0x000000012515f000)]
  0x00007ff7b3040800 JavaThread "C2 CompilerThread1" daemon [_thread_blocked, id=17155, stack(0x0000000124f5c000,0x000000012505c000)]
  0x00007ff7b303b000 JavaThread "C2 CompilerThread0" daemon [_thread_blocked, id=16643, stack(0x0000000124e59000,0x0000000124f59000)]
  0x00007ff7b4835800 JavaThread "Signal Dispatcher" daemon [_thread_blocked, id=13331, stack(0x0000000124d56000,0x0000000124e56000)]
  0x00007ff7b3820800 JavaThread "Finalizer" daemon [_thread_blocked, id=11523, stack(0x000000012332d000,0x000000012342d000)]
  0x00007ff7b3807800 JavaThread "Reference Handler" daemon [_thread_blocked, id=11011, stack(0x000000012322a000,0x000000012332a000)]
  0x00007ff7b300e000 JavaThread "main" [_thread_blocked, id=4867, stack(0x000000010e0ad000,0x000000010e1ad000)]

Other Threads:
  0x00007ff7b3031000 VMThread [stack: 0x0000000123127000,0x0000000123227000] [id=10499]
  0x00007ff7b482c000 WatcherThread [stack: 0x0000000125265000,0x0000000125365000] [id=18691]

=>0x00007ff7b4802000 (exited) GCTaskThread [stack: 0x000000011f242000,0x000000011f342000] [id=9475]

VM state:at safepoint (normal execution)

VM Mutex/Monitor currently owned by a thread:  ([mutex/lock_event])
[0x00007ff7b2c05db0] Threads_lock - owner thread: 0x00007ff7b3031000
[0x00007ff7b2c062b0] Heap_lock - owner thread: 0x00007ff7b300e000

Heap:
 PSYoungGen      total 290304K, used 32759K [0x00000007aab00000, 0x00000007c0000000, 0x00000007c0000000)
  eden space 257536K, 0% used [0x00000007aab00000,0x00000007aab00000,0x00000007ba680000)
  from space 32768K, 99% used [0x00000007ba680000,0x00000007bc67dc18,0x00000007bc680000)
  to   space 49152K, 0% used [0x00000007bd000000,0x00000007bd000000,0x00000007c0000000)
 ParOldGen       total 87552K, used 69672K [0x0000000780000000, 0x0000000785580000, 0x00000007aab00000)
  object space 87552K, 79% used [0x0000000780000000,0x000000078440a3d8,0x0000000785580000)
 Metaspace       used 6087K, capacity 7152K, committed 7296K, reserved 1056768K
  class space    used 572K, capacity 616K, committed 640K, reserved 1048576K

Card table byte_map: [0x000000011ece4000,0x000000011eee5000] byte_map_base: 0x000000011b0e4000

Marking Bits: (ParMarkBitMap*) 0x000000010f29c330
 Begin Bits: [0x000000011f447000, 0x0000000120447000)
 End Bits:   [0x0000000120447000, 0x0000000121447000)

Polling page: 0x000000010e1f1000

CodeCache: size=245760Kb used=8966Kb max_used=8966Kb free=236793Kb
 bounds [0x000000010f924000, 0x00000001101f4000, 0x000000011e924000]
 total_blobs=2322 nmethods=2062 adapters=174
 compilation: enabled

Compilation events (10 events):
Event: 7.699 Thread 0x00007ff7b3041000 2159       3       java.util.HashMap::putVal (300 bytes)
Event: 7.700 Thread 0x00007ff7b3041000 nmethod 2159 0x00000001101c4610 code [0x00000001101c4880, 0x00000001101c5b38]
Event: 7.852 Thread 0x00007ff7b3041000 2160       2       com.android.dx.cf.attrib.AttLocalVariableTypeTable::<init> (8 bytes)
Event: 7.853 Thread 0x00007ff7b3041000 nmethod 2160 0x00000001101a6ad0 code [0x00000001101a6c40, 0x00000001101a6dc8]
Event: 7.856 Thread 0x00007ff7b3041000 2161 % !   3       com.android.dx.cf.direct.StdAttributeFactory::parseLocalVariables @ 43 (274 bytes)
Event: 7.863 Thread 0x00007ff7b3041000 nmethod 2161% 0x00000001101e3d10 code [0x00000001101e4460, 0x00000001101e9588]
Event: 7.905 Thread 0x00007ff7b3041000 2164       2       com.android.dx.rop.code.Rops::opCmpl (53 bytes)
Event: 7.906 Thread 0x00007ff7b3041000 nmethod 2164 0x00000001101c3d10 code [0x00000001101c3ee0, 0x00000001101c4358]
Event: 7.964 Thread 0x00007ff7b3041000 2165       3       com.android.dx.rop.cst.CstString::stringToUtf8Bytes (175 bytes)
Event: 7.965 Thread 0x00007ff7b3041000 nmethod 2165 0x00000001101c0a50 code [0x00000001101c0c20, 0x00000001101c1498]

GC Heap History (10 events):
Event: 2.869 GC heap after
Heap after GC invocations=5 (full 0):
 PSYoungGen      total 71680K, used 5113K [0x00000007aab00000, 0x00000007b4b00000, 0x00000007c0000000)
  eden space 66560K, 0% used [0x00000007aab00000,0x00000007aab00000,0x00000007aec00000)
  from space 5120K, 99% used [0x00000007aec00000,0x00000007af0fe600,0x00000007af100000)
  to   space 15360K, 0% used [0x00000007b3c00000,0x00000007b3c00000,0x00000007b4b00000)
 ParOldGen       total 87552K, used 22844K [0x0000000780000000, 0x0000000785580000, 0x00000007aab00000)
  object space 87552K, 26% used [0x0000000780000000,0x000000078164f038,0x0000000785580000)
 Metaspace       used 5990K, capacity 7088K, committed 7296K, reserved 1056768K
  class space    used 571K, capacity 616K, committed 640K, reserved 1048576K
}
Event: 3.385 GC heap before
{Heap before GC invocations=6 (full 0):
 PSYoungGen      total 71680K, used 71673K [0x00000007aab00000, 0x00000007b4b00000, 0x00000007c0000000)
  eden space 66560K, 100% used [0x00000007aab00000,0x00000007aec00000,0x00000007aec00000)
  from space 5120K, 99% used [0x00000007aec00000,0x00000007af0fe600,0x00000007af100000)
  to   space 15360K, 0% used [0x00000007b3c00000,0x00000007b3c00000,0x00000007b4b00000)
 ParOldGen       total 87552K, used 22844K [0x0000000780000000, 0x0000000785580000, 0x00000007aab00000)
  object space 87552K, 26% used [0x0000000780000000,0x000000078164f038,0x0000000785580000)
 Metaspace       used 6012K, capacity 7152K, committed 7296K, reserved 1056768K
  class space    used 571K, capacity 616K, committed 640K, reserved 1048576K
Event: 3.417 GC heap after
Heap after GC invocations=6 (full 0):
 PSYoungGen      total 146944K, used 14169K [0x00000007aab00000, 0x00000007b4e00000, 0x00000007c0000000)
  eden space 131584K, 0% used [0x00000007aab00000,0x00000007aab00000,0x00000007b2b80000)
  from space 15360K, 92% used [0x00000007b3c00000,0x00000007b49d6790,0x00000007b4b00000)
  to   space 16896K, 0% used [0x00000007b2b80000,0x00000007b2b80000,0x00000007b3c00000)
 ParOldGen       total 87552K, used 22844K [0x0000000780000000, 0x0000000785580000, 0x00000007aab00000)
  object space 87552K, 26% used [0x0000000780000000,0x000000078164f038,0x0000000785580000)
 Metaspace       used 6012K, capacity 7152K, committed 7296K, reserved 1056768K
  class space    used 571K, capacity 616K, committed 640K, reserved 1048576K
}
Event: 4.515 GC heap before
{Heap before GC invocations=7 (full 0):
 PSYoungGen      total 146944K, used 145753K [0x00000007aab00000, 0x00000007b4e00000, 0x00000007c0000000)
  eden space 131584K, 100% used [0x00000007aab00000,0x00000007b2b80000,0x00000007b2b80000)
  from space 15360K, 92% used [0x00000007b3c00000,0x00000007b49d6790,0x00000007b4b00000)
  to   space 16896K, 0% used [0x00000007b2b80000,0x00000007b2b80000,0x00000007b3c00000)
 ParOldGen       total 87552K, used 22844K [0x0000000780000000, 0x0000000785580000, 0x00000007aab00000)
  object space 87552K, 26% used [0x0000000780000000,0x000000078164f038,0x0000000785580000)
 Metaspace       used 6064K, capacity 7152K, committed 7296K, reserved 1056768K
  class space    used 571K, capacity 616K, committed 640K, reserved 1048576K
Event: 4.613 GC heap after
Heap after GC invocations=7 (full 0):
 PSYoungGen      total 148480K, used 16894K [0x00000007aab00000, 0x00000007be100000, 0x00000007c0000000)
  eden space 131584K, 0% used [0x00000007aab00000,0x00000007aab00000,0x00000007b2b80000)
  from space 16896K, 99% used [0x00000007b2b80000,0x00000007b3bff878,0x00000007b3c00000)
  to   space 27136K, 0% used [0x00000007bc680000,0x00000007bc680000,0x00000007be100000)
 ParOldGen       total 87552K, used 38214K [0x0000000780000000, 0x0000000785580000, 0x00000007aab00000)
  object space 87552K, 43% used [0x0000000780000000,0x0000000782551888,0x0000000785580000)
 Metaspace       used 6064K, capacity 7152K, committed 7296K, reserved 1056768K
  class space    used 571K, capacity 616K, committed 640K, reserved 1048576K
}
Event: 5.471 GC heap before
{Heap before GC invocations=8 (full 0):
 PSYoungGen      total 148480K, used 148478K [0x00000007aab00000, 0x00000007be100000, 0x00000007c0000000)
  eden space 131584K, 100% used [0x00000007aab00000,0x00000007b2b80000,0x00000007b2b80000)
  from space 16896K, 99% used [0x00000007b2b80000,0x00000007b3bff878,0x00000007b3c00000)
  to   space 27136K, 0% used [0x00000007bc680000,0x00000007bc680000,0x00000007be100000)
 ParOldGen       total 87552K, used 38214K [0x0000000780000000, 0x0000000785580000, 0x00000007aab00000)
  object space 87552K, 43% used [0x0000000780000000,0x0000000782551888,0x0000000785580000)
 Metaspace       used 6078K, capacity 7152K, committed 7296K, reserved 1056768K
  class space    used 571K, capacity 616K, committed 640K, reserved 1048576K
Event: 5.556 GC heap after
Heap after GC invocations=8 (full 0):
 PSYoungGen      total 284672K, used 27115K [0x00000007aab00000, 0x00000007bec00000, 0x00000007c0000000)
  eden space 257536K, 0% used [0x00000007aab00000,0x00000007aab00000,0x00000007ba680000)
  from space 27136K, 99% used [0x00000007bc680000,0x00000007be0fac10,0x00000007be100000)
  to   space 32768K, 0% used [0x00000007ba680000,0x00000007ba680000,0x00000007bc680000)
 ParOldGen       total 87552K, used 41323K [0x0000000780000000, 0x0000000785580000, 0x00000007aab00000)
  object space 87552K, 47% used [0x0000000780000000,0x000000078285acb0,0x0000000785580000)
 Metaspace       used 6078K, capacity 7152K, committed 7296K, reserved 1056768K
  class space    used 571K, capacity 616K, committed 640K, reserved 1048576K
}
Event: 7.971 GC heap before
{Heap before GC invocations=9 (full 0):
 PSYoungGen      total 284672K, used 284651K [0x00000007aab00000, 0x00000007bec00000, 0x00000007c0000000)
  eden space 257536K, 100% used [0x00000007aab00000,0x00000007ba680000,0x00000007ba680000)
  from space 27136K, 99% used [0x00000007bc680000,0x00000007be0fac10,0x00000007be100000)
  to   space 32768K, 0% used [0x00000007ba680000,0x00000007ba680000,0x00000007bc680000)
 ParOldGen       total 87552K, used 41323K [0x0000000780000000, 0x0000000785580000, 0x00000007aab00000)
  object space 87552K, 47% used [0x0000000780000000,0x000000078285acb0,0x0000000785580000)
 Metaspace       used 6087K, capacity 7152K, committed 7296K, reserved 1056768K
  class space    used 572K, capacity 616K, committed 640K, reserved 1048576K
Event: 8.096 GC heap after
Heap after GC invocations=9 (full 0):
 PSYoungGen      total 290304K, used 32759K [0x00000007aab00000, 0x00000007c0000000, 0x00000007c0000000)
  eden space 257536K, 0% used [0x00000007aab00000,0x00000007aab00000,0x00000007ba680000)
  from space 32768K, 99% used [0x00000007ba680000,0x00000007bc67dc18,0x00000007bc680000)
  to   space 49152K, 0% used [0x00000007bd000000,0x00000007bd000000,0x00000007c0000000)
 ParOldGen       total 87552K, used 69672K [0x0000000780000000, 0x0000000785580000, 0x00000007aab00000)
  object space 87552K, 79% used [0x0000000780000000,0x000000078440a3d8,0x0000000785580000)
 Metaspace       used 6087K, capacity 7152K, committed 7296K, reserved 1056768K
  class space    used 572K, capacity 616K, committed 640K, reserved 1048576K
}
Event: 8.096 GC heap before
{Heap before GC invocations=10 (full 1):
 PSYoungGen      total 290304K, used 32759K [0x00000007aab00000, 0x00000007c0000000, 0x00000007c0000000)
  eden space 257536K, 0% used [0x00000007aab00000,0x00000007aab00000,0x00000007ba680000)
  from space 32768K, 99% used [0x00000007ba680000,0x00000007bc67dc18,0x00000007bc680000)
  to   space 49152K, 0% used [0x00000007bd000000,0x00000007bd000000,0x00000007c0000000)
 ParOldGen       total 87552K, used 69672K [0x0000000780000000, 0x0000000785580000, 0x00000007aab00000)
  object space 87552K, 79% used [0x0000000780000000,0x000000078440a3d8,0x0000000785580000)
 Metaspace       used 6087K, capacity 7152K, committed 7296K, reserved 1056768K
  class space    used 572K, capacity 616K, committed 640K, reserved 1048576K

Deoptimization events (10 events):
Event: 3.757 Thread 0x00007ff7b300e000 Uncommon trap: reason=bimorphic action=maybe_recompile pc=0x000000011005a710 method=com.android.dx.cf.code.BytecodeArray.parseInstruction(ILcom/android/dx/cf/code/BytecodeArray$Visitor;)I @ 1417
Event: 3.757 Thread 0x00007ff7b300e000 Uncommon trap: reason=bimorphic action=maybe_recompile pc=0x000000011005a710 method=com.android.dx.cf.code.BytecodeArray.parseInstruction(ILcom/android/dx/cf/code/BytecodeArray$Visitor;)I @ 1417
Event: 3.996 Thread 0x00007ff7b300e000 Uncommon trap: reason=class_check action=maybe_recompile pc=0x000000011004c780 method=com.android.dx.cf.code.OneLocalsArray.set(ILcom/android/dx/rop/type/TypeBearer;)V @ 85
Event: 4.002 Thread 0x00007ff7b300e000 Uncommon trap: reason=class_check action=maybe_recompile pc=0x000000011004c780 method=com.android.dx.cf.code.OneLocalsArray.set(ILcom/android/dx/rop/type/TypeBearer;)V @ 85
Event: 4.257 Thread 0x00007ff7b300e000 Uncommon trap: reason=class_check action=maybe_recompile pc=0x000000011004c780 method=com.android.dx.cf.code.OneLocalsArray.set(ILcom/android/dx/rop/type/TypeBearer;)V @ 85
Event: 4.260 Thread 0x00007ff7b300e000 Uncommon trap: reason=class_check action=maybe_recompile pc=0x000000011004c780 method=com.android.dx.cf.code.OneLocalsArray.set(ILcom/android/dx/rop/type/TypeBearer;)V @ 85
Event: 5.799 Thread 0x00007ff7b300e000 Uncommon trap: reason=bimorphic action=maybe_recompile pc=0x00000001100dea3c method=com.android.dx.rop.code.RegisterSpec.getFrameType()Lcom/android/dx/rop/type/TypeBearer; @ 4
Event: 5.799 Thread 0x00007ff7b300e000 Uncommon trap: reason=bimorphic action=maybe_recompile pc=0x00000001100de178 method=com.android.dx.cf.code.OneLocalsArray.set(ILcom/android/dx/rop/type/TypeBearer;)V @ 85
Event: 6.896 Thread 0x00007ff7b300e000 Uncommon trap: reason=bimorphic action=maybe_recompile pc=0x00000001100f20f8 method=com.android.dx.cf.code.BytecodeArray.parseInstruction(ILcom/android/dx/cf/code/BytecodeArray$Visitor;)I @ 1477
Event: 6.896 Thread 0x00007ff7b300e000 Uncommon trap: reason=bimorphic action=maybe_recompile pc=0x00000001100f20f8 method=com.android.dx.cf.code.BytecodeArray.parseInstruction(ILcom/android/dx/cf/code/BytecodeArray$Visitor;)I @ 1477

Internal exceptions (10 events):
Event: 1.504 Thread 0x00007ff7b300e000 Exception <a 'java/lang/ArrayIndexOutOfBoundsException': 18> (0x00000007aca3dbb8) thrown at [/HUDSON3/workspace/8-2-build-macosx-x86_64/jdk8u20/1074/hotspot/src/share/vm/interpreter/interpreterRuntime.cpp, line 366]
Event: 1.504 Thread 0x00007ff7b300e000 Exception <a 'java/lang/ArrayIndexOutOfBoundsException': 145> (0x00000007aca3f650) thrown at [/HUDSON3/workspace/8-2-build-macosx-x86_64/jdk8u20/1074/hotspot/src/share/vm/interpreter/interpreterRuntime.cpp, line 366]
Event: 1.505 Thread 0x00007ff7b300e000 Exception <a 'java/lang/ArrayIndexOutOfBoundsException'> (0x00000007aca40868) thrown at [/HUDSON3/workspace/8-2-build-macosx-x86_64/jdk8u20/1074/hotspot/src/share/vm/runtime/sharedRuntime.cpp, line 604]
Event: 1.692 Thread 0x00007ff7b300e000 Exception <a 'java/security/PrivilegedActionException'> (0x00000007ab89d6c0) thrown at [/HUDSON3/workspace/8-2-build-macosx-x86_64/jdk8u20/1074/hotspot/src/share/vm/prims/jvm.cpp, line 1275]
Event: 1.762 Thread 0x00007ff7b300e000 Exception <a 'java/security/PrivilegedActionException'> (0x00000007abe69a88) thrown at [/HUDSON3/workspace/8-2-build-macosx-x86_64/jdk8u20/1074/hotspot/src/share/vm/prims/jvm.cpp, line 1275]
Event: 1.763 Thread 0x00007ff7b300e000 Exception <a 'java/security/PrivilegedActionException'> (0x00000007abe75228) thrown at [/HUDSON3/workspace/8-2-build-macosx-x86_64/jdk8u20/1074/hotspot/src/share/vm/prims/jvm.cpp, line 1275]
Event: 1.763 Thread 0x00007ff7b300e000 Exception <a 'java/security/PrivilegedActionException'> (0x00000007abe78ad0) thrown at [/HUDSON3/workspace/8-2-build-macosx-x86_64/jdk8u20/1074/hotspot/src/share/vm/prims/jvm.cpp, line 1275]
Event: 2.525 Thread 0x00007ff7b300e000 Exception <a 'java/security/PrivilegedActionException'> (0x00000007accde060) thrown at [/HUDSON3/workspace/8-2-build-macosx-x86_64/jdk8u20/1074/hotspot/src/share/vm/prims/jvm.cpp, line 1275]
Event: 3.692 Thread 0x00007ff7b300e000 Exception <a 'java/security/PrivilegedActionException'> (0x00000007acd83ba8) thrown at [/HUDSON3/workspace/8-2-build-macosx-x86_64/jdk8u20/1074/hotspot/src/share/vm/prims/jvm.cpp, line 1275]
Event: 5.746 Thread 0x00007ff7b300e000 Exception <a 'java/security/PrivilegedActionException'> (0x00000007acc8d340) thrown at [/HUDSON3/workspace/8-2-build-macosx-x86_64/jdk8u20/1074/hotspot/src/share/vm/prims/jvm.cpp, line 1275]

Events (10 events):
Event: 7.631 Thread 0x00007ff7b300e000 DEOPT UNPACKING pc=0x000000010f96b373 sp=0x000000010e1ab0e0 mode 0
Event: 7.673 Thread 0x00007ff7b300e000 DEOPT PACKING pc=0x000000010fd7a058 sp=0x000000010e1ab7c0
Event: 7.673 Thread 0x00007ff7b300e000 DEOPT UNPACKING pc=0x000000010f96b373 sp=0x000000010e1ab610 mode 0
Event: 7.873 Thread 0x00007ff7b300e000 DEOPT PACKING pc=0x000000010fcea984 sp=0x000000010e1ab7e0
Event: 7.873 Thread 0x00007ff7b300e000 DEOPT UNPACKING pc=0x000000010f96b373 sp=0x000000010e1ab580 mode 0
Event: 7.926 Thread 0x00007ff7b300e000 DEOPT PACKING pc=0x000000010fcea984 sp=0x000000010e1ab7e0
Event: 7.926 Thread 0x00007ff7b300e000 DEOPT UNPACKING pc=0x000000010f96b373 sp=0x000000010e1ab580 mode 0
Event: 7.929 Thread 0x00007ff7b300e000 DEOPT PACKING pc=0x000000010fd7a3f9 sp=0x000000010e1ab7c0
Event: 7.929 Thread 0x00007ff7b300e000 DEOPT UNPACKING pc=0x000000010f96b373 sp=0x000000010e1ab610 mode 0
Event: 7.971 Executing VM operation: ParallelGCFailedAllocation


Dynamic libraries:
0x0000000008c6a000 	/System/Library/Frameworks/Cocoa.framework/Versions/A/Cocoa
0x0000000008c6a000 	/System/Library/Frameworks/Security.framework/Versions/A/Security
0x0000000008c6a000 	/System/Library/Frameworks/ApplicationServices.framework/Versions/A/ApplicationServices
0x0000000008c6a000 	/usr/lib/libz.1.dylib
0x0000000008c6a000 	/usr/lib/libSystem.B.dylib
0x0000000008c6a000 	/usr/lib/libobjc.A.dylib
0x0000000008c6a000 	/System/Library/Frameworks/CoreFoundation.framework/Versions/A/CoreFoundation
0x0000000008c6a000 	/System/Library/Frameworks/Foundation.framework/Versions/C/Foundation
0x0000000008c6a000 	/System/Library/Frameworks/AppKit.framework/Versions/C/AppKit
0x0000000008c6a000 	/System/Library/Frameworks/CoreData.framework/Versions/A/CoreData
0x0000000008c6a000 	/System/Library/PrivateFrameworks/RemoteViewServices.framework/Versions/A/RemoteViewServices
0x0000000008c6a000 	/System/Library/PrivateFrameworks/UIFoundation.framework/Versions/A/UIFoundation
0x0000000008c6a000 	/System/Library/Frameworks/IOSurface.framework/Versions/A/IOSurface
0x0000000008c6a000 	/System/Library/Frameworks/AudioToolbox.framework/Versions/A/AudioToolbox
0x0000000008c6a000 	/System/Library/Frameworks/AudioUnit.framework/Versions/A/AudioUnit
0x0000000008c6a000 	/System/Library/PrivateFrameworks/DataDetectorsCore.framework/Versions/A/DataDetectorsCore
0x0000000008c6a000 	/System/Library/PrivateFrameworks/DesktopServicesPriv.framework/Versions/A/DesktopServicesPriv
0x0000000008c6a000 	/System/Library/Frameworks/Carbon.framework/Versions/A/Frameworks/HIToolbox.framework/Versions/A/HIToolbox
0x0000000008c6a000 	/System/Library/Frameworks/QuartzCore.framework/Versions/A/QuartzCore
0x0000000008c6a000 	/System/Library/Frameworks/Carbon.framework/Versions/A/Frameworks/SpeechRecognition.framework/Versions/A/SpeechRecognition
0x0000000008c6a000 	/usr/lib/libauto.dylib
0x0000000008c6a000 	/usr/lib/libicucore.A.dylib
0x0000000008c6a000 	/usr/lib/libxml2.2.dylib
0x0000000008c6a000 	/System/Library/PrivateFrameworks/CoreUI.framework/Versions/A/CoreUI
0x0000000008c6a000 	/System/Library/Frameworks/CoreAudio.framework/Versions/A/CoreAudio
0x0000000008c6a000 	/System/Library/Frameworks/DiskArbitration.framework/Versions/A/DiskArbitration
0x0000000008c6a000 	/usr/lib/liblangid.dylib
0x0000000008c6a000 	/System/Library/PrivateFrameworks/MultitouchSupport.framework/Versions/A/MultitouchSupport
0x0000000008c6a000 	/System/Library/Frameworks/IOKit.framework/Versions/A/IOKit
0x0000000008c6a000 	/usr/lib/libDiagnosticMessagesClient.dylib
0x0000000008c6a000 	/System/Library/Frameworks/CoreServices.framework/Versions/A/CoreServices
0x0000000008c6a000 	/System/Library/PrivateFrameworks/PerformanceAnalysis.framework/Versions/A/PerformanceAnalysis
0x0000000008c6a000 	/System/Library/PrivateFrameworks/GenerationalStorage.framework/Versions/A/GenerationalStorage
0x0000000008c6a000 	/System/Library/Frameworks/OpenGL.framework/Versions/A/OpenGL
0x0000000008c6a000 	/System/Library/PrivateFrameworks/Sharing.framework/Versions/A/Sharing
0x0000000008c6a000 	/System/Library/Frameworks/CoreGraphics.framework/Versions/A/CoreGraphics
0x0000000008c6a000 	/System/Library/Frameworks/CoreText.framework/Versions/A/CoreText
0x0000000008c6a000 	/System/Library/Frameworks/ImageIO.framework/Versions/A/ImageIO
0x0000000008c6a000 	/usr/lib/libextension.dylib
0x0000000008c6a000 	/System/Library/PrivateFrameworks/Backup.framework/Versions/A/Backup
0x0000000008c6a000 	/usr/lib/libarchive.2.dylib
0x0000000008c6a000 	/System/Library/Frameworks/CFNetwork.framework/Versions/A/CFNetwork
0x0000000008c6a000 	/System/Library/Frameworks/SystemConfiguration.framework/Versions/A/SystemConfiguration
0x0000000008c6a000 	/usr/lib/libCRFSuite.dylib
0x0000000008c6a000 	/usr/lib/libc++.1.dylib
0x0000000008c6a000 	/usr/lib/libc++abi.dylib
0x0000000008c6a000 	/usr/lib/system/libcache.dylib
0x0000000008c6a000 	/usr/lib/system/libcommonCrypto.dylib
0x0000000008c6a000 	/usr/lib/system/libcompiler_rt.dylib
0x0000000008c6a000 	/usr/lib/system/libcopyfile.dylib
0x0000000008c6a000 	/usr/lib/system/libcorecrypto.dylib
0x0000000008c6a000 	/usr/lib/system/libdispatch.dylib
0x0000000008c6a000 	/usr/lib/system/libdyld.dylib
0x0000000008c6a000 	/usr/lib/system/libkeymgr.dylib
0x0000000008c6a000 	/usr/lib/system/liblaunch.dylib
0x0000000008c6a000 	/usr/lib/system/libmacho.dylib
0x0000000008c6a000 	/usr/lib/system/libquarantine.dylib
0x0000000008c6a000 	/usr/lib/system/libremovefile.dylib
0x0000000008c6a000 	/usr/lib/system/libsystem_asl.dylib
0x0000000008c6a000 	/usr/lib/system/libsystem_blocks.dylib
0x0000000008c6a000 	/usr/lib/system/libsystem_c.dylib
0x0000000008c6a000 	/usr/lib/system/libsystem_configuration.dylib
0x0000000008c6a000 	/usr/lib/system/libsystem_coreservices.dylib
0x0000000008c6a000 	/usr/lib/system/libsystem_coretls.dylib
0x0000000008c6a000 	/usr/lib/system/libsystem_dnssd.dylib
0x0000000008c6a000 	/usr/lib/system/libsystem_info.dylib
0x0000000008c6a000 	/usr/lib/system/libsystem_kernel.dylib
0x0000000008c6a000 	/usr/lib/system/libsystem_m.dylib
0x0000000008c6a000 	/usr/lib/system/libsystem_malloc.dylib
0x0000000008c6a000 	/usr/lib/system/libsystem_network.dylib
0x0000000008c6a000 	/usr/lib/system/libsystem_networkextension.dylib
0x0000000008c6a000 	/usr/lib/system/libsystem_notify.dylib
0x0000000008c6a000 	/usr/lib/system/libsystem_platform.dylib
0x0000000008c6a000 	/usr/lib/system/libsystem_pthread.dylib
0x0000000008c6a000 	/usr/lib/system/libsystem_sandbox.dylib
0x0000000008c6a000 	/usr/lib/system/libsystem_secinit.dylib
0x0000000008c6a000 	/usr/lib/system/libsystem_stats.dylib
0x0000000008c6a000 	/usr/lib/system/libsystem_trace.dylib
0x0000000008c6a000 	/usr/lib/system/libunc.dylib
0x0000000008c6a000 	/usr/lib/system/libunwind.dylib
0x0000000008c6a000 	/usr/lib/system/libxpc.dylib
0x0000000008c6a000 	/usr/lib/libbz2.1.0.dylib
0x0000000008c6a000 	/usr/lib/liblzma.5.dylib
0x0000000008c6a000 	/usr/lib/libbsm.0.dylib
0x0000000008c6a000 	/usr/lib/libsqlite3.dylib
0x0000000008c6a000 	/usr/lib/system/libkxld.dylib
0x0000000008c6a000 	/usr/lib/libxar.1.dylib
0x0000000008c6a000 	/usr/lib/libpam.2.dylib
0x0000000008c6a000 	/usr/lib/libOpenScriptingUtil.dylib
0x0000000008c6a000 	/System/Library/Frameworks/CoreServices.framework/Versions/A/Frameworks/FSEvents.framework/Versions/A/FSEvents
0x0000000008c6a000 	/System/Library/Frameworks/CoreServices.framework/Versions/A/Frameworks/CarbonCore.framework/Versions/A/CarbonCore
0x0000000008c6a000 	/System/Library/Frameworks/CoreServices.framework/Versions/A/Frameworks/Metadata.framework/Versions/A/Metadata
0x0000000008c6a000 	/System/Library/Frameworks/CoreServices.framework/Versions/A/Frameworks/OSServices.framework/Versions/A/OSServices
0x0000000008c6a000 	/System/Library/Frameworks/CoreServices.framework/Versions/A/Frameworks/SearchKit.framework/Versions/A/SearchKit
0x0000000008c6a000 	/System/Library/Frameworks/CoreServices.framework/Versions/A/Frameworks/AE.framework/Versions/A/AE
0x0000000008c6a000 	/System/Library/Frameworks/CoreServices.framework/Versions/A/Frameworks/LaunchServices.framework/Versions/A/LaunchServices
0x0000000008c6a000 	/System/Library/Frameworks/CoreServices.framework/Versions/A/Frameworks/DictionaryServices.framework/Versions/A/DictionaryServices
0x0000000008c6a000 	/System/Library/Frameworks/NetFS.framework/Versions/A/NetFS
0x0000000008c6a000 	/System/Library/PrivateFrameworks/NetAuth.framework/Versions/A/NetAuth
0x0000000008c6a000 	/System/Library/PrivateFrameworks/login.framework/Versions/A/Frameworks/loginsupport.framework/Versions/A/loginsupport
0x0000000008c6a000 	/System/Library/PrivateFrameworks/TCC.framework/Versions/A/TCC
0x0000000008c6a000 	/usr/lib/libmecabra.dylib
0x0000000008c6a000 	/System/Library/Frameworks/ApplicationServices.framework/Versions/A/Frameworks/ATS.framework/Versions/A/ATS
0x0000000008c6a000 	/System/Library/Frameworks/ApplicationServices.framework/Versions/A/Frameworks/ColorSync.framework/Versions/A/ColorSync
0x0000000008c6a000 	/System/Library/Frameworks/ApplicationServices.framework/Versions/A/Frameworks/HIServices.framework/Versions/A/HIServices
0x0000000008c6a000 	/System/Library/Frameworks/ApplicationServices.framework/Versions/A/Frameworks/LangAnalysis.framework/Versions/A/LangAnalysis
0x0000000008c6a000 	/System/Library/Frameworks/ApplicationServices.framework/Versions/A/Frameworks/PrintCore.framework/Versions/A/PrintCore
0x0000000008c6a000 	/System/Library/Frameworks/ApplicationServices.framework/Versions/A/Frameworks/QD.framework/Versions/A/QD
0x0000000008c6a000 	/System/Library/Frameworks/ApplicationServices.framework/Versions/A/Frameworks/SpeechSynthesis.framework/Versions/A/SpeechSynthesis
0x0000000008c6a000 	/System/Library/Frameworks/Accelerate.framework/Versions/A/Accelerate
0x0000000008c6a000 	/System/Library/Frameworks/Accelerate.framework/Versions/A/Frameworks/vImage.framework/Versions/A/vImage
0x0000000008c6a000 	/System/Library/Frameworks/Accelerate.framework/Versions/A/Frameworks/vecLib.framework/Versions/A/vecLib
0x0000000008c6a000 	/System/Library/Frameworks/Accelerate.framework/Versions/A/Frameworks/vecLib.framework/Versions/A/libvDSP.dylib
0x0000000008c6a000 	/System/Library/Frameworks/Accelerate.framework/Versions/A/Frameworks/vecLib.framework/Versions/A/libvMisc.dylib
0x0000000008c6a000 	/System/Library/Frameworks/Accelerate.framework/Versions/A/Frameworks/vecLib.framework/Versions/A/libLAPACK.dylib
0x0000000008c6a000 	/System/Library/Frameworks/Accelerate.framework/Versions/A/Frameworks/vecLib.framework/Versions/A/libBLAS.dylib
0x0000000008c6a000 	/System/Library/Frameworks/Accelerate.framework/Versions/A/Frameworks/vecLib.framework/Versions/A/libLinearAlgebra.dylib
0x0000000008c6a000 	/System/Library/Frameworks/ApplicationServices.framework/Versions/A/Frameworks/ATS.framework/Versions/A/Resources/libFontParser.dylib
0x0000000008c6a000 	/System/Library/Frameworks/ApplicationServices.framework/Versions/A/Frameworks/ATS.framework/Versions/A/Resources/libFontRegistry.dylib
0x0000000008c6a000 	/System/Library/PrivateFrameworks/AppleVPA.framework/Versions/A/AppleVPA
0x0000000008c6a000 	/System/Library/PrivateFrameworks/AppleJPEG.framework/Versions/A/AppleJPEG
0x0000000008c6a000 	/System/Library/Frameworks/ImageIO.framework/Versions/A/Resources/libJPEG.dylib
0x0000000008c6a000 	/System/Library/Frameworks/ImageIO.framework/Versions/A/Resources/libTIFF.dylib
0x0000000008c6a000 	/System/Library/Frameworks/ImageIO.framework/Versions/A/Resources/libPng.dylib
0x0000000008c6a000 	/System/Library/Frameworks/ImageIO.framework/Versions/A/Resources/libGIF.dylib
0x0000000008c6a000 	/System/Library/Frameworks/ImageIO.framework/Versions/A/Resources/libJP2.dylib
0x0000000008c6a000 	/System/Library/Frameworks/ImageIO.framework/Versions/A/Resources/libRadiance.dylib
0x0000000008c6a000 	/System/Library/Frameworks/CoreVideo.framework/Versions/A/CoreVideo
0x0000000008c6a000 	/System/Library/Frameworks/OpenGL.framework/Versions/A/Libraries/libGLU.dylib
0x0000000008c6a000 	/System/Library/Frameworks/OpenGL.framework/Versions/A/Libraries/libGFXShared.dylib
0x0000000008c6a000 	/System/Library/Frameworks/OpenGL.framework/Versions/A/Libraries/libGL.dylib
0x0000000008c6a000 	/System/Library/Frameworks/OpenGL.framework/Versions/A/Libraries/libGLImage.dylib
0x0000000008c6a000 	/System/Library/Frameworks/OpenGL.framework/Versions/A/Libraries/libCVMSPluginSupport.dylib
0x0000000008c6a000 	/System/Library/Frameworks/OpenGL.framework/Versions/A/Libraries/libCoreVMClient.dylib
0x0000000008c6a000 	/usr/lib/libcups.2.dylib
0x0000000008c6a000 	/System/Library/Frameworks/Kerberos.framework/Versions/A/Kerberos
0x0000000008c6a000 	/System/Library/Frameworks/GSS.framework/Versions/A/GSS
0x0000000008c6a000 	/usr/lib/libresolv.9.dylib
0x0000000008c6a000 	/usr/lib/libiconv.2.dylib
0x0000000008c6a000 	/System/Library/PrivateFrameworks/Heimdal.framework/Versions/A/Heimdal
0x0000000008c6a000 	/usr/lib/libheimdal-asn1.dylib
0x0000000008c6a000 	/System/Library/Frameworks/OpenDirectory.framework/Versions/A/OpenDirectory
0x0000000008c6a000 	/System/Library/PrivateFrameworks/CommonAuth.framework/Versions/A/CommonAuth
0x0000000008c6a000 	/System/Library/Frameworks/OpenDirectory.framework/Versions/A/Frameworks/CFOpenDirectory.framework/Versions/A/CFOpenDirectory
0x0000000008c6a000 	/System/Library/Frameworks/SecurityFoundation.framework/Versions/A/SecurityFoundation
0x0000000008c6a000 	/System/Library/PrivateFrameworks/LanguageModeling.framework/Versions/A/LanguageModeling
0x0000000008c6a000 	/usr/lib/libcmph.dylib
0x0000000008c6a000 	/System/Library/Frameworks/ServiceManagement.framework/Versions/A/ServiceManagement
0x0000000008c6a000 	/usr/lib/libxslt.1.dylib
0x0000000008c6a000 	/System/Library/Frameworks/Carbon.framework/Versions/A/Frameworks/Ink.framework/Versions/A/Ink
0x0000000008c6a000 	/System/Library/Frameworks/QuartzCore.framework/Versions/A/Frameworks/CoreImage.framework/Versions/A/CoreImage
0x0000000008c6a000 	/System/Library/PrivateFrameworks/CrashReporterSupport.framework/Versions/A/CrashReporterSupport
0x0000000008c6a000 	/System/Library/Frameworks/OpenCL.framework/Versions/A/OpenCL
0x0000000008c6a000 	/System/Library/PrivateFrameworks/FaceCore.framework/Versions/A/FaceCore
0x0000000008c6a000 	/System/Library/PrivateFrameworks/Ubiquity.framework/Versions/A/Ubiquity
0x0000000008c6a000 	/System/Library/PrivateFrameworks/IconServices.framework/Versions/A/IconServices
0x0000000008c6a000 	/System/Library/PrivateFrameworks/ChunkingLibrary.framework/Versions/A/ChunkingLibrary
0x0000000008c6a000 	/System/Library/PrivateFrameworks/Apple80211.framework/Versions/A/Apple80211
0x0000000008c6a000 	/System/Library/Frameworks/CoreWLAN.framework/Versions/A/CoreWLAN
0x0000000008c6a000 	/System/Library/Frameworks/IOBluetooth.framework/Versions/A/IOBluetooth
0x0000000008c6a000 	/System/Library/PrivateFrameworks/CoreWiFi.framework/Versions/A/CoreWiFi
0x0000000008c6a000 	/System/Library/Frameworks/CoreBluetooth.framework/Versions/A/CoreBluetooth
0x0000000008c6a000 	/System/Library/PrivateFrameworks/DebugSymbols.framework/Versions/A/DebugSymbols
0x0000000008c6a000 	/System/Library/PrivateFrameworks/CoreSymbolication.framework/Versions/A/CoreSymbolication
0x0000000008c6a000 	/System/Library/PrivateFrameworks/Symbolication.framework/Versions/A/Symbolication
0x0000000008c6a000 	/System/Library/PrivateFrameworks/SpeechRecognitionCore.framework/Versions/A/SpeechRecognitionCore
0x000000010ea00000 	/Library/Java/JavaVirtualMachines/jdk1.8.0_20.jdk/Contents/Home/jre/lib/server/libjvm.dylib
0x0000000008c6a000 	/usr/lib/libstdc++.6.dylib
0x000000010e1af000 	/Library/Java/JavaVirtualMachines/jdk1.8.0_20.jdk/Contents/Home/jre/lib/libverify.dylib
0x000000010e1bd000 	/Library/Java/JavaVirtualMachines/jdk1.8.0_20.jdk/Contents/Home/jre/lib/libjava.dylib
0x000000010f91b000 	/Library/Java/JavaVirtualMachines/jdk1.8.0_20.jdk/Contents/Home/jre/lib/libzip.dylib
0x000000012342f000 	/System/Library/Frameworks/JavaVM.framework/Frameworks/JavaRuntimeSupport.framework/JavaRuntimeSupport
0x0000000123447000 	/System/Library/Frameworks/JavaVM.framework/Versions/A/Frameworks/JavaNativeFoundation.framework/Versions/A/JavaNativeFoundation
0x000000012345c000 	/System/Library/Frameworks/JavaVM.framework/Versions/A/JavaVM
0x0000000008c6a000 	/System/Library/Frameworks/Carbon.framework/Versions/A/Carbon
0x0000000123469000 	/System/Library/PrivateFrameworks/JavaLaunching.framework/Versions/A/JavaLaunching
0x0000000008c6a000 	/System/Library/Frameworks/Carbon.framework/Versions/A/Frameworks/CommonPanels.framework/Versions/A/CommonPanels
0x0000000008c6a000 	/System/Library/Frameworks/Carbon.framework/Versions/A/Frameworks/Help.framework/Versions/A/Help
0x0000000008c6a000 	/System/Library/Frameworks/Carbon.framework/Versions/A/Frameworks/ImageCapture.framework/Versions/A/ImageCapture
0x0000000008c6a000 	/System/Library/Frameworks/Carbon.framework/Versions/A/Frameworks/OpenScripting.framework/Versions/A/OpenScripting
0x0000000008c6a000 	/System/Library/Frameworks/Carbon.framework/Versions/A/Frameworks/Print.framework/Versions/A/Print
0x0000000008c6a000 	/System/Library/Frameworks/Carbon.framework/Versions/A/Frameworks/SecurityHI.framework/Versions/A/SecurityHI

VM Arguments:
jvm_args: -Xmx1024M -Dfile.encoding=UTF-8 -Duser.country=US -Duser.language=en -Duser.variant 
java_command: com.android.dx.command.Main --dex --output /Users/kwamecorp/Projects/Fairphone/fairphoneos_apps_fairphonelauncher3/build/intermediates/dex/debug /Users/kwamecorp/Projects/Fairphone/fairphoneos_apps_fairphonelauncher3/build/intermediates/classes/debug /Users/kwamecorp/Projects/Fairphone/fairphoneos_apps_fairphonelauncher3/build/intermediates/exploded-aar/com.android.support/support-v13/22.2.0/jars/libs/internal_impl-22.2.0.jar /Users/kwamecorp/Projects/Fairphone/fairphoneos_apps_fairphonelauncher3/build/intermediates/exploded-aar/com.android.support/support-v13/22.2.0/jars/classes.jar /Users/kwamecorp/Library/Android/sdk/extras/android/m2repository/com/android/support/support-annotations/22.2.0/support-annotations-22.2.0.jar /Users/kwamecorp/.gradle/caches/modules-2/files-2.1/com.crashlytics.android/crashlytics/1.1.13/e821eafa1bf489a26bdb71f95078c26785b37a1/crashlytics-1.1.13.jar /Users/kwamecorp/Projects/Fairphone/fairphoneos_apps_fairphonelauncher3/build/intermediates/exploded-aar/com.android.support/support-v4/22.2.0/jars/libs/internal_impl-22.2.0.jar /Users/kwamecorp/.gradle/caches/modules-2/files-2.1/com.googlecode.libphonenumber/libphonenumber/6.3.1/5f875341ac711fef76267f71f21b7d9124b2650c/libphonenumber-6.3.1.jar /Users/kwamecorp/Projects/Fairphone/fairphoneos_apps_fairphonelauncher3/build/intermediates/exploded-aar/com.android.support/support-v4/22.2.0/jars/classes.jar
java_class_path (initial): /Users/kwamecorp/Library/Android/sdk/build-tools/21.1.2/lib/dx.jar
Launcher Type: SUN_STANDARD

Environment Variables:
PATH=/usr/bin:/bin:/usr/sbin:/sbin
SHELL=/bin/bash
DISPLAY=/private/tmp/com.apple.launchd.5ZnX8XdGKf/org.macosforge.xquartz:0

Signal Handlers:
SIGSEGV: [libjvm.dylib+0x578fd7], sa_mask[0]=11111111011111110111111111111111, sa_flags=SA_ONSTACK|SA_RESTART|SA_SIGINFO
SIGBUS: [libjvm.dylib+0x578fd7], sa_mask[0]=11111111011111110111111111111111, sa_flags=SA_RESTART|SA_SIGINFO
SIGFPE: [libjvm.dylib+0x45ab0c], sa_mask[0]=11111111011111110111111111111111, sa_flags=SA_RESTART|SA_SIGINFO
SIGPIPE: [libjvm.dylib+0x45ab0c], sa_mask[0]=11111111011111110111111111111111, sa_flags=SA_RESTART|SA_SIGINFO
SIGXFSZ: [libjvm.dylib+0x45ab0c], sa_mask[0]=11111111011111110111111111111111, sa_flags=SA_RESTART|SA_SIGINFO
SIGILL: [libjvm.dylib+0x45ab0c], sa_mask[0]=11111111011111110111111111111111, sa_flags=SA_RESTART|SA_SIGINFO
SIGUSR1: SIG_DFL, sa_mask[0]=00000000000000000000000000000000, sa_flags=none
SIGUSR2: [libjvm.dylib+0x45a62a], sa_mask[0]=00100000000000000000000000000000, sa_flags=SA_RESTART|SA_SIGINFO
SIGHUP: [libjvm.dylib+0x458bfd], sa_mask[0]=11111111011111110111111111111111, sa_flags=SA_RESTART|SA_SIGINFO
SIGINT: [libjvm.dylib+0x458bfd], sa_mask[0]=11111111011111110111111111111111, sa_flags=SA_RESTART|SA_SIGINFO
SIGTERM: [libjvm.dylib+0x458bfd], sa_mask[0]=11111111011111110111111111111111, sa_flags=SA_RESTART|SA_SIGINFO
SIGQUIT: [libjvm.dylib+0x458bfd], sa_mask[0]=11111111011111110111111111111111, sa_flags=SA_RESTART|SA_SIGINFO


---------------  S Y S T E M  ---------------

OS:Bsduname:Darwin 14.4.0 Darwin Kernel Version 14.4.0: Thu May 28 11:35:04 PDT 2015; root:xnu-2782.30.5~1/RELEASE_X86_64 x86_64
rlimit: STACK 8192k, CORE 0k, NPROC 709, NOFILE 10240, AS infinity
load average:2.78 2.39 2.24

CPU:total 4 (2 cores per cpu, 2 threads per core) family 6 model 58 stepping 9, cmov, cx8, fxsr, mmx, sse, sse2, sse3, ssse3, sse4.1, sse4.2, popcnt, avx, aes, clmul, erms, ht, tsc, tscinvbit, tscinv

Memory: 4k page, physical 8388608k(23836k free)

/proc/meminfo:


vm_info: Java HotSpot(TM) 64-Bit Server VM (25.20-b23) for bsd-amd64 JRE (1.8.0_20-b26), built on Jul 30 2014 13:37:47 by "java_re" with gcc 4.2.1 (Based on Apple Inc. build 5658) (LLVM build 2336.9.00)

time: Wed Aug  5 11:09:30 2015
elapsed time: 8 seconds (0d 0h 0m 8s)

