#
# A fatal error has been detected by the Java Runtime Environment:
#
#  SIGSEGV (0xb) at pc=0x00000001045513f8, pid=2236, tid=9987
#
# JRE version: Java(TM) SE Runtime Environment (8.0_20-b26) (build 1.8.0_20-b26)
# Java VM: Java HotSpot(TM) 64-Bit Server VM (25.20-b23 mixed mode bsd-amd64 compressed oops)
# Problematic frame:
# V  [libjvm.dylib+0x1513f8]
#
# Failed to write core dump. Core dumps have been disabled. To enable core dumping, try "ulimit -c unlimited" before starting Java again
#
# If you would like to submit a bug report, please visit:
#   http://bugreport.sun.com/bugreport/crash.jsp
#

---------------  T H R E A D  ---------------

Current thread (0x00007f82ad013800):  GCTaskThread [stack: 0x0000000114e73000,0x0000000114f73000] [id=9987]

siginfo: si_signo: 11 (SIGSEGV), si_code: 1 (SEGV_MAPERR), si_addr: 0x0000000000000010

Registers:
RAX=0x0000000104bf0db0, RBX=0x0000000780bdbcc8, RCX=0x0000000104c9c603, RDX=0x00000007c008c001
RSP=0x0000000114f72cd0, RBP=0x0000000114f72d80, RSI=0x0000000780bdbca8, RDI=0x0000000000000008
R8 =0x0000000104c9c6f0, R9 =0x00000007bd4c2478, R10=0x00000007bd4ca478, R11=0xffffffffcae7fec0
R12=0x0000000114817f01, R13=0x0000000780be0010, R14=0x0000000114817f01, R15=0x0000000000000240
RIP=0x00000001045513f8, EFLAGS=0x0000000000010202, ERR=0x0000000000000004
  TRAPNO=0x000000000000000e

Top of Stack: (sp=0x0000000114f72cd0)
0x0000000114f72cd0:   0000000000002a00 0000000000000200
0x0000000114f72ce0:   fffffffeeb7c34cd 0000000000000080
0x0000000114f72cf0:   000000011483cb31 0000000110c12080
0x0000000114f72d00:   000000011483cb32 0000000003c05e00
0x0000000114f72d10:   fffffffeeb7e80ff 0000000003c2ab32
0x0000000114f72d20:   0000000114817f00 0000000114817e81
0x0000000114f72d30:   0000000785566240 0000000780be0010
0x0000000114f72d40:   00007f82ab712080 00007f82ac812740
0x0000000114f72d50:   00007f82ab711e00 00007f82ab506c80
0x0000000114f72d60:   0000000000000000 00000001049d3c2b
0x0000000114f72d70:   00007f82ac812740 0000000000000001
0x0000000114f72d80:   0000000114f72db0 000000010489ac0f
0x0000000114f72d90:   0000000000000004 00007f82ab714fe0
0x0000000114f72da0:   00007f82ad013800 00007f82ab506c80
0x0000000114f72db0:   0000000114f72e90 0000000104661cad
0x0000000114f72dc0:   0000000114f72df0 00007f82ab718330
0x0000000114f72dd0:   00007f82ab718360 00007f82ab718370
0x0000000114f72de0:   00007f82ab718748 00000000000003d8
0x0000000114f72df0:   00007f82ad013800 00007f82ab718750
0x0000000114f72e00:   00007f82ab718780 00007f82ab718790
0x0000000114f72e10:   00007f82ab718868 00000000000000d8
0x0000000114f72e20:   0000000114f72e30 0000000000000000
0x0000000114f72e30:   00007f82ad013800 00007f82ab718750
0x0000000114f72e40:   00007f82ab718780 00007f82ab718790
0x0000000114f72e50:   00007f82ab718868 00000000000000d8
0x0000000114f72e60:   00007f82ab718980 00007f82ad013800
0x0000000114f72e70:   000000000001bbc5 00000000000008ff
0x0000000114f72e80:   00007f82ab719240 00007f82ab7192b0
0x0000000114f72e90:   0000000114f72ef0 000000010485d35a
0x0000000114f72ea0:   0000000000000000 00007f82ab7192b0
0x0000000114f72eb0:   0000000600000000 000000000001bbc5
0x0000000114f72ec0:   0000000114f730e0 0000000114f73180 

Instructions: (pc=0x00000001045513f8)
0x00000001045513d8:   74 00 80 38 00 74 15 48 8d 05 ca f9 69 00 8a 48
0x00000001045513e8:   08 8b 7b 08 48 d3 e7 48 03 38 eb 04 48 8b 7b 08
0x00000001045513f8:   81 7f 08 ff ff ff bf 77 10 48 8b 07 48 8b 75 c8
0x0000000104551408:   48 89 da ff 90 10 01 00 00 48 89 df e8 ff c3 07 

Register to memory mapping:

RAX=0x0000000104bf0db0: _ZN8Universe13_narrow_klassE+0 in /Library/Java/JavaVirtualMachines/jdk1.8.0_20.jdk/Contents/Home/jre/lib/server/libjvm.dylib at 0x0000000104400000
RBX=
[error occurred during error reporting (printing register info), id 0xb]

Stack: [0x0000000114e73000,0x0000000114f73000],  sp=0x0000000114f72cd0,  free space=1023k
Native frames: (J=compiled Java code, j=interpreted, Vv=VM code, C=native code)
V  [libjvm.dylib+0x1513f8]
V  [libjvm.dylib+0x49ac0f]
V  [libjvm.dylib+0x261cad]
V  [libjvm.dylib+0x45d35a]
C  [libsystem_pthread.dylib+0x3268]  _pthread_body+0x83
C  [libsystem_pthread.dylib+0x31e5]  _pthread_body+0x0
C  [libsystem_pthread.dylib+0x141d]  thread_start+0xd


---------------  P R O C E S S  ---------------

Java Threads: ( => current thread )
  0x00007f82ad033000 JavaThread "Service Thread" daemon [_thread_blocked, id=18179, stack(0x000000011ac8a000,0x000000011ad8a000)]
  0x00007f82ad032800 JavaThread "C1 CompilerThread2" daemon [_thread_blocked, id=17667, stack(0x000000011ab87000,0x000000011ac87000)]
  0x00007f82ad031800 JavaThread "C2 CompilerThread1" daemon [_thread_blocked, id=17155, stack(0x000000011aa84000,0x000000011ab84000)]
  0x00007f82ad003000 JavaThread "C2 CompilerThread0" daemon [_thread_blocked, id=16643, stack(0x000000011a981000,0x000000011aa81000)]
  0x00007f82ab811800 JavaThread "Signal Dispatcher" daemon [_thread_blocked, id=16143, stack(0x000000011a87e000,0x000000011a97e000)]
  0x00007f82ac815800 JavaThread "Finalizer" daemon [_thread_blocked, id=11523, stack(0x0000000118e5b000,0x0000000118f5b000)]
  0x00007f82ab809000 JavaThread "Reference Handler" daemon [_thread_blocked, id=11011, stack(0x0000000118d58000,0x0000000118e58000)]
  0x00007f82ad006000 JavaThread "main" [_thread_blocked, id=4867, stack(0x000000010531c000,0x000000010541c000)]

Other Threads:
  0x00007f82ac813000 VMThread [stack: 0x0000000118c55000,0x0000000118d55000] [id=10499]
  0x00007f82ac81b800 WatcherThread [stack: 0x000000011ad8d000,0x000000011ae8d000] [id=18691]

=>0x00007f82ad013800 (exited) GCTaskThread [stack: 0x0000000114e73000,0x0000000114f73000] [id=9987]

VM state:at safepoint (normal execution)

VM Mutex/Monitor currently owned by a thread:  ([mutex/lock_event])
[0x00007f82ab40b860] Threads_lock - owner thread: 0x00007f82ac813000
[0x00007f82ab40bd60] Heap_lock - owner thread: 0x00007f82ad006000

Heap:
 PSYoungGen      total 290304K, used 271308K [0x00000007aab00000, 0x00000007c0000000, 0x00000007c0000000)
  eden space 257536K, 100% used [0x00000007aab00000,0x00000007ba680000,0x00000007ba680000)
  from space 32768K, 42% used [0x00000007ba680000,0x00000007bb3f3028,0x00000007bc680000)
  to   space 49664K, 22% used [0x00000007bcf80000,0x00000007bda72478,0x00000007c0000000)
 ParOldGen       total 165376K, used 87760K [0x0000000780000000, 0x000000078a180000, 0x00000007aab00000)
  object space 165376K, 53% used [0x0000000780000000,0x00000007855b6240,0x000000078a180000)
 Metaspace       used 6085K, capacity 7216K, committed 7296K, reserved 1056768K
  class space    used 572K, capacity 616K, committed 640K, reserved 1048576K

Card table byte_map: [0x0000000114812000,0x0000000114a13000] byte_map_base: 0x0000000110c12000

Marking Bits: (ParMarkBitMap*) 0x0000000104c9c330
 Begin Bits: [0x0000000114f75000, 0x0000000115f75000)
 End Bits:   [0x0000000115f75000, 0x0000000116f75000)

Polling page: 0x0000000103be2000

CodeCache: size=245760Kb used=9554Kb max_used=9566Kb free=236205Kb
 bounds [0x0000000105452000, 0x0000000105dc2000, 0x0000000114452000]
 total_blobs=2353 nmethods=2093 adapters=174
 compilation: enabled

Compilation events (10 events):
Event: 12.811 Thread 0x00007f82ad031800 nmethod 2172 0x000000010555fb50 code [0x000000010555fd00, 0x00000001055605b8]
Event: 12.812 Thread 0x00007f82ad031800 2126       4       com.android.dx.util.LabeledList::<init> (57 bytes)
Event: 12.818 Thread 0x00007f82ad032800 2194       3       com.android.dx.cf.code.ConcreteMethod::<init> (262 bytes)
Event: 12.820 Thread 0x00007f82ad032800 nmethod 2194 0x0000000105d60c10 code [0x0000000105d60ee0, 0x0000000105d62358]
Event: 12.837 Thread 0x00007f82ad031800 nmethod 2126 0x0000000105d88890 code [0x0000000105d88a40, 0x0000000105d895b8]
Event: 12.837 Thread 0x00007f82ad031800 2119       4       com.android.dx.ssa.SsaConverter::edgeSplitPredecessors (44 bytes)
Event: 12.850 Thread 0x00007f82ad031800 nmethod 2119 0x0000000105d86050 code [0x0000000105d86260, 0x0000000105d86980]
Event: 12.851 Thread 0x00007f82ad031800 2156       4       com.android.dx.cf.code.BytecodeArray::processWorkSet (50 bytes)
Event: 12.862 Thread 0x00007f82ad031800 nmethod 2156 0x0000000105d60490 code [0x0000000105d60600, 0x0000000105d60a48]
Event: 12.862 Thread 0x00007f82ad031800 2190       4       com.android.dx.ssa.ConstCollector::getConstsSortedByCountUse (386 bytes)

GC Heap History (10 events):
Event: 5.173 GC heap after
Heap after GC invocations=6 (full 0):
 PSYoungGen      total 146944K, used 14261K [0x00000007aab00000, 0x00000007b4e00000, 0x00000007c0000000)
  eden space 131584K, 0% used [0x00000007aab00000,0x00000007aab00000,0x00000007b2b80000)
  from space 15360K, 92% used [0x00000007b3c00000,0x00000007b49ed550,0x00000007b4b00000)
  to   space 16896K, 0% used [0x00000007b2b80000,0x00000007b2b80000,0x00000007b3c00000)
 ParOldGen       total 87552K, used 22792K [0x0000000780000000, 0x0000000785580000, 0x00000007aab00000)
  object space 87552K, 26% used [0x0000000780000000,0x0000000781642308,0x0000000785580000)
 Metaspace       used 6004K, capacity 7152K, committed 7296K, reserved 1056768K
  class space    used 571K, capacity 616K, committed 640K, reserved 1048576K
}
Event: 6.851 GC heap before
{Heap before GC invocations=7 (full 0):
 PSYoungGen      total 146944K, used 145845K [0x00000007aab00000, 0x00000007b4e00000, 0x00000007c0000000)
  eden space 131584K, 100% used [0x00000007aab00000,0x00000007b2b80000,0x00000007b2b80000)
  from space 15360K, 92% used [0x00000007b3c00000,0x00000007b49ed550,0x00000007b4b00000)
  to   space 16896K, 0% used [0x00000007b2b80000,0x00000007b2b80000,0x00000007b3c00000)
 ParOldGen       total 87552K, used 22792K [0x0000000780000000, 0x0000000785580000, 0x00000007aab00000)
  object space 87552K, 26% used [0x0000000780000000,0x0000000781642308,0x0000000785580000)
 Metaspace       used 6055K, capacity 7152K, committed 7296K, reserved 1056768K
  class space    used 571K, capacity 616K, committed 640K, reserved 1048576K
Event: 6.916 GC heap after
Heap after GC invocations=7 (full 0):
 PSYoungGen      total 148480K, used 16868K [0x00000007aab00000, 0x00000007be100000, 0x00000007c0000000)
  eden space 131584K, 0% used [0x00000007aab00000,0x00000007aab00000,0x00000007b2b80000)
  from space 16896K, 99% used [0x00000007b2b80000,0x00000007b3bf9180,0x00000007b3c00000)
  to   space 27136K, 0% used [0x00000007bc680000,0x00000007bc680000,0x00000007be100000)
 ParOldGen       total 87552K, used 38332K [0x0000000780000000, 0x0000000785580000, 0x00000007aab00000)
  object space 87552K, 43% used [0x0000000780000000,0x000000078256f290,0x0000000785580000)
 Metaspace       used 6055K, capacity 7152K, committed 7296K, reserved 1056768K
  class space    used 571K, capacity 616K, committed 640K, reserved 1048576K
}
Event: 7.713 GC heap before
{Heap before GC invocations=8 (full 0):
 PSYoungGen      total 148480K, used 148452K [0x00000007aab00000, 0x00000007be100000, 0x00000007c0000000)
  eden space 131584K, 100% used [0x00000007aab00000,0x00000007b2b80000,0x00000007b2b80000)
  from space 16896K, 99% used [0x00000007b2b80000,0x00000007b3bf9180,0x00000007b3c00000)
  to   space 27136K, 0% used [0x00000007bc680000,0x00000007bc680000,0x00000007be100000)
 ParOldGen       total 87552K, used 38332K [0x0000000780000000, 0x0000000785580000, 0x00000007aab00000)
  object space 87552K, 43% used [0x0000000780000000,0x000000078256f290,0x0000000785580000)
 Metaspace       used 6069K, capacity 7152K, committed 7296K, reserved 1056768K
  class space    used 571K, capacity 616K, committed 640K, reserved 1048576K
Event: 7.797 GC heap after
Heap after GC invocations=8 (full 0):
 PSYoungGen      total 284672K, used 27109K [0x00000007aab00000, 0x00000007bec00000, 0x00000007c0000000)
  eden space 257536K, 0% used [0x00000007aab00000,0x00000007aab00000,0x00000007ba680000)
  from space 27136K, 99% used [0x00000007bc680000,0x00000007be0f9430,0x00000007be100000)
  to   space 32768K, 0% used [0x00000007ba680000,0x00000007ba680000,0x00000007bc680000)
 ParOldGen       total 87552K, used 41694K [0x0000000780000000, 0x0000000785580000, 0x00000007aab00000)
  object space 87552K, 47% used [0x0000000780000000,0x00000007828b7a78,0x0000000785580000)
 Metaspace       used 6069K, capacity 7152K, committed 7296K, reserved 1056768K
  class space    used 571K, capacity 616K, committed 640K, reserved 1048576K
}
Event: 9.849 GC heap before
{Heap before GC invocations=9 (full 0):
 PSYoungGen      total 284672K, used 284645K [0x00000007aab00000, 0x00000007bec00000, 0x00000007c0000000)
  eden space 257536K, 100% used [0x00000007aab00000,0x00000007ba680000,0x00000007ba680000)
  from space 27136K, 99% used [0x00000007bc680000,0x00000007be0f9430,0x00000007be100000)
  to   space 32768K, 0% used [0x00000007ba680000,0x00000007ba680000,0x00000007bc680000)
 ParOldGen       total 87552K, used 41694K [0x0000000780000000, 0x0000000785580000, 0x00000007aab00000)
  object space 87552K, 47% used [0x0000000780000000,0x00000007828b7a78,0x0000000785580000)
 Metaspace       used 6079K, capacity 7152K, committed 7296K, reserved 1056768K
  class space    used 572K, capacity 616K, committed 640K, reserved 1048576K
Event: 9.999 GC heap after
Heap after GC invocations=9 (full 0):
 PSYoungGen      total 290304K, used 32760K [0x00000007aab00000, 0x00000007c0000000, 0x00000007c0000000)
  eden space 257536K, 0% used [0x00000007aab00000,0x00000007aab00000,0x00000007ba680000)
  from space 32768K, 99% used [0x00000007ba680000,0x00000007bc67e3d0,0x00000007bc680000)
  to   space 49664K, 0% used [0x00000007bcf80000,0x00000007bcf80000,0x00000007c0000000)
 ParOldGen       total 87552K, used 70756K [0x0000000780000000, 0x0000000785580000, 0x00000007aab00000)
  object space 87552K, 80% used [0x0000000780000000,0x0000000784519178,0x0000000785580000)
 Metaspace       used 6079K, capacity 7152K, committed 7296K, reserved 1056768K
  class space    used 572K, capacity 616K, committed 640K, reserved 1048576K
}
Event: 9.999 GC heap before
{Heap before GC invocations=10 (full 1):
 PSYoungGen      total 290304K, used 32760K [0x00000007aab00000, 0x00000007c0000000, 0x00000007c0000000)
  eden space 257536K, 0% used [0x00000007aab00000,0x00000007aab00000,0x00000007ba680000)
  from space 32768K, 99% used [0x00000007ba680000,0x00000007bc67e3d0,0x00000007bc680000)
  to   space 49664K, 0% used [0x00000007bcf80000,0x00000007bcf80000,0x00000007c0000000)
 ParOldGen       total 87552K, used 70756K [0x0000000780000000, 0x0000000785580000, 0x00000007aab00000)
  object space 87552K, 80% used [0x0000000780000000,0x0000000784519178,0x0000000785580000)
 Metaspace       used 6079K, capacity 7152K, committed 7296K, reserved 1056768K
  class space    used 572K, capacity 616K, committed 640K, reserved 1048576K
Event: 11.060 GC heap after
Heap after GC invocations=10 (full 1):
 PSYoungGen      total 290304K, used 13772K [0x00000007aab00000, 0x00000007c0000000, 0x00000007c0000000)
  eden space 257536K, 0% used [0x00000007aab00000,0x00000007aab00000,0x00000007ba680000)
  from space 32768K, 42% used [0x00000007ba680000,0x00000007bb3f3028,0x00000007bc680000)
  to   space 49664K, 0% used [0x00000007bcf80000,0x00000007bcf80000,0x00000007c0000000)
 ParOldGen       total 165376K, used 87448K [0x0000000780000000, 0x000000078a180000, 0x00000007aab00000)
  object space 165376K, 52% used [0x0000000780000000,0x0000000785566240,0x000000078a180000)
 Metaspace       used 6079K, capacity 7152K, committed 7296K, reserved 1056768K
  class space    used 572K, capacity 616K, committed 640K, reserved 1048576K
}
Event: 12.880 GC heap before
{Heap before GC invocations=11 (full 1):
 PSYoungGen      total 290304K, used 271308K [0x00000007aab00000, 0x00000007c0000000, 0x00000007c0000000)
  eden space 257536K, 100% used [0x00000007aab00000,0x00000007ba680000,0x00000007ba680000)
  from space 32768K, 42% used [0x00000007ba680000,0x00000007bb3f3028,0x00000007bc680000)
  to   space 49664K, 0% used [0x00000007bcf80000,0x00000007bcf80000,0x00000007c0000000)
 ParOldGen       total 165376K, used 87448K [0x0000000780000000, 0x000000078a180000, 0x00000007aab00000)
  object space 165376K, 52% used [0x0000000780000000,0x0000000785566240,0x000000078a180000)
 Metaspace       used 6085K, capacity 7216K, committed 7296K, reserved 1056768K
  class space    used 572K, capacity 616K, committed 640K, reserved 1048576K

Deoptimization events (10 events):
Event: 6.747 Thread 0x00007f82ad006000 Uncommon trap: reason=bimorphic action=maybe_recompile pc=0x0000000105b90978 method=com.android.dx.cf.code.BytecodeArray.parseInstruction(ILcom/android/dx/cf/code/BytecodeArray$Visitor;)I @ 1287
Event: 6.747 Thread 0x00007f82ad006000 Uncommon trap: reason=bimorphic action=maybe_recompile pc=0x0000000105b90978 method=com.android.dx.cf.code.BytecodeArray.parseInstruction(ILcom/android/dx/cf/code/BytecodeArray$Visitor;)I @ 1287
Event: 7.999 Thread 0x00007f82ad006000 Uncommon trap: reason=bimorphic action=maybe_recompile pc=0x0000000105bff94c method=com.android.dx.rop.code.RegisterSpec.getFrameType()Lcom/android/dx/rop/type/TypeBearer; @ 4
Event: 7.999 Thread 0x00007f82ad006000 Uncommon trap: reason=bimorphic action=maybe_recompile pc=0x0000000105bfe9d8 method=com.android.dx.cf.code.OneLocalsArray.set(ILcom/android/dx/rop/type/TypeBearer;)V @ 85
Event: 8.924 Thread 0x00007f82ad006000 Uncommon trap: reason=bimorphic action=maybe_recompile pc=0x0000000105c1223c method=com.android.dx.cf.code.BytecodeArray.parseInstruction(ILcom/android/dx/cf/code/BytecodeArray$Visitor;)I @ 1477
Event: 8.924 Thread 0x00007f82ad006000 Uncommon trap: reason=bimorphic action=maybe_recompile pc=0x0000000105c1223c method=com.android.dx.cf.code.BytecodeArray.parseInstruction(ILcom/android/dx/cf/code/BytecodeArray$Visitor;)I @ 1477
Event: 11.353 Thread 0x00007f82ad006000 Uncommon trap: reason=class_check action=maybe_recompile pc=0x0000000105c750f0 method=com.android.dx.cf.code.Ropper.processBlock(Lcom/android/dx/cf/code/ByteBlock;Lcom/android/dx/cf/code/Frame;[I)V @ 711
Event: 11.353 Thread 0x00007f82ad006000 Uncommon trap: reason=class_check action=maybe_recompile pc=0x0000000105c750f0 method=com.android.dx.cf.code.Ropper.processBlock(Lcom/android/dx/cf/code/ByteBlock;Lcom/android/dx/cf/code/Frame;[I)V @ 711
Event: 11.354 Thread 0x00007f82ad006000 Uncommon trap: reason=class_check action=maybe_recompile pc=0x0000000105c750f0 method=com.android.dx.cf.code.Ropper.processBlock(Lcom/android/dx/cf/code/ByteBlock;Lcom/android/dx/cf/code/Frame;[I)V @ 711
Event: 11.354 Thread 0x00007f82ad006000 Uncommon trap: reason=class_check action=maybe_recompile pc=0x0000000105c750f0 method=com.android.dx.cf.code.Ropper.processBlock(Lcom/android/dx/cf/code/ByteBlock;Lcom/android/dx/cf/code/Frame;[I)V @ 711

Internal exceptions (10 events):
Event: 1.891 Thread 0x00007f82ad006000 Exception <a 'java/lang/ArrayIndexOutOfBoundsException': 18> (0x00000007aca30898) thrown at [/HUDSON3/workspace/8-2-build-macosx-x86_64/jdk8u20/1074/hotspot/src/share/vm/interpreter/interpreterRuntime.cpp, line 366]
Event: 1.891 Thread 0x00007f82ad006000 Exception <a 'java/lang/ArrayIndexOutOfBoundsException': 145> (0x00000007aca32330) thrown at [/HUDSON3/workspace/8-2-build-macosx-x86_64/jdk8u20/1074/hotspot/src/share/vm/interpreter/interpreterRuntime.cpp, line 366]
Event: 1.892 Thread 0x00007f82ad006000 Exception <a 'java/lang/ArrayIndexOutOfBoundsException'> (0x00000007aca33548) thrown at [/HUDSON3/workspace/8-2-build-macosx-x86_64/jdk8u20/1074/hotspot/src/share/vm/runtime/sharedRuntime.cpp, line 604]
Event: 2.123 Thread 0x00007f82ad006000 Exception <a 'java/security/PrivilegedActionException'> (0x00000007ab888e68) thrown at [/HUDSON3/workspace/8-2-build-macosx-x86_64/jdk8u20/1074/hotspot/src/share/vm/prims/jvm.cpp, line 1275]
Event: 2.183 Thread 0x00007f82ad006000 Exception <a 'java/security/PrivilegedActionException'> (0x00000007abe55068) thrown at [/HUDSON3/workspace/8-2-build-macosx-x86_64/jdk8u20/1074/hotspot/src/share/vm/prims/jvm.cpp, line 1275]
Event: 2.185 Thread 0x00007f82ad006000 Exception <a 'java/security/PrivilegedActionException'> (0x00000007abe60808) thrown at [/HUDSON3/workspace/8-2-build-macosx-x86_64/jdk8u20/1074/hotspot/src/share/vm/prims/jvm.cpp, line 1275]
Event: 2.188 Thread 0x00007f82ad006000 Exception <a 'java/security/PrivilegedActionException'> (0x00000007abe640b0) thrown at [/HUDSON3/workspace/8-2-build-macosx-x86_64/jdk8u20/1074/hotspot/src/share/vm/prims/jvm.cpp, line 1275]
Event: 3.545 Thread 0x00007f82ad006000 Exception <a 'java/security/PrivilegedActionException'> (0x00000007acc8aa10) thrown at [/HUDSON3/workspace/8-2-build-macosx-x86_64/jdk8u20/1074/hotspot/src/share/vm/prims/jvm.cpp, line 1275]
Event: 5.702 Thread 0x00007f82ad006000 Exception <a 'java/security/PrivilegedActionException'> (0x00000007acb15ce8) thrown at [/HUDSON3/workspace/8-2-build-macosx-x86_64/jdk8u20/1074/hotspot/src/share/vm/prims/jvm.cpp, line 1275]
Event: 7.960 Thread 0x00007f82ad006000 Exception <a 'java/security/PrivilegedActionException'> (0x00000007ac730b80) thrown at [/HUDSON3/workspace/8-2-build-macosx-x86_64/jdk8u20/1074/hotspot/src/share/vm/prims/jvm.cpp, line 1275]

Events (10 events):
Event: 12.696 Thread 0x00007f82ad031800 flushing nmethod 0x00000001055759d0
Event: 12.696 Thread 0x00007f82ad031800 flushing nmethod 0x000000010557ced0
Event: 12.696 Thread 0x00007f82ad031800 flushing nmethod 0x000000010557e310
Event: 12.696 Thread 0x00007f82ad031800 flushing nmethod 0x000000010557e610
Event: 12.700 Thread 0x00007f82ad032800 flushing nmethod 0x00000001055ab9d0
Event: 12.769 Thread 0x00007f82ad006000 DEOPT PACKING pc=0x00000001058b4ed1 sp=0x000000010541a780
Event: 12.769 Thread 0x00007f82ad006000 DEOPT UNPACKING pc=0x0000000105499373 sp=0x000000010541a500 mode 0
Event: 12.848 Thread 0x00007f82ad006000 DEOPT PACKING pc=0x00000001057b412d sp=0x000000010541a7b0
Event: 12.848 Thread 0x00007f82ad006000 DEOPT UNPACKING pc=0x0000000105499373 sp=0x000000010541a570 mode 0
Event: 12.880 Executing VM operation: ParallelGCFailedAllocation


Dynamic libraries:
0x000000000273f000 	/System/Library/Frameworks/Cocoa.framework/Versions/A/Cocoa
0x000000000273f000 	/System/Library/Frameworks/Security.framework/Versions/A/Security
0x000000000273f000 	/System/Library/Frameworks/ApplicationServices.framework/Versions/A/ApplicationServices
0x000000000273f000 	/usr/lib/libz.1.dylib
0x000000000273f000 	/usr/lib/libSystem.B.dylib
0x000000000273f000 	/usr/lib/libobjc.A.dylib
0x000000000273f000 	/System/Library/Frameworks/CoreFoundation.framework/Versions/A/CoreFoundation
0x000000000273f000 	/System/Library/Frameworks/Foundation.framework/Versions/C/Foundation
0x000000000273f000 	/System/Library/Frameworks/AppKit.framework/Versions/C/AppKit
0x000000000273f000 	/System/Library/Frameworks/CoreData.framework/Versions/A/CoreData
0x000000000273f000 	/System/Library/PrivateFrameworks/RemoteViewServices.framework/Versions/A/RemoteViewServices
0x000000000273f000 	/System/Library/PrivateFrameworks/UIFoundation.framework/Versions/A/UIFoundation
0x000000000273f000 	/System/Library/Frameworks/IOSurface.framework/Versions/A/IOSurface
0x000000000273f000 	/System/Library/Frameworks/AudioToolbox.framework/Versions/A/AudioToolbox
0x000000000273f000 	/System/Library/Frameworks/AudioUnit.framework/Versions/A/AudioUnit
0x000000000273f000 	/System/Library/PrivateFrameworks/DataDetectorsCore.framework/Versions/A/DataDetectorsCore
0x000000000273f000 	/System/Library/PrivateFrameworks/DesktopServicesPriv.framework/Versions/A/DesktopServicesPriv
0x000000000273f000 	/System/Library/Frameworks/Carbon.framework/Versions/A/Frameworks/HIToolbox.framework/Versions/A/HIToolbox
0x000000000273f000 	/System/Library/Frameworks/QuartzCore.framework/Versions/A/QuartzCore
0x000000000273f000 	/System/Library/Frameworks/Carbon.framework/Versions/A/Frameworks/SpeechRecognition.framework/Versions/A/SpeechRecognition
0x000000000273f000 	/usr/lib/libauto.dylib
0x000000000273f000 	/usr/lib/libicucore.A.dylib
0x000000000273f000 	/usr/lib/libxml2.2.dylib
0x000000000273f000 	/System/Library/PrivateFrameworks/CoreUI.framework/Versions/A/CoreUI
0x000000000273f000 	/System/Library/Frameworks/CoreAudio.framework/Versions/A/CoreAudio
0x000000000273f000 	/System/Library/Frameworks/DiskArbitration.framework/Versions/A/DiskArbitration
0x000000000273f000 	/usr/lib/liblangid.dylib
0x000000000273f000 	/System/Library/PrivateFrameworks/MultitouchSupport.framework/Versions/A/MultitouchSupport
0x000000000273f000 	/System/Library/Frameworks/IOKit.framework/Versions/A/IOKit
0x000000000273f000 	/usr/lib/libDiagnosticMessagesClient.dylib
0x000000000273f000 	/System/Library/Frameworks/CoreServices.framework/Versions/A/CoreServices
0x000000000273f000 	/System/Library/PrivateFrameworks/PerformanceAnalysis.framework/Versions/A/PerformanceAnalysis
0x000000000273f000 	/System/Library/PrivateFrameworks/GenerationalStorage.framework/Versions/A/GenerationalStorage
0x000000000273f000 	/System/Library/Frameworks/OpenGL.framework/Versions/A/OpenGL
0x000000000273f000 	/System/Library/PrivateFrameworks/Sharing.framework/Versions/A/Sharing
0x000000000273f000 	/System/Library/Frameworks/CoreGraphics.framework/Versions/A/CoreGraphics
0x000000000273f000 	/System/Library/Frameworks/CoreText.framework/Versions/A/CoreText
0x000000000273f000 	/System/Library/Frameworks/ImageIO.framework/Versions/A/ImageIO
0x000000000273f000 	/usr/lib/libextension.dylib
0x000000000273f000 	/System/Library/PrivateFrameworks/Backup.framework/Versions/A/Backup
0x000000000273f000 	/usr/lib/libarchive.2.dylib
0x000000000273f000 	/System/Library/Frameworks/CFNetwork.framework/Versions/A/CFNetwork
0x000000000273f000 	/System/Library/Frameworks/SystemConfiguration.framework/Versions/A/SystemConfiguration
0x000000000273f000 	/usr/lib/libCRFSuite.dylib
0x000000000273f000 	/usr/lib/libc++.1.dylib
0x000000000273f000 	/usr/lib/libc++abi.dylib
0x000000000273f000 	/usr/lib/system/libcache.dylib
0x000000000273f000 	/usr/lib/system/libcommonCrypto.dylib
0x000000000273f000 	/usr/lib/system/libcompiler_rt.dylib
0x000000000273f000 	/usr/lib/system/libcopyfile.dylib
0x000000000273f000 	/usr/lib/system/libcorecrypto.dylib
0x000000000273f000 	/usr/lib/system/libdispatch.dylib
0x000000000273f000 	/usr/lib/system/libdyld.dylib
0x000000000273f000 	/usr/lib/system/libkeymgr.dylib
0x000000000273f000 	/usr/lib/system/liblaunch.dylib
0x000000000273f000 	/usr/lib/system/libmacho.dylib
0x000000000273f000 	/usr/lib/system/libquarantine.dylib
0x000000000273f000 	/usr/lib/system/libremovefile.dylib
0x000000000273f000 	/usr/lib/system/libsystem_asl.dylib
0x000000000273f000 	/usr/lib/system/libsystem_blocks.dylib
0x000000000273f000 	/usr/lib/system/libsystem_c.dylib
0x000000000273f000 	/usr/lib/system/libsystem_configuration.dylib
0x000000000273f000 	/usr/lib/system/libsystem_coreservices.dylib
0x000000000273f000 	/usr/lib/system/libsystem_coretls.dylib
0x000000000273f000 	/usr/lib/system/libsystem_dnssd.dylib
0x000000000273f000 	/usr/lib/system/libsystem_info.dylib
0x000000000273f000 	/usr/lib/system/libsystem_kernel.dylib
0x000000000273f000 	/usr/lib/system/libsystem_m.dylib
0x000000000273f000 	/usr/lib/system/libsystem_malloc.dylib
0x000000000273f000 	/usr/lib/system/libsystem_network.dylib
0x000000000273f000 	/usr/lib/system/libsystem_networkextension.dylib
0x000000000273f000 	/usr/lib/system/libsystem_notify.dylib
0x000000000273f000 	/usr/lib/system/libsystem_platform.dylib
0x000000000273f000 	/usr/lib/system/libsystem_pthread.dylib
0x000000000273f000 	/usr/lib/system/libsystem_sandbox.dylib
0x000000000273f000 	/usr/lib/system/libsystem_secinit.dylib
0x000000000273f000 	/usr/lib/system/libsystem_stats.dylib
0x000000000273f000 	/usr/lib/system/libsystem_trace.dylib
0x000000000273f000 	/usr/lib/system/libunc.dylib
0x000000000273f000 	/usr/lib/system/libunwind.dylib
0x000000000273f000 	/usr/lib/system/libxpc.dylib
0x000000000273f000 	/usr/lib/libbz2.1.0.dylib
0x000000000273f000 	/usr/lib/liblzma.5.dylib
0x000000000273f000 	/usr/lib/libbsm.0.dylib
0x000000000273f000 	/usr/lib/libsqlite3.dylib
0x000000000273f000 	/usr/lib/system/libkxld.dylib
0x000000000273f000 	/usr/lib/libxar.1.dylib
0x000000000273f000 	/usr/lib/libpam.2.dylib
0x000000000273f000 	/usr/lib/libOpenScriptingUtil.dylib
0x000000000273f000 	/System/Library/Frameworks/CoreServices.framework/Versions/A/Frameworks/FSEvents.framework/Versions/A/FSEvents
0x000000000273f000 	/System/Library/Frameworks/CoreServices.framework/Versions/A/Frameworks/CarbonCore.framework/Versions/A/CarbonCore
0x000000000273f000 	/System/Library/Frameworks/CoreServices.framework/Versions/A/Frameworks/Metadata.framework/Versions/A/Metadata
0x000000000273f000 	/System/Library/Frameworks/CoreServices.framework/Versions/A/Frameworks/OSServices.framework/Versions/A/OSServices
0x000000000273f000 	/System/Library/Frameworks/CoreServices.framework/Versions/A/Frameworks/SearchKit.framework/Versions/A/SearchKit
0x000000000273f000 	/System/Library/Frameworks/CoreServices.framework/Versions/A/Frameworks/AE.framework/Versions/A/AE
0x000000000273f000 	/System/Library/Frameworks/CoreServices.framework/Versions/A/Frameworks/LaunchServices.framework/Versions/A/LaunchServices
0x000000000273f000 	/System/Library/Frameworks/CoreServices.framework/Versions/A/Frameworks/DictionaryServices.framework/Versions/A/DictionaryServices
0x000000000273f000 	/System/Library/Frameworks/NetFS.framework/Versions/A/NetFS
0x000000000273f000 	/System/Library/PrivateFrameworks/NetAuth.framework/Versions/A/NetAuth
0x000000000273f000 	/System/Library/PrivateFrameworks/login.framework/Versions/A/Frameworks/loginsupport.framework/Versions/A/loginsupport
0x000000000273f000 	/System/Library/PrivateFrameworks/TCC.framework/Versions/A/TCC
0x000000000273f000 	/usr/lib/libmecabra.dylib
0x000000000273f000 	/System/Library/Frameworks/ApplicationServices.framework/Versions/A/Frameworks/ATS.framework/Versions/A/ATS
0x000000000273f000 	/System/Library/Frameworks/ApplicationServices.framework/Versions/A/Frameworks/ColorSync.framework/Versions/A/ColorSync
0x000000000273f000 	/System/Library/Frameworks/ApplicationServices.framework/Versions/A/Frameworks/HIServices.framework/Versions/A/HIServices
0x000000000273f000 	/System/Library/Frameworks/ApplicationServices.framework/Versions/A/Frameworks/LangAnalysis.framework/Versions/A/LangAnalysis
0x000000000273f000 	/System/Library/Frameworks/ApplicationServices.framework/Versions/A/Frameworks/PrintCore.framework/Versions/A/PrintCore
0x000000000273f000 	/System/Library/Frameworks/ApplicationServices.framework/Versions/A/Frameworks/QD.framework/Versions/A/QD
0x000000000273f000 	/System/Library/Frameworks/ApplicationServices.framework/Versions/A/Frameworks/SpeechSynthesis.framework/Versions/A/SpeechSynthesis
0x000000000273f000 	/System/Library/Frameworks/Accelerate.framework/Versions/A/Accelerate
0x000000000273f000 	/System/Library/Frameworks/Accelerate.framework/Versions/A/Frameworks/vImage.framework/Versions/A/vImage
0x000000000273f000 	/System/Library/Frameworks/Accelerate.framework/Versions/A/Frameworks/vecLib.framework/Versions/A/vecLib
0x000000000273f000 	/System/Library/Frameworks/Accelerate.framework/Versions/A/Frameworks/vecLib.framework/Versions/A/libvDSP.dylib
0x000000000273f000 	/System/Library/Frameworks/Accelerate.framework/Versions/A/Frameworks/vecLib.framework/Versions/A/libvMisc.dylib
0x000000000273f000 	/System/Library/Frameworks/Accelerate.framework/Versions/A/Frameworks/vecLib.framework/Versions/A/libLAPACK.dylib
0x000000000273f000 	/System/Library/Frameworks/Accelerate.framework/Versions/A/Frameworks/vecLib.framework/Versions/A/libBLAS.dylib
0x000000000273f000 	/System/Library/Frameworks/Accelerate.framework/Versions/A/Frameworks/vecLib.framework/Versions/A/libLinearAlgebra.dylib
0x000000000273f000 	/System/Library/Frameworks/ApplicationServices.framework/Versions/A/Frameworks/ATS.framework/Versions/A/Resources/libFontParser.dylib
0x000000000273f000 	/System/Library/Frameworks/ApplicationServices.framework/Versions/A/Frameworks/ATS.framework/Versions/A/Resources/libFontRegistry.dylib
0x000000000273f000 	/System/Library/PrivateFrameworks/AppleVPA.framework/Versions/A/AppleVPA
0x000000000273f000 	/System/Library/PrivateFrameworks/AppleJPEG.framework/Versions/A/AppleJPEG
0x000000000273f000 	/System/Library/Frameworks/ImageIO.framework/Versions/A/Resources/libJPEG.dylib
0x000000000273f000 	/System/Library/Frameworks/ImageIO.framework/Versions/A/Resources/libTIFF.dylib
0x000000000273f000 	/System/Library/Frameworks/ImageIO.framework/Versions/A/Resources/libPng.dylib
0x000000000273f000 	/System/Library/Frameworks/ImageIO.framework/Versions/A/Resources/libGIF.dylib
0x000000000273f000 	/System/Library/Frameworks/ImageIO.framework/Versions/A/Resources/libJP2.dylib
0x000000000273f000 	/System/Library/Frameworks/ImageIO.framework/Versions/A/Resources/libRadiance.dylib
0x000000000273f000 	/System/Library/Frameworks/CoreVideo.framework/Versions/A/CoreVideo
0x000000000273f000 	/System/Library/Frameworks/OpenGL.framework/Versions/A/Libraries/libGLU.dylib
0x000000000273f000 	/System/Library/Frameworks/OpenGL.framework/Versions/A/Libraries/libGFXShared.dylib
0x000000000273f000 	/System/Library/Frameworks/OpenGL.framework/Versions/A/Libraries/libGL.dylib
0x000000000273f000 	/System/Library/Frameworks/OpenGL.framework/Versions/A/Libraries/libGLImage.dylib
0x000000000273f000 	/System/Library/Frameworks/OpenGL.framework/Versions/A/Libraries/libCVMSPluginSupport.dylib
0x000000000273f000 	/System/Library/Frameworks/OpenGL.framework/Versions/A/Libraries/libCoreVMClient.dylib
0x000000000273f000 	/usr/lib/libcups.2.dylib
0x000000000273f000 	/System/Library/Frameworks/Kerberos.framework/Versions/A/Kerberos
0x000000000273f000 	/System/Library/Frameworks/GSS.framework/Versions/A/GSS
0x000000000273f000 	/usr/lib/libresolv.9.dylib
0x000000000273f000 	/usr/lib/libiconv.2.dylib
0x000000000273f000 	/System/Library/PrivateFrameworks/Heimdal.framework/Versions/A/Heimdal
0x000000000273f000 	/usr/lib/libheimdal-asn1.dylib
0x000000000273f000 	/System/Library/Frameworks/OpenDirectory.framework/Versions/A/OpenDirectory
0x000000000273f000 	/System/Library/PrivateFrameworks/CommonAuth.framework/Versions/A/CommonAuth
0x000000000273f000 	/System/Library/Frameworks/OpenDirectory.framework/Versions/A/Frameworks/CFOpenDirectory.framework/Versions/A/CFOpenDirectory
0x000000000273f000 	/System/Library/Frameworks/SecurityFoundation.framework/Versions/A/SecurityFoundation
0x000000000273f000 	/System/Library/PrivateFrameworks/LanguageModeling.framework/Versions/A/LanguageModeling
0x000000000273f000 	/usr/lib/libcmph.dylib
0x000000000273f000 	/System/Library/Frameworks/ServiceManagement.framework/Versions/A/ServiceManagement
0x000000000273f000 	/usr/lib/libxslt.1.dylib
0x000000000273f000 	/System/Library/Frameworks/Carbon.framework/Versions/A/Frameworks/Ink.framework/Versions/A/Ink
0x000000000273f000 	/System/Library/Frameworks/QuartzCore.framework/Versions/A/Frameworks/CoreImage.framework/Versions/A/CoreImage
0x000000000273f000 	/System/Library/PrivateFrameworks/CrashReporterSupport.framework/Versions/A/CrashReporterSupport
0x000000000273f000 	/System/Library/Frameworks/OpenCL.framework/Versions/A/OpenCL
0x000000000273f000 	/System/Library/PrivateFrameworks/FaceCore.framework/Versions/A/FaceCore
0x000000000273f000 	/System/Library/PrivateFrameworks/Ubiquity.framework/Versions/A/Ubiquity
0x000000000273f000 	/System/Library/PrivateFrameworks/IconServices.framework/Versions/A/IconServices
0x000000000273f000 	/System/Library/PrivateFrameworks/ChunkingLibrary.framework/Versions/A/ChunkingLibrary
0x000000000273f000 	/System/Library/PrivateFrameworks/Apple80211.framework/Versions/A/Apple80211
0x000000000273f000 	/System/Library/Frameworks/CoreWLAN.framework/Versions/A/CoreWLAN
0x000000000273f000 	/System/Library/Frameworks/IOBluetooth.framework/Versions/A/IOBluetooth
0x000000000273f000 	/System/Library/PrivateFrameworks/CoreWiFi.framework/Versions/A/CoreWiFi
0x000000000273f000 	/System/Library/Frameworks/CoreBluetooth.framework/Versions/A/CoreBluetooth
0x000000000273f000 	/System/Library/PrivateFrameworks/DebugSymbols.framework/Versions/A/DebugSymbols
0x000000000273f000 	/System/Library/PrivateFrameworks/CoreSymbolication.framework/Versions/A/CoreSymbolication
0x000000000273f000 	/System/Library/PrivateFrameworks/Symbolication.framework/Versions/A/Symbolication
0x000000000273f000 	/System/Library/PrivateFrameworks/SpeechRecognitionCore.framework/Versions/A/SpeechRecognitionCore
0x0000000104400000 	/Library/Java/JavaVirtualMachines/jdk1.8.0_20.jdk/Contents/Home/jre/lib/server/libjvm.dylib
0x000000000273f000 	/usr/lib/libstdc++.6.dylib
0x0000000103bd4000 	/Library/Java/JavaVirtualMachines/jdk1.8.0_20.jdk/Contents/Home/jre/lib/libverify.dylib
0x000000010541e000 	/Library/Java/JavaVirtualMachines/jdk1.8.0_20.jdk/Contents/Home/jre/lib/libjava.dylib
0x0000000103bec000 	/Library/Java/JavaVirtualMachines/jdk1.8.0_20.jdk/Contents/Home/jre/lib/libzip.dylib
0x0000000118f5d000 	/System/Library/Frameworks/JavaVM.framework/Frameworks/JavaRuntimeSupport.framework/JavaRuntimeSupport
0x0000000118f75000 	/System/Library/Frameworks/JavaVM.framework/Versions/A/Frameworks/JavaNativeFoundation.framework/Versions/A/JavaNativeFoundation
0x0000000118f8a000 	/System/Library/Frameworks/JavaVM.framework/Versions/A/JavaVM
0x000000000273f000 	/System/Library/Frameworks/Carbon.framework/Versions/A/Carbon
0x0000000118f97000 	/System/Library/PrivateFrameworks/JavaLaunching.framework/Versions/A/JavaLaunching
0x000000000273f000 	/System/Library/Frameworks/Carbon.framework/Versions/A/Frameworks/CommonPanels.framework/Versions/A/CommonPanels
0x000000000273f000 	/System/Library/Frameworks/Carbon.framework/Versions/A/Frameworks/Help.framework/Versions/A/Help
0x000000000273f000 	/System/Library/Frameworks/Carbon.framework/Versions/A/Frameworks/ImageCapture.framework/Versions/A/ImageCapture
0x000000000273f000 	/System/Library/Frameworks/Carbon.framework/Versions/A/Frameworks/OpenScripting.framework/Versions/A/OpenScripting
0x000000000273f000 	/System/Library/Frameworks/Carbon.framework/Versions/A/Frameworks/Print.framework/Versions/A/Print
0x000000000273f000 	/System/Library/Frameworks/Carbon.framework/Versions/A/Frameworks/SecurityHI.framework/Versions/A/SecurityHI

VM Arguments:
jvm_args: -Xmx1024M -Dfile.encoding=UTF-8 -Duser.country=US -Duser.language=en -Duser.variant 
java_command: com.android.dx.command.Main --dex --output /Users/kwamecorp/Projects/Fairphone/fairphoneos_apps_fairphonelauncher3/build/intermediates/dex/debug /Users/kwamecorp/Projects/Fairphone/fairphoneos_apps_fairphonelauncher3/build/intermediates/classes/debug /Users/kwamecorp/Projects/Fairphone/fairphoneos_apps_fairphonelauncher3/build/intermediates/exploded-aar/com.android.support/support-v13/22.2.0/jars/libs/internal_impl-22.2.0.jar /Users/kwamecorp/Projects/Fairphone/fairphoneos_apps_fairphonelauncher3/build/intermediates/exploded-aar/com.android.support/support-v13/22.2.0/jars/classes.jar /Users/kwamecorp/Library/Android/sdk/extras/android/m2repository/com/android/support/support-annotations/22.2.0/support-annotations-22.2.0.jar /Users/kwamecorp/.gradle/caches/modules-2/files-2.1/com.crashlytics.android/crashlytics/1.1.13/e821eafa1bf489a26bdb71f95078c26785b37a1/crashlytics-1.1.13.jar /Users/kwamecorp/Projects/Fairphone/fairphoneos_apps_fairphonelauncher3/build/intermediates/exploded-aar/com.android.support/support-v4/22.2.0/jars/libs/internal_impl-22.2.0.jar /Users/kwamecorp/.gradle/caches/modules-2/files-2.1/com.googlecode.libphonenumber/libphonenumber/6.3.1/5f875341ac711fef76267f71f21b7d9124b2650c/libphonenumber-6.3.1.jar /Users/kwamecorp/Projects/Fairphone/fairphoneos_apps_fairphonelauncher3/build/intermediates/exploded-aar/com.android.support/support-v4/22.2.0/jars/classes.jar
java_class_path (initial): /Users/kwamecorp/Library/Android/sdk/build-tools/21.1.2/lib/dx.jar
Launcher Type: SUN_STANDARD

Environment Variables:
PATH=/usr/bin:/bin:/usr/sbin:/sbin
SHELL=/bin/bash
DISPLAY=/private/tmp/com.apple.launchd.isppCJljRG/org.macosforge.xquartz:0

Signal Handlers:
SIGSEGV: [libjvm.dylib+0x578fd7], sa_mask[0]=11111111011111110111111111111111, sa_flags=SA_ONSTACK|SA_RESTART|SA_SIGINFO
SIGBUS: [libjvm.dylib+0x578fd7], sa_mask[0]=11111111011111110111111111111111, sa_flags=SA_RESTART|SA_SIGINFO
SIGFPE: [libjvm.dylib+0x45ab0c], sa_mask[0]=11111111011111110111111111111111, sa_flags=SA_RESTART|SA_SIGINFO
SIGPIPE: [libjvm.dylib+0x45ab0c], sa_mask[0]=11111111011111110111111111111111, sa_flags=SA_RESTART|SA_SIGINFO
SIGXFSZ: [libjvm.dylib+0x45ab0c], sa_mask[0]=11111111011111110111111111111111, sa_flags=SA_RESTART|SA_SIGINFO
SIGILL: [libjvm.dylib+0x45ab0c], sa_mask[0]=11111111011111110111111111111111, sa_flags=SA_RESTART|SA_SIGINFO
SIGUSR1: SIG_DFL, sa_mask[0]=00000000000000000000000000000000, sa_flags=none
SIGUSR2: [libjvm.dylib+0x45a62a], sa_mask[0]=00100000000000000000000000000000, sa_flags=SA_RESTART|SA_SIGINFO
SIGHUP: [libjvm.dylib+0x458bfd], sa_mask[0]=11111111011111110111111111111111, sa_flags=SA_RESTART|SA_SIGINFO
SIGINT: [libjvm.dylib+0x458bfd], sa_mask[0]=11111111011111110111111111111111, sa_flags=SA_RESTART|SA_SIGINFO
SIGTERM: [libjvm.dylib+0x458bfd], sa_mask[0]=11111111011111110111111111111111, sa_flags=SA_RESTART|SA_SIGINFO
SIGQUIT: [libjvm.dylib+0x458bfd], sa_mask[0]=11111111011111110111111111111111, sa_flags=SA_RESTART|SA_SIGINFO


---------------  S Y S T E M  ---------------

OS:Bsduname:Darwin 14.4.0 Darwin Kernel Version 14.4.0: Thu May 28 11:35:04 PDT 2015; root:xnu-2782.30.5~1/RELEASE_X86_64 x86_64
rlimit: STACK 8192k, CORE 0k, NPROC 709, NOFILE 10240, AS infinity
load average:5.38 3.26 2.91

CPU:total 4 (2 cores per cpu, 2 threads per core) family 6 model 58 stepping 9, cmov, cx8, fxsr, mmx, sse, sse2, sse3, ssse3, sse4.1, sse4.2, popcnt, avx, aes, clmul, erms, ht, tsc, tscinvbit, tscinv

Memory: 4k page, physical 8388608k(29816k free)

/proc/meminfo:


vm_info: Java HotSpot(TM) 64-Bit Server VM (25.20-b23) for bsd-amd64 JRE (1.8.0_20-b26), built on Jul 30 2014 13:37:47 by "java_re" with gcc 4.2.1 (Based on Apple Inc. build 5658) (LLVM build 2336.9.00)

time: Mon Aug 10 17:36:29 2015
elapsed time: 12 seconds (0d 0h 0m 12s)

