#
# A fatal error has been detected by the Java Runtime Environment:
#
#  SIGSEGV (0xb) at pc=0x0000000101f88f19, pid=6065, tid=3847
#
# JRE version: Java(TM) SE Runtime Environment (8.0_20-b26) (build 1.8.0_20-b26)
# Java VM: Java HotSpot(TM) 64-Bit Server VM (25.20-b23 mixed mode bsd-amd64 compressed oops)
# Problematic frame:
# V  [libjvm.dylib+0x388f19]  Klass::external_name() const+0x1d
#
# Failed to write core dump. Core dumps have been disabled. To enable core dumping, try "ulimit -c unlimited" before starting Java again
#
# If you would like to submit a bug report, please visit:
#   http://bugreport.sun.com/bugreport/crash.jsp
#

---------------  T H R E A D  ---------------

Current thread (0x00007fdb4b001000):  JavaThread "main" [_thread_in_vm, id=3847, stack(0x00000001012bb000,0x00000001013bb000)]

siginfo: si_signo: 11 (SIGSEGV), si_code: 1 (SEGV_MAPERR), si_addr: 0x00000000000000d0

Registers:
RAX=0x3a00466568eab445, RBX=0x00007fdb4b001000, RCX=0x00007fdb4a51d803, RDX=0x0000000000000001
RSP=0x00000001013b9e40, RBP=0x00000001013b9e90, RSI=0x0000000115bdec18, RDI=0x00000000000000c8
R8 =0x0000000000000002, R9 =0x0000000150d1bf68, R10=0x0000000150d1c2d0, R11=0x0000000150d1c2b8
R12=0x0000000000000000, R13=0x0000000150d1bf68, R14=0x00000001013ba618, R15=0x00007fdb4b001000
RIP=0x0000000101f88f19, EFLAGS=0x0000000000010202, ERR=0x0000000000000004
  TRAPNO=0x000000000000000e

Top of Stack: (sp=0x00000001013b9e40)
0x00000001013b9e40:   0000000000000000 0000000000000000
0x00000001013b9e50:   0000000000000000 0000000000000000
0x00000001013b9e60:   0000000000000000 3a00466568eab445
0x00000001013b9e70:   00007fdb4b001000 0000000000000000
0x00000001013b9e80:   00000001013ba618 00007fdb4b001000
0x00000001013b9e90:   00000001013b9ee0 0000000101d3c2ef
0x00000001013b9ea0:   00007fdb4a51d3f0 00007fdb4a51d420
0x00000001013b9eb0:   00007fdb4a51d430 00007fdb4a51d808
0x00000001013b9ec0:   00000000000003d8 00007fdb4b001000
0x00000001013b9ed0:   00007fdb4b001000 0000000154af3628
0x00000001013b9ee0:   00000001013ba0c0 0000000102c2861e
0x00000001013b9ef0:   00000001013b9f70 006d006f0063004c
0x00000001013b9f00:   407850003d01f10d 038c15d602e615c0
0x00000001013b9f10:   029b15c801028015 01038815c80102e3
0x00000001013b9f20:   c002c215f6029e15 15c80103d803b215
0x00000001013b9f30:   e315c80102bf15c8 03d415c80103ae15
0x00000001013b9f40:   0000000000000000 0000000000000000
0x00000001013b9f50:   0000000000000000 0000000000000000
0x00000001013b9f60:   0000000000000000 0000000000000000
0x00000001013b9f70:   cafebabecafebabe 006d006f0063004c
0x00000001013b9f80:   407850003d01f10d 038c15d602e615c0
0x00000001013b9f90:   029b15c801028015 01038815c80102e3
0x00000001013b9fa0:   c002c215f6029e15 15c80103d803b215
0x00000001013b9fb0:   e315c80102bf15c8 03d415c80103ae15
0x00000001013b9fc0:   0000000000000000 0000000000000000
0x00000001013b9fd0:   0000000000000000 0000000000000000
0x00000001013b9fe0:   0000000000000000 0000000000000000
0x00000001013b9ff0:   cafebabecafebabe 00000001032d7f7c
0x00000001013ba000:   0000000112cdd250 0000000000000000
0x00000001013ba010:   0000000154af7058 0000000154a8d1d0
0x00000001013ba020:   00000001013ba5e0 0000000102c45c19
0x00000001013ba030:   00000000000000a1 0000000000000000 

Instructions: (pc=0x0000000101f88f19)
0x0000000101f88ef9:   7a 17 00 55 48 89 e5 41 57 41 56 41 54 53 48 83
0x0000000101f88f09:   ec 30 48 8b 05 ce 82 43 00 48 8b 00 48 89 45 d8
0x0000000101f88f19:   83 7f 08 00 48 89 fb 0f 8e c3 00 00 00 0f b7 83
0x0000000101f88f29:   0e 01 00 00 a8 08 0f 84 b4 00 00 00 48 8b 7b 68 

Register to memory mapping:

RAX=0x3a00466568eab445 is an unknown value
RBX=0x00007fdb4b001000 is a thread
RCX=0x00007fdb4a51d803 is an unknown value
RDX=0x0000000000000001 is an unknown value
RSP=0x00000001013b9e40 is pointing into the stack for thread: 0x00007fdb4b001000
RBP=0x00000001013b9e90 is pointing into the stack for thread: 0x00007fdb4b001000
RSI=0x0000000115bdec18 is pointing into object: 0x0000000115bdec08
com.android.dx.rop.code.RegisterSpec 
 - klass: 'com/android/dx/rop/code/RegisterSpec'
RDI=0x00000000000000c8 is an unknown value
R8 =0x0000000000000002 is an unknown value
R9 =0x0000000150d1bf68 is an oop
com.android.dx.dex.code.OutputFinisher 
 - klass: 'com/android/dx/dex/code/OutputFinisher'
R10=0x0000000150d1c2d0 is an oop
[Ljava.lang.Object; 
 - klass: 'java/lang/Object'[]
 - length: 2
R11=0x0000000150d1c2b8 is an oop
com.android.dx.rop.code.RegisterSpecList 
 - klass: 'com/android/dx/rop/code/RegisterSpecList'
R12=0x0000000000000000 is an unknown value
R13=0x0000000150d1bf68 is an oop
com.android.dx.dex.code.OutputFinisher 
 - klass: 'com/android/dx/dex/code/OutputFinisher'
R14=0x00000001013ba618 is pointing into the stack for thread: 0x00007fdb4b001000
R15=0x00007fdb4b001000 is a thread


Stack: [0x00000001012bb000,0x00000001013bb000],  sp=0x00000001013b9e40,  free space=1019k
Native frames: (J=compiled Java code, j=interpreted, Vv=VM code, C=native code)
V  [libjvm.dylib+0x388f19]  Klass::external_name() const+0x1d
V  [libjvm.dylib+0x13c2ef]  Runtime1::throw_class_cast_exception(JavaThread*, oopDesc*)+0x73
v  ~RuntimeStub::throw_class_cast_exception Runtime1 stub
J 1881 C1 com.android.dx.dex.code.form.Form12x.isCompatible(Lcom/android/dx/dex/code/DalvInsn;)Z (119 bytes) @ 0x00000001032dd5ee [0x00000001032dd2e0+0x30e]
J 1861 C1 com.android.dx.dex.code.OutputFinisher.findOpcodeForInsn(Lcom/android/dx/dex/code/DalvInsn;Lcom/android/dx/dex/code/Dop;)Lcom/android/dx/dex/code/Dop; (51 bytes) @ 0x00000001032d7f7c [0x00000001032d7ee0+0x9c]
J 1963 C1 com.android.dx.dex.code.OutputFinisher.calculateReservedCount([Lcom/android/dx/dex/code/Dop;)I (122 bytes) @ 0x0000000103326534 [0x00000001033261e0+0x354]
J 2103 C1 com.android.dx.dex.code.OutputFinisher.reserveRegisters([Lcom/android/dx/dex/code/Dop;)Z (119 bytes) @ 0x000000010338251c [0x0000000103382420+0xfc]
J 1959 C1 com.android.dx.dex.code.OutputFinisher.finishProcessingAndGetList()Lcom/android/dx/dex/code/DalvInsnList; (74 bytes) @ 0x00000001033312ac [0x0000000103331220+0x8c]
J 1954 C1 com.android.dx.dex.code.DalvCode.finishProcessingIfNecessary()V (69 bytes) @ 0x000000010331fd2c [0x000000010331fca0+0x8c]
J 1955 C1 com.android.dx.dex.file.CodeItem.place0(Lcom/android/dx/dex/file/Section;I)V (88 bytes) @ 0x00000001033248d4 [0x00000001033246c0+0x214]
J 1843 C1 com.android.dx.dex.file.OffsettedItem.place(Lcom/android/dx/dex/file/Section;I)I (78 bytes) @ 0x00000001032d11cc [0x00000001032d1100+0xcc]
j  com.android.dx.dex.file.MixedItemSection.placeItems()V+94
j  com.android.dx.dex.file.DexFile.toDex0(ZZ)Lcom/android/dx/util/ByteArrayAnnotatedOutput;+195
j  com.android.dx.dex.file.DexFile.toDex(Ljava/io/Writer;Z)[B+13
j  com.android.dx.command.dexer.Main.writeDex()[B+50
j  com.android.dx.command.dexer.Main.runMonoDex()I+103
j  com.android.dx.command.dexer.Main.run(Lcom/android/dx/command/dexer/Main$Arguments;)I+76
j  com.android.dx.command.dexer.Main.main([Ljava/lang/String;)V+14
j  com.android.dx.command.Main.main([Ljava/lang/String;)V+61
v  ~StubRoutines::call_stub
V  [libjvm.dylib+0x2d429e]  JavaCalls::call_helper(JavaValue*, methodHandle*, JavaCallArguments*, Thread*)+0x6ae
V  [libjvm.dylib+0x309377]  jni_invoke_static(JNIEnv_*, JavaValue*, _jobject*, JNICallType, _jmethodID*, JNI_ArgumentPusher*, Thread*)+0x1bf
V  [libjvm.dylib+0x302571]  jni_CallStaticVoidMethod+0x15d
C  [java+0x2c82]  JavaMain+0x998
C  [libsystem_pthread.dylib+0x3268]  _pthread_body+0x83
C  [libsystem_pthread.dylib+0x31e5]  _pthread_body+0x0
C  [libsystem_pthread.dylib+0x141d]  thread_start+0xd
C  0x0000000000000000

Java frames: (J=compiled Java code, j=interpreted, Vv=VM code)
v  ~RuntimeStub::throw_class_cast_exception Runtime1 stub
J 1881 C1 com.android.dx.dex.code.form.Form12x.isCompatible(Lcom/android/dx/dex/code/DalvInsn;)Z (119 bytes) @ 0x00000001032dd5ee [0x00000001032dd2e0+0x30e]
J 1861 C1 com.android.dx.dex.code.OutputFinisher.findOpcodeForInsn(Lcom/android/dx/dex/code/DalvInsn;Lcom/android/dx/dex/code/Dop;)Lcom/android/dx/dex/code/Dop; (51 bytes) @ 0x00000001032d7f7c [0x00000001032d7ee0+0x9c]
J 1963 C1 com.android.dx.dex.code.OutputFinisher.calculateReservedCount([Lcom/android/dx/dex/code/Dop;)I (122 bytes) @ 0x0000000103326534 [0x00000001033261e0+0x354]
J 2103 C1 com.android.dx.dex.code.OutputFinisher.reserveRegisters([Lcom/android/dx/dex/code/Dop;)Z (119 bytes) @ 0x000000010338251c [0x0000000103382420+0xfc]
J 1959 C1 com.android.dx.dex.code.OutputFinisher.finishProcessingAndGetList()Lcom/android/dx/dex/code/DalvInsnList; (74 bytes) @ 0x00000001033312ac [0x0000000103331220+0x8c]
J 1954 C1 com.android.dx.dex.code.DalvCode.finishProcessingIfNecessary()V (69 bytes) @ 0x000000010331fd2c [0x000000010331fca0+0x8c]
J 1955 C1 com.android.dx.dex.file.CodeItem.place0(Lcom/android/dx/dex/file/Section;I)V (88 bytes) @ 0x00000001033248d4 [0x00000001033246c0+0x214]
J 1843 C1 com.android.dx.dex.file.OffsettedItem.place(Lcom/android/dx/dex/file/Section;I)I (78 bytes) @ 0x00000001032d11cc [0x00000001032d1100+0xcc]
j  com.android.dx.dex.file.MixedItemSection.placeItems()V+94
j  com.android.dx.dex.file.DexFile.toDex0(ZZ)Lcom/android/dx/util/ByteArrayAnnotatedOutput;+195
j  com.android.dx.dex.file.DexFile.toDex(Ljava/io/Writer;Z)[B+13
j  com.android.dx.command.dexer.Main.writeDex()[B+50
j  com.android.dx.command.dexer.Main.runMonoDex()I+103
j  com.android.dx.command.dexer.Main.run(Lcom/android/dx/command/dexer/Main$Arguments;)I+76
j  com.android.dx.command.dexer.Main.main([Ljava/lang/String;)V+14
j  com.android.dx.command.Main.main([Ljava/lang/String;)V+61
v  ~StubRoutines::call_stub

---------------  P R O C E S S  ---------------

Java Threads: ( => current thread )
  0x00007fdb4b045800 JavaThread "Service Thread" daemon [_thread_blocked, id=18179, stack(0x0000000198548000,0x0000000198648000)]
  0x00007fdb4c020800 JavaThread "C1 CompilerThread2" daemon [_thread_blocked, id=17667, stack(0x0000000198445000,0x0000000198545000)]
  0x00007fdb4b80c000 JavaThread "C2 CompilerThread1" daemon [_thread_in_native, id=17155, stack(0x0000000198342000,0x0000000198442000)]
  0x00007fdb4b807800 JavaThread "C2 CompilerThread0" daemon [_thread_in_native, id=16643, stack(0x000000019823f000,0x000000019833f000)]
  0x00007fdb4a814800 JavaThread "Signal Dispatcher" daemon [_thread_blocked, id=13335, stack(0x000000019813c000,0x000000019823c000)]
  0x00007fdb4b801800 JavaThread "Finalizer" daemon [_thread_blocked, id=11523, stack(0x000000019671e000,0x000000019681e000)]
  0x00007fdb4b010000 JavaThread "Reference Handler" daemon [_thread_blocked, id=11011, stack(0x000000019661b000,0x000000019671b000)]
=>0x00007fdb4b001000 JavaThread "main" [_thread_in_vm, id=3847, stack(0x00000001012bb000,0x00000001013bb000)]

Other Threads:
  0x00007fdb4c01a000 VMThread [stack: 0x0000000196518000,0x0000000196618000] [id=10499]
  0x00007fdb4c023800 WatcherThread [stack: 0x000000019864b000,0x000000019874b000] [id=18691]

VM state:not at safepoint (normal execution)

VM Mutex/Monitor currently owned by a thread: None

Heap:
 PSYoungGen      total 214528K, used 124707K [0x000000013cd00000, 0x0000000152200000, 0x0000000152200000)
  eden space 115200K, 22% used [0x000000013cd00000,0x000000013e5ccff8,0x0000000143d80000)
  from space 99328K, 99% used [0x000000014af00000,0x0000000150ffbc30,0x0000000151000000)
  to   space 116224K, 0% used [0x0000000143d80000,0x0000000143d80000,0x000000014af00000)
 ParOldGen       total 292352K, used 200439K [0x0000000112200000, 0x0000000123f80000, 0x000000013cd00000)
  object space 292352K, 68% used [0x0000000112200000,0x000000011e5bdfd8,0x0000000123f80000)
 Metaspace       used 5843K, capacity 6928K, committed 7040K, reserved 1056768K
  class space    used 547K, capacity 584K, committed 640K, reserved 1048576K

Card table byte_map: [0x0000000152200000,0x0000000152401000] byte_map_base: 0x000000015196f000

Marking Bits: (ParMarkBitMap*) 0x000000010249c330
 Begin Bits: [0x0000000152860000, 0x0000000153860000)
 End Bits:   [0x0000000153860000, 0x0000000154860000)

Polling page: 0x00000001013ff000

CodeCache: size=245760Kb used=8675Kb max_used=8693Kb free=237084Kb
 bounds [0x0000000102b2d000, 0x00000001033bd000, 0x0000000111b2d000]
 total_blobs=2327 nmethods=2069 adapters=173
 compilation: enabled

Compilation events (10 events):
Event: 12.283 Thread 0x00007fdb4c020800 2132       2       com.android.dx.util.ByteArrayAnnotatedOutput::<init> (9 bytes)
Event: 12.283 Thread 0x00007fdb4c020800 nmethod 2132 0x00000001033a1b90 code [0x00000001033a1d00, 0x00000001033a1f08]
Event: 12.284 Thread 0x00007fdb4c020800 2133       2       com.android.dx.dex.file.CatchStructs::encode (304 bytes)
Event: 12.287 Thread 0x00007fdb4c020800 nmethod 2133 0x000000010339f410 code [0x000000010339f760, 0x00000001033a0858]
Event: 12.287 Thread 0x00007fdb4c020800 2134       2       com.android.dx.dex.code.DalvCode::getCatches (9 bytes)
Event: 12.288 Thread 0x00007fdb4c020800 nmethod 2134 0x0000000103395f50 code [0x00000001033960c0, 0x0000000103396248]
Event: 12.292 Thread 0x00007fdb4c020800 2136       2       com.android.dx.dex.code.CatchTable$Entry::<init> (66 bytes)
Event: 12.293 Thread 0x00007fdb4c020800 nmethod 2136 0x000000010339edd0 code [0x000000010339ef60, 0x000000010339f288]
Event: 12.296 Thread 0x00007fdb4b807800 nmethod 2116 0x00000001033ab7d0 code [0x00000001033abb60, 0x00000001033ad688]
Event: 12.297 Thread 0x00007fdb4b807800 2135       4       com.android.dx.dex.code.LocalList$MakeState::snapshot (110 bytes)

GC Heap History (10 events):
Event: 5.070 GC heap before
{Heap before GC invocations=6 (full 1):
 PSYoungGen      total 91136K, used 91117K [0x000000013cd00000, 0x0000000145900000, 0x0000000152200000)
  eden space 86016K, 100% used [0x000000013cd00000,0x0000000142100000,0x0000000142100000)
  from space 5120K, 99% used [0x0000000145400000,0x00000001458fb6e0,0x0000000145900000)
  to   space 5120K, 0% used [0x0000000144f00000,0x0000000144f00000,0x0000000145400000)
 ParOldGen       total 158720K, used 94127K [0x0000000112200000, 0x000000011bd00000, 0x000000013cd00000)
  object space 158720K, 59% used [0x0000000112200000,0x0000000117debef0,0x000000011bd00000)
 Metaspace       used 5330K, capacity 6608K, committed 6784K, reserved 1056768K
  class space    used 520K, capacity 584K, committed 640K, reserved 1048576K
Event: 5.213 GC heap after
Heap after GC invocations=6 (full 1):
 PSYoungGen      total 121856K, used 5096K [0x000000013cd00000, 0x000000014ac00000, 0x0000000152200000)
  eden space 116736K, 0% used [0x000000013cd00000,0x000000013cd00000,0x0000000143f00000)
  from space 5120K, 99% used [0x0000000144f00000,0x00000001453fa3f0,0x0000000145400000)
  to   space 55808K, 0% used [0x0000000147580000,0x0000000147580000,0x000000014ac00000)
 ParOldGen       total 158720K, used 136944K [0x0000000112200000, 0x000000011bd00000, 0x000000013cd00000)
  object space 158720K, 86% used [0x0000000112200000,0x000000011a7bc2e0,0x000000011bd00000)
 Metaspace       used 5330K, capacity 6608K, committed 6784K, reserved 1056768K
  class space    used 520K, capacity 584K, committed 640K, reserved 1048576K
}
Event: 5.213 GC heap before
{Heap before GC invocations=7 (full 2):
 PSYoungGen      total 121856K, used 5096K [0x000000013cd00000, 0x000000014ac00000, 0x0000000152200000)
  eden space 116736K, 0% used [0x000000013cd00000,0x000000013cd00000,0x0000000143f00000)
  from space 5120K, 99% used [0x0000000144f00000,0x00000001453fa3f0,0x0000000145400000)
  to   space 55808K, 0% used [0x0000000147580000,0x0000000147580000,0x000000014ac00000)
 ParOldGen       total 158720K, used 136944K [0x0000000112200000, 0x000000011bd00000, 0x000000013cd00000)
  object space 158720K, 86% used [0x0000000112200000,0x000000011a7bc2e0,0x000000011bd00000)
 Metaspace       used 5330K, capacity 6608K, committed 6784K, reserved 1056768K
  class space    used 520K, capacity 584K, committed 640K, reserved 1048576K
Event: 6.610 GC heap after
Heap after GC invocations=7 (full 2):
 PSYoungGen      total 121856K, used 0K [0x000000013cd00000, 0x000000014ac00000, 0x0000000152200000)
  eden space 116736K, 0% used [0x000000013cd00000,0x000000013cd00000,0x0000000143f00000)
  from space 5120K, 0% used [0x0000000144f00000,0x0000000144f00000,0x0000000145400000)
  to   space 55808K, 0% used [0x0000000147580000,0x0000000147580000,0x000000014ac00000)
 ParOldGen       total 292352K, used 140547K [0x0000000112200000, 0x0000000123f80000, 0x000000013cd00000)
  object space 292352K, 48% used [0x0000000112200000,0x000000011ab40e40,0x0000000123f80000)
 Metaspace       used 5330K, capacity 6608K, committed 6784K, reserved 1056768K
  class space    used 520K, capacity 584K, committed 640K, reserved 1048576K
}
Event: 7.657 GC heap before
{Heap before GC invocations=8 (full 2):
 PSYoungGen      total 121856K, used 116736K [0x000000013cd00000, 0x000000014ac00000, 0x0000000152200000)
  eden space 116736K, 100% used [0x000000013cd00000,0x0000000143f00000,0x0000000143f00000)
  from space 5120K, 0% used [0x0000000144f00000,0x0000000144f00000,0x0000000145400000)
  to   space 55808K, 0% used [0x0000000147580000,0x0000000147580000,0x000000014ac00000)
 ParOldGen       total 292352K, used 140547K [0x0000000112200000, 0x0000000123f80000, 0x000000013cd00000)
  object space 292352K, 48% used [0x0000000112200000,0x000000011ab40e40,0x0000000123f80000)
 Metaspace       used 5380K, capacity 6608K, committed 6784K, reserved 1056768K
  class space    used 521K, capacity 584K, committed 640K, reserved 1048576K
Event: 7.769 GC heap after
Heap after GC invocations=8 (full 2):
 PSYoungGen      total 160768K, used 55789K [0x000000013cd00000, 0x000000014db00000, 0x0000000152200000)
  eden space 104960K, 0% used [0x000000013cd00000,0x000000013cd00000,0x0000000143380000)
  from space 55808K, 99% used [0x0000000147580000,0x000000014abfb528,0x000000014ac00000)
  to   space 67584K, 0% used [0x0000000143380000,0x0000000143380000,0x0000000147580000)
 ParOldGen       total 292352K, used 143625K [0x0000000112200000, 0x0000000123f80000, 0x000000013cd00000)
  object space 292352K, 49% used [0x0000000112200000,0x000000011ae42718,0x0000000123f80000)
 Metaspace       used 5380K, capacity 6608K, committed 6784K, reserved 1056768K
  class space    used 521K, capacity 584K, committed 640K, reserved 1048576K
}
Event: 8.838 GC heap before
{Heap before GC invocations=9 (full 2):
 PSYoungGen      total 160768K, used 160749K [0x000000013cd00000, 0x000000014db00000, 0x0000000152200000)
  eden space 104960K, 100% used [0x000000013cd00000,0x0000000143380000,0x0000000143380000)
  from space 55808K, 99% used [0x0000000147580000,0x000000014abfb528,0x000000014ac00000)
  to   space 67584K, 0% used [0x0000000143380000,0x0000000143380000,0x0000000147580000)
 ParOldGen       total 292352K, used 143625K [0x0000000112200000, 0x0000000123f80000, 0x000000013cd00000)
  object space 292352K, 49% used [0x0000000112200000,0x000000011ae42718,0x0000000123f80000)
 Metaspace       used 5440K, capacity 6608K, committed 6784K, reserved 1056768K
  class space    used 525K, capacity 584K, committed 640K, reserved 1048576K
Event: 9.084 GC heap after
Heap after GC invocations=9 (full 2):
 PSYoungGen      total 172544K, used 67579K [0x000000013cd00000, 0x0000000151000000, 0x0000000152200000)
  eden space 104960K, 0% used [0x000000013cd00000,0x000000013cd00000,0x0000000143380000)
  from space 67584K, 99% used [0x0000000143380000,0x000000014757ed30,0x0000000147580000)
  to   space 99328K, 0% used [0x000000014af00000,0x000000014af00000,0x0000000151000000)
 ParOldGen       total 292352K, used 184668K [0x0000000112200000, 0x0000000123f80000, 0x000000013cd00000)
  object space 292352K, 63% used [0x0000000112200000,0x000000011d6570b8,0x0000000123f80000)
 Metaspace       used 5440K, capacity 6608K, committed 6784K, reserved 1056768K
  class space    used 525K, capacity 584K, committed 640K, reserved 1048576K
}
Event: 10.728 GC heap before
{Heap before GC invocations=10 (full 2):
 PSYoungGen      total 172544K, used 172539K [0x000000013cd00000, 0x0000000151000000, 0x0000000152200000)
  eden space 104960K, 100% used [0x000000013cd00000,0x0000000143380000,0x0000000143380000)
  from space 67584K, 99% used [0x0000000143380000,0x000000014757ed30,0x0000000147580000)
  to   space 99328K, 0% used [0x000000014af00000,0x000000014af00000,0x0000000151000000)
 ParOldGen       total 292352K, used 184668K [0x0000000112200000, 0x0000000123f80000, 0x000000013cd00000)
  object space 292352K, 63% used [0x0000000112200000,0x000000011d6570b8,0x0000000123f80000)
 Metaspace       used 5588K, capacity 6672K, committed 6784K, reserved 1056768K
  class space    used 534K, capacity 584K, committed 640K, reserved 1048576K
Event: 11.096 GC heap after
Heap after GC invocations=10 (full 2):
 PSYoungGen      total 214528K, used 99311K [0x000000013cd00000, 0x0000000152200000, 0x0000000152200000)
  eden space 115200K, 0% used [0x000000013cd00000,0x000000013cd00000,0x0000000143d80000)
  from space 99328K, 99% used [0x000000014af00000,0x0000000150ffbc30,0x0000000151000000)
  to   space 116224K, 0% used [0x0000000143d80000,0x0000000143d80000,0x000000014af00000)
 ParOldGen       total 292352K, used 200439K [0x0000000112200000, 0x0000000123f80000, 0x000000013cd00000)
  object space 292352K, 68% used [0x0000000112200000,0x000000011e5bdfd8,0x0000000123f80000)
 Metaspace       used 5588K, capacity 6672K, committed 6784K, reserved 1056768K
  class space    used 534K, capacity 584K, committed 640K, reserved 1048576K
}

Deoptimization events (10 events):
Event: 9.776 Thread 0x00007fdb4b001000 Uncommon trap: reason=bimorphic action=maybe_recompile pc=0x00000001031d79c0 method=java.util.HashMap.putVal(ILjava/lang/Object;Ljava/lang/Object;ZZ)Ljava/lang/Object; @ 203
Event: 10.476 Thread 0x00007fdb4b001000 Uncommon trap: reason=bimorphic action=maybe_recompile pc=0x000000010327bb90 method=java.util.Arrays.hashCode([Ljava/lang/Object;)I @ 43
Event: 10.476 Thread 0x00007fdb4b001000 Uncommon trap: reason=bimorphic action=maybe_recompile pc=0x000000010327bb90 method=java.util.Arrays.hashCode([Ljava/lang/Object;)I @ 43
Event: 10.476 Thread 0x00007fdb4b001000 Uncommon trap: reason=bimorphic action=maybe_recompile pc=0x000000010327bb90 method=java.util.Arrays.hashCode([Ljava/lang/Object;)I @ 43
Event: 10.476 Thread 0x00007fdb4b001000 Uncommon trap: reason=bimorphic action=maybe_recompile pc=0x000000010327bb90 method=java.util.Arrays.hashCode([Ljava/lang/Object;)I @ 43
Event: 10.521 Thread 0x00007fdb4b001000 Uncommon trap: reason=bimorphic action=maybe_recompile pc=0x0000000103030d18 method=java.util.TreeMap.compare(Ljava/lang/Object;Ljava/lang/Object;)I @ 12
Event: 11.371 Thread 0x00007fdb4b001000 Uncommon trap: reason=bimorphic action=maybe_recompile pc=0x0000000103030d18 method=java.util.TreeMap.compare(Ljava/lang/Object;Ljava/lang/Object;)I @ 12
Event: 11.376 Thread 0x00007fdb4b001000 Uncommon trap: reason=bimorphic action=maybe_recompile pc=0x0000000103030d18 method=java.util.TreeMap.compare(Ljava/lang/Object;Ljava/lang/Object;)I @ 12
Event: 11.378 Thread 0x00007fdb4b001000 Uncommon trap: reason=bimorphic action=maybe_recompile pc=0x0000000103030d18 method=java.util.TreeMap.compare(Ljava/lang/Object;Ljava/lang/Object;)I @ 12
Event: 12.206 Thread 0x00007fdb4b001000 Uncommon trap: reason=unreached action=reinterpret pc=0x000000010336509c method=com.android.dx.dex.code.LocalList$MakeState.filterSpec(Lcom/android/dx/rop/code/RegisterSpec;)Lcom/android/dx/rop/code/RegisterSpec; @ 11

Internal exceptions (10 events):
Event: 11.249 Thread 0x00007fdb4b001000 Exception <a 'java/security/PrivilegedActionException'> (0x000000013d09ebe0) thrown at [/HUDSON3/workspace/8-2-build-macosx-x86_64/jdk8u20/1074/hotspot/src/share/vm/prims/jvm.cpp, line 1275]
Event: 11.250 Thread 0x00007fdb4b001000 Exception <a 'java/security/PrivilegedActionException'> (0x000000013d0a50d0) thrown at [/HUDSON3/workspace/8-2-build-macosx-x86_64/jdk8u20/1074/hotspot/src/share/vm/prims/jvm.cpp, line 1275]
Event: 11.252 Thread 0x00007fdb4b001000 Exception <a 'java/security/PrivilegedActionException'> (0x000000013d0ac9c0) thrown at [/HUDSON3/workspace/8-2-build-macosx-x86_64/jdk8u20/1074/hotspot/src/share/vm/prims/jvm.cpp, line 1275]
Event: 11.252 Thread 0x00007fdb4b001000 Exception <a 'java/security/PrivilegedActionException'> (0x000000013d0b0ab8) thrown at [/HUDSON3/workspace/8-2-build-macosx-x86_64/jdk8u20/1074/hotspot/src/share/vm/prims/jvm.cpp, line 1275]
Event: 11.253 Thread 0x00007fdb4b001000 Exception <a 'java/security/PrivilegedActionException'> (0x000000013d0b6b28) thrown at [/HUDSON3/workspace/8-2-build-macosx-x86_64/jdk8u20/1074/hotspot/src/share/vm/prims/jvm.cpp, line 1275]
Event: 11.254 Thread 0x00007fdb4b001000 Exception <a 'java/security/PrivilegedActionException'> (0x000000013d0bc260) thrown at [/HUDSON3/workspace/8-2-build-macosx-x86_64/jdk8u20/1074/hotspot/src/share/vm/prims/jvm.cpp, line 1275]
Event: 11.370 Thread 0x00007fdb4b001000 Exception <a 'java/security/PrivilegedActionException'> (0x000000013d118258) thrown at [/HUDSON3/workspace/8-2-build-macosx-x86_64/jdk8u20/1074/hotspot/src/share/vm/prims/jvm.cpp, line 1275]
Event: 11.370 Thread 0x00007fdb4b001000 Exception <a 'java/security/PrivilegedActionException'> (0x000000013d11c930) thrown at [/HUDSON3/workspace/8-2-build-macosx-x86_64/jdk8u20/1074/hotspot/src/share/vm/prims/jvm.cpp, line 1275]
Event: 11.371 Thread 0x00007fdb4b001000 Exception <a 'java/security/PrivilegedActionException'> (0x000000013d120da8) thrown at [/HUDSON3/workspace/8-2-build-macosx-x86_64/jdk8u20/1074/hotspot/src/share/vm/prims/jvm.cpp, line 1275]
Event: 11.395 Thread 0x00007fdb4b001000 Exception <a 'java/security/PrivilegedActionException'> (0x000000013d15bd00) thrown at [/HUDSON3/workspace/8-2-build-macosx-x86_64/jdk8u20/1074/hotspot/src/share/vm/prims/jvm.cpp, line 1275]

Events (10 events):
Event: 12.269 Thread 0x00007fdb4b001000 DEOPT PACKING pc=0x0000000103326b96 sp=0x00000001013ba1e0
Event: 12.269 Thread 0x00007fdb4b001000 DEOPT UNPACKING pc=0x0000000102b74373 sp=0x00000001013b9f58 mode 0
Event: 12.277 Thread 0x00007fdb4b001000 DEOPT PACKING pc=0x0000000103326b96 sp=0x00000001013ba1e0
Event: 12.277 Thread 0x00007fdb4b001000 DEOPT UNPACKING pc=0x0000000102b74373 sp=0x00000001013b9f58 mode 0
Event: 12.285 Thread 0x00007fdb4b001000 DEOPT PACKING pc=0x0000000103326b96 sp=0x00000001013ba1e0
Event: 12.285 Thread 0x00007fdb4b001000 DEOPT UNPACKING pc=0x0000000102b74373 sp=0x00000001013b9f58 mode 0
Event: 12.295 Thread 0x00007fdb4b001000 DEOPT PACKING pc=0x0000000103326b96 sp=0x00000001013ba090
Event: 12.295 Thread 0x00007fdb4b001000 DEOPT UNPACKING pc=0x0000000102b74373 sp=0x00000001013b9e08 mode 0
Event: 12.306 Thread 0x00007fdb4b001000 DEOPT PACKING pc=0x0000000103326b96 sp=0x00000001013ba1e0
Event: 12.306 Thread 0x00007fdb4b001000 DEOPT UNPACKING pc=0x0000000102b74373 sp=0x00000001013b9f58 mode 0


Dynamic libraries:
0x0000000002893000 	/System/Library/Frameworks/Cocoa.framework/Versions/A/Cocoa
0x0000000002893000 	/System/Library/Frameworks/Security.framework/Versions/A/Security
0x0000000002893000 	/System/Library/Frameworks/ApplicationServices.framework/Versions/A/ApplicationServices
0x0000000002893000 	/usr/lib/libz.1.dylib
0x0000000002893000 	/usr/lib/libSystem.B.dylib
0x0000000002893000 	/usr/lib/libobjc.A.dylib
0x0000000002893000 	/System/Library/Frameworks/CoreFoundation.framework/Versions/A/CoreFoundation
0x0000000002893000 	/System/Library/Frameworks/Foundation.framework/Versions/C/Foundation
0x0000000002893000 	/System/Library/Frameworks/AppKit.framework/Versions/C/AppKit
0x0000000002893000 	/System/Library/Frameworks/CoreData.framework/Versions/A/CoreData
0x0000000002893000 	/System/Library/PrivateFrameworks/RemoteViewServices.framework/Versions/A/RemoteViewServices
0x0000000002893000 	/System/Library/PrivateFrameworks/UIFoundation.framework/Versions/A/UIFoundation
0x0000000002893000 	/System/Library/Frameworks/IOSurface.framework/Versions/A/IOSurface
0x0000000002893000 	/System/Library/Frameworks/AudioToolbox.framework/Versions/A/AudioToolbox
0x0000000002893000 	/System/Library/Frameworks/AudioUnit.framework/Versions/A/AudioUnit
0x0000000002893000 	/System/Library/PrivateFrameworks/DataDetectorsCore.framework/Versions/A/DataDetectorsCore
0x0000000002893000 	/System/Library/PrivateFrameworks/DesktopServicesPriv.framework/Versions/A/DesktopServicesPriv
0x0000000002893000 	/System/Library/Frameworks/Carbon.framework/Versions/A/Frameworks/HIToolbox.framework/Versions/A/HIToolbox
0x0000000002893000 	/System/Library/Frameworks/QuartzCore.framework/Versions/A/QuartzCore
0x0000000002893000 	/System/Library/Frameworks/Carbon.framework/Versions/A/Frameworks/SpeechRecognition.framework/Versions/A/SpeechRecognition
0x0000000002893000 	/usr/lib/libauto.dylib
0x0000000002893000 	/usr/lib/libicucore.A.dylib
0x0000000002893000 	/usr/lib/libxml2.2.dylib
0x0000000002893000 	/System/Library/PrivateFrameworks/CoreUI.framework/Versions/A/CoreUI
0x0000000002893000 	/System/Library/Frameworks/CoreAudio.framework/Versions/A/CoreAudio
0x0000000002893000 	/System/Library/Frameworks/DiskArbitration.framework/Versions/A/DiskArbitration
0x0000000002893000 	/usr/lib/liblangid.dylib
0x0000000002893000 	/System/Library/PrivateFrameworks/MultitouchSupport.framework/Versions/A/MultitouchSupport
0x0000000002893000 	/System/Library/Frameworks/IOKit.framework/Versions/A/IOKit
0x0000000002893000 	/usr/lib/libDiagnosticMessagesClient.dylib
0x0000000002893000 	/System/Library/Frameworks/CoreServices.framework/Versions/A/CoreServices
0x0000000002893000 	/System/Library/PrivateFrameworks/PerformanceAnalysis.framework/Versions/A/PerformanceAnalysis
0x0000000002893000 	/System/Library/PrivateFrameworks/GenerationalStorage.framework/Versions/A/GenerationalStorage
0x0000000002893000 	/System/Library/Frameworks/OpenGL.framework/Versions/A/OpenGL
0x0000000002893000 	/System/Library/PrivateFrameworks/Sharing.framework/Versions/A/Sharing
0x0000000002893000 	/System/Library/Frameworks/CoreGraphics.framework/Versions/A/CoreGraphics
0x0000000002893000 	/System/Library/Frameworks/CoreText.framework/Versions/A/CoreText
0x0000000002893000 	/System/Library/Frameworks/ImageIO.framework/Versions/A/ImageIO
0x0000000002893000 	/usr/lib/libextension.dylib
0x0000000002893000 	/System/Library/PrivateFrameworks/Backup.framework/Versions/A/Backup
0x0000000002893000 	/usr/lib/libarchive.2.dylib
0x0000000002893000 	/System/Library/Frameworks/CFNetwork.framework/Versions/A/CFNetwork
0x0000000002893000 	/System/Library/Frameworks/SystemConfiguration.framework/Versions/A/SystemConfiguration
0x0000000002893000 	/usr/lib/libCRFSuite.dylib
0x0000000002893000 	/usr/lib/libc++.1.dylib
0x0000000002893000 	/usr/lib/libc++abi.dylib
0x0000000002893000 	/usr/lib/system/libcache.dylib
0x0000000002893000 	/usr/lib/system/libcommonCrypto.dylib
0x0000000002893000 	/usr/lib/system/libcompiler_rt.dylib
0x0000000002893000 	/usr/lib/system/libcopyfile.dylib
0x0000000002893000 	/usr/lib/system/libcorecrypto.dylib
0x0000000002893000 	/usr/lib/system/libdispatch.dylib
0x0000000002893000 	/usr/lib/system/libdyld.dylib
0x0000000002893000 	/usr/lib/system/libkeymgr.dylib
0x0000000002893000 	/usr/lib/system/liblaunch.dylib
0x0000000002893000 	/usr/lib/system/libmacho.dylib
0x0000000002893000 	/usr/lib/system/libquarantine.dylib
0x0000000002893000 	/usr/lib/system/libremovefile.dylib
0x0000000002893000 	/usr/lib/system/libsystem_asl.dylib
0x0000000002893000 	/usr/lib/system/libsystem_blocks.dylib
0x0000000002893000 	/usr/lib/system/libsystem_c.dylib
0x0000000002893000 	/usr/lib/system/libsystem_configuration.dylib
0x0000000002893000 	/usr/lib/system/libsystem_coreservices.dylib
0x0000000002893000 	/usr/lib/system/libsystem_coretls.dylib
0x0000000002893000 	/usr/lib/system/libsystem_dnssd.dylib
0x0000000002893000 	/usr/lib/system/libsystem_info.dylib
0x0000000002893000 	/usr/lib/system/libsystem_kernel.dylib
0x0000000002893000 	/usr/lib/system/libsystem_m.dylib
0x0000000002893000 	/usr/lib/system/libsystem_malloc.dylib
0x0000000002893000 	/usr/lib/system/libsystem_network.dylib
0x0000000002893000 	/usr/lib/system/libsystem_networkextension.dylib
0x0000000002893000 	/usr/lib/system/libsystem_notify.dylib
0x0000000002893000 	/usr/lib/system/libsystem_platform.dylib
0x0000000002893000 	/usr/lib/system/libsystem_pthread.dylib
0x0000000002893000 	/usr/lib/system/libsystem_sandbox.dylib
0x0000000002893000 	/usr/lib/system/libsystem_secinit.dylib
0x0000000002893000 	/usr/lib/system/libsystem_stats.dylib
0x0000000002893000 	/usr/lib/system/libsystem_trace.dylib
0x0000000002893000 	/usr/lib/system/libunc.dylib
0x0000000002893000 	/usr/lib/system/libunwind.dylib
0x0000000002893000 	/usr/lib/system/libxpc.dylib
0x0000000002893000 	/usr/lib/libbz2.1.0.dylib
0x0000000002893000 	/usr/lib/liblzma.5.dylib
0x0000000002893000 	/usr/lib/libbsm.0.dylib
0x0000000002893000 	/usr/lib/libsqlite3.dylib
0x0000000002893000 	/usr/lib/system/libkxld.dylib
0x0000000002893000 	/usr/lib/libxar.1.dylib
0x0000000002893000 	/usr/lib/libpam.2.dylib
0x0000000002893000 	/usr/lib/libOpenScriptingUtil.dylib
0x0000000002893000 	/System/Library/Frameworks/CoreServices.framework/Versions/A/Frameworks/FSEvents.framework/Versions/A/FSEvents
0x0000000002893000 	/System/Library/Frameworks/CoreServices.framework/Versions/A/Frameworks/CarbonCore.framework/Versions/A/CarbonCore
0x0000000002893000 	/System/Library/Frameworks/CoreServices.framework/Versions/A/Frameworks/Metadata.framework/Versions/A/Metadata
0x0000000002893000 	/System/Library/Frameworks/CoreServices.framework/Versions/A/Frameworks/OSServices.framework/Versions/A/OSServices
0x0000000002893000 	/System/Library/Frameworks/CoreServices.framework/Versions/A/Frameworks/SearchKit.framework/Versions/A/SearchKit
0x0000000002893000 	/System/Library/Frameworks/CoreServices.framework/Versions/A/Frameworks/AE.framework/Versions/A/AE
0x0000000002893000 	/System/Library/Frameworks/CoreServices.framework/Versions/A/Frameworks/LaunchServices.framework/Versions/A/LaunchServices
0x0000000002893000 	/System/Library/Frameworks/CoreServices.framework/Versions/A/Frameworks/DictionaryServices.framework/Versions/A/DictionaryServices
0x0000000002893000 	/System/Library/Frameworks/NetFS.framework/Versions/A/NetFS
0x0000000002893000 	/System/Library/PrivateFrameworks/NetAuth.framework/Versions/A/NetAuth
0x0000000002893000 	/System/Library/PrivateFrameworks/login.framework/Versions/A/Frameworks/loginsupport.framework/Versions/A/loginsupport
0x0000000002893000 	/System/Library/PrivateFrameworks/TCC.framework/Versions/A/TCC
0x0000000002893000 	/usr/lib/libmecabra.dylib
0x0000000002893000 	/System/Library/Frameworks/ApplicationServices.framework/Versions/A/Frameworks/ATS.framework/Versions/A/ATS
0x0000000002893000 	/System/Library/Frameworks/ApplicationServices.framework/Versions/A/Frameworks/ColorSync.framework/Versions/A/ColorSync
0x0000000002893000 	/System/Library/Frameworks/ApplicationServices.framework/Versions/A/Frameworks/HIServices.framework/Versions/A/HIServices
0x0000000002893000 	/System/Library/Frameworks/ApplicationServices.framework/Versions/A/Frameworks/LangAnalysis.framework/Versions/A/LangAnalysis
0x0000000002893000 	/System/Library/Frameworks/ApplicationServices.framework/Versions/A/Frameworks/PrintCore.framework/Versions/A/PrintCore
0x0000000002893000 	/System/Library/Frameworks/ApplicationServices.framework/Versions/A/Frameworks/QD.framework/Versions/A/QD
0x0000000002893000 	/System/Library/Frameworks/ApplicationServices.framework/Versions/A/Frameworks/SpeechSynthesis.framework/Versions/A/SpeechSynthesis
0x0000000002893000 	/System/Library/Frameworks/Accelerate.framework/Versions/A/Accelerate
0x0000000002893000 	/System/Library/Frameworks/Accelerate.framework/Versions/A/Frameworks/vImage.framework/Versions/A/vImage
0x0000000002893000 	/System/Library/Frameworks/Accelerate.framework/Versions/A/Frameworks/vecLib.framework/Versions/A/vecLib
0x0000000002893000 	/System/Library/Frameworks/Accelerate.framework/Versions/A/Frameworks/vecLib.framework/Versions/A/libvDSP.dylib
0x0000000002893000 	/System/Library/Frameworks/Accelerate.framework/Versions/A/Frameworks/vecLib.framework/Versions/A/libvMisc.dylib
0x0000000002893000 	/System/Library/Frameworks/Accelerate.framework/Versions/A/Frameworks/vecLib.framework/Versions/A/libLAPACK.dylib
0x0000000002893000 	/System/Library/Frameworks/Accelerate.framework/Versions/A/Frameworks/vecLib.framework/Versions/A/libBLAS.dylib
0x0000000002893000 	/System/Library/Frameworks/Accelerate.framework/Versions/A/Frameworks/vecLib.framework/Versions/A/libLinearAlgebra.dylib
0x0000000002893000 	/System/Library/Frameworks/ApplicationServices.framework/Versions/A/Frameworks/ATS.framework/Versions/A/Resources/libFontParser.dylib
0x0000000002893000 	/System/Library/Frameworks/ApplicationServices.framework/Versions/A/Frameworks/ATS.framework/Versions/A/Resources/libFontRegistry.dylib
0x0000000002893000 	/System/Library/PrivateFrameworks/AppleVPA.framework/Versions/A/AppleVPA
0x0000000002893000 	/System/Library/PrivateFrameworks/AppleJPEG.framework/Versions/A/AppleJPEG
0x0000000002893000 	/System/Library/Frameworks/ImageIO.framework/Versions/A/Resources/libJPEG.dylib
0x0000000002893000 	/System/Library/Frameworks/ImageIO.framework/Versions/A/Resources/libTIFF.dylib
0x0000000002893000 	/System/Library/Frameworks/ImageIO.framework/Versions/A/Resources/libPng.dylib
0x0000000002893000 	/System/Library/Frameworks/ImageIO.framework/Versions/A/Resources/libGIF.dylib
0x0000000002893000 	/System/Library/Frameworks/ImageIO.framework/Versions/A/Resources/libJP2.dylib
0x0000000002893000 	/System/Library/Frameworks/ImageIO.framework/Versions/A/Resources/libRadiance.dylib
0x0000000002893000 	/System/Library/Frameworks/CoreVideo.framework/Versions/A/CoreVideo
0x0000000002893000 	/System/Library/Frameworks/OpenGL.framework/Versions/A/Libraries/libGLU.dylib
0x0000000002893000 	/System/Library/Frameworks/OpenGL.framework/Versions/A/Libraries/libGFXShared.dylib
0x0000000002893000 	/System/Library/Frameworks/OpenGL.framework/Versions/A/Libraries/libGL.dylib
0x0000000002893000 	/System/Library/Frameworks/OpenGL.framework/Versions/A/Libraries/libGLImage.dylib
0x0000000002893000 	/System/Library/Frameworks/OpenGL.framework/Versions/A/Libraries/libCVMSPluginSupport.dylib
0x0000000002893000 	/System/Library/Frameworks/OpenGL.framework/Versions/A/Libraries/libCoreVMClient.dylib
0x0000000002893000 	/usr/lib/libcups.2.dylib
0x0000000002893000 	/System/Library/Frameworks/Kerberos.framework/Versions/A/Kerberos
0x0000000002893000 	/System/Library/Frameworks/GSS.framework/Versions/A/GSS
0x0000000002893000 	/usr/lib/libresolv.9.dylib
0x0000000002893000 	/usr/lib/libiconv.2.dylib
0x0000000002893000 	/System/Library/PrivateFrameworks/Heimdal.framework/Versions/A/Heimdal
0x0000000002893000 	/usr/lib/libheimdal-asn1.dylib
0x0000000002893000 	/System/Library/Frameworks/OpenDirectory.framework/Versions/A/OpenDirectory
0x0000000002893000 	/System/Library/PrivateFrameworks/CommonAuth.framework/Versions/A/CommonAuth
0x0000000002893000 	/System/Library/Frameworks/OpenDirectory.framework/Versions/A/Frameworks/CFOpenDirectory.framework/Versions/A/CFOpenDirectory
0x0000000002893000 	/System/Library/Frameworks/SecurityFoundation.framework/Versions/A/SecurityFoundation
0x0000000002893000 	/System/Library/PrivateFrameworks/LanguageModeling.framework/Versions/A/LanguageModeling
0x0000000002893000 	/usr/lib/libcmph.dylib
0x0000000002893000 	/System/Library/Frameworks/ServiceManagement.framework/Versions/A/ServiceManagement
0x0000000002893000 	/usr/lib/libxslt.1.dylib
0x0000000002893000 	/System/Library/Frameworks/Carbon.framework/Versions/A/Frameworks/Ink.framework/Versions/A/Ink
0x0000000002893000 	/System/Library/Frameworks/QuartzCore.framework/Versions/A/Frameworks/CoreImage.framework/Versions/A/CoreImage
0x0000000002893000 	/System/Library/PrivateFrameworks/CrashReporterSupport.framework/Versions/A/CrashReporterSupport
0x0000000002893000 	/System/Library/Frameworks/OpenCL.framework/Versions/A/OpenCL
0x0000000002893000 	/System/Library/PrivateFrameworks/FaceCore.framework/Versions/A/FaceCore
0x0000000002893000 	/System/Library/PrivateFrameworks/Ubiquity.framework/Versions/A/Ubiquity
0x0000000002893000 	/System/Library/PrivateFrameworks/IconServices.framework/Versions/A/IconServices
0x0000000002893000 	/System/Library/PrivateFrameworks/ChunkingLibrary.framework/Versions/A/ChunkingLibrary
0x0000000002893000 	/System/Library/PrivateFrameworks/Apple80211.framework/Versions/A/Apple80211
0x0000000002893000 	/System/Library/Frameworks/CoreWLAN.framework/Versions/A/CoreWLAN
0x0000000002893000 	/System/Library/Frameworks/IOBluetooth.framework/Versions/A/IOBluetooth
0x0000000002893000 	/System/Library/PrivateFrameworks/CoreWiFi.framework/Versions/A/CoreWiFi
0x0000000002893000 	/System/Library/Frameworks/CoreBluetooth.framework/Versions/A/CoreBluetooth
0x0000000002893000 	/System/Library/PrivateFrameworks/DebugSymbols.framework/Versions/A/DebugSymbols
0x0000000002893000 	/System/Library/PrivateFrameworks/CoreSymbolication.framework/Versions/A/CoreSymbolication
0x0000000002893000 	/System/Library/PrivateFrameworks/Symbolication.framework/Versions/A/Symbolication
0x0000000002893000 	/System/Library/PrivateFrameworks/SpeechRecognitionCore.framework/Versions/A/SpeechRecognitionCore
0x0000000101c00000 	/Library/Java/JavaVirtualMachines/jdk1.8.0_20.jdk/Contents/Home/jre/lib/server/libjvm.dylib
0x0000000002893000 	/usr/lib/libstdc++.6.dylib
0x00000001013bd000 	/Library/Java/JavaVirtualMachines/jdk1.8.0_20.jdk/Contents/Home/jre/lib/libverify.dylib
0x00000001013cb000 	/Library/Java/JavaVirtualMachines/jdk1.8.0_20.jdk/Contents/Home/jre/lib/libjava.dylib
0x0000000102b24000 	/Library/Java/JavaVirtualMachines/jdk1.8.0_20.jdk/Contents/Home/jre/lib/libzip.dylib
0x0000000196820000 	/System/Library/Frameworks/JavaVM.framework/Frameworks/JavaRuntimeSupport.framework/JavaRuntimeSupport
0x0000000196838000 	/System/Library/Frameworks/JavaVM.framework/Versions/A/Frameworks/JavaNativeFoundation.framework/Versions/A/JavaNativeFoundation
0x0000000111ff0000 	/System/Library/Frameworks/JavaVM.framework/Versions/A/JavaVM
0x0000000002893000 	/System/Library/Frameworks/Carbon.framework/Versions/A/Carbon
0x000000019684d000 	/System/Library/PrivateFrameworks/JavaLaunching.framework/Versions/A/JavaLaunching
0x0000000002893000 	/System/Library/Frameworks/Carbon.framework/Versions/A/Frameworks/CommonPanels.framework/Versions/A/CommonPanels
0x0000000002893000 	/System/Library/Frameworks/Carbon.framework/Versions/A/Frameworks/Help.framework/Versions/A/Help
0x0000000002893000 	/System/Library/Frameworks/Carbon.framework/Versions/A/Frameworks/ImageCapture.framework/Versions/A/ImageCapture
0x0000000002893000 	/System/Library/Frameworks/Carbon.framework/Versions/A/Frameworks/OpenScripting.framework/Versions/A/OpenScripting
0x0000000002893000 	/System/Library/Frameworks/Carbon.framework/Versions/A/Frameworks/Print.framework/Versions/A/Print
0x0000000002893000 	/System/Library/Frameworks/Carbon.framework/Versions/A/Frameworks/SecurityHI.framework/Versions/A/SecurityHI

VM Arguments:
jvm_args: -Xmx1024M 
java_command: /Users/kwamecorp/Library/Android/sdk/build-tools/21.1.2/lib/dx.jar --dex --no-optimize --output /Users/kwamecorp/Projects/Fairphone/fairphoneos_apps_fairphonelauncher3/build/intermediates/dex/debug --input-list=/Users/kwamecorp/Projects/Fairphone/fairphoneos_apps_fairphonelauncher3/build/intermediates/tmp/dex/debug/inputList.txt
java_class_path (initial): /Users/kwamecorp/Library/Android/sdk/build-tools/21.1.2/lib/dx.jar
Launcher Type: SUN_STANDARD

Environment Variables:
PATH=/usr/bin:/bin:/usr/sbin:/sbin
SHELL=/bin/bash
DISPLAY=/private/tmp/com.apple.launchd.zs3ySIZyHu/org.macosforge.xquartz:0

Signal Handlers:
SIGSEGV: [libjvm.dylib+0x578fd7], sa_mask[0]=11111111011111110111111111111111, sa_flags=SA_ONSTACK|SA_RESTART|SA_SIGINFO
SIGBUS: [libjvm.dylib+0x578fd7], sa_mask[0]=11111111011111110111111111111111, sa_flags=SA_RESTART|SA_SIGINFO
SIGFPE: [libjvm.dylib+0x45ab0c], sa_mask[0]=11111111011111110111111111111111, sa_flags=SA_RESTART|SA_SIGINFO
SIGPIPE: [libjvm.dylib+0x45ab0c], sa_mask[0]=11111111011111110111111111111111, sa_flags=SA_RESTART|SA_SIGINFO
SIGXFSZ: [libjvm.dylib+0x45ab0c], sa_mask[0]=11111111011111110111111111111111, sa_flags=SA_RESTART|SA_SIGINFO
SIGILL: [libjvm.dylib+0x45ab0c], sa_mask[0]=11111111011111110111111111111111, sa_flags=SA_RESTART|SA_SIGINFO
SIGUSR1: SIG_DFL, sa_mask[0]=00000000000000000000000000000000, sa_flags=none
SIGUSR2: [libjvm.dylib+0x45a62a], sa_mask[0]=00100000000000000000000000000000, sa_flags=SA_RESTART|SA_SIGINFO
SIGHUP: [libjvm.dylib+0x458bfd], sa_mask[0]=11111111011111110111111111111111, sa_flags=SA_RESTART|SA_SIGINFO
SIGINT: [libjvm.dylib+0x458bfd], sa_mask[0]=11111111011111110111111111111111, sa_flags=SA_RESTART|SA_SIGINFO
SIGTERM: [libjvm.dylib+0x458bfd], sa_mask[0]=11111111011111110111111111111111, sa_flags=SA_RESTART|SA_SIGINFO
SIGQUIT: [libjvm.dylib+0x458bfd], sa_mask[0]=11111111011111110111111111111111, sa_flags=SA_RESTART|SA_SIGINFO


---------------  S Y S T E M  ---------------

OS:Bsduname:Darwin 14.4.0 Darwin Kernel Version 14.4.0: Thu May 28 11:35:04 PDT 2015; root:xnu-2782.30.5~1/RELEASE_X86_64 x86_64
rlimit: STACK 8192k, CORE 0k, NPROC 709, NOFILE 10240, AS infinity
load average:4.18 3.10 2.65

CPU:total 4 (2 cores per cpu, 2 threads per core) family 6 model 58 stepping 9, cmov, cx8, fxsr, mmx, sse, sse2, sse3, ssse3, sse4.1, sse4.2, popcnt, avx, aes, clmul, erms, ht, tsc, tscinvbit, tscinv

Memory: 4k page, physical 8388608k(18092k free)

/proc/meminfo:


vm_info: Java HotSpot(TM) 64-Bit Server VM (25.20-b23) for bsd-amd64 JRE (1.8.0_20-b26), built on Jul 30 2014 13:37:47 by "java_re" with gcc 4.2.1 (Based on Apple Inc. build 5658) (LLVM build 2336.9.00)

time: Tue Jul 28 15:09:29 2015
elapsed time: 12 seconds (0d 0h 0m 12s)

