#
# A fatal error has been detected by the Java Runtime Environment:
#
#  SIGSEGV (0xb) at pc=0x000000010a9bc7b4, pid=589, tid=9987
#
# JRE version: Java(TM) SE Runtime Environment (8.0_20-b26) (build 1.8.0_20-b26)
# Java VM: Java HotSpot(TM) 64-Bit Server VM (25.20-b23 mixed mode bsd-amd64 compressed oops)
# Problematic frame:
# V  [libjvm.dylib+0x2ab7b4]
#
# Failed to write core dump. Core dumps have been disabled. To enable core dumping, try "ulimit -c unlimited" before starting Java again
#
# If you would like to submit a bug report, please visit:
#   http://bugreport.sun.com/bugreport/crash.jsp
#

---------------  T H R E A D  ---------------

Current thread (0x00007fe74400d800):  GCTaskThread [stack: 0x000000011b91e000,0x000000011ba1e000] [id=9987]

siginfo: si_signo: 11 (SIGSEGV), si_code: 0 (unknown), si_addr: 0x0000000000000000

Registers:
RAX=0x000000011bb23000, RBX=0x00007fe743f04a60, RCX=0x03ffffffe2000000, RDX=0x1fffffff10000002
RSP=0x000000011ba1dc50, RBP=0x000000011ba1dc70, RSI=0x0000000784d46b24, RDI=0x00007fe743f04a60
R8 =0x000000000000009a, R9 =0x000000000000ce9d, R10=0x0000244091124401, R11=0x0000000400000000
R12=0x0000000784d46b24, R13=0x0000000784d46b2c, R14=0x0000000000000010, R15=0x00000007c00796d0
RIP=0x000000010a9bc7b4, EFLAGS=0x0000000000010206, ERR=0x0000000000000000
  TRAPNO=0x000000000000000d

Top of Stack: (sp=0x000000011ba1dc50)
0x000000011ba1dc50:   000000011ba1dcc0 00007fe743f04a60
0x000000011ba1dc60:   00000007c00796c8 00000007c00796d0
0x000000011ba1dc70:   000000011ba1dcc0 000000010a9b949b
0x000000011ba1dc80:   00007fe743f04a60 0000000784d46b10
0x000000011ba1dc90:   0000000781b063f8 00007fe743f04a60
0x000000011ba1dca0:   0000000784d46b10 000000010af01db0
0x000000011ba1dcb0:   00007fe743f04a68 000000010af01db0
0x000000011ba1dcc0:   000000011ba1dd50 000000010ab9db54
0x000000011ba1dcd0:   000000011ba1dd00 00007fe743f04aa0
0x000000011ba1dce0:   00007fe743f04ae8 00007fe743f04b20
0x000000011ba1dcf0:   00000007c00500c0 00000007c00500c8
0x000000011ba1dd00:   0000000784d46b10 000000010a9b949b
0x000000011ba1dd10:   000000011ba1dd50 0000000785f2c2d0
0x000000011ba1dd20:   0000000000000000 0000000000000002
0x000000011ba1dd30:   000000011ba1dd80 000000010af01db0
0x000000011ba1dd40:   00007fe743f04a60 000000011ba1dd6c
0x000000011ba1dd50:   000000011ba1ddb0 000000010ab915e7
0x000000011ba1dd60:   00007fe7453eac10 183929890a9727a7
0x000000011ba1dd70:   00000007865ccdb0 0000000000000200
0x000000011ba1dd80:   0000000785f2c2d0 00007fe74400d800
0x000000011ba1dd90:   0000000000000000 000000010ace2c96
0x000000011ba1dda0:   00007fe7453eac10 0000000000000001
0x000000011ba1ddb0:   000000011ba1de90 000000010a972cad
0x000000011ba1ddc0:   000000011ba1ddf0 00007fe743c20070
0x000000011ba1ddd0:   00007fe743c200a0 00007fe743c200b0
0x000000011ba1dde0:   00007fe743c20488 00000000000003d8
0x000000011ba1ddf0:   00007fe74400d800 00007fe743c20490
0x000000011ba1de00:   00007fe743c204c0 00007fe743c204d0
0x000000011ba1de10:   00007fe743c205a8 00000000000000d8
0x000000011ba1de20:   000000011ba1de30 0000000000000000
0x000000011ba1de30:   00007fe74400d800 00007fe743c20490
0x000000011ba1de40:   00007fe743c204c0 00007fe743c204d0 

Instructions: (pc=0x000000010a9bc7b4)
0x000000010a9bc794:   10 48 c1 ea 03 48 8d 0d a8 a3 52 00 8a 09 48 d3
0x000000010a9bc7a4:   ea 48 89 d1 48 83 e1 c0 48 c1 e9 03 48 8b 40 30
0x000000010a9bc7b4:   48 8b 04 08 48 0f a3 d0 72 5d 4c 89 f7 e8 52 20
0x000000010a9bc7c4:   f2 ff 4c 63 f8 48 8d 3d 60 0b 5f 00 4c 89 f6 4c 

Register to memory mapping:

RAX=0x000000011bb23000 is an unknown value
RBX=0x00007fe743f04a60 is an unknown value
RCX=0x03ffffffe2000000 is an unknown value
RDX=0x1fffffff10000002 is an unknown value
RSP=0x000000011ba1dc50 is an unknown value
RBP=0x000000011ba1dc70 is an unknown value
RSI=0x0000000784d46b24 is pointing into object: 0x0000000784d46b10
com.android.dx.rop.code.PlainInsn 
 - klass: 'com/android/dx/rop/code/PlainInsn'
RDI=0x00007fe743f04a60 is an unknown value
R8 =0x000000000000009a is an unknown value
R9 =0x000000000000ce9d is an unknown value
R10=0x0000244091124401 is an unknown value
R11=0x0000000400000000 is an unknown value
R12=0x0000000784d46b24 is pointing into object: 0x0000000784d46b10
com.android.dx.rop.code.PlainInsn 
 - klass: 'com/android/dx/rop/code/PlainInsn'
R13=0x0000000784d46b2c is pointing into object: 0x0000000784d46b10
com.android.dx.rop.code.PlainInsn 
 - klass: 'com/android/dx/rop/code/PlainInsn'
R14=0x0000000000000010 is an unknown value
R15=0x00000007c00796d0 is pointing into metadata


Stack: [0x000000011b91e000,0x000000011ba1e000],  sp=0x000000011ba1dc50,  free space=1023k
Native frames: (J=compiled Java code, j=interpreted, Vv=VM code, C=native code)
V  [libjvm.dylib+0x2ab7b4]
V  [libjvm.dylib+0x2a849b]
V  [libjvm.dylib+0x48cb54]
V  [libjvm.dylib+0x4805e7]
V  [libjvm.dylib+0x261cad]
V  [libjvm.dylib+0x45d35a]
C  [libsystem_pthread.dylib+0x3268]  _pthread_body+0x83
C  [libsystem_pthread.dylib+0x31e5]  _pthread_body+0x0
C  [libsystem_pthread.dylib+0x141d]  thread_start+0xd


---------------  P R O C E S S  ---------------

Java Threads: ( => current thread )
  0x00007fe74503e800 JavaThread "Service Thread" daemon [_thread_blocked, id=18435, stack(0x00000001217b5000,0x00000001218b5000)]
  0x00007fe74503e000 JavaThread "C1 CompilerThread2" daemon [_thread_blocked, id=17923, stack(0x00000001216b2000,0x00000001217b2000)]
  0x00007fe745003800 JavaThread "C2 CompilerThread1" daemon [_thread_in_native, id=17411, stack(0x00000001215af000,0x00000001216af000)]
  0x00007fe744818000 JavaThread "C2 CompilerThread0" daemon [_thread_blocked, id=16899, stack(0x00000001214ac000,0x00000001215ac000)]
  0x00007fe74582d800 JavaThread "Signal Dispatcher" daemon [_thread_blocked, id=16655, stack(0x00000001213a9000,0x00000001214a9000)]
  0x00007fe745002800 JavaThread "Finalizer" daemon [_thread_blocked, id=12035, stack(0x000000011f97c000,0x000000011fa7c000)]
  0x00007fe74401a800 JavaThread "Reference Handler" daemon [_thread_blocked, id=11523, stack(0x000000011f879000,0x000000011f979000)]
  0x00007fe74400b800 JavaThread "main" [_thread_blocked, id=3335, stack(0x000000010b644000,0x000000010b744000)]

Other Threads:
  0x00007fe745829800 VMThread [stack: 0x000000011f776000,0x000000011f876000] [id=11011]
  0x00007fe745023800 WatcherThread [stack: 0x00000001218b8000,0x00000001219b8000] [id=18947]

=>0x00007fe74400d800 (exited) GCTaskThread [stack: 0x000000011b91e000,0x000000011ba1e000] [id=9987]

VM state:at safepoint (normal execution)

VM Mutex/Monitor currently owned by a thread:  ([mutex/lock_event])
[0x00007fe743e032d0] Threads_lock - owner thread: 0x00007fe745829800
[0x00007fe743e037d0] Heap_lock - owner thread: 0x00007fe74400b800

Heap:
 PSYoungGen      total 105472K, used 5090K [0x00000007aab00000, 0x00000007b7600000, 0x00000007c0000000)
  eden space 100352K, 0% used [0x00000007aab00000,0x00000007aab00000,0x00000007b0d00000)
  from space 5120K, 99% used [0x00000007b2d00000,0x00000007b31f88e0,0x00000007b3200000)
  to   space 53760K, 0% used [0x00000007b4180000,0x00000007b4180000,0x00000007b7600000)
 ParOldGen       total 162816K, used 133876K [0x0000000780000000, 0x0000000789f00000, 0x00000007aab00000)
  object space 162816K, 82% used [0x0000000780000000,0x00000007882bd328,0x0000000789f00000)
 Metaspace       used 5325K, capacity 6608K, committed 6784K, reserved 1056768K
  class space    used 520K, capacity 584K, committed 640K, reserved 1048576K

Card table byte_map: [0x000000011b3c0000,0x000000011b5c1000] byte_map_base: 0x00000001177c0000

Marking Bits: (ParMarkBitMap*) 0x000000010afad330
 Begin Bits: [0x000000011bb23000, 0x000000011cb23000)
 End Bits:   [0x000000011cb23000, 0x000000011db23000)

Polling page: 0x000000010b788000

CodeCache: size=245760Kb used=5924Kb max_used=5924Kb free=239836Kb
 bounds [0x000000010c000000, 0x000000010c5d0000, 0x000000011b000000]
 total_blobs=1613 nmethods=1356 adapters=172
 compilation: enabled

Compilation events (10 events):
Event: 6.256 Thread 0x00007fe74503e000 1415       2       com.android.dx.cf.direct.StdAttributeFactory::exceptions (105 bytes)
Event: 6.258 Thread 0x00007fe74503e000 nmethod 1415 0x000000010c5bf150 code [0x000000010c5bf3a0, 0x000000010c5bfc58]
Event: 6.310 Thread 0x00007fe74503e000 1416       2       com.android.dx.dex.file.AnnotationUtils::makeThrows (40 bytes)
Event: 6.310 Thread 0x00007fe74503e000 nmethod 1416 0x000000010c5c85d0 code [0x000000010c5c8780, 0x000000010c5c8ac8]
Event: 6.340 Thread 0x00007fe74503e000 1417       2       com.android.dx.cf.attrib.AttExceptions::byteLength (15 bytes)
Event: 6.340 Thread 0x00007fe74503e000 nmethod 1417 0x000000010c5c8250 code [0x000000010c5c83c0, 0x000000010c5c8548]
Event: 6.340 Thread 0x00007fe74503e000 1418       3       com.android.dx.dex.file.AnnotationUtils::makeSignature (251 bytes)
Event: 6.346 Thread 0x00007fe74503e000 nmethod 1418 0x000000010c5ca6d0 code [0x000000010c5cab20, 0x000000010c5cd488]
Event: 6.566 Thread 0x00007fe74503e000 1419       2       com.android.dx.cf.code.Frame::makeExceptionHandlerStartFrame (34 bytes)
Event: 6.566 Thread 0x00007fe74503e000 nmethod 1419 0x000000010c5c7d10 code [0x000000010c5c7ea0, 0x000000010c5c80f8]

GC Heap History (10 events):
Event: 2.253 GC heap after
Heap after GC invocations=2 (full 0):
 PSYoungGen      total 71680K, used 5097K [0x00000007aab00000, 0x00000007af600000, 0x00000007c0000000)
  eden space 66560K, 0% used [0x00000007aab00000,0x00000007aab00000,0x00000007aec00000)
  from space 5120K, 99% used [0x00000007af100000,0x00000007af5fa6f0,0x00000007af600000)
  to   space 5120K, 0% used [0x00000007aec00000,0x00000007aec00000,0x00000007af100000)
 ParOldGen       total 87552K, used 27640K [0x0000000780000000, 0x0000000785580000, 0x00000007aab00000)
  object space 87552K, 31% used [0x0000000780000000,0x0000000781afe2c8,0x0000000785580000)
 Metaspace       used 5156K, capacity 6544K, committed 6784K, reserved 1056768K
  class space    used 500K, capacity 584K, committed 640K, reserved 1048576K
}
Event: 3.624 GC heap before
{Heap before GC invocations=3 (full 0):
 PSYoungGen      total 71680K, used 71657K [0x00000007aab00000, 0x00000007af600000, 0x00000007c0000000)
  eden space 66560K, 100% used [0x00000007aab00000,0x00000007aec00000,0x00000007aec00000)
  from space 5120K, 99% used [0x00000007af100000,0x00000007af5fa6f0,0x00000007af600000)
  to   space 5120K, 0% used [0x00000007aec00000,0x00000007aec00000,0x00000007af100000)
 ParOldGen       total 87552K, used 27640K [0x0000000780000000, 0x0000000785580000, 0x00000007aab00000)
  object space 87552K, 31% used [0x0000000780000000,0x0000000781afe2c8,0x0000000785580000)
 Metaspace       used 5221K, capacity 6544K, committed 6784K, reserved 1056768K
  class space    used 500K, capacity 584K, committed 640K, reserved 1048576K
Event: 3.713 GC heap after
Heap after GC invocations=3 (full 0):
 PSYoungGen      total 71680K, used 5105K [0x00000007aab00000, 0x00000007b3700000, 0x00000007c0000000)
  eden space 66560K, 0% used [0x00000007aab00000,0x00000007aab00000,0x00000007aec00000)
  from space 5120K, 99% used [0x00000007aec00000,0x00000007af0fc588,0x00000007af100000)
  to   space 5120K, 0% used [0x00000007b3200000,0x00000007b3200000,0x00000007b3700000)
 ParOldGen       total 87552K, used 62041K [0x0000000780000000, 0x0000000785580000, 0x00000007aab00000)
  object space 87552K, 70% used [0x0000000780000000,0x0000000783c96630,0x0000000785580000)
 Metaspace       used 5221K, capacity 6544K, committed 6784K, reserved 1056768K
  class space    used 500K, capacity 584K, committed 640K, reserved 1048576K
}
Event: 3.713 GC heap before
{Heap before GC invocations=4 (full 1):
 PSYoungGen      total 71680K, used 5105K [0x00000007aab00000, 0x00000007b3700000, 0x00000007c0000000)
  eden space 66560K, 0% used [0x00000007aab00000,0x00000007aab00000,0x00000007aec00000)
  from space 5120K, 99% used [0x00000007aec00000,0x00000007af0fc588,0x00000007af100000)
  to   space 5120K, 0% used [0x00000007b3200000,0x00000007b3200000,0x00000007b3700000)
 ParOldGen       total 87552K, used 62041K [0x0000000780000000, 0x0000000785580000, 0x00000007aab00000)
  object space 87552K, 70% used [0x0000000780000000,0x0000000783c96630,0x0000000785580000)
 Metaspace       used 5221K, capacity 6544K, committed 6784K, reserved 1056768K
  class space    used 500K, capacity 584K, committed 640K, reserved 1048576K
Event: 4.469 GC heap after
Heap after GC invocations=4 (full 1):
 PSYoungGen      total 71680K, used 0K [0x00000007aab00000, 0x00000007b3700000, 0x00000007c0000000)
  eden space 66560K, 0% used [0x00000007aab00000,0x00000007aab00000,0x00000007aec00000)
  from space 5120K, 0% used [0x00000007aec00000,0x00000007aec00000,0x00000007af100000)
  to   space 5120K, 0% used [0x00000007b3200000,0x00000007b3200000,0x00000007b3700000)
 ParOldGen       total 162816K, used 65119K [0x0000000780000000, 0x0000000789f00000, 0x00000007aab00000)
  object space 162816K, 39% used [0x0000000780000000,0x0000000783f97c98,0x0000000789f00000)
 Metaspace       used 5221K, capacity 6544K, committed 6784K, reserved 1056768K
  class space    used 500K, capacity 584K, committed 640K, reserved 1048576K
}
Event: 5.536 GC heap before
{Heap before GC invocations=5 (full 1):
 PSYoungGen      total 71680K, used 66560K [0x00000007aab00000, 0x00000007b3700000, 0x00000007c0000000)
  eden space 66560K, 100% used [0x00000007aab00000,0x00000007aec00000,0x00000007aec00000)
  from space 5120K, 0% used [0x00000007aec00000,0x00000007aec00000,0x00000007af100000)
  to   space 5120K, 0% used [0x00000007b3200000,0x00000007b3200000,0x00000007b3700000)
 ParOldGen       total 162816K, used 65119K [0x0000000780000000, 0x0000000789f00000, 0x00000007aab00000)
  object space 162816K, 39% used [0x0000000780000000,0x0000000783f97c98,0x0000000789f00000)
 Metaspace       used 5320K, capacity 6544K, committed 6784K, reserved 1056768K
  class space    used 520K, capacity 584K, committed 640K, reserved 1048576K
Event: 5.613 GC heap after
Heap after GC invocations=5 (full 1):
 PSYoungGen      total 85504K, used 5097K [0x00000007aab00000, 0x00000007b3700000, 0x00000007c0000000)
  eden space 80384K, 0% used [0x00000007aab00000,0x00000007aab00000,0x00000007af980000)
  from space 5120K, 99% used [0x00000007b3200000,0x00000007b36fa628,0x00000007b3700000)
  to   space 5120K, 0% used [0x00000007b2d00000,0x00000007b2d00000,0x00000007b3200000)
 ParOldGen       total 162816K, used 94817K [0x0000000780000000, 0x0000000789f00000, 0x00000007aab00000)
  object space 162816K, 58% used [0x0000000780000000,0x0000000785c98720,0x0000000789f00000)
 Metaspace       used 5320K, capacity 6544K, committed 6784K, reserved 1056768K
  class space    used 520K, capacity 584K, committed 640K, reserved 1048576K
}
Event: 7.578 GC heap before
{Heap before GC invocations=6 (full 1):
 PSYoungGen      total 85504K, used 85481K [0x00000007aab00000, 0x00000007b3700000, 0x00000007c0000000)
  eden space 80384K, 100% used [0x00000007aab00000,0x00000007af980000,0x00000007af980000)
  from space 5120K, 99% used [0x00000007b3200000,0x00000007b36fa628,0x00000007b3700000)
  to   space 5120K, 0% used [0x00000007b2d00000,0x00000007b2d00000,0x00000007b3200000)
 ParOldGen       total 162816K, used 94817K [0x0000000780000000, 0x0000000789f00000, 0x00000007aab00000)
  object space 162816K, 58% used [0x0000000780000000,0x0000000785c98720,0x0000000789f00000)
 Metaspace       used 5325K, capacity 6608K, committed 6784K, reserved 1056768K
  class space    used 520K, capacity 584K, committed 640K, reserved 1048576K
Event: 7.767 GC heap after
Heap after GC invocations=6 (full 1):
 PSYoungGen      total 105472K, used 5090K [0x00000007aab00000, 0x00000007b7600000, 0x00000007c0000000)
  eden space 100352K, 0% used [0x00000007aab00000,0x00000007aab00000,0x00000007b0d00000)
  from space 5120K, 99% used [0x00000007b2d00000,0x00000007b31f88e0,0x00000007b3200000)
  to   space 53760K, 0% used [0x00000007b4180000,0x00000007b4180000,0x00000007b7600000)
 ParOldGen       total 162816K, used 133876K [0x0000000780000000, 0x0000000789f00000, 0x00000007aab00000)
  object space 162816K, 82% used [0x0000000780000000,0x00000007882bd328,0x0000000789f00000)
 Metaspace       used 5325K, capacity 6608K, committed 6784K, reserved 1056768K
  class space    used 520K, capacity 584K, committed 640K, reserved 1048576K
}
Event: 7.767 GC heap before
{Heap before GC invocations=7 (full 2):
 PSYoungGen      total 105472K, used 5090K [0x00000007aab00000, 0x00000007b7600000, 0x00000007c0000000)
  eden space 100352K, 0% used [0x00000007aab00000,0x00000007aab00000,0x00000007b0d00000)
  from space 5120K, 99% used [0x00000007b2d00000,0x00000007b31f88e0,0x00000007b3200000)
  to   space 53760K, 0% used [0x00000007b4180000,0x00000007b4180000,0x00000007b7600000)
 ParOldGen       total 162816K, used 133876K [0x0000000780000000, 0x0000000789f00000, 0x00000007aab00000)
  object space 162816K, 82% used [0x0000000780000000,0x00000007882bd328,0x0000000789f00000)
 Metaspace       used 5325K, capacity 6608K, committed 6784K, reserved 1056768K
  class space    used 520K, capacity 584K, committed 640K, reserved 1048576K

Deoptimization events (10 events):
Event: 4.812 Thread 0x00007fe74400b800 Uncommon trap: reason=bimorphic action=maybe_recompile pc=0x000000010c53d5ac method=com.android.dx.rop.code.RegisterSpec.getFrameType()Lcom/android/dx/rop/type/TypeBearer; @ 4
Event: 4.813 Thread 0x00007fe74400b800 Uncommon trap: reason=bimorphic action=maybe_recompile pc=0x000000010c53caa0 method=com.android.dx.cf.code.OneLocalsArray.set(ILcom/android/dx/rop/type/TypeBearer;)V @ 85
Event: 5.185 Thread 0x00007fe74400b800 Uncommon trap: reason=unreached action=reinterpret pc=0x000000010c32c318 method=java.util.HashMap.getNode(ILjava/lang/Object;)Ljava/util/HashMap$Node; @ 84
Event: 5.213 Thread 0x00007fe74400b800 Uncommon trap: reason=unreached action=reinterpret pc=0x000000010c1b1768 method=java.util.HashMap.getNode(ILjava/lang/Object;)Ljava/util/HashMap$Node; @ 84
Event: 5.460 Thread 0x00007fe74400b800 Uncommon trap: reason=bimorphic action=maybe_recompile pc=0x000000010c56ab40 method=com.android.dx.cf.code.BytecodeArray.parseInstruction(ILcom/android/dx/cf/code/BytecodeArray$Visitor;)I @ 1477
Event: 5.460 Thread 0x00007fe74400b800 Uncommon trap: reason=bimorphic action=maybe_recompile pc=0x000000010c56ab40 method=com.android.dx.cf.code.BytecodeArray.parseInstruction(ILcom/android/dx/cf/code/BytecodeArray$Visitor;)I @ 1477
Event: 6.164 Thread 0x00007fe74400b800 Uncommon trap: reason=class_check action=maybe_recompile pc=0x000000010c598a84 method=com.android.dx.cf.code.Ropper.processBlock(Lcom/android/dx/cf/code/ByteBlock;Lcom/android/dx/cf/code/Frame;[I)V @ 711
Event: 6.164 Thread 0x00007fe74400b800 Uncommon trap: reason=class_check action=maybe_recompile pc=0x000000010c598a84 method=com.android.dx.cf.code.Ropper.processBlock(Lcom/android/dx/cf/code/ByteBlock;Lcom/android/dx/cf/code/Frame;[I)V @ 711
Event: 6.164 Thread 0x00007fe74400b800 Uncommon trap: reason=class_check action=maybe_recompile pc=0x000000010c598a84 method=com.android.dx.cf.code.Ropper.processBlock(Lcom/android/dx/cf/code/ByteBlock;Lcom/android/dx/cf/code/Frame;[I)V @ 711
Event: 6.164 Thread 0x00007fe74400b800 Uncommon trap: reason=class_check action=maybe_recompile pc=0x000000010c598a84 method=com.android.dx.cf.code.Ropper.processBlock(Lcom/android/dx/cf/code/ByteBlock;Lcom/android/dx/cf/code/Frame;[I)V @ 711

Internal exceptions (10 events):
Event: 1.070 Thread 0x00007fe74400b800 Implicit null exception at 0x000000010c2a2522 to 0x000000010c2a261b
Event: 1.368 Thread 0x00007fe74400b800 Exception <a 'java/security/PrivilegedActionException'> (0x00000007ac633930) thrown at [/HUDSON3/workspace/8-2-build-macosx-x86_64/jdk8u20/1074/hotspot/src/share/vm/prims/jvm.cpp, line 1275]
Event: 1.421 Thread 0x00007fe74400b800 Exception <a 'java/security/PrivilegedActionException'> (0x00000007ac801998) thrown at [/HUDSON3/workspace/8-2-build-macosx-x86_64/jdk8u20/1074/hotspot/src/share/vm/prims/jvm.cpp, line 1275]
Event: 1.423 Thread 0x00007fe74400b800 Exception <a 'java/security/PrivilegedActionException'> (0x00000007ac80d138) thrown at [/HUDSON3/workspace/8-2-build-macosx-x86_64/jdk8u20/1074/hotspot/src/share/vm/prims/jvm.cpp, line 1275]
Event: 1.423 Thread 0x00007fe74400b800 Exception <a 'java/security/PrivilegedActionException'> (0x00000007ac8109e0) thrown at [/HUDSON3/workspace/8-2-build-macosx-x86_64/jdk8u20/1074/hotspot/src/share/vm/prims/jvm.cpp, line 1275]
Event: 1.942 Thread 0x00007fe74400b800 Exception <a 'java/security/PrivilegedActionException'> (0x00000007ac0a75e8) thrown at [/HUDSON3/workspace/8-2-build-macosx-x86_64/jdk8u20/1074/hotspot/src/share/vm/prims/jvm.cpp, line 1275]
Event: 4.779 Thread 0x00007fe74400b800 Exception <a 'java/security/PrivilegedActionException'> (0x00000007ac0c46a8) thrown at [/HUDSON3/workspace/8-2-build-macosx-x86_64/jdk8u20/1074/hotspot/src/share/vm/prims/jvm.cpp, line 1275]
Event: 5.175 Thread 0x00007fe74400b800 Exception <a 'java/lang/ArrayIndexOutOfBoundsException': 18> (0x00000007ad7fea58) thrown at [/HUDSON3/workspace/8-2-build-macosx-x86_64/jdk8u20/1074/hotspot/src/share/vm/interpreter/interpreterRuntime.cpp, line 366]
Event: 5.183 Thread 0x00007fe74400b800 Exception <a 'java/lang/ArrayIndexOutOfBoundsException': 145> (0x00000007ad8004f0) thrown at [/HUDSON3/workspace/8-2-build-macosx-x86_64/jdk8u20/1074/hotspot/src/share/vm/interpreter/interpreterRuntime.cpp, line 366]
Event: 5.184 Thread 0x00007fe74400b800 Exception <a 'java/lang/ArrayIndexOutOfBoundsException'> (0x00000007ad801708) thrown at [/HUDSON3/workspace/8-2-build-macosx-x86_64/jdk8u20/1074/hotspot/src/share/vm/runtime/sharedRuntime.cpp, line 604]

Events (10 events):
Event: 6.551 Thread 0x00007fe74400b800 DEOPT UNPACKING pc=0x000000010c047373 sp=0x000000010b742570 mode 0
Event: 6.793 Thread 0x00007fe74400b800 DEOPT PACKING pc=0x000000010c284f2d sp=0x000000010b7427b0
Event: 6.793 Thread 0x00007fe74400b800 DEOPT UNPACKING pc=0x000000010c047373 sp=0x000000010b742570 mode 0
Event: 6.953 Thread 0x00007fe74400b800 DEOPT PACKING pc=0x000000010c284f2d sp=0x000000010b7427b0
Event: 6.953 Thread 0x00007fe74400b800 DEOPT UNPACKING pc=0x000000010c047373 sp=0x000000010b742570 mode 0
Event: 7.200 Thread 0x00007fe74400b800 DEOPT PACKING pc=0x000000010c284f2d sp=0x000000010b7427b0
Event: 7.200 Thread 0x00007fe74400b800 DEOPT UNPACKING pc=0x000000010c047373 sp=0x000000010b742570 mode 0
Event: 7.443 Thread 0x00007fe74400b800 DEOPT PACKING pc=0x000000010c284f2d sp=0x000000010b7427b0
Event: 7.444 Thread 0x00007fe74400b800 DEOPT UNPACKING pc=0x000000010c047373 sp=0x000000010b742570 mode 0
Event: 7.578 Executing VM operation: ParallelGCFailedAllocation


Dynamic libraries:
0x0000000002893000 	/System/Library/Frameworks/Cocoa.framework/Versions/A/Cocoa
0x0000000002893000 	/System/Library/Frameworks/Security.framework/Versions/A/Security
0x0000000002893000 	/System/Library/Frameworks/ApplicationServices.framework/Versions/A/ApplicationServices
0x0000000002893000 	/usr/lib/libz.1.dylib
0x0000000002893000 	/usr/lib/libSystem.B.dylib
0x0000000002893000 	/usr/lib/libobjc.A.dylib
0x0000000002893000 	/System/Library/Frameworks/CoreFoundation.framework/Versions/A/CoreFoundation
0x0000000002893000 	/System/Library/Frameworks/Foundation.framework/Versions/C/Foundation
0x0000000002893000 	/System/Library/Frameworks/AppKit.framework/Versions/C/AppKit
0x0000000002893000 	/System/Library/Frameworks/CoreData.framework/Versions/A/CoreData
0x0000000002893000 	/System/Library/PrivateFrameworks/RemoteViewServices.framework/Versions/A/RemoteViewServices
0x0000000002893000 	/System/Library/PrivateFrameworks/UIFoundation.framework/Versions/A/UIFoundation
0x0000000002893000 	/System/Library/Frameworks/IOSurface.framework/Versions/A/IOSurface
0x0000000002893000 	/System/Library/Frameworks/AudioToolbox.framework/Versions/A/AudioToolbox
0x0000000002893000 	/System/Library/Frameworks/AudioUnit.framework/Versions/A/AudioUnit
0x0000000002893000 	/System/Library/PrivateFrameworks/DataDetectorsCore.framework/Versions/A/DataDetectorsCore
0x0000000002893000 	/System/Library/PrivateFrameworks/DesktopServicesPriv.framework/Versions/A/DesktopServicesPriv
0x0000000002893000 	/System/Library/Frameworks/Carbon.framework/Versions/A/Frameworks/HIToolbox.framework/Versions/A/HIToolbox
0x0000000002893000 	/System/Library/Frameworks/QuartzCore.framework/Versions/A/QuartzCore
0x0000000002893000 	/System/Library/Frameworks/Carbon.framework/Versions/A/Frameworks/SpeechRecognition.framework/Versions/A/SpeechRecognition
0x0000000002893000 	/usr/lib/libauto.dylib
0x0000000002893000 	/usr/lib/libicucore.A.dylib
0x0000000002893000 	/usr/lib/libxml2.2.dylib
0x0000000002893000 	/System/Library/PrivateFrameworks/CoreUI.framework/Versions/A/CoreUI
0x0000000002893000 	/System/Library/Frameworks/CoreAudio.framework/Versions/A/CoreAudio
0x0000000002893000 	/System/Library/Frameworks/DiskArbitration.framework/Versions/A/DiskArbitration
0x0000000002893000 	/usr/lib/liblangid.dylib
0x0000000002893000 	/System/Library/PrivateFrameworks/MultitouchSupport.framework/Versions/A/MultitouchSupport
0x0000000002893000 	/System/Library/Frameworks/IOKit.framework/Versions/A/IOKit
0x0000000002893000 	/usr/lib/libDiagnosticMessagesClient.dylib
0x0000000002893000 	/System/Library/Frameworks/CoreServices.framework/Versions/A/CoreServices
0x0000000002893000 	/System/Library/PrivateFrameworks/PerformanceAnalysis.framework/Versions/A/PerformanceAnalysis
0x0000000002893000 	/System/Library/PrivateFrameworks/GenerationalStorage.framework/Versions/A/GenerationalStorage
0x0000000002893000 	/System/Library/Frameworks/OpenGL.framework/Versions/A/OpenGL
0x0000000002893000 	/System/Library/PrivateFrameworks/Sharing.framework/Versions/A/Sharing
0x0000000002893000 	/System/Library/Frameworks/CoreGraphics.framework/Versions/A/CoreGraphics
0x0000000002893000 	/System/Library/Frameworks/CoreText.framework/Versions/A/CoreText
0x0000000002893000 	/System/Library/Frameworks/ImageIO.framework/Versions/A/ImageIO
0x0000000002893000 	/usr/lib/libextension.dylib
0x0000000002893000 	/System/Library/PrivateFrameworks/Backup.framework/Versions/A/Backup
0x0000000002893000 	/usr/lib/libarchive.2.dylib
0x0000000002893000 	/System/Library/Frameworks/CFNetwork.framework/Versions/A/CFNetwork
0x0000000002893000 	/System/Library/Frameworks/SystemConfiguration.framework/Versions/A/SystemConfiguration
0x0000000002893000 	/usr/lib/libCRFSuite.dylib
0x0000000002893000 	/usr/lib/libc++.1.dylib
0x0000000002893000 	/usr/lib/libc++abi.dylib
0x0000000002893000 	/usr/lib/system/libcache.dylib
0x0000000002893000 	/usr/lib/system/libcommonCrypto.dylib
0x0000000002893000 	/usr/lib/system/libcompiler_rt.dylib
0x0000000002893000 	/usr/lib/system/libcopyfile.dylib
0x0000000002893000 	/usr/lib/system/libcorecrypto.dylib
0x0000000002893000 	/usr/lib/system/libdispatch.dylib
0x0000000002893000 	/usr/lib/system/libdyld.dylib
0x0000000002893000 	/usr/lib/system/libkeymgr.dylib
0x0000000002893000 	/usr/lib/system/liblaunch.dylib
0x0000000002893000 	/usr/lib/system/libmacho.dylib
0x0000000002893000 	/usr/lib/system/libquarantine.dylib
0x0000000002893000 	/usr/lib/system/libremovefile.dylib
0x0000000002893000 	/usr/lib/system/libsystem_asl.dylib
0x0000000002893000 	/usr/lib/system/libsystem_blocks.dylib
0x0000000002893000 	/usr/lib/system/libsystem_c.dylib
0x0000000002893000 	/usr/lib/system/libsystem_configuration.dylib
0x0000000002893000 	/usr/lib/system/libsystem_coreservices.dylib
0x0000000002893000 	/usr/lib/system/libsystem_coretls.dylib
0x0000000002893000 	/usr/lib/system/libsystem_dnssd.dylib
0x0000000002893000 	/usr/lib/system/libsystem_info.dylib
0x0000000002893000 	/usr/lib/system/libsystem_kernel.dylib
0x0000000002893000 	/usr/lib/system/libsystem_m.dylib
0x0000000002893000 	/usr/lib/system/libsystem_malloc.dylib
0x0000000002893000 	/usr/lib/system/libsystem_network.dylib
0x0000000002893000 	/usr/lib/system/libsystem_networkextension.dylib
0x0000000002893000 	/usr/lib/system/libsystem_notify.dylib
0x0000000002893000 	/usr/lib/system/libsystem_platform.dylib
0x0000000002893000 	/usr/lib/system/libsystem_pthread.dylib
0x0000000002893000 	/usr/lib/system/libsystem_sandbox.dylib
0x0000000002893000 	/usr/lib/system/libsystem_secinit.dylib
0x0000000002893000 	/usr/lib/system/libsystem_stats.dylib
0x0000000002893000 	/usr/lib/system/libsystem_trace.dylib
0x0000000002893000 	/usr/lib/system/libunc.dylib
0x0000000002893000 	/usr/lib/system/libunwind.dylib
0x0000000002893000 	/usr/lib/system/libxpc.dylib
0x0000000002893000 	/usr/lib/libbz2.1.0.dylib
0x0000000002893000 	/usr/lib/liblzma.5.dylib
0x0000000002893000 	/usr/lib/libbsm.0.dylib
0x0000000002893000 	/usr/lib/libsqlite3.dylib
0x0000000002893000 	/usr/lib/system/libkxld.dylib
0x0000000002893000 	/usr/lib/libxar.1.dylib
0x0000000002893000 	/usr/lib/libpam.2.dylib
0x0000000002893000 	/usr/lib/libOpenScriptingUtil.dylib
0x0000000002893000 	/System/Library/Frameworks/CoreServices.framework/Versions/A/Frameworks/FSEvents.framework/Versions/A/FSEvents
0x0000000002893000 	/System/Library/Frameworks/CoreServices.framework/Versions/A/Frameworks/CarbonCore.framework/Versions/A/CarbonCore
0x0000000002893000 	/System/Library/Frameworks/CoreServices.framework/Versions/A/Frameworks/Metadata.framework/Versions/A/Metadata
0x0000000002893000 	/System/Library/Frameworks/CoreServices.framework/Versions/A/Frameworks/OSServices.framework/Versions/A/OSServices
0x0000000002893000 	/System/Library/Frameworks/CoreServices.framework/Versions/A/Frameworks/SearchKit.framework/Versions/A/SearchKit
0x0000000002893000 	/System/Library/Frameworks/CoreServices.framework/Versions/A/Frameworks/AE.framework/Versions/A/AE
0x0000000002893000 	/System/Library/Frameworks/CoreServices.framework/Versions/A/Frameworks/LaunchServices.framework/Versions/A/LaunchServices
0x0000000002893000 	/System/Library/Frameworks/CoreServices.framework/Versions/A/Frameworks/DictionaryServices.framework/Versions/A/DictionaryServices
0x0000000002893000 	/System/Library/Frameworks/NetFS.framework/Versions/A/NetFS
0x0000000002893000 	/System/Library/PrivateFrameworks/NetAuth.framework/Versions/A/NetAuth
0x0000000002893000 	/System/Library/PrivateFrameworks/login.framework/Versions/A/Frameworks/loginsupport.framework/Versions/A/loginsupport
0x0000000002893000 	/System/Library/PrivateFrameworks/TCC.framework/Versions/A/TCC
0x0000000002893000 	/usr/lib/libmecabra.dylib
0x0000000002893000 	/System/Library/Frameworks/ApplicationServices.framework/Versions/A/Frameworks/ATS.framework/Versions/A/ATS
0x0000000002893000 	/System/Library/Frameworks/ApplicationServices.framework/Versions/A/Frameworks/ColorSync.framework/Versions/A/ColorSync
0x0000000002893000 	/System/Library/Frameworks/ApplicationServices.framework/Versions/A/Frameworks/HIServices.framework/Versions/A/HIServices
0x0000000002893000 	/System/Library/Frameworks/ApplicationServices.framework/Versions/A/Frameworks/LangAnalysis.framework/Versions/A/LangAnalysis
0x0000000002893000 	/System/Library/Frameworks/ApplicationServices.framework/Versions/A/Frameworks/PrintCore.framework/Versions/A/PrintCore
0x0000000002893000 	/System/Library/Frameworks/ApplicationServices.framework/Versions/A/Frameworks/QD.framework/Versions/A/QD
0x0000000002893000 	/System/Library/Frameworks/ApplicationServices.framework/Versions/A/Frameworks/SpeechSynthesis.framework/Versions/A/SpeechSynthesis
0x0000000002893000 	/System/Library/Frameworks/Accelerate.framework/Versions/A/Accelerate
0x0000000002893000 	/System/Library/Frameworks/Accelerate.framework/Versions/A/Frameworks/vImage.framework/Versions/A/vImage
0x0000000002893000 	/System/Library/Frameworks/Accelerate.framework/Versions/A/Frameworks/vecLib.framework/Versions/A/vecLib
0x0000000002893000 	/System/Library/Frameworks/Accelerate.framework/Versions/A/Frameworks/vecLib.framework/Versions/A/libvDSP.dylib
0x0000000002893000 	/System/Library/Frameworks/Accelerate.framework/Versions/A/Frameworks/vecLib.framework/Versions/A/libvMisc.dylib
0x0000000002893000 	/System/Library/Frameworks/Accelerate.framework/Versions/A/Frameworks/vecLib.framework/Versions/A/libLAPACK.dylib
0x0000000002893000 	/System/Library/Frameworks/Accelerate.framework/Versions/A/Frameworks/vecLib.framework/Versions/A/libBLAS.dylib
0x0000000002893000 	/System/Library/Frameworks/Accelerate.framework/Versions/A/Frameworks/vecLib.framework/Versions/A/libLinearAlgebra.dylib
0x0000000002893000 	/System/Library/Frameworks/ApplicationServices.framework/Versions/A/Frameworks/ATS.framework/Versions/A/Resources/libFontParser.dylib
0x0000000002893000 	/System/Library/Frameworks/ApplicationServices.framework/Versions/A/Frameworks/ATS.framework/Versions/A/Resources/libFontRegistry.dylib
0x0000000002893000 	/System/Library/PrivateFrameworks/AppleVPA.framework/Versions/A/AppleVPA
0x0000000002893000 	/System/Library/PrivateFrameworks/AppleJPEG.framework/Versions/A/AppleJPEG
0x0000000002893000 	/System/Library/Frameworks/ImageIO.framework/Versions/A/Resources/libJPEG.dylib
0x0000000002893000 	/System/Library/Frameworks/ImageIO.framework/Versions/A/Resources/libTIFF.dylib
0x0000000002893000 	/System/Library/Frameworks/ImageIO.framework/Versions/A/Resources/libPng.dylib
0x0000000002893000 	/System/Library/Frameworks/ImageIO.framework/Versions/A/Resources/libGIF.dylib
0x0000000002893000 	/System/Library/Frameworks/ImageIO.framework/Versions/A/Resources/libJP2.dylib
0x0000000002893000 	/System/Library/Frameworks/ImageIO.framework/Versions/A/Resources/libRadiance.dylib
0x0000000002893000 	/System/Library/Frameworks/CoreVideo.framework/Versions/A/CoreVideo
0x0000000002893000 	/System/Library/Frameworks/OpenGL.framework/Versions/A/Libraries/libGLU.dylib
0x0000000002893000 	/System/Library/Frameworks/OpenGL.framework/Versions/A/Libraries/libGFXShared.dylib
0x0000000002893000 	/System/Library/Frameworks/OpenGL.framework/Versions/A/Libraries/libGL.dylib
0x0000000002893000 	/System/Library/Frameworks/OpenGL.framework/Versions/A/Libraries/libGLImage.dylib
0x0000000002893000 	/System/Library/Frameworks/OpenGL.framework/Versions/A/Libraries/libCVMSPluginSupport.dylib
0x0000000002893000 	/System/Library/Frameworks/OpenGL.framework/Versions/A/Libraries/libCoreVMClient.dylib
0x0000000002893000 	/usr/lib/libcups.2.dylib
0x0000000002893000 	/System/Library/Frameworks/Kerberos.framework/Versions/A/Kerberos
0x0000000002893000 	/System/Library/Frameworks/GSS.framework/Versions/A/GSS
0x0000000002893000 	/usr/lib/libresolv.9.dylib
0x0000000002893000 	/usr/lib/libiconv.2.dylib
0x0000000002893000 	/System/Library/PrivateFrameworks/Heimdal.framework/Versions/A/Heimdal
0x0000000002893000 	/usr/lib/libheimdal-asn1.dylib
0x0000000002893000 	/System/Library/Frameworks/OpenDirectory.framework/Versions/A/OpenDirectory
0x0000000002893000 	/System/Library/PrivateFrameworks/CommonAuth.framework/Versions/A/CommonAuth
0x0000000002893000 	/System/Library/Frameworks/OpenDirectory.framework/Versions/A/Frameworks/CFOpenDirectory.framework/Versions/A/CFOpenDirectory
0x0000000002893000 	/System/Library/Frameworks/SecurityFoundation.framework/Versions/A/SecurityFoundation
0x0000000002893000 	/System/Library/PrivateFrameworks/LanguageModeling.framework/Versions/A/LanguageModeling
0x0000000002893000 	/usr/lib/libcmph.dylib
0x0000000002893000 	/System/Library/Frameworks/ServiceManagement.framework/Versions/A/ServiceManagement
0x0000000002893000 	/usr/lib/libxslt.1.dylib
0x0000000002893000 	/System/Library/Frameworks/Carbon.framework/Versions/A/Frameworks/Ink.framework/Versions/A/Ink
0x0000000002893000 	/System/Library/Frameworks/QuartzCore.framework/Versions/A/Frameworks/CoreImage.framework/Versions/A/CoreImage
0x0000000002893000 	/System/Library/PrivateFrameworks/CrashReporterSupport.framework/Versions/A/CrashReporterSupport
0x0000000002893000 	/System/Library/Frameworks/OpenCL.framework/Versions/A/OpenCL
0x0000000002893000 	/System/Library/PrivateFrameworks/FaceCore.framework/Versions/A/FaceCore
0x0000000002893000 	/System/Library/PrivateFrameworks/Ubiquity.framework/Versions/A/Ubiquity
0x0000000002893000 	/System/Library/PrivateFrameworks/IconServices.framework/Versions/A/IconServices
0x0000000002893000 	/System/Library/PrivateFrameworks/ChunkingLibrary.framework/Versions/A/ChunkingLibrary
0x0000000002893000 	/System/Library/PrivateFrameworks/Apple80211.framework/Versions/A/Apple80211
0x0000000002893000 	/System/Library/Frameworks/CoreWLAN.framework/Versions/A/CoreWLAN
0x0000000002893000 	/System/Library/Frameworks/IOBluetooth.framework/Versions/A/IOBluetooth
0x0000000002893000 	/System/Library/PrivateFrameworks/CoreWiFi.framework/Versions/A/CoreWiFi
0x0000000002893000 	/System/Library/Frameworks/CoreBluetooth.framework/Versions/A/CoreBluetooth
0x0000000002893000 	/System/Library/PrivateFrameworks/DebugSymbols.framework/Versions/A/DebugSymbols
0x0000000002893000 	/System/Library/PrivateFrameworks/CoreSymbolication.framework/Versions/A/CoreSymbolication
0x0000000002893000 	/System/Library/PrivateFrameworks/Symbolication.framework/Versions/A/Symbolication
0x0000000002893000 	/System/Library/PrivateFrameworks/SpeechRecognitionCore.framework/Versions/A/SpeechRecognitionCore
0x000000010a711000 	/Library/Java/JavaVirtualMachines/jdk1.8.0_20.jdk/Contents/Home/jre/lib/server/libjvm.dylib
0x0000000002893000 	/usr/lib/libstdc++.6.dylib
0x000000010b746000 	/Library/Java/JavaVirtualMachines/jdk1.8.0_20.jdk/Contents/Home/jre/lib/libverify.dylib
0x000000010b754000 	/Library/Java/JavaVirtualMachines/jdk1.8.0_20.jdk/Contents/Home/jre/lib/libjava.dylib
0x000000010b792000 	/Library/Java/JavaVirtualMachines/jdk1.8.0_20.jdk/Contents/Home/jre/lib/libzip.dylib
0x000000011fa7e000 	/System/Library/Frameworks/JavaVM.framework/Frameworks/JavaRuntimeSupport.framework/JavaRuntimeSupport
0x000000011fa96000 	/System/Library/Frameworks/JavaVM.framework/Versions/A/Frameworks/JavaNativeFoundation.framework/Versions/A/JavaNativeFoundation
0x000000011faab000 	/System/Library/Frameworks/JavaVM.framework/Versions/A/JavaVM
0x0000000002893000 	/System/Library/Frameworks/Carbon.framework/Versions/A/Carbon
0x000000011fab8000 	/System/Library/PrivateFrameworks/JavaLaunching.framework/Versions/A/JavaLaunching
0x0000000002893000 	/System/Library/Frameworks/Carbon.framework/Versions/A/Frameworks/CommonPanels.framework/Versions/A/CommonPanels
0x0000000002893000 	/System/Library/Frameworks/Carbon.framework/Versions/A/Frameworks/Help.framework/Versions/A/Help
0x0000000002893000 	/System/Library/Frameworks/Carbon.framework/Versions/A/Frameworks/ImageCapture.framework/Versions/A/ImageCapture
0x0000000002893000 	/System/Library/Frameworks/Carbon.framework/Versions/A/Frameworks/OpenScripting.framework/Versions/A/OpenScripting
0x0000000002893000 	/System/Library/Frameworks/Carbon.framework/Versions/A/Frameworks/Print.framework/Versions/A/Print
0x0000000002893000 	/System/Library/Frameworks/Carbon.framework/Versions/A/Frameworks/SecurityHI.framework/Versions/A/SecurityHI

VM Arguments:
jvm_args: -Xmx1024M 
java_command: /Users/kwamecorp/Library/Android/sdk/build-tools/21.1.2/lib/dx.jar --dex --no-optimize --output /Users/kwamecorp/Projects/Fairphone/fairphoneos_apps_fairphonelauncher3/build/intermediates/dex/debug --input-list=/Users/kwamecorp/Projects/Fairphone/fairphoneos_apps_fairphonelauncher3/build/intermediates/tmp/dex/debug/inputList.txt
java_class_path (initial): /Users/kwamecorp/Library/Android/sdk/build-tools/21.1.2/lib/dx.jar
Launcher Type: SUN_STANDARD

Environment Variables:
PATH=/usr/bin:/bin:/usr/sbin:/sbin
SHELL=/bin/bash
DISPLAY=/private/tmp/com.apple.launchd.zs3ySIZyHu/org.macosforge.xquartz:0

Signal Handlers:
SIGSEGV: [libjvm.dylib+0x578fd7], sa_mask[0]=11111111011111110111111111111111, sa_flags=SA_ONSTACK|SA_RESTART|SA_SIGINFO
SIGBUS: [libjvm.dylib+0x578fd7], sa_mask[0]=11111111011111110111111111111111, sa_flags=SA_RESTART|SA_SIGINFO
SIGFPE: [libjvm.dylib+0x45ab0c], sa_mask[0]=11111111011111110111111111111111, sa_flags=SA_RESTART|SA_SIGINFO
SIGPIPE: [libjvm.dylib+0x45ab0c], sa_mask[0]=11111111011111110111111111111111, sa_flags=SA_RESTART|SA_SIGINFO
SIGXFSZ: [libjvm.dylib+0x45ab0c], sa_mask[0]=11111111011111110111111111111111, sa_flags=SA_RESTART|SA_SIGINFO
SIGILL: [libjvm.dylib+0x45ab0c], sa_mask[0]=11111111011111110111111111111111, sa_flags=SA_RESTART|SA_SIGINFO
SIGUSR1: SIG_DFL, sa_mask[0]=00000000000000000000000000000000, sa_flags=none
SIGUSR2: [libjvm.dylib+0x45a62a], sa_mask[0]=00100000000000000000000000000000, sa_flags=SA_RESTART|SA_SIGINFO
SIGHUP: [libjvm.dylib+0x458bfd], sa_mask[0]=11111111011111110111111111111111, sa_flags=SA_RESTART|SA_SIGINFO
SIGINT: [libjvm.dylib+0x458bfd], sa_mask[0]=11111111011111110111111111111111, sa_flags=SA_RESTART|SA_SIGINFO
SIGTERM: [libjvm.dylib+0x458bfd], sa_mask[0]=11111111011111110111111111111111, sa_flags=SA_RESTART|SA_SIGINFO
SIGQUIT: [libjvm.dylib+0x458bfd], sa_mask[0]=11111111011111110111111111111111, sa_flags=SA_RESTART|SA_SIGINFO


---------------  S Y S T E M  ---------------

OS:Bsduname:Darwin 14.4.0 Darwin Kernel Version 14.4.0: Thu May 28 11:35:04 PDT 2015; root:xnu-2782.30.5~1/RELEASE_X86_64 x86_64
rlimit: STACK 8192k, CORE 0k, NPROC 709, NOFILE 10240, AS infinity
load average:4.80 3.39 2.74

CPU:total 4 (2 cores per cpu, 2 threads per core) family 6 model 58 stepping 9, cmov, cx8, fxsr, mmx, sse, sse2, sse3, ssse3, sse4.1, sse4.2, popcnt, avx, aes, clmul, erms, ht, tsc, tscinvbit, tscinv

Memory: 4k page, physical 8388608k(20488k free)

/proc/meminfo:


vm_info: Java HotSpot(TM) 64-Bit Server VM (25.20-b23) for bsd-amd64 JRE (1.8.0_20-b26), built on Jul 30 2014 13:37:47 by "java_re" with gcc 4.2.1 (Based on Apple Inc. build 5658) (LLVM build 2336.9.00)

time: Fri Jul 24 15:04:13 2015
elapsed time: 8 seconds (0d 0h 0m 8s)

